#
# There is insufficient memory for the Java Runtime Environment to continue.
# Native memory allocation (malloc) failed to allocate 431776 bytes for Chunk::new
# Possible reasons:
#   The system is out of physical RAM or swap space
#   In 32 bit mode, the process size limit was hit
# Possible solutions:
#   Reduce memory load on the system
#   Increase physical memory or swap space
#   Check if swap backing store is full
#   Use 64 bit Java on a 64 bit OS
#   Decrease Java heap size (-Xmx/-Xms)
#   Decrease number of Java threads
#   Decrease Java thread stack sizes (-Xss)
#   Set larger code cache with -XX:ReservedCodeCacheSize=
# This output file may be truncated or incomplete.
#
#  Out of Memory Error (allocation.cpp:390), pid=6388, tid=0x0000000000001964
#
# JRE version: Java(TM) SE Runtime Environment (8.0_101-b13) (build 1.8.0_101-b13)
# Java VM: Java HotSpot(TM) 64-Bit Server VM (25.101-b13 mixed mode windows-amd64 compressed oops)
# Failed to write core dump. Minidumps are not enabled by default on client versions of Windows
#

---------------  T H R E A D  ---------------

Current thread (0x00000000170e7000):  JavaThread "C2 CompilerThread1" daemon [_thread_in_native, id=6500, stack(0x0000000017860000,0x0000000017960000)]

Stack: [0x0000000017860000,0x0000000017960000]
[error occurred during error reporting (printing stack bounds), id 0xc0000005]

Native frames: (J=compiled Java code, j=interpreted, Vv=VM code, C=native code)


Current CompileTask:
C2:   2053 1305       4       com.android.dx.ssa.LocalVariableExtractor::processBlock (383 bytes)


---------------  P R O C E S S  ---------------

Java Threads: ( => current thread )
  0x0000000017420800 JavaThread "pool-1-thread-4" [_thread_in_Java, id=7060, stack(0x0000000018960000,0x0000000018a60000)]
  0x000000001741b000 JavaThread "pool-1-thread-3" [_thread_blocked, id=6464, stack(0x0000000018860000,0x0000000018960000)]
  0x0000000017415000 JavaThread "pool-1-thread-2" [_thread_blocked, id=7340, stack(0x0000000018760000,0x0000000018860000)]
  0x000000001740b000 JavaThread "pool-2-thread-1" [_thread_blocked, id=3116, stack(0x0000000018660000,0x0000000018760000)]
  0x00000000173e1800 JavaThread "pool-1-thread-1" [_thread_blocked, id=7132, stack(0x0000000018560000,0x0000000018660000)]
  0x0000000017180800 JavaThread "Service Thread" daemon [_thread_blocked, id=4824, stack(0x0000000017b60000,0x0000000017c60000)]
  0x0000000017144800 JavaThread "C1 CompilerThread3" daemon [_thread_blocked, id=6244, stack(0x0000000017a60000,0x0000000017b60000)]
  0x00000000170ec000 JavaThread "C2 CompilerThread2" daemon [_thread_in_native, id=6212, stack(0x0000000017960000,0x0000000017a60000)]
=>0x00000000170e7000 JavaThread "C2 CompilerThread1" daemon [_thread_in_native, id=6500, stack(0x0000000017860000,0x0000000017960000)]
  0x00000000170e3800 JavaThread "C2 CompilerThread0" daemon [_thread_in_native, id=5864, stack(0x0000000017760000,0x0000000017860000)]
  0x00000000170e1000 JavaThread "Attach Listener" daemon [_thread_blocked, id=6324, stack(0x0000000017660000,0x0000000017760000)]
  0x0000000017097000 JavaThread "Signal Dispatcher" daemon [_thread_blocked, id=6272, stack(0x0000000017560000,0x0000000017660000)]
  0x0000000017080800 JavaThread "Finalizer" daemon [_thread_blocked, id=7880, stack(0x0000000017460000,0x0000000017560000)]
  0x0000000002666000 JavaThread "Reference Handler" daemon [_thread_blocked, id=7948, stack(0x0000000016f60000,0x0000000017060000)]
  0x000000000256e000 JavaThread "main" [_thread_blocked, id=6148, stack(0x0000000002390000,0x0000000002490000)]

Other Threads:
  0x0000000015189800 VMThread [stack: 0x0000000016e60000,0x0000000016f60000] [id=5696]
  0x00000000171a2800 WatcherThread [stack: 0x0000000017c60000,0x0000000017d60000] [id=7188]

VM state:not at safepoint (normal execution)

VM Mutex/Monitor currently owned by a thread: None

Heap:
 PSYoungGen      total 38400K, used 21116K [0x00000000eab00000, 0x00000000ed580000, 0x0000000100000000)
  eden space 33280K, 48% used [0x00000000eab00000,0x00000000ebaa0d28,0x00000000ecb80000)
  from space 5120K, 99% used [0x00000000ecb80000,0x00000000ed07e480,0x00000000ed080000)
  to   space 5120K, 0% used [0x00000000ed080000,0x00000000ed080000,0x00000000ed580000)
 ParOldGen       total 87552K, used 832K [0x00000000c0000000, 0x00000000c5580000, 0x00000000eab00000)
  object space 87552K, 0% used [0x00000000c0000000,0x00000000c00d0250,0x00000000c5580000)
 Metaspace       used 6025K, capacity 7024K, committed 7296K, reserved 1056768K
  class space    used 595K, capacity 616K, committed 640K, reserved 1048576K

Card table byte_map: [0x0000000011a30000,0x0000000011c40000] byte_map_base: 0x0000000011430000

Marking Bits: (ParMarkBitMap*) 0x0000000056c0a6d0
 Begin Bits: [0x00000000125a0000, 0x00000000135a0000)
 End Bits:   [0x00000000135a0000, 0x00000000145a0000)

Polling page: 0x0000000001fc0000

CodeCache: size=245760Kb used=5822Kb max_used=5834Kb free=239937Kb
 bounds [0x0000000002670000, 0x0000000002c30000, 0x0000000011670000]
 total_blobs=1640 nmethods=1374 adapters=178
 compilation: enabled

Compilation events (10 events):
Event: 1.996 Thread 0x0000000017144800 1332       3       com.android.dx.cf.direct.FieldListParser::set (30 bytes)
Event: 1.996 Thread 0x0000000017144800 nmethod 1332 0x0000000002bc6a10 code [0x0000000002bc6c00, 0x0000000002bc7698]
Event: 1.996 Thread 0x0000000017144800 1333       3       com.android.dx.rop.type.Type::<init> (84 bytes)
Event: 1.997 Thread 0x0000000017144800 nmethod 1333 0x0000000002bc7f10 code [0x0000000002bc80c0, 0x0000000002bc85e8]
Event: 1.997 Thread 0x0000000017144800 1334   !   3       com.android.dx.rop.type.Type::putIntern (50 bytes)
Event: 1.997 Thread 0x0000000017144800 nmethod 1334 0x0000000002bc87d0 code [0x0000000002bc89c0, 0x0000000002bc9498]
Event: 2.005 Thread 0x00000000170ec000 nmethod 1289 0x0000000002bce090 code [0x0000000002bce380, 0x0000000002bcfda0]
Event: 2.006 Thread 0x00000000170ec000 1316       4       com.android.dx.ssa.SsaMethod$1::visitNonMoveInsn (26 bytes)
Event: 2.007 Thread 0x00000000170ec000 nmethod 1316 0x0000000002bcafd0 code [0x0000000002bcb120, 0x0000000002bcb218]
Event: 2.007 Thread 0x00000000170ec000 1309       4       com.android.dx.ssa.back.FirstFitLocalCombiningAllocator$1::processInsn (169 bytes)

GC Heap History (2 events):
Event: 1.507 GC heap before
{Heap before GC invocations=1 (full 0):
 PSYoungGen      total 38400K, used 33280K [0x00000000eab00000, 0x00000000ed580000, 0x0000000100000000)
  eden space 33280K, 100% used [0x00000000eab00000,0x00000000ecb80000,0x00000000ecb80000)
  from space 5120K, 0% used [0x00000000ed080000,0x00000000ed080000,0x00000000ed580000)
  to   space 5120K, 0% used [0x00000000ecb80000,0x00000000ecb80000,0x00000000ed080000)
 ParOldGen       total 87552K, used 0K [0x00000000c0000000, 0x00000000c5580000, 0x00000000eab00000)
  object space 87552K, 0% used [0x00000000c0000000,0x00000000c0000000,0x00000000c5580000)
 Metaspace       used 5911K, capacity 6896K, committed 7040K, reserved 1056768K
  class space    used 595K, capacity 616K, committed 640K, reserved 1048576K
Event: 1.532 GC heap after
Heap after GC invocations=1 (full 0):
 PSYoungGen      total 38400K, used 5113K [0x00000000eab00000, 0x00000000ed580000, 0x0000000100000000)
  eden space 33280K, 0% used [0x00000000eab00000,0x00000000eab00000,0x00000000ecb80000)
  from space 5120K, 99% used [0x00000000ecb80000,0x00000000ed07e480,0x00000000ed080000)
  to   space 5120K, 0% used [0x00000000ed080000,0x00000000ed080000,0x00000000ed580000)
 ParOldGen       total 87552K, used 832K [0x00000000c0000000, 0x00000000c5580000, 0x00000000eab00000)
  object space 87552K, 0% used [0x00000000c0000000,0x00000000c00d0250,0x00000000c5580000)
 Metaspace       used 5911K, capacity 6896K, committed 7040K, reserved 1056768K
  class space    used 595K, capacity 616K, committed 640K, reserved 1048576K
}

Deoptimization events (10 events):
Event: 1.242 Thread 0x000000001741b000 Uncommon trap: reason=class_check action=maybe_recompile pc=0x00000000028c7a94 method=com.android.dx.ssa.NormalSsaInsn.accept(Lcom/android/dx/ssa/SsaInsn$Visitor;)V @ 9
Event: 1.246 Thread 0x0000000017415000 Uncommon trap: reason=class_check action=maybe_recompile pc=0x00000000028c7a94 method=com.android.dx.ssa.NormalSsaInsn.accept(Lcom/android/dx/ssa/SsaInsn$Visitor;)V @ 9
Event: 1.255 Thread 0x000000001741b000 Uncommon trap: reason=class_check action=maybe_recompile pc=0x00000000028c7a94 method=com.android.dx.ssa.NormalSsaInsn.accept(Lcom/android/dx/ssa/SsaInsn$Visitor;)V @ 9
Event: 1.298 Thread 0x00000000173e1800 Uncommon trap: reason=unstable_if action=reinterpret pc=0x000000000291cd24 method=java.util.HashMap.getNode(ILjava/lang/Object;)Ljava/util/HashMap$Node; @ 62
Event: 1.298 Thread 0x00000000173e1800 Uncommon trap: reason=unstable_if action=reinterpret pc=0x000000000289d28c method=java.util.HashMap.getNode(ILjava/lang/Object;)Ljava/util/HashMap$Node; @ 62
Event: 1.301 Thread 0x00000000173e1800 Uncommon trap: reason=unstable_if action=reinterpret pc=0x00000000028a6730 method=java.util.BitSet.nextSetBit(I)I @ 87
Event: 1.333 Thread 0x000000001741b000 Uncommon trap: reason=class_check action=maybe_recompile pc=0x000000000293cc0c method=com.android.dx.rop.type.Type.equals(Ljava/lang/Object;)Z @ 8
Event: 1.333 Thread 0x000000001741b000 Uncommon trap: reason=unstable_if action=reinterpret pc=0x000000000293cbf0 method=com.android.dx.rop.code.RegisterSpec.equals(ILcom/android/dx/rop/type/TypeBearer;Lcom/android/dx/rop/code/LocalItem;)Z @ 16
Event: 1.425 Thread 0x0000000017415000 Uncommon trap: reason=unstable_if action=reinterpret pc=0x00000000029a102c method=com.android.dx.rop.code.RegisterSpecSet.put(Lcom/android/dx/rop/code/RegisterSpec;)V @ 77
Event: 1.425 Thread 0x0000000017415000 Uncommon trap: reason=unstable_if action=reinterpret pc=0x00000000029f27ec method=com.android.dx.rop.code.RegisterSpecSet.put(Lcom/android/dx/rop/code/RegisterSpec;)V @ 77

Internal exceptions (2 events):
Event: 0.213 Thread 0x000000000256e000 Exception <a 'java/lang/NoSuchMethodError': Method sun.misc.Unsafe.defineClass(Ljava/lang/String;[BII)Ljava/lang/Class; name or signature does not match> (0x00000000eab07cc0) thrown at [C:\re\workspace\8-2-build-windows-amd64-cygwin\jdk8u101\7261\hotspot\s@tû¢@Ë?
Event: 0.213 Thread 0x000000000256e000 Exception <a 'java/lang/NoSuchMethodError': Method sun.misc.Unsafe.prefetchRead(Ljava/lang/Object;J)V name or signature does not match> (0x00000000eab07fa8) thrown at [C:\re\workspace\8-2-build-windows-amd64-cygwin\jdk8u101\7261\hotspot\src\share\vm\prims\

Events (10 events):
Event: 1.345 Executing VM operation: Deoptimize
Event: 1.346 Executing VM operation: Deoptimize done
Event: 1.425 Thread 0x0000000017415000 Uncommon trap: trap_request=0xffffff65 fr.pc=0x00000000029a102c
Event: 1.425 Thread 0x0000000017415000 DEOPT PACKING pc=0x00000000029a102c sp=0x000000001885e7d0
Event: 1.425 Thread 0x0000000017415000 DEOPT UNPACKING pc=0x00000000026b582a sp=0x000000001885e758 mode 2
Event: 1.425 Thread 0x0000000017415000 Uncommon trap: trap_request=0xffffff65 fr.pc=0x00000000029f27ec
Event: 1.425 Thread 0x0000000017415000 DEOPT PACKING pc=0x00000000029f27ec sp=0x000000001885e7c0
Event: 1.425 Thread 0x0000000017415000 DEOPT UNPACKING pc=0x00000000026b582a sp=0x000000001885e6e0 mode 2
Event: 1.493 Executing VM operation: ParallelGCFailedAllocation
Event: 1.532 Executing VM operation: ParallelGCFailedAllocation done


Dynamic libraries:
0x00007ff7c11d0000 - 0x00007ff7c1207000 	C:\Program Files\Java\jdk1.8.0_101\bin\java.exe
0x00007ffa00cd0000 - 0x00007ffa00e91000 	C:\WINDOWS\SYSTEM32\ntdll.dll
0x00007ffa00c20000 - 0x00007ffa00ccd000 	C:\WINDOWS\system32\KERNEL32.DLL
0x00007ff9fd380000 - 0x00007ff9fd568000 	C:\WINDOWS\system32\KERNELBASE.dll
0x00007ff9fe9c0000 - 0x00007ff9fea67000 	C:\WINDOWS\system32\ADVAPI32.dll
0x00007ff9fe150000 - 0x00007ff9fe1ed000 	C:\WINDOWS\system32\msvcrt.dll
0x00007ffa006d0000 - 0x00007ffa0072b000 	C:\WINDOWS\system32\sechost.dll
0x00007ff9fe1f0000 - 0x00007ff9fe30c000 	C:\WINDOWS\system32\RPCRT4.dll
0x00007ffa00880000 - 0x00007ffa009d6000 	C:\WINDOWS\system32\USER32.dll
0x00007ff9feae0000 - 0x00007ff9fec66000 	C:\WINDOWS\system32\GDI32.dll
0x00007ff9f70b0000 - 0x00007ff9f7324000 	C:\WINDOWS\WinSxS\amd64_microsoft.windows.common-controls_6595b64144ccf1df_6.0.10586.0_none_8c15ae12515e1c22\COMCTL32.dll
0x00007ff9fe740000 - 0x00007ff9fe9bd000 	C:\WINDOWS\system32\combase.dll
0x00007ff9fde00000 - 0x00007ff9fde6a000 	C:\WINDOWS\system32\bcryptPrimitives.dll
0x00007ffa00b80000 - 0x00007ffa00bbb000 	C:\WINDOWS\system32\IMM32.DLL
0x0000000055d70000 - 0x0000000055e42000 	C:\Program Files\Java\jdk1.8.0_101\jre\bin\msvcr100.dll
0x00000000563f0000 - 0x0000000056c8a000 	C:\Program Files\Java\jdk1.8.0_101\jre\bin\server\jvm.dll
0x00007ffa00a40000 - 0x00007ffa00a48000 	C:\WINDOWS\system32\PSAPI.DLL
0x00007ff9fa150000 - 0x00007ff9fa159000 	C:\WINDOWS\SYSTEM32\WSOCK32.dll
0x00007ff9fe0e0000 - 0x00007ff9fe14b000 	C:\WINDOWS\system32\WS2_32.dll
0x00007ff9fb210000 - 0x00007ff9fb233000 	C:\WINDOWS\SYSTEM32\WINMM.dll
0x00007ff9f7330000 - 0x00007ff9f733a000 	C:\WINDOWS\SYSTEM32\VERSION.dll
0x00007ff9fb1e0000 - 0x00007ff9fb20c000 	C:\WINDOWS\SYSTEM32\WINMMBASE.dll
0x00007ff9fdc40000 - 0x00007ff9fdc83000 	C:\WINDOWS\system32\cfgmgr32.dll
0x0000000056300000 - 0x000000005630f000 	C:\Program Files\Java\jdk1.8.0_101\jre\bin\verify.dll
0x00000000562d0000 - 0x00000000562f9000 	C:\Program Files\Java\jdk1.8.0_101\jre\bin\java.dll
0x00000000562b0000 - 0x00000000562c6000 	C:\Program Files\Java\jdk1.8.0_101\jre\bin\zip.dll
0x00007ff9fec70000 - 0x00007ffa001cc000 	C:\WINDOWS\system32\SHELL32.dll
0x00007ff9fd590000 - 0x00007ff9fdbd5000 	C:\WINDOWS\system32\windows.storage.dll
0x00007ffa002a0000 - 0x00007ffa002f2000 	C:\WINDOWS\system32\shlwapi.dll
0x00007ff9fd370000 - 0x00007ff9fd37f000 	C:\WINDOWS\system32\kernel.appcore.dll
0x00007ff9fdd40000 - 0x00007ff9fddf5000 	C:\WINDOWS\system32\shcore.dll
0x00007ff9fd310000 - 0x00007ff9fd35b000 	C:\WINDOWS\system32\powrprof.dll
0x00007ff9fd2f0000 - 0x00007ff9fd304000 	C:\WINDOWS\system32\profapi.dll

VM Arguments:
jvm_args: -Djava.awt.headless=true -Xmx1024M -Dfile.encoding=GBK -Duser.country=CN -Duser.language=zh -Duser.variant 
java_command: com.android.dx.command.Main --dex --num-threads=4 --output D:\Android\Code\AndroidCode\SDCard2\app\build\intermediates\pre-dexed\debug\com.android.support-support-compat-24.2.1_8b100b410385c7049188782f23c72cc4fe0e9234.jar D:\Android\Code\AndroidCode\SDCard2\app\build\intermediates\exploded-aar\com.android.support\support-compat\24.2.1\jars\classes.jar
java_class_path (initial): D:\Android\SDK\build-tools\24.0.2\lib\dx.jar
Launcher Type: SUN_STANDARD

Environment Variables:
JAVA_HOME=C:\Program Files\Java\jdk1.8.0_101
JRE_HOME=C:\Program Files\Java\jre1.8.0_101
PATH=C:\ProgramData\Oracle\Java\javapath;C:\Program Files (x86)\Intel\iCLS Client\;C:\Program Files\Intel\iCLS Client\;C:\Windows\system32;C:\Windows;C:\Windows\System32\Wbem;C:\Windows\System32\WindowsPowerShell\v1.0\;C:\Program Files (x86)\NVIDIA Corporation\PhysX\Common;C:\Program Files (x86)\Intel\Intel(R) Management Engine Components\DAL;C:\Program Files\Intel\Intel(R) Management Engine Components\DAL;C:\Program Files (x86)\Intel\Intel(R) Management Engine Components\IPT;C:\Program Files\Intel\Intel(R) Management Engine Components\IPT;C:\WINDOWS\system32;C:\WINDOWS;C:\WINDOWS\System32\Wbem;C:\WINDOWS\System32\WindowsPowerShell\v1.0\;D:\Git\cmd;C:\Program Files\Java\jdk1.8.0_101\bin;D:\SQLServer\86\100\Tools\Binn\;D:\SQLServer\100\Tools\Binn\;D:\SQLServer\100\DTS\Binn\;D:\SQLServer\86\100\Tools\Binn\VSShell\Common7\IDE\;C:\Program Files (x86)\Microsoft Visual Studio 9.0\Common7\IDE\PrivateAssemblies\;D:\SQLServer\86\100\DTS\Binn\
USERNAME=TangYuan
OS=Windows_NT
PROCESSOR_IDENTIFIER=Intel64 Family 6 Model 94 Stepping 3, GenuineIntel



---------------  S Y S T E M  ---------------

OS: Windows 10.0 , 64 bit Build 10586 (10.0.10586.0)

CPU:total 8 (4 cores per cpu, 2 threads per core) family 6 model 94 stepping 3, cmov, cx8, fxsr, mmx, sse, sse2, sse3, ssse3, sse4.1, sse4.2, popcnt, avx, avx2, aes, clmul, erms, rtm, 3dnowpref, lzcnt, ht, tsc, tscinvbit, bmi1, bmi2, adx

Memory: 4k page, physical 8281884k(1255980k free), swap 8298268k(5960k free)

vm_info: Java HotSpot(TM) 64-Bit Server VM (25.101-b13) for windows-amd64 JRE (1.8.0_101-b13), built on Jun 22 2016 01:21:29 by "java_re" with MS VC++ 10.0 (VS2010)

time: Wed Oct 12 01:09:19 2016
elapsed time: 2 seconds (0d 0h 0m 2s)

