#
# There is insufficient memory for the Java Runtime Environment to continue.
# Native memory allocation (malloc) failed to allocate 32784 bytes for Chunk::new
# Possible reasons:
#   The system is out of physical RAM or swap space
#   In 32 bit mode, the process size limit was hit
# Possible solutions:
#   Reduce memory load on the system
#   Increase physical memory or swap space
#   Check if swap backing store is full
#   Use 64 bit Java on a 64 bit OS
#   Decrease Java heap size (-Xmx/-Xms)
#   Decrease number of Java threads
#   Decrease Java thread stack sizes (-Xss)
#   Set larger code cache with -XX:ReservedCodeCacheSize=
# This output file may be truncated or incomplete.
#
#  Out of Memory Error (allocation.cpp:390), pid=6192, tid=0x0000000000000a4c
#
# JRE version: Java(TM) SE Runtime Environment (8.0_101-b13) (build 1.8.0_101-b13)
# Java VM: Java HotSpot(TM) 64-Bit Server VM (25.101-b13 mixed mode windows-amd64 compressed oops)
# Failed to write core dump. Minidumps are not enabled by default on client versions of Windows
#

---------------  T H R E A D  ---------------

Current thread (0x000000001526b000):  JavaThread "C2 CompilerThread0" daemon [_thread_in_native, id=2636, stack(0x0000000017830000,0x0000000017930000)]

Stack: [0x0000000017830000,0x0000000017930000]
[error occurred during error reporting (printing stack bounds), id 0xc0000005]

Native frames: (J=compiled Java code, j=interpreted, Vv=VM code, C=native code)


Current CompileTask:
C2:   2970 1375       4       com.android.dx.ssa.SCCP::simulateBlock (54 bytes)


---------------  P R O C E S S  ---------------

Java Threads: ( => current thread )
  0x0000000017467800 JavaThread "pool-1-thread-4" [_thread_blocked, id=2352, stack(0x0000000018a30000,0x0000000018b30000)]
  0x0000000017436800 JavaThread "pool-1-thread-3" [_thread_blocked, id=2680, stack(0x0000000018930000,0x0000000018a30000)]
  0x0000000017435800 JavaThread "pool-1-thread-2" [_thread_in_Java, id=1608, stack(0x0000000018830000,0x0000000018930000)]
  0x000000001747b800 JavaThread "pool-2-thread-1" [_thread_blocked, id=3952, stack(0x0000000018730000,0x0000000018830000)]
  0x000000001747a800 JavaThread "pool-1-thread-1" [_thread_in_Java, id=6272, stack(0x0000000018630000,0x0000000018730000)]
  0x000000001726a000 JavaThread "Service Thread" daemon [_thread_blocked, id=7948, stack(0x0000000017c30000,0x0000000017d30000)]
  0x00000000171cc000 JavaThread "C1 CompilerThread3" daemon [_thread_in_native, id=8188, stack(0x0000000017b30000,0x0000000017c30000)]
  0x00000000171bd000 JavaThread "C2 CompilerThread2" daemon [_thread_in_native, id=5096, stack(0x0000000017a30000,0x0000000017b30000)]
  0x00000000171b9000 JavaThread "C2 CompilerThread1" daemon [_thread_in_native, id=3744, stack(0x0000000017930000,0x0000000017a30000)]
=>0x000000001526b000 JavaThread "C2 CompilerThread0" daemon [_thread_in_native, id=2636, stack(0x0000000017830000,0x0000000017930000)]
  0x000000001716b000 JavaThread "Attach Listener" daemon [_thread_blocked, id=4224, stack(0x0000000017730000,0x0000000017830000)]
  0x00000000171b8800 JavaThread "Signal Dispatcher" daemon [_thread_blocked, id=7552, stack(0x0000000017630000,0x0000000017730000)]
  0x0000000017150800 JavaThread "Finalizer" daemon [_thread_blocked, id=7180, stack(0x0000000017530000,0x0000000017630000)]
  0x0000000002736000 JavaThread "Reference Handler" daemon [_thread_blocked, id=7760, stack(0x0000000017030000,0x0000000017130000)]
  0x000000000253e000 JavaThread "main" [_thread_blocked, id=7512, stack(0x0000000002540000,0x0000000002640000)]

Other Threads:
  0x0000000015259800 VMThread [stack: 0x0000000016f30000,0x0000000017030000] [id=5916]
  0x00000000172d0800 WatcherThread [stack: 0x0000000017d30000,0x0000000017e30000] [id=2232]

VM state:not at safepoint (normal execution)

VM Mutex/Monitor currently owned by a thread: None

Heap:
 PSYoungGen      total 38400K, used 14154K [0x00000000eab00000, 0x00000000ef600000, 0x0000000100000000)
  eden space 33280K, 27% used [0x00000000eab00000,0x00000000eb3d75d0,0x00000000ecb80000)
  from space 5120K, 99% used [0x00000000ecb80000,0x00000000ed07b328,0x00000000ed080000)
  to   space 5120K, 0% used [0x00000000ef100000,0x00000000ef100000,0x00000000ef600000)
 ParOldGen       total 87552K, used 926K [0x00000000c0000000, 0x00000000c5580000, 0x00000000eab00000)
  object space 87552K, 1% used [0x00000000c0000000,0x00000000c00e7ae8,0x00000000c5580000)
 Metaspace       used 6003K, capacity 6960K, committed 7040K, reserved 1056768K
  class space    used 591K, capacity 616K, committed 640K, reserved 1048576K

Card table byte_map: [0x0000000011b00000,0x0000000011d10000] byte_map_base: 0x0000000011500000

Marking Bits: (ParMarkBitMap*) 0x0000000056c0a6d0
 Begin Bits: [0x0000000012670000, 0x0000000013670000)
 End Bits:   [0x0000000013670000, 0x0000000014670000)

Polling page: 0x00000000005e0000

CodeCache: size=245760Kb used=5643Kb max_used=5651Kb free=240116Kb
 bounds [0x0000000002740000, 0x0000000002cd0000, 0x0000000011740000]
 total_blobs=1642 nmethods=1377 adapters=178
 compilation: enabled

Compilation events (10 events):
Event: 2.956 Thread 0x00000000171cc000 1371       3       com.android.dx.cf.code.Frame::mergeSubroutineLists (90 bytes)
Event: 2.956 Thread 0x00000000171cc000 nmethod 1371 0x0000000002cc30d0 code [0x0000000002cc32a0, 0x0000000002cc3b88]
Event: 2.956 Thread 0x00000000171cc000 1363       3       com.android.dx.cf.code.LocalVariableList::concat (97 bytes)
Event: 2.956 Thread 0x000000001526b000 nmethod 1373 0x0000000002cc3e90 code [0x0000000002cc3fe0, 0x0000000002cc41d8]
Event: 2.957 Thread 0x00000000171cc000 nmethod 1363 0x0000000002cc4550 code [0x0000000002cc4880, 0x0000000002cc65c8]
Event: 2.960 Thread 0x00000000171b9000 nmethod 1372 0x0000000002cc0fd0 code [0x0000000002cc1160, 0x0000000002cc17f8]
Event: 2.961 Thread 0x000000001526b000 1375       4       com.android.dx.ssa.SCCP::simulateBlock (54 bytes)
Event: 2.961 Thread 0x00000000171b9000 1376       4       com.android.dx.ssa.SCCP::simulatePhi (169 bytes)
Event: 2.963 Thread 0x00000000171bd000 nmethod 1374 0x0000000002cc8a90 code [0x0000000002cc8c00, 0x0000000002cc9298]
Event: 2.963 Thread 0x00000000171bd000 1377       4       java.util.ArrayList::remove (77 bytes)

GC Heap History (2 events):
Event: 1.914 GC heap before
{Heap before GC invocations=1 (full 0):
 PSYoungGen      total 38400K, used 33280K [0x00000000eab00000, 0x00000000ed580000, 0x0000000100000000)
  eden space 33280K, 100% used [0x00000000eab00000,0x00000000ecb80000,0x00000000ecb80000)
  from space 5120K, 0% used [0x00000000ed080000,0x00000000ed080000,0x00000000ed580000)
  to   space 5120K, 0% used [0x00000000ecb80000,0x00000000ecb80000,0x00000000ed080000)
 ParOldGen       total 87552K, used 0K [0x00000000c0000000, 0x00000000c5580000, 0x00000000eab00000)
  object space 87552K, 0% used [0x00000000c0000000,0x00000000c0000000,0x00000000c5580000)
 Metaspace       used 5960K, capacity 6960K, committed 7040K, reserved 1056768K
  class space    used 591K, capacity 616K, committed 640K, reserved 1048576K
Event: 2.248 GC heap after
Heap after GC invocations=1 (full 0):
 PSYoungGen      total 38400K, used 5100K [0x00000000eab00000, 0x00000000ef600000, 0x0000000100000000)
  eden space 33280K, 0% used [0x00000000eab00000,0x00000000eab00000,0x00000000ecb80000)
  from space 5120K, 99% used [0x00000000ecb80000,0x00000000ed07b328,0x00000000ed080000)
  to   space 5120K, 0% used [0x00000000ef100000,0x00000000ef100000,0x00000000ef600000)
 ParOldGen       total 87552K, used 926K [0x00000000c0000000, 0x00000000c5580000, 0x00000000eab00000)
  object space 87552K, 1% used [0x00000000c0000000,0x00000000c00e7ae8,0x00000000c5580000)
 Metaspace       used 5960K, capacity 6960K, committed 7040K, reserved 1056768K
  class space    used 591K, capacity 616K, committed 640K, reserved 1048576K
}

Deoptimization events (10 events):
Event: 0.878 Thread 0x0000000017467800 Uncommon trap: reason=class_check action=maybe_recompile pc=0x00000000029d50ec method=com.android.dx.rop.type.Type.equals(Ljava/lang/Object;)Z @ 8
Event: 0.881 Thread 0x0000000017467800 Uncommon trap: reason=class_check action=maybe_recompile pc=0x00000000029a1490 method=com.android.dx.rop.type.Type.equals(Ljava/lang/Object;)Z @ 8
Event: 0.902 Thread 0x0000000017467800 Uncommon trap: reason=unstable_if action=reinterpret pc=0x00000000029b28b4 method=java.util.BitSet.ensureCapacity(I)V @ 6
Event: 0.938 Thread 0x0000000017467800 Uncommon trap: reason=unstable_if action=reinterpret pc=0x00000000029d279c method=com.android.dx.rop.cst.Constant.compareTo(Lcom/android/dx/rop/cst/Constant;)I @ 12
Event: 1.213 Thread 0x000000001747a800 Uncommon trap: reason=class_check action=maybe_recompile pc=0x00000000029b9c54 method=com.android.dx.ssa.NormalSsaInsn.accept(Lcom/android/dx/ssa/SsaInsn$Visitor;)V @ 9
Event: 1.257 Thread 0x0000000017435800 Uncommon trap: reason=class_check action=maybe_recompile pc=0x00000000029b9c54 method=com.android.dx.ssa.NormalSsaInsn.accept(Lcom/android/dx/ssa/SsaInsn$Visitor;)V @ 9
Event: 1.258 Thread 0x0000000017435800 Uncommon trap: reason=class_check action=maybe_recompile pc=0x00000000029b9c54 method=com.android.dx.ssa.NormalSsaInsn.accept(Lcom/android/dx/ssa/SsaInsn$Visitor;)V @ 9
Event: 1.258 Thread 0x0000000017435800 Uncommon trap: reason=class_check action=maybe_recompile pc=0x00000000029b8db0 method=com.android.dx.ssa.NormalSsaInsn.accept(Lcom/android/dx/ssa/SsaInsn$Visitor;)V @ 9
Event: 1.856 Thread 0x0000000017435800 Uncommon trap: reason=null_check action=make_not_entrant pc=0x0000000002b4ab04 method=com.android.dx.ssa.SsaRenamer.getLocalForNewReg(I)Lcom/android/dx/rop/code/LocalItem; @ 19
Event: 1.857 Thread 0x0000000017435800 Uncommon trap: reason=null_check action=make_not_entrant pc=0x0000000002b47b60 method=com.android.dx.ssa.SsaRenamer.getLocalForNewReg(I)Lcom/android/dx/rop/code/LocalItem; @ 19

Internal exceptions (4 events):
Event: 0.083 Thread 0x000000000253e000 Exception <a 'java/lang/NoSuchMethodError': Method sun.misc.Unsafe.defineClass(Ljava/lang/String;[BII)Ljava/lang/Class; name or signature does not match> (0x00000000eab07cc0) thrown at [C:\re\workspace\8-2-build-windows-amd64-cygwin\jdk8u101\7261\hotspot\sà°ÖDüBµ?
Event: 0.083 Thread 0x000000000253e000 Exception <a 'java/lang/NoSuchMethodError': Method sun.misc.Unsafe.prefetchRead(Ljava/lang/Object;J)V name or signature does not match> (0x00000000eab07fa8) thrown at [C:\re\workspace\8-2-build-windows-amd64-cygwin\jdk8u101\7261\hotspot\src\share\vm\prims\7èö`³ý?
Event: 1.856 Thread 0x0000000017435800 Implicit null exception at 0x0000000002b49dd0 to 0x0000000002b4aabd
Event: 1.857 Thread 0x0000000017435800 Implicit null exception at 0x0000000002b47035 to 0x0000000002b47b39

Events (10 events):
Event: 1.293 Executing VM operation: ForceSafepoint
Event: 1.562 Executing VM operation: ForceSafepoint done
Event: 1.856 Thread 0x0000000017435800 Uncommon trap: trap_request=0xfffffff4 fr.pc=0x0000000002b4ab04
Event: 1.856 Thread 0x0000000017435800 DEOPT PACKING pc=0x0000000002b4ab04 sp=0x000000001892ec20
Event: 1.856 Thread 0x0000000017435800 DEOPT UNPACKING pc=0x000000000278582a sp=0x000000001892ea18 mode 2
Event: 1.857 Thread 0x0000000017435800 Uncommon trap: trap_request=0xfffffff4 fr.pc=0x0000000002b47b60
Event: 1.857 Thread 0x0000000017435800 DEOPT PACKING pc=0x0000000002b47b60 sp=0x000000001892eba0
Event: 1.857 Thread 0x0000000017435800 DEOPT UNPACKING pc=0x000000000278582a sp=0x000000001892ea08 mode 2
Event: 1.870 Executing VM operation: ParallelGCFailedAllocation
Event: 2.248 Executing VM operation: ParallelGCFailedAllocation done


Dynamic libraries:
0x00007ff7c11d0000 - 0x00007ff7c1207000 	C:\Program Files\Java\jdk1.8.0_101\bin\java.exe
0x00007ffa00cd0000 - 0x00007ffa00e91000 	C:\WINDOWS\SYSTEM32\ntdll.dll
0x00007ffa00c20000 - 0x00007ffa00ccd000 	C:\WINDOWS\system32\KERNEL32.DLL
0x00007ff9fd380000 - 0x00007ff9fd568000 	C:\WINDOWS\system32\KERNELBASE.dll
0x00007ff9fe9c0000 - 0x00007ff9fea67000 	C:\WINDOWS\system32\ADVAPI32.dll
0x00007ff9fe150000 - 0x00007ff9fe1ed000 	C:\WINDOWS\system32\msvcrt.dll
0x00007ffa006d0000 - 0x00007ffa0072b000 	C:\WINDOWS\system32\sechost.dll
0x00007ff9fe1f0000 - 0x00007ff9fe30c000 	C:\WINDOWS\system32\RPCRT4.dll
0x00007ffa00880000 - 0x00007ffa009d6000 	C:\WINDOWS\system32\USER32.dll
0x00007ff9feae0000 - 0x00007ff9fec66000 	C:\WINDOWS\system32\GDI32.dll
0x00007ff9f70b0000 - 0x00007ff9f7324000 	C:\WINDOWS\WinSxS\amd64_microsoft.windows.common-controls_6595b64144ccf1df_6.0.10586.0_none_8c15ae12515e1c22\COMCTL32.dll
0x00007ff9fe740000 - 0x00007ff9fe9bd000 	C:\WINDOWS\system32\combase.dll
0x00007ff9fde00000 - 0x00007ff9fde6a000 	C:\WINDOWS\system32\bcryptPrimitives.dll
0x00007ffa00b80000 - 0x00007ffa00bbb000 	C:\WINDOWS\system32\IMM32.DLL
0x0000000055d70000 - 0x0000000055e42000 	C:\Program Files\Java\jdk1.8.0_101\jre\bin\msvcr100.dll
0x00000000563f0000 - 0x0000000056c8a000 	C:\Program Files\Java\jdk1.8.0_101\jre\bin\server\jvm.dll
0x00007ffa00a40000 - 0x00007ffa00a48000 	C:\WINDOWS\system32\PSAPI.DLL
0x00007ff9fa150000 - 0x00007ff9fa159000 	C:\WINDOWS\SYSTEM32\WSOCK32.dll
0x00007ff9f7330000 - 0x00007ff9f733a000 	C:\WINDOWS\SYSTEM32\VERSION.dll
0x00007ff9fb210000 - 0x00007ff9fb233000 	C:\WINDOWS\SYSTEM32\WINMM.dll
0x00007ff9fe0e0000 - 0x00007ff9fe14b000 	C:\WINDOWS\system32\WS2_32.dll
0x0000000001f90000 - 0x0000000001fbc000 	C:\WINDOWS\SYSTEM32\WINMMBASE.dll
0x00007ff9fdc40000 - 0x00007ff9fdc83000 	C:\WINDOWS\system32\cfgmgr32.dll
0x0000000056300000 - 0x000000005630f000 	C:\Program Files\Java\jdk1.8.0_101\jre\bin\verify.dll
0x00000000562d0000 - 0x00000000562f9000 	C:\Program Files\Java\jdk1.8.0_101\jre\bin\java.dll
0x00000000562b0000 - 0x00000000562c6000 	C:\Program Files\Java\jdk1.8.0_101\jre\bin\zip.dll
0x00007ff9fec70000 - 0x00007ffa001cc000 	C:\WINDOWS\system32\SHELL32.dll
0x00007ff9fd590000 - 0x00007ff9fdbd5000 	C:\WINDOWS\system32\windows.storage.dll
0x00007ffa002a0000 - 0x00007ffa002f2000 	C:\WINDOWS\system32\shlwapi.dll
0x00007ff9fd370000 - 0x00007ff9fd37f000 	C:\WINDOWS\system32\kernel.appcore.dll
0x00007ff9fdd40000 - 0x00007ff9fddf5000 	C:\WINDOWS\system32\shcore.dll
0x00007ff9fd310000 - 0x00007ff9fd35b000 	C:\WINDOWS\system32\powrprof.dll
0x00007ff9fd2f0000 - 0x00007ff9fd304000 	C:\WINDOWS\system32\profapi.dll

VM Arguments:
jvm_args: -Djava.awt.headless=true -Xmx1024M -Dfile.encoding=GBK -Duser.country=CN -Duser.language=zh -Duser.variant 
java_command: com.android.dx.command.Main --dex --num-threads=4 --output D:\Android\Code\AndroidCode\Screen\app\build\intermediates\pre-dexed\debug\internal_impl-24.2.1_0fe015d63ffad335db39c1fcd93c3733df414bcd.jar D:\Android\Code\AndroidCode\Screen\app\build\intermediates\exploded-aar\com.android.support\support-compat\24.2.1\jars\libs\internal_impl-24.2.1.jar
java_class_path (initial): D:\Android\SDK\build-tools\24.0.2\lib\dx.jar
Launcher Type: SUN_STANDARD

Environment Variables:
JAVA_HOME=C:\Program Files\Java\jdk1.8.0_101
JRE_HOME=C:\Program Files\Java\jre1.8.0_101
PATH=C:\ProgramData\Oracle\Java\javapath;C:\Program Files (x86)\Intel\iCLS Client\;C:\Program Files\Intel\iCLS Client\;C:\Windows\system32;C:\Windows;C:\Windows\System32\Wbem;C:\Windows\System32\WindowsPowerShell\v1.0\;C:\Program Files (x86)\NVIDIA Corporation\PhysX\Common;C:\Program Files (x86)\Intel\Intel(R) Management Engine Components\DAL;C:\Program Files\Intel\Intel(R) Management Engine Components\DAL;C:\Program Files (x86)\Intel\Intel(R) Management Engine Components\IPT;C:\Program Files\Intel\Intel(R) Management Engine Components\IPT;C:\WINDOWS\system32;C:\WINDOWS;C:\WINDOWS\System32\Wbem;C:\WINDOWS\System32\WindowsPowerShell\v1.0\;D:\Git\cmd;C:\Program Files\Java\jdk1.8.0_101\bin;D:\SQLServer\86\100\Tools\Binn\;D:\SQLServer\100\Tools\Binn\;D:\SQLServer\100\DTS\Binn\;D:\SQLServer\86\100\Tools\Binn\VSShell\Common7\IDE\;C:\Program Files (x86)\Microsoft Visual Studio 9.0\Common7\IDE\PrivateAssemblies\;D:\SQLServer\86\100\DTS\Binn\
USERNAME=TangYuan
OS=Windows_NT
PROCESSOR_IDENTIFIER=Intel64 Family 6 Model 94 Stepping 3, GenuineIntel



---------------  S Y S T E M  ---------------

OS: Windows 10.0 , 64 bit Build 10586 (10.0.10586.0)

CPU:total 8 (4 cores per cpu, 2 threads per core) family 6 model 94 stepping 3, cmov, cx8, fxsr, mmx, sse, sse2, sse3, ssse3, sse4.1, sse4.2, popcnt, avx, avx2, aes, clmul, erms, rtm, 3dnowpref, lzcnt, ht, tsc, tscinvbit, bmi1, bmi2, adx

Memory: 4k page, physical 8281884k(1052956k free), swap 8298268k(3152k free)

vm_info: Java HotSpot(TM) 64-Bit Server VM (25.101-b13) for windows-amd64 JRE (1.8.0_101-b13), built on Jun 22 2016 01:21:29 by "java_re" with MS VC++ 10.0 (VS2010)

time: Wed Oct 12 01:16:05 2016
elapsed time: 2 seconds (0d 0h 0m 2s)

