#
# There is insufficient memory for the Java Runtime Environment to continue.
# Native memory allocation (malloc) failed to allocate 1990256 bytes for Chunk::new
# Possible reasons:
#   The system is out of physical RAM or swap space
#   In 32 bit mode, the process size limit was hit
# Possible solutions:
#   Reduce memory load on the system
#   Increase physical memory or swap space
#   Check if swap backing store is full
#   Use 64 bit Java on a 64 bit OS
#   Decrease Java heap size (-Xmx/-Xms)
#   Decrease number of Java threads
#   Decrease Java thread stack sizes (-Xss)
#   Set larger code cache with -XX:ReservedCodeCacheSize=
# This output file may be truncated or incomplete.
#
#  Out of Memory Error (allocation.cpp:390), pid=6524, tid=0x0000000000001cb8
#
# JRE version: Java(TM) SE Runtime Environment (8.0_101-b13) (build 1.8.0_101-b13)
# Java VM: Java HotSpot(TM) 64-Bit Server VM (25.101-b13 mixed mode windows-amd64 compressed oops)
# Failed to write core dump. Minidumps are not enabled by default on client versions of Windows
#

---------------  T H R E A D  ---------------

Current thread (0x00000000171f4800):  JavaThread "C2 CompilerThread0" daemon [_thread_in_native, id=7352, stack(0x0000000017870000,0x0000000017970000)]

Stack: [0x0000000017870000,0x0000000017970000]
[error occurred during error reporting (printing stack bounds), id 0xc0000005]

Native frames: (J=compiled Java code, j=interpreted, Vv=VM code, C=native code)


Current CompileTask:
C2:   6124 1757   !   4       com.android.dx.cf.cst.ConstantPoolParser::parse0 (731 bytes)


---------------  P R O C E S S  ---------------

Java Threads: ( => current thread )
  0x0000000017485800 JavaThread "pool-1-thread-4" [_thread_blocked, id=4852, stack(0x0000000018a70000,0x0000000018b70000)]
  0x00000000174af800 JavaThread "pool-1-thread-3" [_thread_blocked, id=4256, stack(0x0000000018970000,0x0000000018a70000)]
  0x00000000174c1000 JavaThread "pool-1-thread-2" [_thread_blocked, id=7964, stack(0x0000000018870000,0x0000000018970000)]
  0x00000000174ff800 JavaThread "pool-2-thread-1" [_thread_blocked, id=7336, stack(0x0000000018770000,0x0000000018870000)]
  0x00000000174ff000 JavaThread "pool-1-thread-1" [_thread_in_Java, id=8076, stack(0x0000000018670000,0x0000000018770000)]
  0x000000001728b800 JavaThread "Service Thread" daemon [_thread_blocked, id=6408, stack(0x0000000017c70000,0x0000000017d70000)]
  0x000000001721e800 JavaThread "C1 CompilerThread3" daemon [_thread_blocked, id=3468, stack(0x0000000017b70000,0x0000000017c70000)]
  0x000000001720a800 JavaThread "C2 CompilerThread2" daemon [_thread_in_native, id=3348, stack(0x0000000017a70000,0x0000000017b70000)]
  0x00000000171fe800 JavaThread "C2 CompilerThread1" daemon [_thread_in_native, id=7324, stack(0x0000000017970000,0x0000000017a70000)]
=>0x00000000171f4800 JavaThread "C2 CompilerThread0" daemon [_thread_in_native, id=7352, stack(0x0000000017870000,0x0000000017970000)]
  0x00000000171f2800 JavaThread "Attach Listener" daemon [_thread_blocked, id=5420, stack(0x0000000017770000,0x0000000017870000)]
  0x00000000171a7000 JavaThread "Signal Dispatcher" daemon [_thread_blocked, id=5988, stack(0x0000000017670000,0x0000000017770000)]
  0x0000000002759000 JavaThread "Finalizer" daemon [_thread_blocked, id=5912, stack(0x0000000017570000,0x0000000017670000)]
  0x0000000002757800 JavaThread "Reference Handler" daemon [_thread_blocked, id=6140, stack(0x0000000017070000,0x0000000017170000)]
  0x000000000202e000 JavaThread "main" [_thread_blocked, id=6404, stack(0x0000000002560000,0x0000000002660000)]

Other Threads:
  0x0000000015279800 VMThread [stack: 0x0000000016f70000,0x0000000017070000] [id=6292]
  0x00000000172ff800 WatcherThread [stack: 0x0000000017d70000,0x0000000017e70000] [id=6560]

VM state:not at safepoint (normal execution)

VM Mutex/Monitor currently owned by a thread: None

Heap:
 PSYoungGen      total 71680K, used 18490K [0x00000000eab00000, 0x00000000f3700000, 0x0000000100000000)
  eden space 66560K, 20% used [0x00000000eab00000,0x00000000eb8152e8,0x00000000eec00000)
  from space 5120K, 99% used [0x00000000eec00000,0x00000000ef0f9818,0x00000000ef100000)
  to   space 5120K, 0% used [0x00000000f3200000,0x00000000f3200000,0x00000000f3700000)
 ParOldGen       total 87552K, used 16049K [0x00000000c0000000, 0x00000000c5580000, 0x00000000eab00000)
  object space 87552K, 18% used [0x00000000c0000000,0x00000000c0fac728,0x00000000c5580000)
 Metaspace       used 6197K, capacity 7152K, committed 7296K, reserved 1056768K
  class space    used 595K, capacity 616K, committed 640K, reserved 1048576K

Card table byte_map: [0x0000000011b20000,0x0000000011d30000] byte_map_base: 0x0000000011520000

Marking Bits: (ParMarkBitMap*) 0x0000000056c0a6d0
 Begin Bits: [0x0000000012690000, 0x0000000013690000)
 End Bits:   [0x0000000013690000, 0x0000000014690000)

Polling page: 0x0000000000560000

CodeCache: size=245760Kb used=7583Kb max_used=7593Kb free=238176Kb
 bounds [0x0000000002760000, 0x0000000002ee0000, 0x0000000011760000]
 total_blobs=2031 nmethods=1765 adapters=178
 compilation: enabled

Compilation events (10 events):
Event: 5.949 Thread 0x00000000171fe800 nmethod 1882% 0x0000000002ebf810 code [0x0000000002ebf960, 0x0000000002ebfb78]
Event: 5.949 Thread 0x00000000171fe800 1881       4       com.android.dx.rop.code.RegisterSpecSet::localItemToSpec (49 bytes)
Event: 5.962 Thread 0x00000000171fe800 nmethod 1881 0x0000000002ebef50 code [0x0000000002ebf0a0, 0x0000000002ebf458]
Event: 5.962 Thread 0x00000000171fe800 1883       4       com.android.dx.rop.code.BasicBlockList::forEachInsn (39 bytes)
Event: 5.975 Thread 0x00000000171fe800 nmethod 1883 0x0000000002ec2c50 code [0x0000000002ec2da0, 0x0000000002ec3058]
Event: 5.975 Thread 0x00000000171fe800 1880       4       com.android.dx.ssa.SCCP::simulatePhiBlock (50 bytes)
Event: 6.095 Thread 0x000000001721e800 1899       1       com.android.dx.cf.attrib.InnerClassList$Item::getInnerName (5 bytes)
Event: 6.095 Thread 0x000000001721e800 nmethod 1899 0x0000000002ec2990 code [0x0000000002ec2ae0, 0x0000000002ec2bf0]
Event: 6.095 Thread 0x000000001721e800 1900       1       com.android.dx.cf.attrib.InnerClassList$Item::getAccessFlags (5 bytes)
Event: 6.095 Thread 0x000000001721e800 nmethod 1900 0x0000000002ec26d0 code [0x0000000002ec2820, 0x0000000002ec2930]

GC Heap History (6 events):
Event: 1.015 GC heap before
{Heap before GC invocations=1 (full 0):
 PSYoungGen      total 38400K, used 33280K [0x00000000eab00000, 0x00000000ed580000, 0x0000000100000000)
  eden space 33280K, 100% used [0x00000000eab00000,0x00000000ecb80000,0x00000000ecb80000)
  from space 5120K, 0% used [0x00000000ed080000,0x00000000ed080000,0x00000000ed580000)
  to   space 5120K, 0% used [0x00000000ecb80000,0x00000000ecb80000,0x00000000ed080000)
 ParOldGen       total 87552K, used 0K [0x00000000c0000000, 0x00000000c5580000, 0x00000000eab00000)
  object space 87552K, 0% used [0x00000000c0000000,0x00000000c0000000,0x00000000c5580000)
 Metaspace       used 5838K, capacity 6832K, committed 7040K, reserved 1056768K
  class space    used 592K, capacity 616K, committed 640K, reserved 1048576K
Event: 1.043 GC heap after
Heap after GC invocations=1 (full 0):
 PSYoungGen      total 38400K, used 5106K [0x00000000eab00000, 0x00000000ef600000, 0x0000000100000000)
  eden space 33280K, 0% used [0x00000000eab00000,0x00000000eab00000,0x00000000ecb80000)
  from space 5120K, 99% used [0x00000000ecb80000,0x00000000ed07cb70,0x00000000ed080000)
  to   space 5120K, 0% used [0x00000000ef100000,0x00000000ef100000,0x00000000ef600000)
 ParOldGen       total 87552K, used 1446K [0x00000000c0000000, 0x00000000c5580000, 0x00000000eab00000)
  object space 87552K, 1% used [0x00000000c0000000,0x00000000c0169a28,0x00000000c5580000)
 Metaspace       used 5838K, capacity 6832K, committed 7040K, reserved 1056768K
  class space    used 592K, capacity 616K, committed 640K, reserved 1048576K
}
Event: 2.361 GC heap before
{Heap before GC invocations=2 (full 0):
 PSYoungGen      total 38400K, used 38386K [0x00000000eab00000, 0x00000000ef600000, 0x0000000100000000)
  eden space 33280K, 100% used [0x00000000eab00000,0x00000000ecb80000,0x00000000ecb80000)
  from space 5120K, 99% used [0x00000000ecb80000,0x00000000ed07cb70,0x00000000ed080000)
  to   space 5120K, 0% used [0x00000000ef100000,0x00000000ef100000,0x00000000ef600000)
 ParOldGen       total 87552K, used 1446K [0x00000000c0000000, 0x00000000c5580000, 0x00000000eab00000)
  object space 87552K, 1% used [0x00000000c0000000,0x00000000c0169a28,0x00000000c5580000)
 Metaspace       used 6084K, capacity 7088K, committed 7296K, reserved 1056768K
  class space    used 594K, capacity 616K, committed 640K, reserved 1048576K
Event: 2.821 GC heap after
Heap after GC invocations=2 (full 0):
 PSYoungGen      total 71680K, used 5102K [0x00000000eab00000, 0x00000000ef600000, 0x0000000100000000)
  eden space 66560K, 0% used [0x00000000eab00000,0x00000000eab00000,0x00000000eec00000)
  from space 5120K, 99% used [0x00000000ef100000,0x00000000ef5fba18,0x00000000ef600000)
  to   space 5120K, 0% used [0x00000000eec00000,0x00000000eec00000,0x00000000ef100000)
 ParOldGen       total 87552K, used 6250K [0x00000000c0000000, 0x00000000c5580000, 0x00000000eab00000)
  object space 87552K, 7% used [0x00000000c0000000,0x00000000c061a960,0x00000000c5580000)
 Metaspace       used 6084K, capacity 7088K, committed 7296K, reserved 1056768K
  class space    used 594K, capacity 616K, committed 640K, reserved 1048576K
}
Event: 5.342 GC heap before
{Heap before GC invocations=3 (full 0):
 PSYoungGen      total 71680K, used 71662K [0x00000000eab00000, 0x00000000ef600000, 0x0000000100000000)
  eden space 66560K, 100% used [0x00000000eab00000,0x00000000eec00000,0x00000000eec00000)
  from space 5120K, 99% used [0x00000000ef100000,0x00000000ef5fba18,0x00000000ef600000)
  to   space 5120K, 0% used [0x00000000eec00000,0x00000000eec00000,0x00000000ef100000)
 ParOldGen       total 87552K, used 6250K [0x00000000c0000000, 0x00000000c5580000, 0x00000000eab00000)
  object space 87552K, 7% used [0x00000000c0000000,0x00000000c061a960,0x00000000c5580000)
 Metaspace       used 6190K, capacity 7152K, committed 7296K, reserved 1056768K
  class space    used 595K, capacity 616K, committed 640K, reserved 1048576K
Event: 5.447 GC heap after
Heap after GC invocations=3 (full 0):
 PSYoungGen      total 71680K, used 5094K [0x00000000eab00000, 0x00000000f3700000, 0x0000000100000000)
  eden space 66560K, 0% used [0x00000000eab00000,0x00000000eab00000,0x00000000eec00000)
  from space 5120K, 99% used [0x00000000eec00000,0x00000000ef0f9818,0x00000000ef100000)
  to   space 5120K, 0% used [0x00000000f3200000,0x00000000f3200000,0x00000000f3700000)
 ParOldGen       total 87552K, used 16049K [0x00000000c0000000, 0x00000000c5580000, 0x00000000eab00000)
  object space 87552K, 18% used [0x00000000c0000000,0x00000000c0fac728,0x00000000c5580000)
 Metaspace       used 6190K, capacity 7152K, committed 7296K, reserved 1056768K
  class space    used 595K, capacity 616K, committed 640K, reserved 1048576K
}

Deoptimization events (10 events):
Event: 2.958 Thread 0x00000000174c1000 Uncommon trap: reason=class_check action=maybe_recompile pc=0x0000000002adf214 method=java.util.HashMap.putVal(ILjava/lang/Object;Ljava/lang/Object;ZZ)Ljava/lang/Object; @ 203
Event: 2.958 Thread 0x00000000174c1000 Uncommon trap: reason=class_check action=maybe_recompile pc=0x0000000002adf214 method=java.util.HashMap.putVal(ILjava/lang/Object;Ljava/lang/Object;ZZ)Ljava/lang/Object; @ 203
Event: 3.187 Thread 0x000000000202e000 Uncommon trap: reason=unstable_if action=reinterpret pc=0x0000000002db4c4c method=com.android.dx.cf.code.RopperMachine.run(Lcom/android/dx/cf/code/Frame;II)V @ 1500
Event: 3.408 Thread 0x00000000174ff000 Uncommon trap: reason=null_check action=make_not_entrant pc=0x0000000002a0df34 method=com.android.dx.ssa.SsaRenamer.getLocalForNewReg(I)Lcom/android/dx/rop/code/LocalItem; @ 19
Event: 4.168 Thread 0x00000000174ff000 Uncommon trap: reason=unstable_if action=reinterpret pc=0x0000000002c19038 method=com.android.dx.ssa.SCCP.simulateStmt(Lcom/android/dx/ssa/SsaInsn;)V @ 59
Event: 4.322 Thread 0x0000000017485800 Uncommon trap: reason=unstable_if action=reinterpret pc=0x0000000002dc60a4 method=com.android.dx.ssa.LocalVariableExtractor.processBlock(I)V @ 77
Event: 5.138 Thread 0x00000000174af800 Uncommon trap: reason=unstable_if action=reinterpret pc=0x0000000002ab10f4 method=com.android.dx.rop.code.LocalItem.compareHandlesNulls(Lcom/android/dx/rop/cst/CstString;Lcom/android/dx/rop/cst/CstString;)I @ 14
Event: 5.139 Thread 0x00000000174af800 Uncommon trap: reason=unstable_if action=reinterpret pc=0x0000000002bcfed4 method=com.android.dx.rop.code.LocalItem.compareHandlesNulls(Lcom/android/dx/rop/cst/CstString;Lcom/android/dx/rop/cst/CstString;)I @ 14
Event: 5.308 Thread 0x000000000202e000 Uncommon trap: reason=bimorphic action=maybe_recompile pc=0x0000000002e9fad0 method=com.android.dx.cf.code.BytecodeArray.parseInstruction(ILcom/android/dx/cf/code/BytecodeArray$Visitor;)I @ 2484
Event: 5.308 Thread 0x000000000202e000 Uncommon trap: reason=bimorphic action=maybe_recompile pc=0x0000000002e9fad0 method=com.android.dx.cf.code.BytecodeArray.parseInstruction(ILcom/android/dx/cf/code/BytecodeArray$Visitor;)I @ 2484

Internal exceptions (7 events):
Event: 0.045 Thread 0x000000000202e000 Exception <a 'java/lang/NoSuchMethodError': Method sun.misc.Unsafe.defineClass(Ljava/lang/String;[BII)Ljava/lang/Class; name or signature does not match> (0x00000000eab07cc0) thrown at [C:\re\workspace\8-2-build-windows-amd64-cygwin\jdk8u101\7261\hotspot\s€Ž^ó§?
Event: 0.045 Thread 0x000000000202e000 Exception <a 'java/lang/NoSuchMethodError': Method sun.misc.Unsafe.prefetchRead(Ljava/lang/Object;J)V name or signature does not match> (0x00000000eab07fa8) thrown at [C:\re\workspace\8-2-build-windows-amd64-cygwin\jdk8u101\7261\hotspot\src\share\vm\prims\>]H%
Event: 1.000 Thread 0x000000000202e000 Implicit null exception at 0x00000000029fb5b2 to 0x00000000029fcf4d
Event: 1.006 Thread 0x0000000017485800 Implicit null exception at 0x0000000002a98aa2 to 0x0000000002a98b9a
Event: 3.408 Thread 0x00000000174ff000 Implicit null exception at 0x0000000002a0c40e to 0x0000000002a0df11
Event: 5.138 Thread 0x00000000174af800 Implicit null exception at 0x0000000002ab0f25 to 0x0000000002ab10e1
Event: 5.139 Thread 0x00000000174af800 Implicit null exception at 0x0000000002bce171 to 0x0000000002bcfea1

Events (10 events):
Event: 5.308 Thread 0x000000000202e000 DEOPT UNPACKING pc=0x00000000027a582a sp=0x000000000265e318 mode 2
Event: 5.308 Thread 0x000000000202e000 Uncommon trap: trap_request=0xffffffc6 fr.pc=0x0000000002e9fad0
Event: 5.308 Thread 0x000000000202e000 DEOPT PACKING pc=0x0000000002e9fad0 sp=0x000000000265e1c0
Event: 5.308 Thread 0x000000000202e000 DEOPT UNPACKING pc=0x00000000027a582a sp=0x000000000265e168 mode 2
Event: 5.336 Executing VM operation: ParallelGCFailedAllocation
Event: 5.447 Executing VM operation: ParallelGCFailedAllocation done
Event: 5.478 Thread 0x00000000174c1000 DEOPT PACKING pc=0x0000000002b79483 sp=0x000000001896e690
Event: 5.478 Thread 0x00000000174c1000 DEOPT UNPACKING pc=0x00000000027a787f sp=0x000000001896e410 mode 0
Event: 5.574 Thread 0x00000000174ff000 DEOPT PACKING pc=0x0000000002b7946c sp=0x000000001876e7d0
Event: 5.574 Thread 0x00000000174ff000 DEOPT UNPACKING pc=0x00000000027a787f sp=0x000000001876e550 mode 0


Dynamic libraries:
0x00007ff7c11d0000 - 0x00007ff7c1207000 	C:\Program Files\Java\jdk1.8.0_101\bin\java.exe
0x00007ffa00cd0000 - 0x00007ffa00e91000 	C:\WINDOWS\SYSTEM32\ntdll.dll
0x00007ffa00c20000 - 0x00007ffa00ccd000 	C:\WINDOWS\system32\KERNEL32.DLL
0x00007ff9fd380000 - 0x00007ff9fd568000 	C:\WINDOWS\system32\KERNELBASE.dll
0x00007ff9fe9c0000 - 0x00007ff9fea67000 	C:\WINDOWS\system32\ADVAPI32.dll
0x00007ff9fe150000 - 0x00007ff9fe1ed000 	C:\WINDOWS\system32\msvcrt.dll
0x00007ffa006d0000 - 0x00007ffa0072b000 	C:\WINDOWS\system32\sechost.dll
0x00007ff9fe1f0000 - 0x00007ff9fe30c000 	C:\WINDOWS\system32\RPCRT4.dll
0x00007ffa00880000 - 0x00007ffa009d6000 	C:\WINDOWS\system32\USER32.dll
0x00007ff9feae0000 - 0x00007ff9fec66000 	C:\WINDOWS\system32\GDI32.dll
0x00007ff9f70b0000 - 0x00007ff9f7324000 	C:\WINDOWS\WinSxS\amd64_microsoft.windows.common-controls_6595b64144ccf1df_6.0.10586.0_none_8c15ae12515e1c22\COMCTL32.dll
0x00007ff9fe740000 - 0x00007ff9fe9bd000 	C:\WINDOWS\system32\combase.dll
0x00007ff9fde00000 - 0x00007ff9fde6a000 	C:\WINDOWS\system32\bcryptPrimitives.dll
0x00007ffa00b80000 - 0x00007ffa00bbb000 	C:\WINDOWS\system32\IMM32.DLL
0x0000000055d70000 - 0x0000000055e42000 	C:\Program Files\Java\jdk1.8.0_101\jre\bin\msvcr100.dll
0x00000000563f0000 - 0x0000000056c8a000 	C:\Program Files\Java\jdk1.8.0_101\jre\bin\server\jvm.dll
0x00007ffa00a40000 - 0x00007ffa00a48000 	C:\WINDOWS\system32\PSAPI.DLL
0x00007ff9fa150000 - 0x00007ff9fa159000 	C:\WINDOWS\SYSTEM32\WSOCK32.dll
0x00007ff9fb210000 - 0x00007ff9fb233000 	C:\WINDOWS\SYSTEM32\WINMM.dll
0x00007ff9f7330000 - 0x00007ff9f733a000 	C:\WINDOWS\SYSTEM32\VERSION.dll
0x00007ff9fe0e0000 - 0x00007ff9fe14b000 	C:\WINDOWS\system32\WS2_32.dll
0x0000000001fa0000 - 0x0000000001fcc000 	C:\WINDOWS\SYSTEM32\WINMMBASE.dll
0x00007ff9fdc40000 - 0x00007ff9fdc83000 	C:\WINDOWS\system32\cfgmgr32.dll
0x0000000056300000 - 0x000000005630f000 	C:\Program Files\Java\jdk1.8.0_101\jre\bin\verify.dll
0x00000000562d0000 - 0x00000000562f9000 	C:\Program Files\Java\jdk1.8.0_101\jre\bin\java.dll
0x00000000562b0000 - 0x00000000562c6000 	C:\Program Files\Java\jdk1.8.0_101\jre\bin\zip.dll
0x00007ff9fec70000 - 0x00007ffa001cc000 	C:\WINDOWS\system32\SHELL32.dll
0x00007ff9fd590000 - 0x00007ff9fdbd5000 	C:\WINDOWS\system32\windows.storage.dll
0x00007ffa002a0000 - 0x00007ffa002f2000 	C:\WINDOWS\system32\shlwapi.dll
0x00007ff9fd370000 - 0x00007ff9fd37f000 	C:\WINDOWS\system32\kernel.appcore.dll
0x00007ff9fdd40000 - 0x00007ff9fddf5000 	C:\WINDOWS\system32\shcore.dll
0x00007ff9fd310000 - 0x00007ff9fd35b000 	C:\WINDOWS\system32\powrprof.dll
0x00007ff9fd2f0000 - 0x00007ff9fd304000 	C:\WINDOWS\system32\profapi.dll

VM Arguments:
jvm_args: -Djava.awt.headless=true -Xmx1024M -Dfile.encoding=GBK -Duser.country=CN -Duser.language=zh -Duser.variant 
java_command: com.android.dx.command.Main --dex --num-threads=4 --output D:\Android\Code\AndroidCode\Screen\app\build\intermediates\pre-dexed\debug\com.android.support-design-24.2.1_bb2381c893c6b3793b2ffa7d3812d361d2d6e110.jar D:\Android\Code\AndroidCode\Screen\app\build\intermediates\exploded-aar\com.android.support\design\24.2.1\jars\classes.jar
java_class_path (initial): D:\Android\SDK\build-tools\24.0.2\lib\dx.jar
Launcher Type: SUN_STANDARD

Environment Variables:
JAVA_HOME=C:\Program Files\Java\jdk1.8.0_101
JRE_HOME=C:\Program Files\Java\jre1.8.0_101
PATH=C:\ProgramData\Oracle\Java\javapath;C:\Program Files (x86)\Intel\iCLS Client\;C:\Program Files\Intel\iCLS Client\;C:\Windows\system32;C:\Windows;C:\Windows\System32\Wbem;C:\Windows\System32\WindowsPowerShell\v1.0\;C:\Program Files (x86)\NVIDIA Corporation\PhysX\Common;C:\Program Files (x86)\Intel\Intel(R) Management Engine Components\DAL;C:\Program Files\Intel\Intel(R) Management Engine Components\DAL;C:\Program Files (x86)\Intel\Intel(R) Management Engine Components\IPT;C:\Program Files\Intel\Intel(R) Management Engine Components\IPT;C:\WINDOWS\system32;C:\WINDOWS;C:\WINDOWS\System32\Wbem;C:\WINDOWS\System32\WindowsPowerShell\v1.0\;D:\Git\cmd;C:\Program Files\Java\jdk1.8.0_101\bin;D:\SQLServer\86\100\Tools\Binn\;D:\SQLServer\100\Tools\Binn\;D:\SQLServer\100\DTS\Binn\;D:\SQLServer\86\100\Tools\Binn\VSShell\Common7\IDE\;C:\Program Files (x86)\Microsoft Visual Studio 9.0\Common7\IDE\PrivateAssemblies\;D:\SQLServer\86\100\DTS\Binn\
USERNAME=TangYuan
OS=Windows_NT
PROCESSOR_IDENTIFIER=Intel64 Family 6 Model 94 Stepping 3, GenuineIntel



---------------  S Y S T E M  ---------------

OS: Windows 10.0 , 64 bit Build 10586 (10.0.10586.0)

CPU:total 8 (4 cores per cpu, 2 threads per core) family 6 model 94 stepping 3, cmov, cx8, fxsr, mmx, sse, sse2, sse3, ssse3, sse4.1, sse4.2, popcnt, avx, avx2, aes, clmul, erms, rtm, 3dnowpref, lzcnt, ht, tsc, tscinvbit, bmi1, bmi2, adx

Memory: 4k page, physical 8281884k(1067788k free), swap 8298268k(6428k free)

vm_info: Java HotSpot(TM) 64-Bit Server VM (25.101-b13) for windows-amd64 JRE (1.8.0_101-b13), built on Jun 22 2016 01:21:29 by "java_re" with MS VC++ 10.0 (VS2010)

time: Wed Oct 12 01:18:21 2016
elapsed time: 6 seconds (0d 0h 0m 6s)

