#
# There is insufficient memory for the Java Runtime Environment to continue.
# Native memory allocation (malloc) failed to allocate 628976 bytes for Chunk::new
# Possible reasons:
#   The system is out of physical RAM or swap space
#   In 32 bit mode, the process size limit was hit
# Possible solutions:
#   Reduce memory load on the system
#   Increase physical memory or swap space
#   Check if swap backing store is full
#   Use 64 bit Java on a 64 bit OS
#   Decrease Java heap size (-Xmx/-Xms)
#   Decrease number of Java threads
#   Decrease Java thread stack sizes (-Xss)
#   Set larger code cache with -XX:ReservedCodeCacheSize=
# This output file may be truncated or incomplete.
#
#  Out of Memory Error (allocation.cpp:390), pid=7644, tid=0x0000000000001ed0
#
# JRE version: Java(TM) SE Runtime Environment (8.0_101-b13) (build 1.8.0_101-b13)
# Java VM: Java HotSpot(TM) 64-Bit Server VM (25.101-b13 mixed mode windows-amd64 compressed oops)
# Failed to write core dump. Minidumps are not enabled by default on client versions of Windows
#

---------------  T H R E A D  ---------------

Current thread (0x000000001710a800):  JavaThread "C2 CompilerThread2" daemon [_thread_in_native, id=7888, stack(0x00000000179f0000,0x0000000017af0000)]

Stack: [0x00000000179f0000,0x0000000017af0000]
[error occurred during error reporting (printing stack bounds), id 0xc0000005]

Native frames: (J=compiled Java code, j=interpreted, Vv=VM code, C=native code)


Current CompileTask:
C2:   6914 1944       4       com.android.dx.ssa.SsaConverter::edgeSplitSuccessors (98 bytes)


---------------  P R O C E S S  ---------------

Java Threads: ( => current thread )
  0x0000000017171800 JavaThread "Service Thread" daemon [_thread_blocked, id=8016, stack(0x0000000017bf0000,0x0000000017cf0000)]
  0x000000001710e800 JavaThread "C1 CompilerThread3" daemon [_thread_blocked, id=8128, stack(0x0000000017af0000,0x0000000017bf0000)]
=>0x000000001710a800 JavaThread "C2 CompilerThread2" daemon [_thread_in_native, id=7888, stack(0x00000000179f0000,0x0000000017af0000)]
  0x0000000017108000 JavaThread "C2 CompilerThread1" daemon [_thread_in_native, id=8092, stack(0x00000000178f0000,0x00000000179f0000)]
  0x0000000017104800 JavaThread "C2 CompilerThread0" daemon [_thread_in_native, id=7284, stack(0x00000000177f0000,0x00000000178f0000)]
  0x0000000017102800 JavaThread "Attach Listener" daemon [_thread_blocked, id=7596, stack(0x00000000176f0000,0x00000000177f0000)]
  0x00000000170b7000 JavaThread "Signal Dispatcher" daemon [_thread_blocked, id=7924, stack(0x00000000175f0000,0x00000000176f0000)]
  0x00000000170a0800 JavaThread "Finalizer" daemon [_thread_blocked, id=7440, stack(0x0000000017480000,0x0000000017580000)]
  0x000000001518d000 JavaThread "Reference Handler" daemon [_thread_blocked, id=5412, stack(0x0000000016f80000,0x0000000017080000)]
  0x000000000077e000 JavaThread "main" [_thread_blocked, id=3284, stack(0x0000000002440000,0x0000000002540000)]

Other Threads:
  0x0000000015189800 VMThread [stack: 0x0000000016e80000,0x0000000016f80000] [id=8008]
  0x000000001720a800 WatcherThread [stack: 0x0000000017cf0000,0x0000000017df0000] [id=7680]

VM state:at safepoint (normal execution)

VM Mutex/Monitor currently owned by a thread:  ([mutex/lock_event])
[0x000000000077cf20] Threads_lock - owner thread: 0x0000000015189800
[0x000000000077d620] Heap_lock - owner thread: 0x000000000077e000

Heap:
 PSYoungGen      total 71680K, used 71679K [0x00000000eab00000, 0x00000000f3700000, 0x0000000100000000)
  eden space 66560K, 100% used [0x00000000eab00000,0x00000000eec00000,0x00000000eec00000)
  from space 5120K, 99% used [0x00000000eec00000,0x00000000ef0ffde8,0x00000000ef100000)
  to   space 5120K, 54% used [0x00000000f3200000,0x00000000f34be1f8,0x00000000f3700000)
 ParOldGen       total 87552K, used 15448K [0x00000000c0000000, 0x00000000c5580000, 0x00000000eab00000)
  object space 87552K, 17% used [0x00000000c0000000,0x00000000c0f163a0,0x00000000c5580000)
 Metaspace       used 6387K, capacity 7216K, committed 7296K, reserved 1056768K
  class space    used 601K, capacity 616K, committed 640K, reserved 1048576K

Card table byte_map: [0x0000000011a10000,0x0000000011c20000] byte_map_base: 0x0000000011410000

Marking Bits: (ParMarkBitMap*) 0x0000000056c0a6d0
 Begin Bits: [0x0000000012580000, 0x0000000013580000)
 End Bits:   [0x0000000013580000, 0x0000000014580000)

Polling page: 0x0000000000750000

CodeCache: size=245760Kb used=8739Kb max_used=8739Kb free=237020Kb
 bounds [0x0000000002650000, 0x0000000002ee0000, 0x0000000011650000]
 total_blobs=2245 nmethods=1979 adapters=178
 compilation: enabled

Compilation events (10 events):
Event: 6.878 Thread 0x000000001710e800 2010       1       com.android.dx.rop.code.LocalItem::getSignature (5 bytes)
Event: 6.878 Thread 0x000000001710e800 nmethod 2010 0x0000000002ede350 code [0x0000000002ede4a0, 0x0000000002ede5b0]
Event: 6.878 Thread 0x000000001710e800 2011       2       com.android.dx.dex.code.OutputFinisher::addConstants (68 bytes)
Event: 6.879 Thread 0x000000001710e800 nmethod 2011 0x0000000002ede610 code [0x0000000002ede7c0, 0x0000000002edea68]
Event: 6.879 Thread 0x000000001710e800 2013       2       java.util.HashMap$KeyIterator::next (8 bytes)
Event: 6.880 Thread 0x000000001710e800 nmethod 2013 0x0000000002edecd0 code [0x0000000002edee40, 0x0000000002edefc8]
Event: 6.898 Thread 0x000000001710e800 2015       2       com.android.dx.dex.code.OutputFinisher::getAllConstants (47 bytes)
Event: 6.900 Thread 0x000000001710e800 nmethod 2015 0x0000000002edf090 code [0x0000000002edf240, 0x0000000002edf648]
Event: 6.900 Thread 0x000000001710e800 2016       1       com.android.dx.dex.code.OutputFinisher::hasAnyPositionInfo (5 bytes)
Event: 6.900 Thread 0x000000001710e800 nmethod 2016 0x0000000002edf8d0 code [0x0000000002edfa20, 0x0000000002edfb30]

GC Heap History (6 events):
Event: 1.032 GC heap before
{Heap before GC invocations=1 (full 0):
 PSYoungGen      total 38400K, used 33280K [0x00000000eab00000, 0x00000000ed580000, 0x0000000100000000)
  eden space 33280K, 100% used [0x00000000eab00000,0x00000000ecb80000,0x00000000ecb80000)
  from space 5120K, 0% used [0x00000000ed080000,0x00000000ed080000,0x00000000ed580000)
  to   space 5120K, 0% used [0x00000000ecb80000,0x00000000ecb80000,0x00000000ed080000)
 ParOldGen       total 87552K, used 0K [0x00000000c0000000, 0x00000000c5580000, 0x00000000eab00000)
  object space 87552K, 0% used [0x00000000c0000000,0x00000000c0000000,0x00000000c5580000)
 Metaspace       used 5903K, capacity 6896K, committed 7040K, reserved 1056768K
  class space    used 595K, capacity 616K, committed 640K, reserved 1048576K
Event: 1.075 GC heap after
Heap after GC invocations=1 (full 0):
 PSYoungGen      total 38400K, used 5112K [0x00000000eab00000, 0x00000000ef600000, 0x0000000100000000)
  eden space 33280K, 0% used [0x00000000eab00000,0x00000000eab00000,0x00000000ecb80000)
  from space 5120K, 99% used [0x00000000ecb80000,0x00000000ed07e088,0x00000000ed080000)
  to   space 5120K, 0% used [0x00000000ef100000,0x00000000ef100000,0x00000000ef600000)
 ParOldGen       total 87552K, used 851K [0x00000000c0000000, 0x00000000c5580000, 0x00000000eab00000)
  object space 87552K, 0% used [0x00000000c0000000,0x00000000c00d4ed8,0x00000000c5580000)
 Metaspace       used 5903K, capacity 6896K, committed 7040K, reserved 1056768K
  class space    used 595K, capacity 616K, committed 640K, reserved 1048576K
}
Event: 1.598 GC heap before
{Heap before GC invocations=2 (full 0):
 PSYoungGen      total 38400K, used 38392K [0x00000000eab00000, 0x00000000ef600000, 0x0000000100000000)
  eden space 33280K, 100% used [0x00000000eab00000,0x00000000ecb80000,0x00000000ecb80000)
  from space 5120K, 99% used [0x00000000ecb80000,0x00000000ed07e088,0x00000000ed080000)
  to   space 5120K, 0% used [0x00000000ef100000,0x00000000ef100000,0x00000000ef600000)
 ParOldGen       total 87552K, used 851K [0x00000000c0000000, 0x00000000c5580000, 0x00000000eab00000)
  object space 87552K, 0% used [0x00000000c0000000,0x00000000c00d4ed8,0x00000000c5580000)
 Metaspace       used 6139K, capacity 7088K, committed 7296K, reserved 1056768K
  class space    used 595K, capacity 616K, committed 640K, reserved 1048576K
Event: 1.614 GC heap after
Heap after GC invocations=2 (full 0):
 PSYoungGen      total 71680K, used 5103K [0x00000000eab00000, 0x00000000ef600000, 0x0000000100000000)
  eden space 66560K, 0% used [0x00000000eab00000,0x00000000eab00000,0x00000000eec00000)
  from space 5120K, 99% used [0x00000000ef100000,0x00000000ef5fbc98,0x00000000ef600000)
  to   space 5120K, 0% used [0x00000000eec00000,0x00000000eec00000,0x00000000ef100000)
 ParOldGen       total 87552K, used 4922K [0x00000000c0000000, 0x00000000c5580000, 0x00000000eab00000)
  object space 87552K, 5% used [0x00000000c0000000,0x00000000c04ce8c0,0x00000000c5580000)
 Metaspace       used 6139K, capacity 7088K, committed 7296K, reserved 1056768K
  class space    used 595K, capacity 616K, committed 640K, reserved 1048576K
}
Event: 4.951 GC heap before
{Heap before GC invocations=3 (full 0):
 PSYoungGen      total 71680K, used 71663K [0x00000000eab00000, 0x00000000ef600000, 0x0000000100000000)
  eden space 66560K, 100% used [0x00000000eab00000,0x00000000eec00000,0x00000000eec00000)
  from space 5120K, 99% used [0x00000000ef100000,0x00000000ef5fbc98,0x00000000ef600000)
  to   space 5120K, 0% used [0x00000000eec00000,0x00000000eec00000,0x00000000ef100000)
 ParOldGen       total 87552K, used 4922K [0x00000000c0000000, 0x00000000c5580000, 0x00000000eab00000)
  object space 87552K, 5% used [0x00000000c0000000,0x00000000c04ce8c0,0x00000000c5580000)
 Metaspace       used 6259K, capacity 7152K, committed 7296K, reserved 1056768K
  class space    used 595K, capacity 616K, committed 640K, reserved 1048576K
Event: 5.137 GC heap after
Heap after GC invocations=3 (full 0):
 PSYoungGen      total 71680K, used 5119K [0x00000000eab00000, 0x00000000f3700000, 0x0000000100000000)
  eden space 66560K, 0% used [0x00000000eab00000,0x00000000eab00000,0x00000000eec00000)
  from space 5120K, 99% used [0x00000000eec00000,0x00000000ef0ffde8,0x00000000ef100000)
  to   space 5120K, 0% used [0x00000000f3200000,0x00000000f3200000,0x00000000f3700000)
 ParOldGen       total 87552K, used 15448K [0x00000000c0000000, 0x00000000c5580000, 0x00000000eab00000)
  object space 87552K, 17% used [0x00000000c0000000,0x00000000c0f163a0,0x00000000c5580000)
 Metaspace       used 6259K, capacity 7152K, committed 7296K, reserved 1056768K
  class space    used 595K, capacity 616K, committed 640K, reserved 1048576K
}

Deoptimization events (10 events):
Event: 6.662 Thread 0x000000000077e000 Uncommon trap: reason=class_check action=maybe_recompile pc=0x0000000002aca298 method=java.util.Arrays.hashCode([Ljava/lang/Object;)I @ 43
Event: 6.662 Thread 0x000000000077e000 Uncommon trap: reason=class_check action=maybe_recompile pc=0x0000000002aca298 method=java.util.Arrays.hashCode([Ljava/lang/Object;)I @ 43
Event: 6.666 Thread 0x000000000077e000 Uncommon trap: reason=class_check action=maybe_recompile pc=0x0000000002aca298 method=java.util.Arrays.hashCode([Ljava/lang/Object;)I @ 43
Event: 6.666 Thread 0x000000000077e000 Uncommon trap: reason=class_check action=maybe_recompile pc=0x0000000002aca298 method=java.util.Arrays.hashCode([Ljava/lang/Object;)I @ 43
Event: 6.666 Thread 0x000000000077e000 Uncommon trap: reason=class_check action=maybe_recompile pc=0x0000000002a224f8 method=java.util.Arrays.hashCode([Ljava/lang/Object;)I @ 43
Event: 6.805 Thread 0x000000000077e000 Uncommon trap: reason=bimorphic action=maybe_recompile pc=0x0000000002ac12d8 method=java.util.HashMap.putVal(ILjava/lang/Object;Ljava/lang/Object;ZZ)Ljava/lang/Object; @ 91
Event: 6.806 Thread 0x000000000077e000 Uncommon trap: reason=class_check action=maybe_recompile pc=0x0000000002e88680 method=java.util.HashMap.putVal(ILjava/lang/Object;Ljava/lang/Object;ZZ)Ljava/lang/Object; @ 203
Event: 6.808 Thread 0x000000000077e000 Uncommon trap: reason=class_check action=maybe_recompile pc=0x0000000002e88680 method=java.util.HashMap.putVal(ILjava/lang/Object;Ljava/lang/Object;ZZ)Ljava/lang/Object; @ 203
Event: 6.809 Thread 0x000000000077e000 Uncommon trap: reason=class_check action=maybe_recompile pc=0x0000000002e88680 method=java.util.HashMap.putVal(ILjava/lang/Object;Ljava/lang/Object;ZZ)Ljava/lang/Object; @ 203
Event: 6.812 Thread 0x000000000077e000 Uncommon trap: reason=class_check action=maybe_recompile pc=0x0000000002e88680 method=java.util.HashMap.putVal(ILjava/lang/Object;Ljava/lang/Object;ZZ)Ljava/lang/Object; @ 203

Internal exceptions (4 events):
Event: 0.046 Thread 0x000000000077e000 Exception <a 'java/lang/NoSuchMethodError': Method sun.misc.Unsafe.defineClass(Ljava/lang/String;[BII)Ljava/lang/Class; name or signature does not match> (0x00000000eab07cc0) thrown at [C:\re\workspace\8-2-build-windows-amd64-cygwin\jdk8u101\7261\hotspot\s?$É§?
Event: 0.046 Thread 0x000000000077e000 Exception <a 'java/lang/NoSuchMethodError': Method sun.misc.Unsafe.prefetchRead(Ljava/lang/Object;J)V name or signature does not match> (0x00000000eab07fa8) thrown at [C:\re\workspace\8-2-build-windows-amd64-cygwin\jdk8u101\7261\hotspot\src\share\vm\prims\'ŠÊM¥ö?
Event: 1.415 Thread 0x00000000173f1000 Implicit null exception at 0x00000000029b3eca to 0x00000000029b5a9d
Event: 1.566 Thread 0x00000000173f1000 Implicit null exception at 0x0000000002b96762 to 0x0000000002b9685a

Events (10 events):
Event: 6.808 Thread 0x000000000077e000 DEOPT PACKING pc=0x0000000002e88680 sp=0x000000000253ebc0
Event: 6.808 Thread 0x000000000077e000 DEOPT UNPACKING pc=0x000000000269582a sp=0x000000000253eb48 mode 2
Event: 6.809 Thread 0x000000000077e000 Uncommon trap: trap_request=0xffffffde fr.pc=0x0000000002e88680
Event: 6.809 Thread 0x000000000077e000 DEOPT PACKING pc=0x0000000002e88680 sp=0x000000000253ebc0
Event: 6.809 Thread 0x000000000077e000 DEOPT UNPACKING pc=0x000000000269582a sp=0x000000000253eb48 mode 2
Event: 6.812 Thread 0x000000000077e000 Uncommon trap: trap_request=0xffffffde fr.pc=0x0000000002e88680
Event: 6.812 Thread 0x000000000077e000 DEOPT PACKING pc=0x0000000002e88680 sp=0x000000000253ebc0
Event: 6.814 Thread 0x000000000077e000 DEOPT UNPACKING pc=0x000000000269582a sp=0x000000000253eb48 mode 2
Event: 6.880 loading class com/android/dx/dex/file/CatchStructs
Event: 6.880 loading class com/android/dx/dex/file/CatchStructs done


Dynamic libraries:
0x00007ff7c11d0000 - 0x00007ff7c1207000 	C:\Program Files\Java\jdk1.8.0_101\bin\java.exe
0x00007ffa00cd0000 - 0x00007ffa00e91000 	C:\WINDOWS\SYSTEM32\ntdll.dll
0x00007ffa00c20000 - 0x00007ffa00ccd000 	C:\WINDOWS\system32\KERNEL32.DLL
0x00007ff9fd380000 - 0x00007ff9fd568000 	C:\WINDOWS\system32\KERNELBASE.dll
0x00007ff9fe9c0000 - 0x00007ff9fea67000 	C:\WINDOWS\system32\ADVAPI32.dll
0x00007ff9fe150000 - 0x00007ff9fe1ed000 	C:\WINDOWS\system32\msvcrt.dll
0x00007ffa006d0000 - 0x00007ffa0072b000 	C:\WINDOWS\system32\sechost.dll
0x00007ff9fe1f0000 - 0x00007ff9fe30c000 	C:\WINDOWS\system32\RPCRT4.dll
0x00007ffa00880000 - 0x00007ffa009d6000 	C:\WINDOWS\system32\USER32.dll
0x00007ff9feae0000 - 0x00007ff9fec66000 	C:\WINDOWS\system32\GDI32.dll
0x00007ff9f70b0000 - 0x00007ff9f7324000 	C:\WINDOWS\WinSxS\amd64_microsoft.windows.common-controls_6595b64144ccf1df_6.0.10586.0_none_8c15ae12515e1c22\COMCTL32.dll
0x00007ff9fe740000 - 0x00007ff9fe9bd000 	C:\WINDOWS\system32\combase.dll
0x00007ff9fde00000 - 0x00007ff9fde6a000 	C:\WINDOWS\system32\bcryptPrimitives.dll
0x00007ffa00b80000 - 0x00007ffa00bbb000 	C:\WINDOWS\system32\IMM32.DLL
0x0000000055d70000 - 0x0000000055e42000 	C:\Program Files\Java\jdk1.8.0_101\jre\bin\msvcr100.dll
0x00000000563f0000 - 0x0000000056c8a000 	C:\Program Files\Java\jdk1.8.0_101\jre\bin\server\jvm.dll
0x00007ffa00a40000 - 0x00007ffa00a48000 	C:\WINDOWS\system32\PSAPI.DLL
0x00007ff9fb210000 - 0x00007ff9fb233000 	C:\WINDOWS\SYSTEM32\WINMM.dll
0x00007ff9fa150000 - 0x00007ff9fa159000 	C:\WINDOWS\SYSTEM32\WSOCK32.dll
0x00007ff9f7330000 - 0x00007ff9f733a000 	C:\WINDOWS\SYSTEM32\VERSION.dll
0x00007ff9fb1e0000 - 0x00007ff9fb20c000 	C:\WINDOWS\SYSTEM32\WINMMBASE.dll
0x00007ff9fe0e0000 - 0x00007ff9fe14b000 	C:\WINDOWS\system32\WS2_32.dll
0x00007ff9fdc40000 - 0x00007ff9fdc83000 	C:\WINDOWS\system32\cfgmgr32.dll
0x0000000056300000 - 0x000000005630f000 	C:\Program Files\Java\jdk1.8.0_101\jre\bin\verify.dll
0x00000000562d0000 - 0x00000000562f9000 	C:\Program Files\Java\jdk1.8.0_101\jre\bin\java.dll
0x00000000562b0000 - 0x00000000562c6000 	C:\Program Files\Java\jdk1.8.0_101\jre\bin\zip.dll
0x00007ff9fec70000 - 0x00007ffa001cc000 	C:\WINDOWS\system32\SHELL32.dll
0x00007ff9fd590000 - 0x00007ff9fdbd5000 	C:\WINDOWS\system32\windows.storage.dll
0x00007ffa002a0000 - 0x00007ffa002f2000 	C:\WINDOWS\system32\shlwapi.dll
0x00007ff9fd370000 - 0x00007ff9fd37f000 	C:\WINDOWS\system32\kernel.appcore.dll
0x00007ff9fdd40000 - 0x00007ff9fddf5000 	C:\WINDOWS\system32\shcore.dll
0x00007ff9fd310000 - 0x00007ff9fd35b000 	C:\WINDOWS\system32\powrprof.dll
0x00007ff9fd2f0000 - 0x00007ff9fd304000 	C:\WINDOWS\system32\profapi.dll

VM Arguments:
jvm_args: -Djava.awt.headless=true -Xmx1024M -Dfile.encoding=GBK -Duser.country=CN -Duser.language=zh -Duser.variant 
java_command: com.android.dx.command.Main --dex --num-threads=4 --output D:\Android\Code\AndroidCode\Screen\app\build\intermediates\pre-dexed\debug\com.android.support-support-compat-24.2.1_37cb2df79521623ab4b82c52eb328540fc1314c1.jar D:\Android\Code\AndroidCode\Screen\app\build\intermediates\exploded-aar\com.android.support\support-compat\24.2.1\jars\classes.jar
java_class_path (initial): D:\Android\SDK\build-tools\24.0.2\lib\dx.jar
Launcher Type: SUN_STANDARD

Environment Variables:
JAVA_HOME=C:\Program Files\Java\jdk1.8.0_101
JRE_HOME=C:\Program Files\Java\jre1.8.0_101
PATH=C:\ProgramData\Oracle\Java\javapath;C:\Program Files (x86)\Intel\iCLS Client\;C:\Program Files\Intel\iCLS Client\;C:\Windows\system32;C:\Windows;C:\Windows\System32\Wbem;C:\Windows\System32\WindowsPowerShell\v1.0\;C:\Program Files (x86)\NVIDIA Corporation\PhysX\Common;C:\Program Files (x86)\Intel\Intel(R) Management Engine Components\DAL;C:\Program Files\Intel\Intel(R) Management Engine Components\DAL;C:\Program Files (x86)\Intel\Intel(R) Management Engine Components\IPT;C:\Program Files\Intel\Intel(R) Management Engine Components\IPT;C:\WINDOWS\system32;C:\WINDOWS;C:\WINDOWS\System32\Wbem;C:\WINDOWS\System32\WindowsPowerShell\v1.0\;D:\Git\cmd;C:\Program Files\Java\jdk1.8.0_101\bin;D:\SQLServer\86\100\Tools\Binn\;D:\SQLServer\100\Tools\Binn\;D:\SQLServer\100\DTS\Binn\;D:\SQLServer\86\100\Tools\Binn\VSShell\Common7\IDE\;C:\Program Files (x86)\Microsoft Visual Studio 9.0\Common7\IDE\PrivateAssemblies\;D:\SQLServer\86\100\DTS\Binn\
USERNAME=TangYuan
OS=Windows_NT
PROCESSOR_IDENTIFIER=Intel64 Family 6 Model 94 Stepping 3, GenuineIntel



---------------  S Y S T E M  ---------------

OS: Windows 10.0 , 64 bit Build 10586 (10.0.10586.0)

CPU:total 8 (4 cores per cpu, 2 threads per core) family 6 model 94 stepping 3, cmov, cx8, fxsr, mmx, sse, sse2, sse3, ssse3, sse4.1, sse4.2, popcnt, avx, avx2, aes, clmul, erms, rtm, 3dnowpref, lzcnt, ht, tsc, tscinvbit, bmi1, bmi2, adx

Memory: 4k page, physical 8281884k(1135140k free), swap 8298268k(5296k free)

vm_info: Java HotSpot(TM) 64-Bit Server VM (25.101-b13) for windows-amd64 JRE (1.8.0_101-b13), built on Jun 22 2016 01:21:29 by "java_re" with MS VC++ 10.0 (VS2010)

time: Wed Oct 12 01:15:43 2016
elapsed time: 6 seconds (0d 0h 0m 6s)

