#
# There is insufficient memory for the Java Runtime Environment to continue.
# Native memory allocation (malloc) failed to allocate 600496 bytes for Chunk::new
# Possible reasons:
#   The system is out of physical RAM or swap space
#   In 32 bit mode, the process size limit was hit
# Possible solutions:
#   Reduce memory load on the system
#   Increase physical memory or swap space
#   Check if swap backing store is full
#   Use 64 bit Java on a 64 bit OS
#   Decrease Java heap size (-Xmx/-Xms)
#   Decrease number of Java threads
#   Decrease Java thread stack sizes (-Xss)
#   Set larger code cache with -XX:ReservedCodeCacheSize=
# This output file may be truncated or incomplete.
#
#  Out of Memory Error (allocation.cpp:390), pid=6452, tid=0x0000000000000334
#
# JRE version: Java(TM) SE Runtime Environment (8.0_101-b13) (build 1.8.0_101-b13)
# Java VM: Java HotSpot(TM) 64-Bit Server VM (25.101-b13 mixed mode windows-amd64 compressed oops)
# Failed to write core dump. Minidumps are not enabled by default on client versions of Windows
#

---------------  T H R E A D  ---------------

Current thread (0x0000000016ffc800):  JavaThread "C2 CompilerThread2" daemon [_thread_in_native, id=820, stack(0x00000000178d0000,0x00000000179d0000)]

Stack: [0x00000000178d0000,0x00000000179d0000]
[error occurred during error reporting (printing stack bounds), id 0xc0000005]

Native frames: (J=compiled Java code, j=interpreted, Vv=VM code, C=native code)


Current CompileTask:
C2:   2267 1386       4       com.android.dx.rop.code.Rops::ropFor (771 bytes)


---------------  P R O C E S S  ---------------

Java Threads: ( => current thread )
  0x000000001729d000 JavaThread "pool-1-thread-4" [_thread_blocked, id=6164, stack(0x00000000180d0000,0x00000000181d0000)]
  0x000000001729a000 JavaThread "pool-1-thread-3" [_thread_in_vm, id=6456, stack(0x0000000017fd0000,0x00000000180d0000)]
  0x0000000017297800 JavaThread "pool-1-thread-2" [_thread_blocked, id=1824, stack(0x0000000017ed0000,0x0000000017fd0000)]
  0x0000000017275000 JavaThread "pool-2-thread-1" [_thread_blocked, id=7264, stack(0x0000000017dd0000,0x0000000017ed0000)]
  0x0000000017274000 JavaThread "pool-1-thread-1" [_thread_blocked, id=5072, stack(0x0000000017cd0000,0x0000000017dd0000)]
  0x0000000017098800 JavaThread "Service Thread" daemon [_thread_blocked, id=3296, stack(0x0000000017ad0000,0x0000000017bd0000)]
  0x000000001701b000 JavaThread "C1 CompilerThread3" daemon [_thread_blocked, id=6212, stack(0x00000000179d0000,0x0000000017ad0000)]
=>0x0000000016ffc800 JavaThread "C2 CompilerThread2" daemon [_thread_in_native, id=820, stack(0x00000000178d0000,0x00000000179d0000)]
  0x0000000016ffa000 JavaThread "C2 CompilerThread1" daemon [_thread_in_native, id=240, stack(0x00000000177d0000,0x00000000178d0000)]
  0x00000000150bc000 JavaThread "C2 CompilerThread0" daemon [_thread_in_native, id=4364, stack(0x00000000176d0000,0x00000000177d0000)]
  0x0000000016fab000 JavaThread "Attach Listener" daemon [_thread_blocked, id=1000, stack(0x00000000175d0000,0x00000000176d0000)]
  0x0000000016ff8800 JavaThread "Signal Dispatcher" daemon [_thread_blocked, id=7896, stack(0x00000000174d0000,0x00000000175d0000)]
  0x000000000258d000 JavaThread "Finalizer" daemon [_thread_blocked, id=2504, stack(0x0000000017370000,0x0000000017470000)]
  0x0000000002586000 JavaThread "Reference Handler" daemon [_thread_blocked, id=8180, stack(0x0000000016e70000,0x0000000016f70000)]
  0x000000000238e000 JavaThread "main" [_thread_blocked, id=5844, stack(0x0000000002390000,0x0000000002490000)]

Other Threads:
  0x00000000150a9800 VMThread [stack: 0x0000000016d70000,0x0000000016e70000] [id=6948]
  0x000000001710b000 WatcherThread [stack: 0x0000000017bd0000,0x0000000017cd0000] [id=8136]

VM state:not at safepoint (normal execution)

VM Mutex/Monitor currently owned by a thread: None

Heap:
 PSYoungGen      total 38400K, used 19542K [0x00000000eab00000, 0x00000000ef600000, 0x0000000100000000)
  eden space 33280K, 43% used [0x00000000eab00000,0x00000000eb916918,0x00000000ecb80000)
  from space 5120K, 99% used [0x00000000ecb80000,0x00000000ed07f2e0,0x00000000ed080000)
  to   space 5120K, 0% used [0x00000000ef100000,0x00000000ef100000,0x00000000ef600000)
 ParOldGen       total 87552K, used 1818K [0x00000000c0000000, 0x00000000c5580000, 0x00000000eab00000)
  object space 87552K, 2% used [0x00000000c0000000,0x00000000c01c6990,0x00000000c5580000)
 Metaspace       used 6015K, capacity 7024K, committed 7296K, reserved 1056768K
  class space    used 594K, capacity 616K, committed 640K, reserved 1048576K

Card table byte_map: [0x0000000011950000,0x0000000011b60000] byte_map_base: 0x0000000011350000

Marking Bits: (ParMarkBitMap*) 0x0000000056c0a6d0
 Begin Bits: [0x00000000124c0000, 0x00000000134c0000)
 End Bits:   [0x00000000134c0000, 0x00000000144c0000)

Polling page: 0x0000000002310000

CodeCache: size=245760Kb used=5980Kb max_used=5997Kb free=239779Kb
 bounds [0x0000000002590000, 0x0000000002b80000, 0x0000000011590000]
 total_blobs=1651 nmethods=1386 adapters=178
 compilation: enabled

Compilation events (10 events):
Event: 2.114 Thread 0x000000001701b000 1389   !   3       com.android.dx.cf.code.Ropper::doit (126 bytes)
Event: 2.115 Thread 0x000000001701b000 nmethod 1389 0x0000000002b54ed0 code [0x0000000002b551c0, 0x0000000002b56618]
Event: 2.127 Thread 0x000000001701b000 1394       3       com.android.dx.dex.cf.AttributeTranslator::getAnnotations0 (62 bytes)
Event: 2.128 Thread 0x000000001701b000 nmethod 1394 0x0000000002b57750 code [0x0000000002b57960, 0x0000000002b58698]
Event: 2.193 Thread 0x00000000150bc000 nmethod 1316 0x0000000002b65b10 code [0x0000000002b65f80, 0x0000000002b69dc0]
Event: 2.193 Thread 0x00000000150bc000 1388       4       com.android.dx.cf.code.RopperMachine::jopToRopOpcode (1103 bytes)
Event: 2.226 Thread 0x00000000150bc000 nmethod 1388 0x0000000002b629d0 code [0x0000000002b63340, 0x0000000002b63c18]
Event: 2.226 Thread 0x00000000150bc000 1392       4       com.android.dx.ssa.MoveParamCombiner$1::visitNonMoveInsn (213 bytes)
Event: 2.228 Thread 0x00000000150bc000 nmethod 1392 0x0000000002b3ea90 code [0x0000000002b3ebe0, 0x0000000002b3ed78]
Event: 2.228 Thread 0x00000000150bc000 1393       4       com.android.dx.ssa.back.FirstFitLocalCombiningAllocator$1::processInsn (169 bytes)

GC Heap History (2 events):
Event: 1.777 GC heap before
{Heap before GC invocations=1 (full 0):
 PSYoungGen      total 38400K, used 33280K [0x00000000eab00000, 0x00000000ed580000, 0x0000000100000000)
  eden space 33280K, 100% used [0x00000000eab00000,0x00000000ecb80000,0x00000000ecb80000)
  from space 5120K, 0% used [0x00000000ed080000,0x00000000ed080000,0x00000000ed580000)
  to   space 5120K, 0% used [0x00000000ecb80000,0x00000000ecb80000,0x00000000ed080000)
 ParOldGen       total 87552K, used 0K [0x00000000c0000000, 0x00000000c5580000, 0x00000000eab00000)
  object space 87552K, 0% used [0x00000000c0000000,0x00000000c0000000,0x00000000c5580000)
 Metaspace       used 5943K, capacity 6960K, committed 7040K, reserved 1056768K
  class space    used 594K, capacity 616K, committed 640K, reserved 1048576K
Event: 1.849 GC heap after
Heap after GC invocations=1 (full 0):
 PSYoungGen      total 38400K, used 5116K [0x00000000eab00000, 0x00000000ef600000, 0x0000000100000000)
  eden space 33280K, 0% used [0x00000000eab00000,0x00000000eab00000,0x00000000ecb80000)
  from space 5120K, 99% used [0x00000000ecb80000,0x00000000ed07f2e0,0x00000000ed080000)
  to   space 5120K, 0% used [0x00000000ef100000,0x00000000ef100000,0x00000000ef600000)
 ParOldGen       total 87552K, used 1818K [0x00000000c0000000, 0x00000000c5580000, 0x00000000eab00000)
  object space 87552K, 2% used [0x00000000c0000000,0x00000000c01c6990,0x00000000c5580000)
 Metaspace       used 5943K, capacity 6960K, committed 7040K, reserved 1056768K
  class space    used 594K, capacity 616K, committed 640K, reserved 1048576K
}

Deoptimization events (10 events):
Event: 1.871 Thread 0x000000001729d000 Uncommon trap: reason=bimorphic action=maybe_recompile pc=0x0000000002a3daa4 method=java.util.HashMap.putVal(ILjava/lang/Object;Ljava/lang/Object;ZZ)Ljava/lang/Object; @ 203
Event: 1.871 Thread 0x000000001729d000 Uncommon trap: reason=bimorphic action=maybe_recompile pc=0x00000000027d57d4 method=java.util.HashMap.getNode(ILjava/lang/Object;)Ljava/util/HashMap$Node; @ 126
Event: 1.871 Thread 0x000000001729d000 Uncommon trap: reason=bimorphic action=maybe_recompile pc=0x0000000002a3daa4 method=java.util.HashMap.putVal(ILjava/lang/Object;Ljava/lang/Object;ZZ)Ljava/lang/Object; @ 203
Event: 1.871 Thread 0x000000001729d000 Uncommon trap: reason=bimorphic action=maybe_recompile pc=0x00000000027d57d4 method=java.util.HashMap.getNode(ILjava/lang/Object;)Ljava/util/HashMap$Node; @ 126
Event: 1.872 Thread 0x000000001729d000 Uncommon trap: reason=bimorphic action=maybe_recompile pc=0x0000000002a3daa4 method=java.util.HashMap.putVal(ILjava/lang/Object;Ljava/lang/Object;ZZ)Ljava/lang/Object; @ 203
Event: 1.875 Thread 0x000000001729d000 Uncommon trap: reason=unstable_if action=reinterpret pc=0x00000000028e5aec method=com.android.dx.rop.code.RegisterSpecSet.put(Lcom/android/dx/rop/code/RegisterSpec;)V @ 77
Event: 1.875 Thread 0x000000001729d000 Uncommon trap: reason=unstable_if action=reinterpret pc=0x0000000002938d2c method=com.android.dx.rop.code.RegisterSpecSet.put(Lcom/android/dx/rop/code/RegisterSpec;)V @ 77
Event: 1.876 Thread 0x000000001729d000 Uncommon trap: reason=uninitialized action=reinterpret pc=0x0000000002ab2484 method=com.android.dx.cf.code.BytecodeArray.parseInstruction(ILcom/android/dx/cf/code/BytecodeArray$Visitor;)I @ 999
Event: 1.969 Thread 0x000000001729a000 Uncommon trap: reason=unstable_if action=reinterpret pc=0x000000000286287c method=com.android.dx.rop.code.RegisterSpec.equals(ILcom/android/dx/rop/type/TypeBearer;Lcom/android/dx/rop/code/LocalItem;)Z @ 42
Event: 2.004 Thread 0x000000001729a000 Uncommon trap: reason=bimorphic action=maybe_recompile pc=0x00000000027d22e4 method=java.util.HashMap.getNode(ILjava/lang/Object;)Ljava/util/HashMap$Node; @ 126

Internal exceptions (2 events):
Event: 0.036 Thread 0x000000000238e000 Exception <a 'java/lang/NoSuchMethodError': Method sun.misc.Unsafe.defineClass(Ljava/lang/String;[BII)Ljava/lang/Class; name or signature does not match> (0x00000000eab07cc0) thrown at [C:\re\workspace\8-2-build-windows-amd64-cygwin\jdk8u101\7261\hotspot\s|ƒªÃHt¢?
Event: 0.036 Thread 0x000000000238e000 Exception <a 'java/lang/NoSuchMethodError': Method sun.misc.Unsafe.prefetchRead(Ljava/lang/Object;J)V name or signature does not match> (0x00000000eab07fa8) thrown at [C:\re\workspace\8-2-build-windows-amd64-cygwin\jdk8u101\7261\hotspot\src\share\vm\prims\

Events (10 events):
Event: 1.875 Thread 0x000000001729d000 DEOPT UNPACKING pc=0x00000000025d582a sp=0x00000000181cebe0 mode 2
Event: 1.876 Thread 0x000000001729d000 Uncommon trap: trap_request=0xffffffb5 fr.pc=0x0000000002ab2484
Event: 1.876 Thread 0x000000001729d000 DEOPT PACKING pc=0x0000000002ab2484 sp=0x00000000181cedd0
Event: 1.876 Thread 0x000000001729d000 DEOPT UNPACKING pc=0x00000000025d582a sp=0x00000000181ced50 mode 2
Event: 1.969 Thread 0x000000001729a000 Uncommon trap: trap_request=0xffffff65 fr.pc=0x000000000286287c
Event: 1.969 Thread 0x000000001729a000 DEOPT PACKING pc=0x000000000286287c sp=0x00000000180ceba0
Event: 1.969 Thread 0x000000001729a000 DEOPT UNPACKING pc=0x00000000025d582a sp=0x00000000180ceb28 mode 2
Event: 2.004 Thread 0x000000001729a000 Uncommon trap: trap_request=0xffffffc6 fr.pc=0x00000000027d22e4
Event: 2.004 Thread 0x000000001729a000 DEOPT PACKING pc=0x00000000027d22e4 sp=0x00000000180ceb70
Event: 2.004 Thread 0x000000001729a000 DEOPT UNPACKING pc=0x00000000025d582a sp=0x00000000180ceaf0 mode 2


Dynamic libraries:
0x00007ff7c11d0000 - 0x00007ff7c1207000 	C:\Program Files\Java\jdk1.8.0_101\bin\java.exe
0x00007ffa00cd0000 - 0x00007ffa00e91000 	C:\WINDOWS\SYSTEM32\ntdll.dll
0x00007ffa00c20000 - 0x00007ffa00ccd000 	C:\WINDOWS\system32\KERNEL32.DLL
0x00007ff9fd380000 - 0x00007ff9fd568000 	C:\WINDOWS\system32\KERNELBASE.dll
0x00007ff9fe9c0000 - 0x00007ff9fea67000 	C:\WINDOWS\system32\ADVAPI32.dll
0x00007ff9fe150000 - 0x00007ff9fe1ed000 	C:\WINDOWS\system32\msvcrt.dll
0x00007ffa006d0000 - 0x00007ffa0072b000 	C:\WINDOWS\system32\sechost.dll
0x00007ff9fe1f0000 - 0x00007ff9fe30c000 	C:\WINDOWS\system32\RPCRT4.dll
0x00007ffa00880000 - 0x00007ffa009d6000 	C:\WINDOWS\system32\USER32.dll
0x00007ff9feae0000 - 0x00007ff9fec66000 	C:\WINDOWS\system32\GDI32.dll
0x00007ff9f70b0000 - 0x00007ff9f7324000 	C:\WINDOWS\WinSxS\amd64_microsoft.windows.common-controls_6595b64144ccf1df_6.0.10586.0_none_8c15ae12515e1c22\COMCTL32.dll
0x00007ff9fe740000 - 0x00007ff9fe9bd000 	C:\WINDOWS\system32\combase.dll
0x00007ff9fde00000 - 0x00007ff9fde6a000 	C:\WINDOWS\system32\bcryptPrimitives.dll
0x00007ffa00b80000 - 0x00007ffa00bbb000 	C:\WINDOWS\system32\IMM32.DLL
0x0000000055d70000 - 0x0000000055e42000 	C:\Program Files\Java\jdk1.8.0_101\jre\bin\msvcr100.dll
0x00000000563f0000 - 0x0000000056c8a000 	C:\Program Files\Java\jdk1.8.0_101\jre\bin\server\jvm.dll
0x00007ffa00a40000 - 0x00007ffa00a48000 	C:\WINDOWS\system32\PSAPI.DLL
0x00007ff9fa150000 - 0x00007ff9fa159000 	C:\WINDOWS\SYSTEM32\WSOCK32.dll
0x00007ff9fe0e0000 - 0x00007ff9fe14b000 	C:\WINDOWS\system32\WS2_32.dll
0x00007ff9fb210000 - 0x00007ff9fb233000 	C:\WINDOWS\SYSTEM32\WINMM.dll
0x00007ff9f7330000 - 0x00007ff9f733a000 	C:\WINDOWS\SYSTEM32\VERSION.dll
0x00007ff9fb1e0000 - 0x00007ff9fb20c000 	C:\WINDOWS\SYSTEM32\WINMMBASE.dll
0x00007ff9fdc40000 - 0x00007ff9fdc83000 	C:\WINDOWS\system32\cfgmgr32.dll
0x0000000056300000 - 0x000000005630f000 	C:\Program Files\Java\jdk1.8.0_101\jre\bin\verify.dll
0x00000000562d0000 - 0x00000000562f9000 	C:\Program Files\Java\jdk1.8.0_101\jre\bin\java.dll
0x00000000562b0000 - 0x00000000562c6000 	C:\Program Files\Java\jdk1.8.0_101\jre\bin\zip.dll
0x00007ff9fec70000 - 0x00007ffa001cc000 	C:\WINDOWS\system32\SHELL32.dll
0x00007ff9fd590000 - 0x00007ff9fdbd5000 	C:\WINDOWS\system32\windows.storage.dll
0x00007ffa002a0000 - 0x00007ffa002f2000 	C:\WINDOWS\system32\shlwapi.dll
0x00007ff9fd370000 - 0x00007ff9fd37f000 	C:\WINDOWS\system32\kernel.appcore.dll
0x00007ff9fdd40000 - 0x00007ff9fddf5000 	C:\WINDOWS\system32\shcore.dll
0x00007ff9fd310000 - 0x00007ff9fd35b000 	C:\WINDOWS\system32\powrprof.dll
0x00007ff9fd2f0000 - 0x00007ff9fd304000 	C:\WINDOWS\system32\profapi.dll

VM Arguments:
jvm_args: -Djava.awt.headless=true -Xmx1024M -Dfile.encoding=GBK -Duser.country=CN -Duser.language=zh -Duser.variant 
java_command: com.android.dx.command.Main --dex --num-threads=4 --output D:\Android\Code\AndroidCode\Screen\app\build\intermediates\pre-dexed\debug\com.android.support-support-core-ui-24.2.1_277494bf1eceeb98a8b129ecc62c38a95a26b62d.jar D:\Android\Code\AndroidCode\Screen\app\build\intermediates\exploded-aar\com.android.support\support-core-ui\24.2.1\jars\classes.jar
java_class_path (initial): D:\Android\SDK\build-tools\24.0.2\lib\dx.jar
Launcher Type: SUN_STANDARD

Environment Variables:
JAVA_HOME=C:\Program Files\Java\jdk1.8.0_101
JRE_HOME=C:\Program Files\Java\jre1.8.0_101
PATH=C:\ProgramData\Oracle\Java\javapath;C:\Program Files (x86)\Intel\iCLS Client\;C:\Program Files\Intel\iCLS Client\;C:\Windows\system32;C:\Windows;C:\Windows\System32\Wbem;C:\Windows\System32\WindowsPowerShell\v1.0\;C:\Program Files (x86)\NVIDIA Corporation\PhysX\Common;C:\Program Files (x86)\Intel\Intel(R) Management Engine Components\DAL;C:\Program Files\Intel\Intel(R) Management Engine Components\DAL;C:\Program Files (x86)\Intel\Intel(R) Management Engine Components\IPT;C:\Program Files\Intel\Intel(R) Management Engine Components\IPT;C:\WINDOWS\system32;C:\WINDOWS;C:\WINDOWS\System32\Wbem;C:\WINDOWS\System32\WindowsPowerShell\v1.0\;D:\Git\cmd;C:\Program Files\Java\jdk1.8.0_101\bin;D:\SQLServer\86\100\Tools\Binn\;D:\SQLServer\100\Tools\Binn\;D:\SQLServer\100\DTS\Binn\;D:\SQLServer\86\100\Tools\Binn\VSShell\Common7\IDE\;C:\Program Files (x86)\Microsoft Visual Studio 9.0\Common7\IDE\PrivateAssemblies\;D:\SQLServer\86\100\DTS\Binn\
USERNAME=TangYuan
OS=Windows_NT
PROCESSOR_IDENTIFIER=Intel64 Family 6 Model 94 Stepping 3, GenuineIntel



---------------  S Y S T E M  ---------------

OS: Windows 10.0 , 64 bit Build 10586 (10.0.10586.0)

CPU:total 8 (4 cores per cpu, 2 threads per core) family 6 model 94 stepping 3, cmov, cx8, fxsr, mmx, sse, sse2, sse3, ssse3, sse4.1, sse4.2, popcnt, avx, avx2, aes, clmul, erms, rtm, 3dnowpref, lzcnt, ht, tsc, tscinvbit, bmi1, bmi2, adx

Memory: 4k page, physical 8281884k(1087536k free), swap 8298268k(5656k free)

vm_info: Java HotSpot(TM) 64-Bit Server VM (25.101-b13) for windows-amd64 JRE (1.8.0_101-b13), built on Jun 22 2016 01:21:29 by "java_re" with MS VC++ 10.0 (VS2010)

time: Wed Oct 12 01:15:34 2016
elapsed time: 2 seconds (0d 0h 0m 2s)

