#
# There is insufficient memory for the Java Runtime Environment to continue.
# Native memory allocation (malloc) failed to allocate 202256 bytes for Chunk::new
# Possible reasons:
#   The system is out of physical RAM or swap space
#   In 32 bit mode, the process size limit was hit
# Possible solutions:
#   Reduce memory load on the system
#   Increase physical memory or swap space
#   Check if swap backing store is full
#   Use 64 bit Java on a 64 bit OS
#   Decrease Java heap size (-Xmx/-Xms)
#   Decrease number of Java threads
#   Decrease Java thread stack sizes (-Xss)
#   Set larger code cache with -XX:ReservedCodeCacheSize=
# This output file may be truncated or incomplete.
#
#  Out of Memory Error (allocation.cpp:390), pid=4808, tid=0x0000000000000604
#
# JRE version: Java(TM) SE Runtime Environment (8.0_101-b13) (build 1.8.0_101-b13)
# Java VM: Java HotSpot(TM) 64-Bit Server VM (25.101-b13 mixed mode windows-amd64 compressed oops)
# Failed to write core dump. Minidumps are not enabled by default on client versions of Windows
#

---------------  T H R E A D  ---------------

Current thread (0x0000000017009000):  JavaThread "C2 CompilerThread1" daemon [_thread_in_native, id=1540, stack(0x00000000177f0000,0x00000000178f0000)]

Stack: [0x00000000177f0000,0x00000000178f0000]
[error occurred during error reporting (printing stack bounds), id 0xc0000005]

Native frames: (J=compiled Java code, j=interpreted, Vv=VM code, C=native code)


Current CompileTask:
C2:   3431 1940       4       com.android.dx.dex.code.OutputFinisher::addConstants (93 bytes)


---------------  P R O C E S S  ---------------

Java Threads: ( => current thread )
  0x000000001701e800 JavaThread "Service Thread" daemon [_thread_blocked, id=7848, stack(0x0000000017af0000,0x0000000017bf0000)]
  0x0000000017011800 JavaThread "C1 CompilerThread3" daemon [_thread_blocked, id=1472, stack(0x00000000179f0000,0x0000000017af0000)]
  0x000000001700b800 JavaThread "C2 CompilerThread2" daemon [_thread_in_native, id=3036, stack(0x00000000178f0000,0x00000000179f0000)]
=>0x0000000017009000 JavaThread "C2 CompilerThread1" daemon [_thread_in_native, id=1540, stack(0x00000000177f0000,0x00000000178f0000)]
  0x00000000150cb000 JavaThread "C2 CompilerThread0" daemon [_thread_in_native, id=2860, stack(0x00000000176f0000,0x00000000177f0000)]
  0x00000000150c9000 JavaThread "Attach Listener" daemon [_thread_blocked, id=7476, stack(0x00000000175f0000,0x00000000176f0000)]
  0x0000000016fbb800 JavaThread "Signal Dispatcher" daemon [_thread_blocked, id=1344, stack(0x00000000174f0000,0x00000000175f0000)]
  0x000000000259d800 JavaThread "Finalizer" daemon [_thread_blocked, id=2372, stack(0x0000000017380000,0x0000000017480000)]
  0x0000000002596000 JavaThread "Reference Handler" daemon [_thread_blocked, id=7232, stack(0x0000000016e80000,0x0000000016f80000)]
  0x000000000089e000 JavaThread "main" [_thread_in_Java, id=8096, stack(0x0000000002010000,0x0000000002110000)]

Other Threads:
  0x00000000150b9800 VMThread [stack: 0x0000000016d80000,0x0000000016e80000] [id=8104]
  0x0000000017022800 WatcherThread [stack: 0x0000000017bf0000,0x0000000017cf0000] [id=6284]

VM state:not at safepoint (normal execution)

VM Mutex/Monitor currently owned by a thread: None

Heap:
 PSYoungGen      total 138240K, used 34545K [0x00000000eab00000, 0x00000000f3700000, 0x0000000100000000)
  eden space 133120K, 22% used [0x00000000eab00000,0x00000000ec7bfd28,0x00000000f2d00000)
  from space 5120K, 99% used [0x00000000f3200000,0x00000000f36fc9b0,0x00000000f3700000)
  to   space 5120K, 0% used [0x00000000f2d00000,0x00000000f2d00000,0x00000000f3200000)
 ParOldGen       total 87552K, used 24117K [0x00000000c0000000, 0x00000000c5580000, 0x00000000eab00000)
  object space 87552K, 27% used [0x00000000c0000000,0x00000000c178d428,0x00000000c5580000)
 Metaspace       used 6589K, capacity 7416K, committed 7680K, reserved 1056768K
  class space    used 633K, capacity 688K, committed 768K, reserved 1048576K

Card table byte_map: [0x0000000011960000,0x0000000011b70000] byte_map_base: 0x0000000011360000

Marking Bits: (ParMarkBitMap*) 0x0000000056c0a6d0
 Begin Bits: [0x00000000124d0000, 0x00000000134d0000)
 End Bits:   [0x00000000134d0000, 0x00000000144d0000)

Polling page: 0x0000000000450000

CodeCache: size=245760Kb used=8795Kb max_used=8808Kb free=236964Kb
 bounds [0x00000000025a0000, 0x0000000002e50000, 0x00000000115a0000]
 total_blobs=2406 nmethods=2141 adapters=178
 compilation: enabled

Compilation events (10 events):
Event: 3.384 Thread 0x00000000150cb000 nmethod 2216 0x0000000002e3d9d0 code [0x0000000002e3dba0, 0x0000000002e3e4a0]
Event: 3.384 Thread 0x00000000150cb000 2213 %     4       com.android.dx.dex.code.OutputFinisher::assignAddresses @ 12 (51 bytes)
Event: 3.386 Thread 0x00000000150cb000 nmethod 2213% 0x0000000002e36890 code [0x0000000002e369e0, 0x0000000002e36c58]
Event: 3.386 Thread 0x00000000150cb000 2214 % !   4       com.android.dx.dex.code.OutputFinisher::fixBranches @ 12 (234 bytes)
Event: 3.391 Thread 0x00000000150cb000 nmethod 2214% 0x0000000002e37cd0 code [0x0000000002e37e60, 0x0000000002e38298]
Event: 3.391 Thread 0x00000000150cb000 2223 %     4       com.android.dx.dex.code.OutputFinisher::makeOpcodesArray @ 15 (45 bytes)
Event: 3.398 Thread 0x00000000150cb000 nmethod 2223% 0x0000000002e36090 code [0x0000000002e361e0, 0x0000000002e365d8]
Event: 3.398 Thread 0x00000000150cb000 2212 %     4       com.android.dx.dex.code.PositionList::make @ 73 (224 bytes)
Event: 3.418 Thread 0x00000000150cb000 nmethod 2212% 0x0000000002e3f4d0 code [0x0000000002e3f680, 0x0000000002e402f8]
Event: 3.418 Thread 0x00000000150cb000 2218       4       com.android.dx.rop.code.RegisterSpecSet::findMatchingLocal (49 bytes)

GC Heap History (8 events):
Event: 0.713 GC heap before
{Heap before GC invocations=1 (full 0):
 PSYoungGen      total 38400K, used 33280K [0x00000000eab00000, 0x00000000ed580000, 0x0000000100000000)
  eden space 33280K, 100% used [0x00000000eab00000,0x00000000ecb80000,0x00000000ecb80000)
  from space 5120K, 0% used [0x00000000ed080000,0x00000000ed080000,0x00000000ed580000)
  to   space 5120K, 0% used [0x00000000ecb80000,0x00000000ecb80000,0x00000000ed080000)
 ParOldGen       total 87552K, used 0K [0x00000000c0000000, 0x00000000c5580000, 0x00000000eab00000)
  object space 87552K, 0% used [0x00000000c0000000,0x00000000c0000000,0x00000000c5580000)
 Metaspace       used 5848K, capacity 6896K, committed 7040K, reserved 1056768K
  class space    used 591K, capacity 616K, committed 640K, reserved 1048576K
Event: 0.749 GC heap after
Heap after GC invocations=1 (full 0):
 PSYoungGen      total 38400K, used 5090K [0x00000000eab00000, 0x00000000ef600000, 0x0000000100000000)
  eden space 33280K, 0% used [0x00000000eab00000,0x00000000eab00000,0x00000000ecb80000)
  from space 5120K, 99% used [0x00000000ecb80000,0x00000000ed078ae8,0x00000000ed080000)
  to   space 5120K, 0% used [0x00000000ef100000,0x00000000ef100000,0x00000000ef600000)
 ParOldGen       total 87552K, used 1424K [0x00000000c0000000, 0x00000000c5580000, 0x00000000eab00000)
  object space 87552K, 1% used [0x00000000c0000000,0x00000000c0164368,0x00000000c5580000)
 Metaspace       used 5848K, capacity 6896K, committed 7040K, reserved 1056768K
  class space    used 591K, capacity 616K, committed 640K, reserved 1048576K
}
Event: 1.371 GC heap before
{Heap before GC invocations=2 (full 0):
 PSYoungGen      total 38400K, used 38370K [0x00000000eab00000, 0x00000000ef600000, 0x0000000100000000)
  eden space 33280K, 100% used [0x00000000eab00000,0x00000000ecb80000,0x00000000ecb80000)
  from space 5120K, 99% used [0x00000000ecb80000,0x00000000ed078ae8,0x00000000ed080000)
  to   space 5120K, 0% used [0x00000000ef100000,0x00000000ef100000,0x00000000ef600000)
 ParOldGen       total 87552K, used 1424K [0x00000000c0000000, 0x00000000c5580000, 0x00000000eab00000)
  object space 87552K, 1% used [0x00000000c0000000,0x00000000c0164368,0x00000000c5580000)
 Metaspace       used 6116K, capacity 7064K, committed 7424K, reserved 1056768K
  class space    used 614K, capacity 656K, committed 768K, reserved 1048576K
Event: 1.384 GC heap after
Heap after GC invocations=2 (full 0):
 PSYoungGen      total 71680K, used 5112K [0x00000000eab00000, 0x00000000ef600000, 0x0000000100000000)
  eden space 66560K, 0% used [0x00000000eab00000,0x00000000eab00000,0x00000000eec00000)
  from space 5120K, 99% used [0x00000000ef100000,0x00000000ef5fe0a0,0x00000000ef600000)
  to   space 5120K, 0% used [0x00000000eec00000,0x00000000eec00000,0x00000000ef100000)
 ParOldGen       total 87552K, used 5418K [0x00000000c0000000, 0x00000000c5580000, 0x00000000eab00000)
  object space 87552K, 6% used [0x00000000c0000000,0x00000000c054aa20,0x00000000c5580000)
 Metaspace       used 6116K, capacity 7064K, committed 7424K, reserved 1056768K
  class space    used 614K, capacity 656K, committed 768K, reserved 1048576K
}
Event: 1.816 GC heap before
{Heap before GC invocations=3 (full 0):
 PSYoungGen      total 71680K, used 71672K [0x00000000eab00000, 0x00000000ef600000, 0x0000000100000000)
  eden space 66560K, 100% used [0x00000000eab00000,0x00000000eec00000,0x00000000eec00000)
  from space 5120K, 99% used [0x00000000ef100000,0x00000000ef5fe0a0,0x00000000ef600000)
  to   space 5120K, 0% used [0x00000000eec00000,0x00000000eec00000,0x00000000ef100000)
 ParOldGen       total 87552K, used 5418K [0x00000000c0000000, 0x00000000c5580000, 0x00000000eab00000)
  object space 87552K, 6% used [0x00000000c0000000,0x00000000c054aa20,0x00000000c5580000)
 Metaspace       used 6234K, capacity 7128K, committed 7424K, reserved 1056768K
  class space    used 615K, capacity 656K, committed 768K, reserved 1048576K
Event: 1.840 GC heap after
Heap after GC invocations=3 (full 0):
 PSYoungGen      total 71680K, used 5100K [0x00000000eab00000, 0x00000000f3700000, 0x0000000100000000)
  eden space 66560K, 0% used [0x00000000eab00000,0x00000000eab00000,0x00000000eec00000)
  from space 5120K, 99% used [0x00000000eec00000,0x00000000ef0fb208,0x00000000ef100000)
  to   space 5120K, 0% used [0x00000000f3200000,0x00000000f3200000,0x00000000f3700000)
 ParOldGen       total 87552K, used 14927K [0x00000000c0000000, 0x00000000c5580000, 0x00000000eab00000)
  object space 87552K, 17% used [0x00000000c0000000,0x00000000c0e93fd0,0x00000000c5580000)
 Metaspace       used 6234K, capacity 7128K, committed 7424K, reserved 1056768K
  class space    used 615K, capacity 656K, committed 768K, reserved 1048576K
}
Event: 2.204 GC heap before
{Heap before GC invocations=4 (full 0):
 PSYoungGen      total 71680K, used 71660K [0x00000000eab00000, 0x00000000f3700000, 0x0000000100000000)
  eden space 66560K, 100% used [0x00000000eab00000,0x00000000eec00000,0x00000000eec00000)
  from space 5120K, 99% used [0x00000000eec00000,0x00000000ef0fb208,0x00000000ef100000)
  to   space 5120K, 0% used [0x00000000f3200000,0x00000000f3200000,0x00000000f3700000)
 ParOldGen       total 87552K, used 14927K [0x00000000c0000000, 0x00000000c5580000, 0x00000000eab00000)
  object space 87552K, 17% used [0x00000000c0000000,0x00000000c0e93fd0,0x00000000c5580000)
 Metaspace       used 6265K, capacity 7192K, committed 7424K, reserved 1056768K
  class space    used 615K, capacity 656K, committed 768K, reserved 1048576K
Event: 2.274 GC heap after
Heap after GC invocations=4 (full 0):
 PSYoungGen      total 138240K, used 5106K [0x00000000eab00000, 0x00000000f3700000, 0x0000000100000000)
  eden space 133120K, 0% used [0x00000000eab00000,0x00000000eab00000,0x00000000f2d00000)
  from space 5120K, 99% used [0x00000000f3200000,0x00000000f36fc9b0,0x00000000f3700000)
  to   space 5120K, 0% used [0x00000000f2d00000,0x00000000f2d00000,0x00000000f3200000)
 ParOldGen       total 87552K, used 24117K [0x00000000c0000000, 0x00000000c5580000, 0x00000000eab00000)
  object space 87552K, 27% used [0x00000000c0000000,0x00000000c178d428,0x00000000c5580000)
 Metaspace       used 6265K, capacity 7192K, committed 7424K, reserved 1056768K
  class space    used 615K, capacity 656K, committed 768K, reserved 1048576K
}

Deoptimization events (10 events):
Event: 2.723 Thread 0x000000000089e000 Uncommon trap: reason=class_check action=maybe_recompile pc=0x0000000002b3bdd8 method=java.util.Arrays.hashCode([Ljava/lang/Object;)I @ 43
Event: 2.724 Thread 0x000000000089e000 Uncommon trap: reason=class_check action=maybe_recompile pc=0x0000000002a455b8 method=java.util.Arrays.hashCode([Ljava/lang/Object;)I @ 43
Event: 2.733 Thread 0x000000000089e000 Uncommon trap: reason=unstable_if action=reinterpret pc=0x0000000002ac3ed0 method=java.util.HashMap.putVal(ILjava/lang/Object;Ljava/lang/Object;ZZ)Ljava/lang/Object; @ 94
Event: 3.151 Thread 0x000000000089e000 Uncommon trap: reason=speculate_class_check action=maybe_recompile pc=0x00000000028e1a20 method=com.android.dx.util.FixedSizeList.equals(Ljava/lang/Object;)Z @ 25
Event: 3.151 Thread 0x000000000089e000 Uncommon trap: reason=unstable_if action=reinterpret pc=0x00000000028e75d8 method=java.util.Arrays.equals([Ljava/lang/Object;[Ljava/lang/Object;)Z @ 23
Event: 3.151 Thread 0x000000000089e000 Uncommon trap: reason=speculate_class_check action=maybe_recompile pc=0x00000000028e1a20 method=com.android.dx.util.FixedSizeList.equals(Ljava/lang/Object;)Z @ 25
Event: 3.151 Thread 0x000000000089e000 Uncommon trap: reason=speculate_class_check action=maybe_recompile pc=0x00000000028e1a20 method=com.android.dx.util.FixedSizeList.equals(Ljava/lang/Object;)Z @ 25
Event: 3.151 Thread 0x000000000089e000 Uncommon trap: reason=speculate_class_check action=maybe_recompile pc=0x00000000028e1a20 method=com.android.dx.util.FixedSizeList.equals(Ljava/lang/Object;)Z @ 25
Event: 3.151 Thread 0x000000000089e000 Uncommon trap: reason=unstable_if action=reinterpret pc=0x0000000002d58ef0 method=java.util.TreeMap.put(Ljava/lang/Object;Ljava/lang/Object;)Ljava/lang/Object; @ 163
Event: 3.155 Thread 0x000000000089e000 Uncommon trap: reason=unstable_if action=reinterpret pc=0x0000000002dc3488 method=com.android.dx.rop.code.RegisterSpec.matchesVariable(Lcom/android/dx/rop/code/RegisterSpec;)Z @ 59

Internal exceptions (6 events):
Event: 0.040 Thread 0x000000000089e000 Exception <a 'java/lang/NoSuchMethodError': Method sun.misc.Unsafe.defineClass(Ljava/lang/String;[BII)Ljava/lang/Class; name or signature does not match> (0x00000000eab07cc0) thrown at [C:\re\workspace\8-2-build-windows-amd64-cygwin\jdk8u101\7261\hotspot\s2¯Zg¤?
Event: 0.040 Thread 0x000000000089e000 Exception <a 'java/lang/NoSuchMethodError': Method sun.misc.Unsafe.prefetchRead(Ljava/lang/Object;J)V name or signature does not match> (0x00000000eab07fa8) thrown at [C:\re\workspace\8-2-build-windows-amd64-cygwin\jdk8u101\7261\hotspot\src\share\vm\prims\³6Ú°Zæ?
Event: 0.690 Thread 0x0000000017292800 Implicit null exception at 0x000000000283ebc8 to 0x0000000002840429
Event: 1.315 Thread 0x0000000017356000 Exception <a 'java/lang/ArrayIndexOutOfBoundsException': 18> (0x00000000ec6ec740) thrown at [C:\re\workspace\8-2-build-windows-amd64-cygwin\jdk8u101\7261\hotspot\src\share\vm\interpreter\interpreterRuntime.cpp, line 366]
Event: 1.315 Thread 0x0000000017356000 Exception <a 'java/lang/ArrayIndexOutOfBoundsException': 145> (0x00000000ec6ee2c0) thrown at [C:\re\workspace\8-2-build-windows-amd64-cygwin\jdk8u101\7261\hotspot\src\share\vm\interpreter\interpreterRuntime.cpp, line 366]
Event: 1.316 Thread 0x0000000017356000 Exception <a 'java/lang/ArrayIndexOutOfBoundsException'> (0x00000000ec6ef5a8) thrown at [C:\re\workspace\8-2-build-windows-amd64-cygwin\jdk8u101\7261\hotspot\src\share\vm\runtime\sharedRuntime.cpp, line 605]

Events (10 events):
Event: 3.349 Thread 0x000000000089e000 DEOPT PACKING pc=0x0000000002dc90fb sp=0x000000000210eff0
Event: 3.349 Thread 0x000000000089e000 DEOPT UNPACKING pc=0x00000000025e787f sp=0x000000000210ed40 mode 0
Event: 3.360 Thread 0x000000000089e000 DEOPT PACKING pc=0x0000000002dc90fb sp=0x000000000210eff0
Event: 3.360 Thread 0x000000000089e000 DEOPT UNPACKING pc=0x00000000025e787f sp=0x000000000210ed40 mode 0
Event: 3.365 Thread 0x000000000089e000 DEOPT PACKING pc=0x0000000002dc90fb sp=0x000000000210eff0
Event: 3.365 Thread 0x000000000089e000 DEOPT UNPACKING pc=0x00000000025e787f sp=0x000000000210ed40 mode 0
Event: 3.369 Thread 0x000000000089e000 DEOPT PACKING pc=0x0000000002dc90fb sp=0x000000000210eff0
Event: 3.369 Thread 0x000000000089e000 DEOPT UNPACKING pc=0x00000000025e787f sp=0x000000000210ed40 mode 0
Event: 3.380 Thread 0x000000000089e000 DEOPT PACKING pc=0x0000000002dc119e sp=0x000000000210edb0
Event: 3.380 Thread 0x000000000089e000 DEOPT UNPACKING pc=0x00000000025e787f sp=0x000000000210eb08 mode 0


Dynamic libraries:
0x00007ff7c11d0000 - 0x00007ff7c1207000 	C:\Program Files\Java\jdk1.8.0_101\bin\java.exe
0x00007ffa00cd0000 - 0x00007ffa00e91000 	C:\WINDOWS\SYSTEM32\ntdll.dll
0x00007ffa00c20000 - 0x00007ffa00ccd000 	C:\WINDOWS\system32\KERNEL32.DLL
0x00007ff9fd380000 - 0x00007ff9fd568000 	C:\WINDOWS\system32\KERNELBASE.dll
0x00007ff9fe9c0000 - 0x00007ff9fea67000 	C:\WINDOWS\system32\ADVAPI32.dll
0x00007ff9fe150000 - 0x00007ff9fe1ed000 	C:\WINDOWS\system32\msvcrt.dll
0x00007ffa006d0000 - 0x00007ffa0072b000 	C:\WINDOWS\system32\sechost.dll
0x00007ff9fe1f0000 - 0x00007ff9fe30c000 	C:\WINDOWS\system32\RPCRT4.dll
0x00007ffa00880000 - 0x00007ffa009d6000 	C:\WINDOWS\system32\USER32.dll
0x00007ff9feae0000 - 0x00007ff9fec66000 	C:\WINDOWS\system32\GDI32.dll
0x00007ff9f70b0000 - 0x00007ff9f7324000 	C:\WINDOWS\WinSxS\amd64_microsoft.windows.common-controls_6595b64144ccf1df_6.0.10586.0_none_8c15ae12515e1c22\COMCTL32.dll
0x00007ff9fe740000 - 0x00007ff9fe9bd000 	C:\WINDOWS\system32\combase.dll
0x00007ff9fde00000 - 0x00007ff9fde6a000 	C:\WINDOWS\system32\bcryptPrimitives.dll
0x00007ffa00b80000 - 0x00007ffa00bbb000 	C:\WINDOWS\system32\IMM32.DLL
0x0000000055d70000 - 0x0000000055e42000 	C:\Program Files\Java\jdk1.8.0_101\jre\bin\msvcr100.dll
0x00000000563f0000 - 0x0000000056c8a000 	C:\Program Files\Java\jdk1.8.0_101\jre\bin\server\jvm.dll
0x00007ffa00a40000 - 0x00007ffa00a48000 	C:\WINDOWS\system32\PSAPI.DLL
0x00007ff9fa150000 - 0x00007ff9fa159000 	C:\WINDOWS\SYSTEM32\WSOCK32.dll
0x00007ff9fe0e0000 - 0x00007ff9fe14b000 	C:\WINDOWS\system32\WS2_32.dll
0x00007ff9fb210000 - 0x00007ff9fb233000 	C:\WINDOWS\SYSTEM32\WINMM.dll
0x00007ff9f7330000 - 0x00007ff9f733a000 	C:\WINDOWS\SYSTEM32\VERSION.dll
0x0000000000860000 - 0x000000000088c000 	C:\WINDOWS\SYSTEM32\WINMMBASE.dll
0x00007ff9fdc40000 - 0x00007ff9fdc83000 	C:\WINDOWS\system32\cfgmgr32.dll
0x0000000056300000 - 0x000000005630f000 	C:\Program Files\Java\jdk1.8.0_101\jre\bin\verify.dll
0x00000000562d0000 - 0x00000000562f9000 	C:\Program Files\Java\jdk1.8.0_101\jre\bin\java.dll
0x00000000562b0000 - 0x00000000562c6000 	C:\Program Files\Java\jdk1.8.0_101\jre\bin\zip.dll
0x00007ff9fec70000 - 0x00007ffa001cc000 	C:\WINDOWS\system32\SHELL32.dll
0x00007ff9fd590000 - 0x00007ff9fdbd5000 	C:\WINDOWS\system32\windows.storage.dll
0x00007ffa002a0000 - 0x00007ffa002f2000 	C:\WINDOWS\system32\shlwapi.dll
0x00007ff9fd370000 - 0x00007ff9fd37f000 	C:\WINDOWS\system32\kernel.appcore.dll
0x00007ff9fdd40000 - 0x00007ff9fddf5000 	C:\WINDOWS\system32\shcore.dll
0x00007ff9fd310000 - 0x00007ff9fd35b000 	C:\WINDOWS\system32\powrprof.dll
0x00007ff9fd2f0000 - 0x00007ff9fd304000 	C:\WINDOWS\system32\profapi.dll

VM Arguments:
jvm_args: -Djava.awt.headless=true -Xmx1024M -Dfile.encoding=GBK -Duser.country=CN -Duser.language=zh -Duser.variant 
java_command: com.android.dx.command.Main --dex --num-threads=4 --output D:\Android\Code\AndroidCode\Screen\app\build\intermediates\pre-dexed\debug\com.android.support-recyclerview-v7-24.2.1_1842d65761502732b9bc0158316001bf13a083ea.jar D:\Android\Code\AndroidCode\Screen\app\build\intermediates\exploded-aar\com.android.support\recyclerview-v7\24.2.1\jars\classes.jar
java_class_path (initial): D:\Android\SDK\build-tools\24.0.2\lib\dx.jar
Launcher Type: SUN_STANDARD

Environment Variables:
JAVA_HOME=C:\Program Files\Java\jdk1.8.0_101
JRE_HOME=C:\Program Files\Java\jre1.8.0_101
PATH=C:\ProgramData\Oracle\Java\javapath;C:\Program Files (x86)\Intel\iCLS Client\;C:\Program Files\Intel\iCLS Client\;C:\Windows\system32;C:\Windows;C:\Windows\System32\Wbem;C:\Windows\System32\WindowsPowerShell\v1.0\;C:\Program Files (x86)\NVIDIA Corporation\PhysX\Common;C:\Program Files (x86)\Intel\Intel(R) Management Engine Components\DAL;C:\Program Files\Intel\Intel(R) Management Engine Components\DAL;C:\Program Files (x86)\Intel\Intel(R) Management Engine Components\IPT;C:\Program Files\Intel\Intel(R) Management Engine Components\IPT;C:\WINDOWS\system32;C:\WINDOWS;C:\WINDOWS\System32\Wbem;C:\WINDOWS\System32\WindowsPowerShell\v1.0\;D:\Git\cmd;C:\Program Files\Java\jdk1.8.0_101\bin;D:\SQLServer\86\100\Tools\Binn\;D:\SQLServer\100\Tools\Binn\;D:\SQLServer\100\DTS\Binn\;D:\SQLServer\86\100\Tools\Binn\VSShell\Common7\IDE\;C:\Program Files (x86)\Microsoft Visual Studio 9.0\Common7\IDE\PrivateAssemblies\;D:\SQLServer\86\100\DTS\Binn\
USERNAME=TangYuan
OS=Windows_NT
PROCESSOR_IDENTIFIER=Intel64 Family 6 Model 94 Stepping 3, GenuineIntel



---------------  S Y S T E M  ---------------

OS: Windows 10.0 , 64 bit Build 10586 (10.0.10586.0)

CPU:total 8 (4 cores per cpu, 2 threads per core) family 6 model 94 stepping 3, cmov, cx8, fxsr, mmx, sse, sse2, sse3, ssse3, sse4.1, sse4.2, popcnt, avx, avx2, aes, clmul, erms, rtm, 3dnowpref, lzcnt, ht, tsc, tscinvbit, bmi1, bmi2, adx

Memory: 4k page, physical 8281884k(1002872k free), swap 8298268k(4284k free)

vm_info: Java HotSpot(TM) 64-Bit Server VM (25.101-b13) for windows-amd64 JRE (1.8.0_101-b13), built on Jun 22 2016 01:21:29 by "java_re" with MS VC++ 10.0 (VS2010)

time: Wed Oct 12 01:18:28 2016
elapsed time: 3 seconds (0d 0h 0m 3s)

