#
# There is insufficient memory for the Java Runtime Environment to continue.
# Native memory allocation (malloc) failed to allocate 142416 bytes for Chunk::new
# Possible reasons:
#   The system is out of physical RAM or swap space
#   In 32 bit mode, the process size limit was hit
# Possible solutions:
#   Reduce memory load on the system
#   Increase physical memory or swap space
#   Check if swap backing store is full
#   Use 64 bit Java on a 64 bit OS
#   Decrease Java heap size (-Xmx/-Xms)
#   Decrease number of Java threads
#   Decrease Java thread stack sizes (-Xss)
#   Set larger code cache with -XX:ReservedCodeCacheSize=
# This output file may be truncated or incomplete.
#
#  Out of Memory Error (allocation.cpp:390), pid=7576, tid=0x0000000000001bdc
#
# JRE version: Java(TM) SE Runtime Environment (8.0_101-b13) (build 1.8.0_101-b13)
# Java VM: Java HotSpot(TM) 64-Bit Server VM (25.101-b13 mixed mode windows-amd64 compressed oops)
# Failed to write core dump. Minidumps are not enabled by default on client versions of Windows
#

---------------  T H R E A D  ---------------

Current thread (0x00000000170eb800):  JavaThread "C2 CompilerThread1" daemon [_thread_in_native, id=7132, stack(0x00000000178c0000,0x00000000179c0000)]

Stack: [0x00000000178c0000,0x00000000179c0000]
[error occurred during error reporting (printing stack bounds), id 0xc0000005]

Native frames: (J=compiled Java code, j=interpreted, Vv=VM code, C=native code)


Current CompileTask:
C2:   2926 1515       4       com.android.dx.ssa.SsaRenamer$BlockRenamer::process (191 bytes)


---------------  P R O C E S S  ---------------

Java Threads: ( => current thread )
  0x00000000173a1800 JavaThread "pool-1-thread-4" [_thread_blocked, id=8068, stack(0x00000000189c0000,0x0000000018ac0000)]
  0x00000000173a1000 JavaThread "pool-1-thread-3" [_thread_blocked, id=6736, stack(0x00000000188c0000,0x00000000189c0000)]
  0x00000000173d5800 JavaThread "pool-1-thread-2" [_thread_blocked, id=2064, stack(0x00000000187c0000,0x00000000188c0000)]
  0x00000000173d2800 JavaThread "pool-2-thread-1" [_thread_blocked, id=2024, stack(0x00000000186c0000,0x00000000187c0000)]
  0x00000000173d2000 JavaThread "pool-1-thread-1" [_thread_blocked, id=3468, stack(0x00000000185c0000,0x00000000186c0000)]
  0x0000000017195800 JavaThread "Service Thread" daemon [_thread_blocked, id=8148, stack(0x0000000017bc0000,0x0000000017cc0000)]
  0x00000000170fc800 JavaThread "C1 CompilerThread3" daemon [_thread_blocked, id=7124, stack(0x0000000017ac0000,0x0000000017bc0000)]
  0x00000000170ee800 JavaThread "C2 CompilerThread2" daemon [_thread_in_native, id=7404, stack(0x00000000179c0000,0x0000000017ac0000)]
=>0x00000000170eb800 JavaThread "C2 CompilerThread1" daemon [_thread_in_native, id=7132, stack(0x00000000178c0000,0x00000000179c0000)]
  0x00000000151ab800 JavaThread "C2 CompilerThread0" daemon [_thread_blocked, id=6244, stack(0x00000000177c0000,0x00000000178c0000)]
  0x00000000151a9000 JavaThread "Attach Listener" daemon [_thread_blocked, id=6804, stack(0x00000000176c0000,0x00000000177c0000)]
  0x000000001709b800 JavaThread "Signal Dispatcher" daemon [_thread_blocked, id=4848, stack(0x00000000175c0000,0x00000000176c0000)]
  0x000000000265d800 JavaThread "Finalizer" daemon [_thread_blocked, id=7952, stack(0x0000000017460000,0x0000000017560000)]
  0x0000000002656000 JavaThread "Reference Handler" daemon [_thread_blocked, id=7196, stack(0x0000000016f60000,0x0000000017060000)]
  0x0000000001fce000 JavaThread "main" [_thread_blocked, id=3456, stack(0x0000000002460000,0x0000000002560000)]

Other Threads:
  0x0000000015199800 VMThread [stack: 0x0000000016e60000,0x0000000016f60000] [id=6932]
  0x000000001720d000 WatcherThread [stack: 0x0000000017cc0000,0x0000000017dc0000] [id=7452]

VM state:not at safepoint (normal execution)

VM Mutex/Monitor currently owned by a thread: None

Heap:
 PSYoungGen      total 71680K, used 6760K [0x00000000eab00000, 0x00000000ef600000, 0x0000000100000000)
  eden space 66560K, 2% used [0x00000000eab00000,0x00000000eac9bf08,0x00000000eec00000)
  from space 5120K, 99% used [0x00000000ef100000,0x00000000ef5fe1f0,0x00000000ef600000)
  to   space 5120K, 0% used [0x00000000eec00000,0x00000000eec00000,0x00000000ef100000)
 ParOldGen       total 87552K, used 5295K [0x00000000c0000000, 0x00000000c5580000, 0x00000000eab00000)
  object space 87552K, 6% used [0x00000000c0000000,0x00000000c052bd00,0x00000000c5580000)
 Metaspace       used 6066K, capacity 7024K, committed 7296K, reserved 1056768K
  class space    used 594K, capacity 616K, committed 640K, reserved 1048576K

Card table byte_map: [0x0000000011a20000,0x0000000011c30000] byte_map_base: 0x0000000011420000

Marking Bits: (ParMarkBitMap*) 0x0000000056c0a6d0
 Begin Bits: [0x0000000012590000, 0x0000000013590000)
 End Bits:   [0x0000000013590000, 0x0000000014590000)

Polling page: 0x0000000001fd0000

CodeCache: size=245760Kb used=6488Kb max_used=6519Kb free=239271Kb
 bounds [0x0000000002660000, 0x0000000002cd0000, 0x0000000011660000]
 total_blobs=1776 nmethods=1511 adapters=178
 compilation: enabled

Compilation events (10 events):
Event: 2.244 Thread 0x00000000170fc800 1524  s    3       com.android.dx.dex.file.TypeIdsSection::intern (60 bytes)
Event: 2.245 Thread 0x00000000170fc800 nmethod 1524 0x0000000002ca47d0 code [0x0000000002ca49e0, 0x0000000002ca5688]
Event: 2.245 Thread 0x00000000170fc800 1525       3       com.android.dx.rop.annotation.Annotations::add (75 bytes)
Event: 2.782 Thread 0x00000000170ee800 nmethod 1477 0x0000000002cac3d0 code [0x0000000002cac720, 0x0000000002caffe0]
Event: 2.782 Thread 0x00000000170ee800 1508       4       java.util.ArrayList::remove (77 bytes)
Event: 2.789 Thread 0x00000000170ee800 nmethod 1508 0x0000000002c9e410 code [0x0000000002c9e560, 0x0000000002c9e8f8]
Event: 2.789 Thread 0x00000000170ee800 1501   !   4       com.android.dx.cf.code.Ropper::processBlock (1101 bytes)
Event: 2.912 Thread 0x00000000151ab800 nmethod 1498 0x0000000002cbc7d0 code [0x0000000002cbcdc0, 0x0000000002cc29e0]
Event: 2.912 Thread 0x00000000151ab800 1499       4       com.android.dx.cf.code.BaseMachine::storeResults (90 bytes)
Event: 2.920 Thread 0x00000000151ab800 nmethod 1499 0x0000000002ca7f90 code [0x0000000002ca8140, 0x0000000002ca87c8]

GC Heap History (4 events):
Event: 0.672 GC heap before
{Heap before GC invocations=1 (full 0):
 PSYoungGen      total 38400K, used 33280K [0x00000000eab00000, 0x00000000ed580000, 0x0000000100000000)
  eden space 33280K, 100% used [0x00000000eab00000,0x00000000ecb80000,0x00000000ecb80000)
  from space 5120K, 0% used [0x00000000ed080000,0x00000000ed080000,0x00000000ed580000)
  to   space 5120K, 0% used [0x00000000ecb80000,0x00000000ecb80000,0x00000000ed080000)
 ParOldGen       total 87552K, used 0K [0x00000000c0000000, 0x00000000c5580000, 0x00000000eab00000)
  object space 87552K, 0% used [0x00000000c0000000,0x00000000c0000000,0x00000000c5580000)
 Metaspace       used 5845K, capacity 6832K, committed 7040K, reserved 1056768K
  class space    used 593K, capacity 616K, committed 640K, reserved 1048576K
Event: 0.795 GC heap after
Heap after GC invocations=1 (full 0):
 PSYoungGen      total 38400K, used 5100K [0x00000000eab00000, 0x00000000ef600000, 0x0000000100000000)
  eden space 33280K, 0% used [0x00000000eab00000,0x00000000eab00000,0x00000000ecb80000)
  from space 5120K, 99% used [0x00000000ecb80000,0x00000000ed07b288,0x00000000ed080000)
  to   space 5120K, 0% used [0x00000000ef100000,0x00000000ef100000,0x00000000ef600000)
 ParOldGen       total 87552K, used 1166K [0x00000000c0000000, 0x00000000c5580000, 0x00000000eab00000)
  object space 87552K, 1% used [0x00000000c0000000,0x00000000c0123a18,0x00000000c5580000)
 Metaspace       used 5845K, capacity 6832K, committed 7040K, reserved 1056768K
  class space    used 593K, capacity 616K, committed 640K, reserved 1048576K
}
Event: 2.246 GC heap before
{Heap before GC invocations=2 (full 0):
 PSYoungGen      total 38400K, used 38380K [0x00000000eab00000, 0x00000000ef600000, 0x0000000100000000)
  eden space 33280K, 100% used [0x00000000eab00000,0x00000000ecb80000,0x00000000ecb80000)
  from space 5120K, 99% used [0x00000000ecb80000,0x00000000ed07b288,0x00000000ed080000)
  to   space 5120K, 0% used [0x00000000ef100000,0x00000000ef100000,0x00000000ef600000)
 ParOldGen       total 87552K, used 1166K [0x00000000c0000000, 0x00000000c5580000, 0x00000000eab00000)
  object space 87552K, 1% used [0x00000000c0000000,0x00000000c0123a18,0x00000000c5580000)
 Metaspace       used 6066K, capacity 7024K, committed 7296K, reserved 1056768K
  class space    used 594K, capacity 616K, committed 640K, reserved 1048576K
Event: 2.709 GC heap after
Heap after GC invocations=2 (full 0):
 PSYoungGen      total 71680K, used 5112K [0x00000000eab00000, 0x00000000ef600000, 0x0000000100000000)
  eden space 66560K, 0% used [0x00000000eab00000,0x00000000eab00000,0x00000000eec00000)
  from space 5120K, 99% used [0x00000000ef100000,0x00000000ef5fe1f0,0x00000000ef600000)
  to   space 5120K, 0% used [0x00000000eec00000,0x00000000eec00000,0x00000000ef100000)
 ParOldGen       total 87552K, used 5295K [0x00000000c0000000, 0x00000000c5580000, 0x00000000eab00000)
  object space 87552K, 6% used [0x00000000c0000000,0x00000000c052bd00,0x00000000c5580000)
 Metaspace       used 6066K, capacity 7024K, committed 7296K, reserved 1056768K
  class space    used 594K, capacity 616K, committed 640K, reserved 1048576K
}

Deoptimization events (10 events):
Event: 0.609 Thread 0x00000000173d5800 Uncommon trap: reason=unstable_if action=reinterpret pc=0x00000000028f2940 method=com.android.dx.rop.code.RegisterSpec.equals(ILcom/android/dx/rop/type/TypeBearer;Lcom/android/dx/rop/code/LocalItem;)Z @ 42
Event: 0.630 Thread 0x00000000173d5800 Uncommon trap: reason=unstable_if action=reinterpret pc=0x0000000002888c70 method=java.util.HashMap.getNode(ILjava/lang/Object;)Ljava/util/HashMap$Node; @ 62
Event: 0.630 Thread 0x00000000173d5800 Uncommon trap: reason=bimorphic action=maybe_recompile pc=0x0000000002915690 method=java.util.HashMap.getNode(ILjava/lang/Object;)Ljava/util/HashMap$Node; @ 126
Event: 1.550 Thread 0x00000000173a1800 Uncommon trap: reason=unstable_if action=reinterpret pc=0x000000000297919c method=com.android.dx.rop.cst.Constant.compareTo(Lcom/android/dx/rop/cst/Constant;)I @ 12
Event: 2.103 Thread 0x00000000173a1800 Uncommon trap: reason=unstable_if action=reinterpret pc=0x0000000002c004fc method=com.android.dx.rop.code.RegisterSpecSet.localItemToSpec(Lcom/android/dx/rop/code/LocalItem;)Lcom/android/dx/rop/code/RegisterSpec; @ 35
Event: 2.105 Thread 0x00000000173a1800 Uncommon trap: reason=bimorphic action=maybe_recompile pc=0x0000000002915690 method=java.util.HashMap.getNode(ILjava/lang/Object;)Ljava/util/HashMap$Node; @ 126
Event: 2.105 Thread 0x00000000173a1800 Uncommon trap: reason=bimorphic action=maybe_recompile pc=0x0000000002915690 method=java.util.HashMap.getNode(ILjava/lang/Object;)Ljava/util/HashMap$Node; @ 126
Event: 2.195 Thread 0x0000000001fce000 Uncommon trap: reason=unstable_if action=reinterpret pc=0x0000000002881410 method=java.lang.String.<init>([CII)V @ 18
Event: 2.224 Thread 0x00000000173a1000 Uncommon trap: reason=unstable_if action=reinterpret pc=0x0000000002ae26fc method=com.android.dx.ssa.SCCP.simulateBranch(Lcom/android/dx/ssa/SsaInsn;)V @ 64
Event: 2.227 Thread 0x00000000173a1000 Uncommon trap: reason=null_check action=make_not_entrant pc=0x0000000002c0ad44 method=com.android.dx.ssa.SsaRenamer.getLocalForNewReg(I)Lcom/android/dx/rop/code/LocalItem; @ 19

Internal exceptions (3 events):
Event: 0.081 Thread 0x0000000001fce000 Exception <a 'java/lang/NoSuchMethodError': Method sun.misc.Unsafe.defineClass(Ljava/lang/String;[BII)Ljava/lang/Class; name or signature does not match> (0x00000000eab07cc0) thrown at [C:\re\workspace\8-2-build-windows-amd64-cygwin\jdk8u101\7261\hotspot\sX(ƒmBµ¥?
Event: 0.081 Thread 0x0000000001fce000 Exception <a 'java/lang/NoSuchMethodError': Method sun.misc.Unsafe.prefetchRead(Ljava/lang/Object;J)V name or signature does not match> (0x00000000eab07fa8) thrown at [C:\re\workspace\8-2-build-windows-amd64-cygwin\jdk8u101\7261\hotspot\src\share\vm\prims\Òdê,U–@
Event: 2.227 Thread 0x00000000173a1000 Implicit null exception at 0x0000000002c08387 to 0x0000000002c0acfd

Events (10 events):
Event: 2.195 Thread 0x0000000001fce000 DEOPT PACKING pc=0x0000000002881410 sp=0x000000000255ea80
Event: 2.195 Thread 0x0000000001fce000 DEOPT UNPACKING pc=0x00000000026a582a sp=0x000000000255e9b0 mode 2
Event: 2.224 Thread 0x00000000173a1000 Uncommon trap: trap_request=0xffffff65 fr.pc=0x0000000002ae26fc
Event: 2.224 Thread 0x00000000173a1000 DEOPT PACKING pc=0x0000000002ae26fc sp=0x00000000189be850
Event: 2.224 Thread 0x00000000173a1000 DEOPT UNPACKING pc=0x00000000026a582a sp=0x00000000189be800 mode 2
Event: 2.227 Thread 0x00000000173a1000 Uncommon trap: trap_request=0xfffffff4 fr.pc=0x0000000002c0ad44
Event: 2.227 Thread 0x00000000173a1000 DEOPT PACKING pc=0x0000000002c0ad44 sp=0x00000000189be8d0
Event: 2.227 Thread 0x00000000173a1000 DEOPT UNPACKING pc=0x00000000026a582a sp=0x00000000189be6a0 mode 2
Event: 2.246 Executing VM operation: ParallelGCFailedAllocation
Event: 2.709 Executing VM operation: ParallelGCFailedAllocation done


Dynamic libraries:
0x00007ff7c11d0000 - 0x00007ff7c1207000 	C:\Program Files\Java\jdk1.8.0_101\bin\java.exe
0x00007ffa00cd0000 - 0x00007ffa00e91000 	C:\WINDOWS\SYSTEM32\ntdll.dll
0x00007ffa00c20000 - 0x00007ffa00ccd000 	C:\WINDOWS\system32\KERNEL32.DLL
0x00007ff9fd380000 - 0x00007ff9fd568000 	C:\WINDOWS\system32\KERNELBASE.dll
0x00007ff9fe9c0000 - 0x00007ff9fea67000 	C:\WINDOWS\system32\ADVAPI32.dll
0x00007ff9fe150000 - 0x00007ff9fe1ed000 	C:\WINDOWS\system32\msvcrt.dll
0x00007ffa006d0000 - 0x00007ffa0072b000 	C:\WINDOWS\system32\sechost.dll
0x00007ff9fe1f0000 - 0x00007ff9fe30c000 	C:\WINDOWS\system32\RPCRT4.dll
0x00007ffa00880000 - 0x00007ffa009d6000 	C:\WINDOWS\system32\USER32.dll
0x00007ff9feae0000 - 0x00007ff9fec66000 	C:\WINDOWS\system32\GDI32.dll
0x00007ff9f70b0000 - 0x00007ff9f7324000 	C:\WINDOWS\WinSxS\amd64_microsoft.windows.common-controls_6595b64144ccf1df_6.0.10586.0_none_8c15ae12515e1c22\COMCTL32.dll
0x00007ff9fe740000 - 0x00007ff9fe9bd000 	C:\WINDOWS\system32\combase.dll
0x00007ff9fde00000 - 0x00007ff9fde6a000 	C:\WINDOWS\system32\bcryptPrimitives.dll
0x00007ffa00b80000 - 0x00007ffa00bbb000 	C:\WINDOWS\system32\IMM32.DLL
0x0000000055d70000 - 0x0000000055e42000 	C:\Program Files\Java\jdk1.8.0_101\jre\bin\msvcr100.dll
0x00000000563f0000 - 0x0000000056c8a000 	C:\Program Files\Java\jdk1.8.0_101\jre\bin\server\jvm.dll
0x00007ffa00a40000 - 0x00007ffa00a48000 	C:\WINDOWS\system32\PSAPI.DLL
0x00007ff9fa150000 - 0x00007ff9fa159000 	C:\WINDOWS\SYSTEM32\WSOCK32.dll
0x00007ff9fb210000 - 0x00007ff9fb233000 	C:\WINDOWS\SYSTEM32\WINMM.dll
0x00007ff9f7330000 - 0x00007ff9f733a000 	C:\WINDOWS\SYSTEM32\VERSION.dll
0x00007ff9fe0e0000 - 0x00007ff9fe14b000 	C:\WINDOWS\system32\WS2_32.dll
0x00007ff9fb1e0000 - 0x00007ff9fb20c000 	C:\WINDOWS\SYSTEM32\WINMMBASE.dll
0x00007ff9fdc40000 - 0x00007ff9fdc83000 	C:\WINDOWS\system32\cfgmgr32.dll
0x0000000056300000 - 0x000000005630f000 	C:\Program Files\Java\jdk1.8.0_101\jre\bin\verify.dll
0x00000000562d0000 - 0x00000000562f9000 	C:\Program Files\Java\jdk1.8.0_101\jre\bin\java.dll
0x00000000562b0000 - 0x00000000562c6000 	C:\Program Files\Java\jdk1.8.0_101\jre\bin\zip.dll
0x00007ff9fec70000 - 0x00007ffa001cc000 	C:\WINDOWS\system32\SHELL32.dll
0x00007ff9fd590000 - 0x00007ff9fdbd5000 	C:\WINDOWS\system32\windows.storage.dll
0x00007ffa002a0000 - 0x00007ffa002f2000 	C:\WINDOWS\system32\shlwapi.dll
0x00007ff9fd370000 - 0x00007ff9fd37f000 	C:\WINDOWS\system32\kernel.appcore.dll
0x00007ff9fdd40000 - 0x00007ff9fddf5000 	C:\WINDOWS\system32\shcore.dll
0x00007ff9fd310000 - 0x00007ff9fd35b000 	C:\WINDOWS\system32\powrprof.dll
0x00007ff9fd2f0000 - 0x00007ff9fd304000 	C:\WINDOWS\system32\profapi.dll

VM Arguments:
jvm_args: -Djava.awt.headless=true -Xmx1024M -Dfile.encoding=GBK -Duser.country=CN -Duser.language=zh -Duser.variant 
java_command: com.android.dx.command.Main --dex --num-threads=4 --output D:\Android\Code\AndroidCode\Screen\app\build\intermediates\pre-dexed\debug\com.android.support-appcompat-v7-24.2.1_77e846d5412d2b86ab8e9c456651d1d2cd3184b8.jar D:\Android\Code\AndroidCode\Screen\app\build\intermediates\exploded-aar\com.android.support\appcompat-v7\24.2.1\jars\classes.jar
java_class_path (initial): D:\Android\SDK\build-tools\24.0.2\lib\dx.jar
Launcher Type: SUN_STANDARD

Environment Variables:
JAVA_HOME=C:\Program Files\Java\jdk1.8.0_101
JRE_HOME=C:\Program Files\Java\jre1.8.0_101
PATH=C:\ProgramData\Oracle\Java\javapath;C:\Program Files (x86)\Intel\iCLS Client\;C:\Program Files\Intel\iCLS Client\;C:\Windows\system32;C:\Windows;C:\Windows\System32\Wbem;C:\Windows\System32\WindowsPowerShell\v1.0\;C:\Program Files (x86)\NVIDIA Corporation\PhysX\Common;C:\Program Files (x86)\Intel\Intel(R) Management Engine Components\DAL;C:\Program Files\Intel\Intel(R) Management Engine Components\DAL;C:\Program Files (x86)\Intel\Intel(R) Management Engine Components\IPT;C:\Program Files\Intel\Intel(R) Management Engine Components\IPT;C:\WINDOWS\system32;C:\WINDOWS;C:\WINDOWS\System32\Wbem;C:\WINDOWS\System32\WindowsPowerShell\v1.0\;D:\Git\cmd;C:\Program Files\Java\jdk1.8.0_101\bin;D:\SQLServer\86\100\Tools\Binn\;D:\SQLServer\100\Tools\Binn\;D:\SQLServer\100\DTS\Binn\;D:\SQLServer\86\100\Tools\Binn\VSShell\Common7\IDE\;C:\Program Files (x86)\Microsoft Visual Studio 9.0\Common7\IDE\PrivateAssemblies\;D:\SQLServer\86\100\DTS\Binn\
USERNAME=TangYuan
OS=Windows_NT
PROCESSOR_IDENTIFIER=Intel64 Family 6 Model 94 Stepping 3, GenuineIntel



---------------  S Y S T E M  ---------------

OS: Windows 10.0 , 64 bit Build 10586 (10.0.10586.0)

CPU:total 8 (4 cores per cpu, 2 threads per core) family 6 model 94 stepping 3, cmov, cx8, fxsr, mmx, sse, sse2, sse3, ssse3, sse4.1, sse4.2, popcnt, avx, avx2, aes, clmul, erms, rtm, 3dnowpref, lzcnt, ht, tsc, tscinvbit, bmi1, bmi2, adx

Memory: 4k page, physical 8281884k(1053372k free), swap 8298268k(5188k free)

vm_info: Java HotSpot(TM) 64-Bit Server VM (25.101-b13) for windows-amd64 JRE (1.8.0_101-b13), built on Jun 22 2016 01:21:29 by "java_re" with MS VC++ 10.0 (VS2010)

time: Wed Oct 12 01:16:05 2016
elapsed time: 2 seconds (0d 0h 0m 2s)

