#
# There is insufficient memory for the Java Runtime Environment to continue.
# Native memory allocation (malloc) failed to allocate 148304 bytes for Chunk::new
# Possible reasons:
#   The system is out of physical RAM or swap space
#   In 32 bit mode, the process size limit was hit
# Possible solutions:
#   Reduce memory load on the system
#   Increase physical memory or swap space
#   Check if swap backing store is full
#   Use 64 bit Java on a 64 bit OS
#   Decrease Java heap size (-Xmx/-Xms)
#   Decrease number of Java threads
#   Decrease Java thread stack sizes (-Xss)
#   Set larger code cache with -XX:ReservedCodeCacheSize=
# This output file may be truncated or incomplete.
#
#  Out of Memory Error (allocation.cpp:390), pid=2108, tid=0x0000000000001e24
#
# JRE version: Java(TM) SE Runtime Environment (8.0_101-b13) (build 1.8.0_101-b13)
# Java VM: Java HotSpot(TM) 64-Bit Server VM (25.101-b13 mixed mode windows-amd64 compressed oops)
# Failed to write core dump. Minidumps are not enabled by default on client versions of Windows
#

---------------  T H R E A D  ---------------

Current thread (0x0000000017272000):  JavaThread "C2 CompilerThread2" daemon [_thread_in_native, id=7716, stack(0x0000000017a90000,0x0000000017b90000)]

Stack: [0x0000000017a90000,0x0000000017b90000]
[error occurred during error reporting (printing stack bounds), id 0xc0000005]

Native frames: (J=compiled Java code, j=interpreted, Vv=VM code, C=native code)


Current CompileTask:
C2:   2165 1250       4       com.android.dx.ssa.back.FirstFitLocalCombiningAllocator$1::processInsn (169 bytes)


---------------  P R O C E S S  ---------------

Java Threads: ( => current thread )
  0x0000000017560000 JavaThread "pool-1-thread-4" [_thread_blocked, id=2400, stack(0x0000000018290000,0x0000000018390000)]
  0x0000000017558000 JavaThread "pool-1-thread-3" [_thread_in_Java, id=2352, stack(0x0000000018190000,0x0000000018290000)]
  0x000000001754a000 JavaThread "pool-1-thread-2" [_thread_blocked, id=7760, stack(0x0000000018090000,0x0000000018190000)]
  0x00000000174b3000 JavaThread "pool-2-thread-1" [_thread_blocked, id=2660, stack(0x0000000017f90000,0x0000000018090000)]
  0x00000000174b2000 JavaThread "pool-1-thread-1" [_thread_blocked, id=6652, stack(0x0000000017e90000,0x0000000017f90000)]
  0x0000000017286800 JavaThread "Service Thread" daemon [_thread_blocked, id=2064, stack(0x0000000017c90000,0x0000000017d90000)]
  0x0000000017279800 JavaThread "C1 CompilerThread3" daemon [_thread_blocked, id=6884, stack(0x0000000017b90000,0x0000000017c90000)]
=>0x0000000017272000 JavaThread "C2 CompilerThread2" daemon [_thread_in_native, id=7716, stack(0x0000000017a90000,0x0000000017b90000)]
  0x0000000017219000 JavaThread "C2 CompilerThread1" daemon [_thread_in_native, id=8024, stack(0x0000000017990000,0x0000000017a90000)]
  0x00000000152ab000 JavaThread "C2 CompilerThread0" daemon [_thread_in_native, id=6088, stack(0x0000000017890000,0x0000000017990000)]
  0x00000000152a9000 JavaThread "Attach Listener" daemon [_thread_blocked, id=5092, stack(0x0000000017790000,0x0000000017890000)]
  0x00000000171cc800 JavaThread "Signal Dispatcher" daemon [_thread_blocked, id=7396, stack(0x0000000017690000,0x0000000017790000)]
  0x000000000277d800 JavaThread "Finalizer" daemon [_thread_blocked, id=5808, stack(0x0000000017590000,0x0000000017690000)]
  0x0000000002776000 JavaThread "Reference Handler" daemon [_thread_blocked, id=8148, stack(0x0000000017090000,0x0000000017190000)]
  0x000000000267e000 JavaThread "main" [_thread_blocked, id=7392, stack(0x0000000002500000,0x0000000002600000)]

Other Threads:
  0x0000000015299800 VMThread [stack: 0x0000000016f90000,0x0000000017090000] [id=2880]
  0x00000000172d2000 WatcherThread [stack: 0x0000000017d90000,0x0000000017e90000] [id=6736]

VM state:not at safepoint (normal execution)

VM Mutex/Monitor currently owned by a thread: None

Heap:
 PSYoungGen      total 38400K, used 17542K [0x00000000eab00000, 0x00000000ed580000, 0x0000000100000000)
  eden space 33280K, 37% used [0x00000000eab00000,0x00000000eb725918,0x00000000ecb80000)
  from space 5120K, 99% used [0x00000000ecb80000,0x00000000ed07c0a8,0x00000000ed080000)
  to   space 5120K, 0% used [0x00000000ed080000,0x00000000ed080000,0x00000000ed580000)
 ParOldGen       total 87552K, used 1383K [0x00000000c0000000, 0x00000000c5580000, 0x00000000eab00000)
  object space 87552K, 1% used [0x00000000c0000000,0x00000000c0159c30,0x00000000c5580000)
 Metaspace       used 5935K, capacity 6960K, committed 7040K, reserved 1056768K
  class space    used 590K, capacity 616K, committed 640K, reserved 1048576K

Card table byte_map: [0x0000000011b40000,0x0000000011d50000] byte_map_base: 0x0000000011540000

Marking Bits: (ParMarkBitMap*) 0x0000000056c0a6d0
 Begin Bits: [0x00000000126b0000, 0x00000000136b0000)
 End Bits:   [0x00000000136b0000, 0x00000000146b0000)

Polling page: 0x0000000000450000

CodeCache: size=245760Kb used=5082Kb max_used=5094Kb free=240677Kb
 bounds [0x0000000002780000, 0x0000000002c80000, 0x0000000011780000]
 total_blobs=1527 nmethods=1262 adapters=178
 compilation: enabled

Compilation events (10 events):
Event: 2.118 Thread 0x0000000017219000 nmethod 1262 0x0000000002c78110 code [0x0000000002c782a0, 0x0000000002c78ac8]
Event: 2.118 Thread 0x0000000017219000 1253       4       com.android.dx.ssa.SsaRenamer$BlockRenamer::visitNonMoveInsn (14 bytes)
Event: 2.134 Thread 0x0000000017279800 1274       3       com.android.dx.rop.code.Insn::equalsHandleNulls (23 bytes)
Event: 2.134 Thread 0x0000000017279800 nmethod 1274 0x0000000002c75290 code [0x0000000002c75400, 0x0000000002c756c8]
Event: 2.145 Thread 0x0000000017219000 nmethod 1253 0x0000000002c7ba90 code [0x0000000002c7bc60, 0x0000000002c7cb20]
Event: 2.145 Thread 0x0000000017219000 1273       4       java.util.HashMap::get (23 bytes)
Event: 2.155 Thread 0x0000000017219000 nmethod 1273 0x0000000002c7dfd0 code [0x0000000002c7e160, 0x0000000002c7e9d8]
Event: 2.155 Thread 0x0000000017219000 1285       4       com.android.dx.rop.cst.Constant::compareTo (33 bytes)
Event: 2.156 Thread 0x0000000017219000 nmethod 1285 0x0000000002c76010 code [0x0000000002c76160, 0x0000000002c76398]
Event: 2.156 Thread 0x0000000017219000 1286       4       java.util.HashMap::put (13 bytes)

GC Heap History (2 events):
Event: 1.883 GC heap before
{Heap before GC invocations=1 (full 0):
 PSYoungGen      total 38400K, used 33280K [0x00000000eab00000, 0x00000000ed580000, 0x0000000100000000)
  eden space 33280K, 100% used [0x00000000eab00000,0x00000000ecb80000,0x00000000ecb80000)
  from space 5120K, 0% used [0x00000000ed080000,0x00000000ed080000,0x00000000ed580000)
  to   space 5120K, 0% used [0x00000000ecb80000,0x00000000ecb80000,0x00000000ed080000)
 ParOldGen       total 87552K, used 0K [0x00000000c0000000, 0x00000000c5580000, 0x00000000eab00000)
  object space 87552K, 0% used [0x00000000c0000000,0x00000000c0000000,0x00000000c5580000)
 Metaspace       used 5864K, capacity 6896K, committed 7040K, reserved 1056768K
  class space    used 589K, capacity 616K, committed 640K, reserved 1048576K
Event: 1.928 GC heap after
Heap after GC invocations=1 (full 0):
 PSYoungGen      total 38400K, used 5104K [0x00000000eab00000, 0x00000000ed580000, 0x0000000100000000)
  eden space 33280K, 0% used [0x00000000eab00000,0x00000000eab00000,0x00000000ecb80000)
  from space 5120K, 99% used [0x00000000ecb80000,0x00000000ed07c0a8,0x00000000ed080000)
  to   space 5120K, 0% used [0x00000000ed080000,0x00000000ed080000,0x00000000ed580000)
 ParOldGen       total 87552K, used 1383K [0x00000000c0000000, 0x00000000c5580000, 0x00000000eab00000)
  object space 87552K, 1% used [0x00000000c0000000,0x00000000c0159c30,0x00000000c5580000)
 Metaspace       used 5864K, capacity 6896K, committed 7040K, reserved 1056768K
  class space    used 589K, capacity 616K, committed 640K, reserved 1048576K
}

Deoptimization events (10 events):
Event: 2.111 Thread 0x00000000174b2000 Uncommon trap: reason=unstable_if action=reinterpret pc=0x0000000002a68d2c method=com.android.dx.rop.code.RegisterSpecSet.put(Lcom/android/dx/rop/code/RegisterSpec;)V @ 77
Event: 2.111 Thread 0x00000000174b2000 Uncommon trap: reason=unstable_if action=reinterpret pc=0x0000000002aa39e0 method=com.android.dx.rop.code.RegisterSpecSet.put(Lcom/android/dx/rop/code/RegisterSpec;)V @ 77
Event: 2.112 Thread 0x00000000174b2000 Uncommon trap: reason=bimorphic action=maybe_recompile pc=0x0000000002b0a868 method=java.util.HashMap.getNode(ILjava/lang/Object;)Ljava/util/HashMap$Node; @ 126
Event: 2.112 Thread 0x00000000174b2000 Uncommon trap: reason=class_check action=maybe_recompile pc=0x0000000002b7ab14 method=java.util.HashMap.putVal(ILjava/lang/Object;Ljava/lang/Object;ZZ)Ljava/lang/Object; @ 203
Event: 2.112 Thread 0x00000000174b2000 Uncommon trap: reason=bimorphic action=maybe_recompile pc=0x0000000002b0a868 method=java.util.HashMap.getNode(ILjava/lang/Object;)Ljava/util/HashMap$Node; @ 126
Event: 2.112 Thread 0x00000000174b2000 Uncommon trap: reason=class_check action=maybe_recompile pc=0x0000000002b7ab14 method=java.util.HashMap.putVal(ILjava/lang/Object;Ljava/lang/Object;ZZ)Ljava/lang/Object; @ 203
Event: 2.112 Thread 0x00000000174b2000 Uncommon trap: reason=bimorphic action=maybe_recompile pc=0x0000000002b0a868 method=java.util.HashMap.getNode(ILjava/lang/Object;)Ljava/util/HashMap$Node; @ 126
Event: 2.112 Thread 0x00000000174b2000 Uncommon trap: reason=class_check action=maybe_recompile pc=0x0000000002b7ab14 method=java.util.HashMap.putVal(ILjava/lang/Object;Ljava/lang/Object;ZZ)Ljava/lang/Object; @ 203
Event: 2.112 Thread 0x00000000174b2000 Uncommon trap: reason=bimorphic action=maybe_recompile pc=0x0000000002b0cc20 method=java.util.HashMap.getNode(ILjava/lang/Object;)Ljava/util/HashMap$Node; @ 126
Event: 2.152 Thread 0x0000000017558000 Uncommon trap: reason=uninitialized action=reinterpret pc=0x0000000002c16910 method=com.android.dx.cf.code.BytecodeArray.parseInstruction(ILcom/android/dx/cf/code/BytecodeArray$Visitor;)I @ 1031

Internal exceptions (3 events):
Event: 0.204 Thread 0x000000000267e000 Exception <a 'java/lang/NoSuchMethodError': Method sun.misc.Unsafe.defineClass(Ljava/lang/String;[BII)Ljava/lang/Class; name or signature does not match> (0x00000000eab07cc0) thrown at [C:\re\workspace\8-2-build-windows-amd64-cygwin\jdk8u101\7261\hotspot\sˆö/{JÊ?
Event: 0.204 Thread 0x000000000267e000 Exception <a 'java/lang/NoSuchMethodError': Method sun.misc.Unsafe.prefetchRead(Ljava/lang/Object;J)V name or signature does not match> (0x00000000eab07fa8) thrown at [C:\re\workspace\8-2-build-windows-amd64-cygwin\jdk8u101\7261\hotspot\src\share\vm\prims\2ÆK	ù?
Event: 1.565 Thread 0x0000000017560000 Implicit null exception at 0x0000000002a53b71 to 0x0000000002a5506d

Events (10 events):
Event: 2.113 loading class com/android/dx/cf/attrib/AttRuntimeInvisibleParameterAnnotations done
Event: 2.114 loading class com/android/dx/cf/attrib/BaseParameterAnnotations
Event: 2.114 loading class com/android/dx/cf/attrib/BaseParameterAnnotations done
Event: 2.142 Thread 0x0000000017558000 DEOPT PACKING pc=0x0000000002aabb65 sp=0x000000001828ed30
Event: 2.142 Thread 0x0000000017558000 DEOPT UNPACKING pc=0x00000000027c787f sp=0x000000001828eb20 mode 0
Event: 2.152 Thread 0x0000000017558000 Uncommon trap: trap_request=0xffffffb5 fr.pc=0x0000000002c16910
Event: 2.152 Thread 0x0000000017558000 DEOPT PACKING pc=0x0000000002c16910 sp=0x000000001828edc0
Event: 2.152 Thread 0x0000000017558000 DEOPT UNPACKING pc=0x00000000027c582a sp=0x000000001828ed40 mode 2
Event: 2.157 Thread 0x0000000017558000 DEOPT PACKING pc=0x0000000002aabd4f sp=0x000000001828ecf0
Event: 2.157 Thread 0x0000000017558000 DEOPT UNPACKING pc=0x00000000027c787f sp=0x000000001828ead0 mode 0


Dynamic libraries:
0x00007ff7c11d0000 - 0x00007ff7c1207000 	C:\Program Files\Java\jdk1.8.0_101\bin\java.exe
0x00007ffa00cd0000 - 0x00007ffa00e91000 	C:\WINDOWS\SYSTEM32\ntdll.dll
0x00007ffa00c20000 - 0x00007ffa00ccd000 	C:\WINDOWS\system32\KERNEL32.DLL
0x00007ff9fd380000 - 0x00007ff9fd568000 	C:\WINDOWS\system32\KERNELBASE.dll
0x00007ff9fe9c0000 - 0x00007ff9fea67000 	C:\WINDOWS\system32\ADVAPI32.dll
0x00007ff9fe150000 - 0x00007ff9fe1ed000 	C:\WINDOWS\system32\msvcrt.dll
0x00007ffa006d0000 - 0x00007ffa0072b000 	C:\WINDOWS\system32\sechost.dll
0x00007ff9fe1f0000 - 0x00007ff9fe30c000 	C:\WINDOWS\system32\RPCRT4.dll
0x00007ffa00880000 - 0x00007ffa009d6000 	C:\WINDOWS\system32\USER32.dll
0x00007ff9feae0000 - 0x00007ff9fec66000 	C:\WINDOWS\system32\GDI32.dll
0x00007ff9f70b0000 - 0x00007ff9f7324000 	C:\WINDOWS\WinSxS\amd64_microsoft.windows.common-controls_6595b64144ccf1df_6.0.10586.0_none_8c15ae12515e1c22\COMCTL32.dll
0x00007ff9fe740000 - 0x00007ff9fe9bd000 	C:\WINDOWS\system32\combase.dll
0x00007ff9fde00000 - 0x00007ff9fde6a000 	C:\WINDOWS\system32\bcryptPrimitives.dll
0x00007ffa00b80000 - 0x00007ffa00bbb000 	C:\WINDOWS\system32\IMM32.DLL
0x0000000055d70000 - 0x0000000055e42000 	C:\Program Files\Java\jdk1.8.0_101\jre\bin\msvcr100.dll
0x00000000563f0000 - 0x0000000056c8a000 	C:\Program Files\Java\jdk1.8.0_101\jre\bin\server\jvm.dll
0x00007ffa00a40000 - 0x00007ffa00a48000 	C:\WINDOWS\system32\PSAPI.DLL
0x00007ff9fa150000 - 0x00007ff9fa159000 	C:\WINDOWS\SYSTEM32\WSOCK32.dll
0x00007ff9fe0e0000 - 0x00007ff9fe14b000 	C:\WINDOWS\system32\WS2_32.dll
0x00007ff9fb210000 - 0x00007ff9fb233000 	C:\WINDOWS\SYSTEM32\WINMM.dll
0x00007ff9f7330000 - 0x00007ff9f733a000 	C:\WINDOWS\SYSTEM32\VERSION.dll
0x0000000002140000 - 0x000000000216c000 	C:\WINDOWS\SYSTEM32\WINMMBASE.dll
0x00007ff9fdc40000 - 0x00007ff9fdc83000 	C:\WINDOWS\system32\cfgmgr32.dll
0x0000000056300000 - 0x000000005630f000 	C:\Program Files\Java\jdk1.8.0_101\jre\bin\verify.dll
0x00000000562d0000 - 0x00000000562f9000 	C:\Program Files\Java\jdk1.8.0_101\jre\bin\java.dll
0x00000000562b0000 - 0x00000000562c6000 	C:\Program Files\Java\jdk1.8.0_101\jre\bin\zip.dll
0x00007ff9fec70000 - 0x00007ffa001cc000 	C:\WINDOWS\system32\SHELL32.dll
0x00007ff9fd590000 - 0x00007ff9fdbd5000 	C:\WINDOWS\system32\windows.storage.dll
0x00007ffa002a0000 - 0x00007ffa002f2000 	C:\WINDOWS\system32\shlwapi.dll
0x00007ff9fd370000 - 0x00007ff9fd37f000 	C:\WINDOWS\system32\kernel.appcore.dll
0x00007ff9fdd40000 - 0x00007ff9fddf5000 	C:\WINDOWS\system32\shcore.dll
0x00007ff9fd310000 - 0x00007ff9fd35b000 	C:\WINDOWS\system32\powrprof.dll
0x00007ff9fd2f0000 - 0x00007ff9fd304000 	C:\WINDOWS\system32\profapi.dll

VM Arguments:
jvm_args: -Djava.awt.headless=true -Xmx1024M -Dfile.encoding=GBK -Duser.country=CN -Duser.language=zh -Duser.variant 
java_command: com.android.dx.command.Main --dex --num-threads=4 --output D:\Android\Code\AndroidCode\Screen\app\build\intermediates\pre-dexed\debug\com.android.support-recyclerview-v7-24.2.1_1842d65761502732b9bc0158316001bf13a083ea.jar D:\Android\Code\AndroidCode\Screen\app\build\intermediates\exploded-aar\com.android.support\recyclerview-v7\24.2.1\jars\classes.jar
java_class_path (initial): D:\Android\SDK\build-tools\24.0.2\lib\dx.jar
Launcher Type: SUN_STANDARD

Environment Variables:
JAVA_HOME=C:\Program Files\Java\jdk1.8.0_101
JRE_HOME=C:\Program Files\Java\jre1.8.0_101
PATH=C:\ProgramData\Oracle\Java\javapath;C:\Program Files (x86)\Intel\iCLS Client\;C:\Program Files\Intel\iCLS Client\;C:\Windows\system32;C:\Windows;C:\Windows\System32\Wbem;C:\Windows\System32\WindowsPowerShell\v1.0\;C:\Program Files (x86)\NVIDIA Corporation\PhysX\Common;C:\Program Files (x86)\Intel\Intel(R) Management Engine Components\DAL;C:\Program Files\Intel\Intel(R) Management Engine Components\DAL;C:\Program Files (x86)\Intel\Intel(R) Management Engine Components\IPT;C:\Program Files\Intel\Intel(R) Management Engine Components\IPT;C:\WINDOWS\system32;C:\WINDOWS;C:\WINDOWS\System32\Wbem;C:\WINDOWS\System32\WindowsPowerShell\v1.0\;D:\Git\cmd;C:\Program Files\Java\jdk1.8.0_101\bin;D:\SQLServer\86\100\Tools\Binn\;D:\SQLServer\100\Tools\Binn\;D:\SQLServer\100\DTS\Binn\;D:\SQLServer\86\100\Tools\Binn\VSShell\Common7\IDE\;C:\Program Files (x86)\Microsoft Visual Studio 9.0\Common7\IDE\PrivateAssemblies\;D:\SQLServer\86\100\DTS\Binn\
USERNAME=TangYuan
OS=Windows_NT
PROCESSOR_IDENTIFIER=Intel64 Family 6 Model 94 Stepping 3, GenuineIntel



---------------  S Y S T E M  ---------------

OS: Windows 10.0 , 64 bit Build 10586 (10.0.10586.0)

CPU:total 8 (4 cores per cpu, 2 threads per core) family 6 model 94 stepping 3, cmov, cx8, fxsr, mmx, sse, sse2, sse3, ssse3, sse4.1, sse4.2, popcnt, avx, avx2, aes, clmul, erms, rtm, 3dnowpref, lzcnt, ht, tsc, tscinvbit, bmi1, bmi2, adx

Memory: 4k page, physical 8281884k(1113264k free), swap 8298268k(5256k free)

vm_info: Java HotSpot(TM) 64-Bit Server VM (25.101-b13) for windows-amd64 JRE (1.8.0_101-b13), built on Jun 22 2016 01:21:29 by "java_re" with MS VC++ 10.0 (VS2010)

time: Wed Oct 12 01:17:49 2016
elapsed time: 2 seconds (0d 0h 0m 2s)

