#
# There is insufficient memory for the Java Runtime Environment to continue.
# Native memory allocation (malloc) failed to allocate 65552 bytes for Chunk::new
# Possible reasons:
#   The system is out of physical RAM or swap space
#   In 32 bit mode, the process size limit was hit
# Possible solutions:
#   Reduce memory load on the system
#   Increase physical memory or swap space
#   Check if swap backing store is full
#   Use 64 bit Java on a 64 bit OS
#   Decrease Java heap size (-Xmx/-Xms)
#   Decrease number of Java threads
#   Decrease Java thread stack sizes (-Xss)
#   Set larger code cache with -XX:ReservedCodeCacheSize=
# This output file may be truncated or incomplete.
#
#  Out of Memory Error (allocation.cpp:390), pid=7220, tid=0x0000000000000e5c
#
# JRE version: Java(TM) SE Runtime Environment (8.0_101-b13) (build 1.8.0_101-b13)
# Java VM: Java HotSpot(TM) 64-Bit Server VM (25.101-b13 mixed mode windows-amd64 compressed oops)
# Failed to write core dump. Minidumps are not enabled by default on client versions of Windows
#

---------------  T H R E A D  ---------------

Current thread (0x0000000017124800):  JavaThread "C2 CompilerThread0" daemon [_thread_in_native, id=3676, stack(0x0000000017800000,0x0000000017900000)]

Stack: [0x0000000017800000,0x0000000017900000]
[error occurred during error reporting (printing stack bounds), id 0xc0000005]

Native frames: (J=compiled Java code, j=interpreted, Vv=VM code, C=native code)


Current CompileTask:
C2:   3351 1946       4       com.android.dx.ssa.SsaConverter::edgeSplitSuccessors (98 bytes)


---------------  P R O C E S S  ---------------

Java Threads: ( => current thread )
  0x0000000017475000 JavaThread "pool-1-thread-4" [_thread_blocked, id=4568, stack(0x0000000018a00000,0x0000000018b00000)]
  0x0000000017474000 JavaThread "pool-1-thread-3" [_thread_blocked, id=7824, stack(0x0000000018900000,0x0000000018a00000)]
  0x000000001739c000 JavaThread "pool-1-thread-2" [_thread_blocked, id=1272, stack(0x0000000018800000,0x0000000018900000)]
  0x0000000017391800 JavaThread "pool-2-thread-1" [_thread_blocked, id=3704, stack(0x0000000018700000,0x0000000018800000)]
  0x0000000017391000 JavaThread "pool-1-thread-1" [_thread_blocked, id=7892, stack(0x0000000018600000,0x0000000018700000)]
  0x00000000171d1000 JavaThread "Service Thread" daemon [_thread_blocked, id=6388, stack(0x0000000017c00000,0x0000000017d00000)]
  0x000000001714b800 JavaThread "C1 CompilerThread3" daemon [_thread_blocked, id=7500, stack(0x0000000017b00000,0x0000000017c00000)]
  0x000000001712d000 JavaThread "C2 CompilerThread2" daemon [_thread_in_native, id=8056, stack(0x0000000017a00000,0x0000000017b00000)]
  0x0000000017128000 JavaThread "C2 CompilerThread1" daemon [_thread_in_native, id=7996, stack(0x0000000017900000,0x0000000017a00000)]
=>0x0000000017124800 JavaThread "C2 CompilerThread0" daemon [_thread_in_native, id=3676, stack(0x0000000017800000,0x0000000017900000)]
  0x0000000017122800 JavaThread "Attach Listener" daemon [_thread_blocked, id=568, stack(0x0000000017700000,0x0000000017800000)]
  0x00000000170d7000 JavaThread "Signal Dispatcher" daemon [_thread_blocked, id=8040, stack(0x0000000017600000,0x0000000017700000)]
  0x00000000026b9000 JavaThread "Finalizer" daemon [_thread_blocked, id=1380, stack(0x00000000174a0000,0x00000000175a0000)]
  0x00000000026b7800 JavaThread "Reference Handler" daemon [_thread_blocked, id=1500, stack(0x0000000016fa0000,0x00000000170a0000)]
  0x00000000024be000 JavaThread "main" [_thread_blocked, id=6980, stack(0x00000000024c0000,0x00000000025c0000)]

Other Threads:
  0x00000000151d9800 VMThread [stack: 0x0000000016ea0000,0x0000000016fa0000] [id=7692]
  0x0000000017233000 WatcherThread [stack: 0x0000000017d00000,0x0000000017e00000] [id=5436]

VM state:not at safepoint (normal execution)

VM Mutex/Monitor currently owned by a thread: None

Heap:
 PSYoungGen      total 71680K, used 16888K [0x00000000eab00000, 0x00000000f3700000, 0x0000000100000000)
  eden space 66560K, 17% used [0x00000000eab00000,0x00000000eb684b38,0x00000000eec00000)
  from space 5120K, 99% used [0x00000000eec00000,0x00000000ef0f96a0,0x00000000ef100000)
  to   space 5120K, 0% used [0x00000000f3200000,0x00000000f3200000,0x00000000f3700000)
 ParOldGen       total 87552K, used 15936K [0x00000000c0000000, 0x00000000c5580000, 0x00000000eab00000)
  object space 87552K, 18% used [0x00000000c0000000,0x00000000c0f903b8,0x00000000c5580000)
 Metaspace       used 6302K, capacity 7216K, committed 7296K, reserved 1056768K
  class space    used 595K, capacity 616K, committed 640K, reserved 1048576K

Card table byte_map: [0x0000000011a80000,0x0000000011c90000] byte_map_base: 0x0000000011480000

Marking Bits: (ParMarkBitMap*) 0x0000000056c0a6d0
 Begin Bits: [0x00000000125f0000, 0x00000000135f0000)
 End Bits:   [0x00000000135f0000, 0x00000000145f0000)

Polling page: 0x0000000000530000

CodeCache: size=245760Kb used=8114Kb max_used=8114Kb free=237645Kb
 bounds [0x00000000026c0000, 0x0000000002ec0000, 0x00000000116c0000]
 total_blobs=2161 nmethods=1895 adapters=178
 compilation: enabled

Compilation events (10 events):
Event: 3.297 Thread 0x0000000017124800 nmethod 1940 0x0000000002cff790 code [0x0000000002cff8c0, 0x0000000002cff958]
Event: 3.297 Thread 0x0000000017124800 1943       4       com.android.dx.util.ByteArray::getInt (47 bytes)
Event: 3.298 Thread 0x0000000017124800 nmethod 1943 0x0000000002e9b390 code [0x0000000002e9b4e0, 0x0000000002e9b658]
Event: 3.298 Thread 0x0000000017124800 1946       4       com.android.dx.ssa.SsaConverter::edgeSplitSuccessors (98 bytes)
Event: 3.299 Thread 0x000000001714b800 1948       3       com.android.dx.ssa.MoveParamCombiner$1::visitNonMoveInsn (213 bytes)
Event: 3.300 Thread 0x000000001714b800 nmethod 1948 0x0000000002ea4690 code [0x0000000002ea4960, 0x0000000002ea65f8]
Event: 3.303 Thread 0x0000000017128000 nmethod 1941 0x0000000002e9a090 code [0x0000000002e9a220, 0x0000000002e9ab18]
Event: 3.303 Thread 0x0000000017128000 1947       4       com.android.dx.ssa.back.FirstFitLocalCombiningAllocator::tryMapRegs (110 bytes)
Event: 3.330 Thread 0x000000001714b800 1950 %     3       com.android.dx.ssa.LocalVariableExtractor::processBlock @ 119 (383 bytes)
Event: 3.333 Thread 0x000000001714b800 nmethod 1950% 0x0000000002eb2d10 code [0x0000000002eb31c0, 0x0000000002eb6968]

GC Heap History (6 events):
Event: 1.337 GC heap before
{Heap before GC invocations=1 (full 0):
 PSYoungGen      total 38400K, used 33280K [0x00000000eab00000, 0x00000000ed580000, 0x0000000100000000)
  eden space 33280K, 100% used [0x00000000eab00000,0x00000000ecb80000,0x00000000ecb80000)
  from space 5120K, 0% used [0x00000000ed080000,0x00000000ed080000,0x00000000ed580000)
  to   space 5120K, 0% used [0x00000000ecb80000,0x00000000ecb80000,0x00000000ed080000)
 ParOldGen       total 87552K, used 0K [0x00000000c0000000, 0x00000000c5580000, 0x00000000eab00000)
  object space 87552K, 0% used [0x00000000c0000000,0x00000000c0000358,0x00000000c5580000)
 Metaspace       used 5922K, capacity 6896K, committed 7040K, reserved 1056768K
  class space    used 595K, capacity 616K, committed 640K, reserved 1048576K
Event: 1.363 GC heap after
Heap after GC invocations=1 (full 0):
 PSYoungGen      total 38400K, used 5089K [0x00000000eab00000, 0x00000000ef600000, 0x0000000100000000)
  eden space 33280K, 0% used [0x00000000eab00000,0x00000000eab00000,0x00000000ecb80000)
  from space 5120K, 99% used [0x00000000ecb80000,0x00000000ed078460,0x00000000ed080000)
  to   space 5120K, 0% used [0x00000000ef100000,0x00000000ef100000,0x00000000ef600000)
 ParOldGen       total 87552K, used 1181K [0x00000000c0000000, 0x00000000c5580000, 0x00000000eab00000)
  object space 87552K, 1% used [0x00000000c0000000,0x00000000c0127538,0x00000000c5580000)
 Metaspace       used 5922K, capacity 6896K, committed 7040K, reserved 1056768K
  class space    used 595K, capacity 616K, committed 640K, reserved 1048576K
}
Event: 1.644 GC heap before
{Heap before GC invocations=2 (full 0):
 PSYoungGen      total 38400K, used 38369K [0x00000000eab00000, 0x00000000ef600000, 0x0000000100000000)
  eden space 33280K, 100% used [0x00000000eab00000,0x00000000ecb80000,0x00000000ecb80000)
  from space 5120K, 99% used [0x00000000ecb80000,0x00000000ed078460,0x00000000ed080000)
  to   space 5120K, 0% used [0x00000000ef100000,0x00000000ef100000,0x00000000ef600000)
 ParOldGen       total 87552K, used 1183K [0x00000000c0000000, 0x00000000c5580000, 0x00000000eab00000)
  object space 87552K, 1% used [0x00000000c0000000,0x00000000c0127d08,0x00000000c5580000)
 Metaspace       used 6119K, capacity 7088K, committed 7296K, reserved 1056768K
  class space    used 595K, capacity 616K, committed 640K, reserved 1048576K
Event: 1.696 GC heap after
Heap after GC invocations=2 (full 0):
 PSYoungGen      total 71680K, used 5112K [0x00000000eab00000, 0x00000000ef600000, 0x0000000100000000)
  eden space 66560K, 0% used [0x00000000eab00000,0x00000000eab00000,0x00000000eec00000)
  from space 5120K, 99% used [0x00000000ef100000,0x00000000ef5fe028,0x00000000ef600000)
  to   space 5120K, 0% used [0x00000000eec00000,0x00000000eec00000,0x00000000ef100000)
 ParOldGen       total 87552K, used 5310K [0x00000000c0000000, 0x00000000c5580000, 0x00000000eab00000)
  object space 87552K, 6% used [0x00000000c0000000,0x00000000c052fa48,0x00000000c5580000)
 Metaspace       used 6119K, capacity 7088K, committed 7296K, reserved 1056768K
  class space    used 595K, capacity 616K, committed 640K, reserved 1048576K
}
Event: 2.856 GC heap before
{Heap before GC invocations=3 (full 0):
 PSYoungGen      total 71680K, used 71672K [0x00000000eab00000, 0x00000000ef600000, 0x0000000100000000)
  eden space 66560K, 100% used [0x00000000eab00000,0x00000000eec00000,0x00000000eec00000)
  from space 5120K, 99% used [0x00000000ef100000,0x00000000ef5fe028,0x00000000ef600000)
  to   space 5120K, 0% used [0x00000000eec00000,0x00000000eec00000,0x00000000ef100000)
 ParOldGen       total 87552K, used 5310K [0x00000000c0000000, 0x00000000c5580000, 0x00000000eab00000)
  object space 87552K, 6% used [0x00000000c0000000,0x00000000c052fa48,0x00000000c5580000)
 Metaspace       used 6299K, capacity 7216K, committed 7296K, reserved 1056768K
  class space    used 595K, capacity 616K, committed 640K, reserved 1048576K
Event: 2.877 GC heap after
Heap after GC invocations=3 (full 0):
 PSYoungGen      total 71680K, used 5093K [0x00000000eab00000, 0x00000000f3700000, 0x0000000100000000)
  eden space 66560K, 0% used [0x00000000eab00000,0x00000000eab00000,0x00000000eec00000)
  from space 5120K, 99% used [0x00000000eec00000,0x00000000ef0f96a0,0x00000000ef100000)
  to   space 5120K, 0% used [0x00000000f3200000,0x00000000f3200000,0x00000000f3700000)
 ParOldGen       total 87552K, used 15936K [0x00000000c0000000, 0x00000000c5580000, 0x00000000eab00000)
  object space 87552K, 18% used [0x00000000c0000000,0x00000000c0f903b8,0x00000000c5580000)
 Metaspace       used 6299K, capacity 7216K, committed 7296K, reserved 1056768K
  class space    used 595K, capacity 616K, committed 640K, reserved 1048576K
}

Deoptimization events (10 events):
Event: 2.123 Thread 0x0000000017391000 Uncommon trap: reason=unstable_if action=reinterpret pc=0x0000000002c95f84 method=com.android.dx.ssa.SCCP.simulateStmt(Lcom/android/dx/ssa/SsaInsn;)V @ 53
Event: 2.147 Thread 0x00000000024be000 Uncommon trap: reason=unloaded action=reinterpret pc=0x0000000002bf9e70 method=com.android.dx.cf.cst.ConstantPoolParser.parse0(ILjava/util/BitSet;)Lcom/android/dx/rop/cst/Constant; @ 176
Event: 2.165 Thread 0x0000000017475000 Uncommon trap: reason=unstable_if action=reinterpret pc=0x0000000002b9533c method=com.android.dx.util.IntList.binarysearch(I)I @ 105
Event: 2.170 Thread 0x0000000017475000 Uncommon trap: reason=unstable_if action=reinterpret pc=0x0000000002d106d4 method=com.android.dx.ssa.MoveParamCombiner$1.visitNonMoveInsn(Lcom/android/dx/ssa/NormalSsaInsn;)V @ 27
Event: 2.185 Thread 0x000000001739c000 Uncommon trap: reason=unstable_if action=reinterpret pc=0x0000000002a89a14 method=com.android.dx.rop.code.RegisterSpec.equals(ILcom/android/dx/rop/type/TypeBearer;Lcom/android/dx/rop/code/LocalItem;)Z @ 16
Event: 2.254 Thread 0x00000000024be000 Uncommon trap: reason=bimorphic action=maybe_recompile pc=0x0000000002ace974 method=java.util.HashMap.getNode(ILjava/lang/Object;)Ljava/util/HashMap$Node; @ 126
Event: 2.258 Thread 0x00000000024be000 Uncommon trap: reason=bimorphic action=maybe_recompile pc=0x0000000002ace974 method=java.util.HashMap.getNode(ILjava/lang/Object;)Ljava/util/HashMap$Node; @ 126
Event: 2.283 Thread 0x0000000017474000 Uncommon trap: reason=unstable_if action=reinterpret pc=0x0000000002d99384 method=com.android.dx.rop.code.RegisterSpec.equals(ILcom/android/dx/rop/type/TypeBearer;Lcom/android/dx/rop/code/LocalItem;)Z @ 42
Event: 2.284 Thread 0x0000000017474000 Uncommon trap: reason=bimorphic action=maybe_recompile pc=0x0000000002d690e8 method=com.android.dx.ssa.LiteralOpUpgrader.tryReplacingWithConstant(Lcom/android/dx/ssa/NormalSsaInsn;)Z @ 62
Event: 2.287 Thread 0x0000000017474000 Uncommon trap: reason=bimorphic action=maybe_recompile pc=0x0000000002d690e8 method=com.android.dx.ssa.LiteralOpUpgrader.tryReplacingWithConstant(Lcom/android/dx/ssa/NormalSsaInsn;)Z @ 62

Internal exceptions (4 events):
Event: 0.033 Thread 0x00000000024be000 Exception <a 'java/lang/NoSuchMethodError': Method sun.misc.Unsafe.defineClass(Ljava/lang/String;[BII)Ljava/lang/Class; name or signature does not match> (0x00000000eab07cc0) thrown at [C:\re\workspace\8-2-build-windows-amd64-cygwin\jdk8u101\7261\hotspot\sq\#Gº ?
Event: 0.033 Thread 0x00000000024be000 Exception <a 'java/lang/NoSuchMethodError': Method sun.misc.Unsafe.prefetchRead(Ljava/lang/Object;J)V name or signature does not match> (0x00000000eab07fa8) thrown at [C:\re\workspace\8-2-build-windows-amd64-cygwin\jdk8u101\7261\hotspot\src\share\vm\prims\¿¯-0ø?
Event: 1.504 Thread 0x0000000017391000 Implicit null exception at 0x0000000002b40ec4 to 0x0000000002b41de5
Event: 1.627 Thread 0x0000000017475000 Implicit null exception at 0x0000000002ab8362 to 0x0000000002ab845a

Events (10 events):
Event: 2.287 Thread 0x0000000017474000 DEOPT PACKING pc=0x0000000002d690e8 sp=0x00000000189fe6e0
Event: 2.287 Thread 0x0000000017474000 DEOPT UNPACKING pc=0x000000000270582a sp=0x00000000189fe5e8 mode 2
Event: 2.727 Thread 0x00000000024be000 DEOPT PACKING pc=0x0000000002ca8c68 sp=0x00000000025bed10
Event: 2.727 Thread 0x00000000024be000 DEOPT UNPACKING pc=0x000000000270787f sp=0x00000000025be9d8 mode 0
Event: 2.823 Thread 0x0000000017474000 DEOPT PACKING pc=0x0000000002a542bd sp=0x00000000189fe930
Event: 2.823 Thread 0x0000000017474000 DEOPT UNPACKING pc=0x000000000270787f sp=0x00000000189fe6d0 mode 0
Event: 2.856 Executing VM operation: ParallelGCFailedAllocation
Event: 2.877 Executing VM operation: ParallelGCFailedAllocation done
Event: 3.296 loading class com/android/dx/cf/iface/ParseObserver
Event: 3.296 loading class com/android/dx/cf/iface/ParseObserver done


Dynamic libraries:
0x00007ff7c11d0000 - 0x00007ff7c1207000 	C:\Program Files\Java\jdk1.8.0_101\bin\java.exe
0x00007ffa00cd0000 - 0x00007ffa00e91000 	C:\WINDOWS\SYSTEM32\ntdll.dll
0x00007ffa00c20000 - 0x00007ffa00ccd000 	C:\WINDOWS\system32\KERNEL32.DLL
0x00007ff9fd380000 - 0x00007ff9fd568000 	C:\WINDOWS\system32\KERNELBASE.dll
0x00007ff9fe9c0000 - 0x00007ff9fea67000 	C:\WINDOWS\system32\ADVAPI32.dll
0x00007ff9fe150000 - 0x00007ff9fe1ed000 	C:\WINDOWS\system32\msvcrt.dll
0x00007ffa006d0000 - 0x00007ffa0072b000 	C:\WINDOWS\system32\sechost.dll
0x00007ff9fe1f0000 - 0x00007ff9fe30c000 	C:\WINDOWS\system32\RPCRT4.dll
0x00007ffa00880000 - 0x00007ffa009d6000 	C:\WINDOWS\system32\USER32.dll
0x00007ff9feae0000 - 0x00007ff9fec66000 	C:\WINDOWS\system32\GDI32.dll
0x00007ff9f70b0000 - 0x00007ff9f7324000 	C:\WINDOWS\WinSxS\amd64_microsoft.windows.common-controls_6595b64144ccf1df_6.0.10586.0_none_8c15ae12515e1c22\COMCTL32.dll
0x00007ff9fe740000 - 0x00007ff9fe9bd000 	C:\WINDOWS\system32\combase.dll
0x00007ff9fde00000 - 0x00007ff9fde6a000 	C:\WINDOWS\system32\bcryptPrimitives.dll
0x00007ffa00b80000 - 0x00007ffa00bbb000 	C:\WINDOWS\system32\IMM32.DLL
0x0000000055d70000 - 0x0000000055e42000 	C:\Program Files\Java\jdk1.8.0_101\jre\bin\msvcr100.dll
0x00000000563f0000 - 0x0000000056c8a000 	C:\Program Files\Java\jdk1.8.0_101\jre\bin\server\jvm.dll
0x00007ffa00a40000 - 0x00007ffa00a48000 	C:\WINDOWS\system32\PSAPI.DLL
0x00007ff9fa150000 - 0x00007ff9fa159000 	C:\WINDOWS\SYSTEM32\WSOCK32.dll
0x00007ff9fe0e0000 - 0x00007ff9fe14b000 	C:\WINDOWS\system32\WS2_32.dll
0x00007ff9f7330000 - 0x00007ff9f733a000 	C:\WINDOWS\SYSTEM32\VERSION.dll
0x00007ff9fb210000 - 0x00007ff9fb233000 	C:\WINDOWS\SYSTEM32\WINMM.dll
0x00007ff9fb1e0000 - 0x00007ff9fb20c000 	C:\WINDOWS\SYSTEM32\WINMMBASE.dll
0x00007ff9fdc40000 - 0x00007ff9fdc83000 	C:\WINDOWS\system32\cfgmgr32.dll
0x0000000056300000 - 0x000000005630f000 	C:\Program Files\Java\jdk1.8.0_101\jre\bin\verify.dll
0x00000000562d0000 - 0x00000000562f9000 	C:\Program Files\Java\jdk1.8.0_101\jre\bin\java.dll
0x00000000562b0000 - 0x00000000562c6000 	C:\Program Files\Java\jdk1.8.0_101\jre\bin\zip.dll
0x00007ff9fec70000 - 0x00007ffa001cc000 	C:\WINDOWS\system32\SHELL32.dll
0x00007ff9fd590000 - 0x00007ff9fdbd5000 	C:\WINDOWS\system32\windows.storage.dll
0x00007ffa002a0000 - 0x00007ffa002f2000 	C:\WINDOWS\system32\shlwapi.dll
0x00007ff9fd370000 - 0x00007ff9fd37f000 	C:\WINDOWS\system32\kernel.appcore.dll
0x00007ff9fdd40000 - 0x00007ff9fddf5000 	C:\WINDOWS\system32\shcore.dll
0x00007ff9fd310000 - 0x00007ff9fd35b000 	C:\WINDOWS\system32\powrprof.dll
0x00007ff9fd2f0000 - 0x00007ff9fd304000 	C:\WINDOWS\system32\profapi.dll

VM Arguments:
jvm_args: -Djava.awt.headless=true -Xmx1024M -Dfile.encoding=GBK -Duser.country=CN -Duser.language=zh -Duser.variant 
java_command: com.android.dx.command.Main --dex --num-threads=4 --output D:\Android\Code\AndroidCode\Screen\app\build\intermediates\pre-dexed\debug\com.android.support-support-compat-24.2.1_37cb2df79521623ab4b82c52eb328540fc1314c1.jar D:\Android\Code\AndroidCode\Screen\app\build\intermediates\exploded-aar\com.android.support\support-compat\24.2.1\jars\classes.jar
java_class_path (initial): D:\Android\SDK\build-tools\24.0.2\lib\dx.jar
Launcher Type: SUN_STANDARD

Environment Variables:
JAVA_HOME=C:\Program Files\Java\jdk1.8.0_101
JRE_HOME=C:\Program Files\Java\jre1.8.0_101
PATH=C:\ProgramData\Oracle\Java\javapath;C:\Program Files (x86)\Intel\iCLS Client\;C:\Program Files\Intel\iCLS Client\;C:\Windows\system32;C:\Windows;C:\Windows\System32\Wbem;C:\Windows\System32\WindowsPowerShell\v1.0\;C:\Program Files (x86)\NVIDIA Corporation\PhysX\Common;C:\Program Files (x86)\Intel\Intel(R) Management Engine Components\DAL;C:\Program Files\Intel\Intel(R) Management Engine Components\DAL;C:\Program Files (x86)\Intel\Intel(R) Management Engine Components\IPT;C:\Program Files\Intel\Intel(R) Management Engine Components\IPT;C:\WINDOWS\system32;C:\WINDOWS;C:\WINDOWS\System32\Wbem;C:\WINDOWS\System32\WindowsPowerShell\v1.0\;D:\Git\cmd;C:\Program Files\Java\jdk1.8.0_101\bin;D:\SQLServer\86\100\Tools\Binn\;D:\SQLServer\100\Tools\Binn\;D:\SQLServer\100\DTS\Binn\;D:\SQLServer\86\100\Tools\Binn\VSShell\Common7\IDE\;C:\Program Files (x86)\Microsoft Visual Studio 9.0\Common7\IDE\PrivateAssemblies\;D:\SQLServer\86\100\DTS\Binn\
USERNAME=TangYuan
OS=Windows_NT
PROCESSOR_IDENTIFIER=Intel64 Family 6 Model 94 Stepping 3, GenuineIntel



---------------  S Y S T E M  ---------------

OS: Windows 10.0 , 64 bit Build 10586 (10.0.10586.0)

CPU:total 8 (4 cores per cpu, 2 threads per core) family 6 model 94 stepping 3, cmov, cx8, fxsr, mmx, sse, sse2, sse3, ssse3, sse4.1, sse4.2, popcnt, avx, avx2, aes, clmul, erms, rtm, 3dnowpref, lzcnt, ht, tsc, tscinvbit, bmi1, bmi2, adx

Memory: 4k page, physical 8281884k(1002884k free), swap 8298268k(5320k free)

vm_info: Java HotSpot(TM) 64-Bit Server VM (25.101-b13) for windows-amd64 JRE (1.8.0_101-b13), built on Jun 22 2016 01:21:29 by "java_re" with MS VC++ 10.0 (VS2010)

time: Wed Oct 12 01:18:28 2016
elapsed time: 3 seconds (0d 0h 0m 3s)

