#
# There is insufficient memory for the Java Runtime Environment to continue.
# Native memory allocation (malloc) failed to allocate 741776 bytes for Chunk::new
# Possible reasons:
#   The system is out of physical RAM or swap space
#   In 32 bit mode, the process size limit was hit
# Possible solutions:
#   Reduce memory load on the system
#   Increase physical memory or swap space
#   Check if swap backing store is full
#   Use 64 bit Java on a 64 bit OS
#   Decrease Java heap size (-Xmx/-Xms)
#   Decrease number of Java threads
#   Decrease Java thread stack sizes (-Xss)
#   Set larger code cache with -XX:ReservedCodeCacheSize=
# This output file may be truncated or incomplete.
#
#  Out of Memory Error (allocation.cpp:390), pid=8060, tid=0x0000000000000a48
#
# JRE version: Java(TM) SE Runtime Environment (8.0_101-b13) (build 1.8.0_101-b13)
# Java VM: Java HotSpot(TM) 64-Bit Server VM (25.101-b13 mixed mode windows-amd64 compressed oops)
# Failed to write core dump. Minidumps are not enabled by default on client versions of Windows
#

---------------  T H R E A D  ---------------

Current thread (0x000000001710b800):  JavaThread "C2 CompilerThread1" daemon [_thread_in_native, id=2632, stack(0x00000000178e0000,0x00000000179e0000)]

Stack: [0x00000000178e0000,0x00000000179e0000]
[error occurred during error reporting (printing stack bounds), id 0xc0000005]

Native frames: (J=compiled Java code, j=interpreted, Vv=VM code, C=native code)


Current CompileTask:
C2:   2862 1668   !   4       com.android.dx.cf.code.BytecodeArray::parseInstruction (2764 bytes)


---------------  P R O C E S S  ---------------

Java Threads: ( => current thread )
  0x00000000173c0800 JavaThread "pool-1-thread-4" [_thread_in_Java, id=6820, stack(0x00000000181e0000,0x00000000182e0000)]
  0x00000000173b4800 JavaThread "pool-1-thread-3" [_thread_in_Java, id=7220, stack(0x00000000180e0000,0x00000000181e0000)]
  0x00000000173b8000 JavaThread "pool-1-thread-2" [_thread_in_Java, id=1812, stack(0x0000000017fe0000,0x00000000180e0000)]
  0x000000001737e000 JavaThread "pool-2-thread-1" [_thread_blocked, id=2876, stack(0x0000000017ee0000,0x0000000017fe0000)]
  0x000000001737d800 JavaThread "pool-1-thread-1" [_thread_in_Java, id=4344, stack(0x0000000017de0000,0x0000000017ee0000)]
  0x00000000171ac800 JavaThread "Service Thread" daemon [_thread_blocked, id=5232, stack(0x0000000017be0000,0x0000000017ce0000)]
  0x0000000017117000 JavaThread "C1 CompilerThread3" daemon [_thread_blocked, id=2108, stack(0x0000000017ae0000,0x0000000017be0000)]
  0x0000000017113000 JavaThread "C2 CompilerThread2" daemon [_thread_in_native, id=2616, stack(0x00000000179e0000,0x0000000017ae0000)]
=>0x000000001710b800 JavaThread "C2 CompilerThread1" daemon [_thread_in_native, id=2632, stack(0x00000000178e0000,0x00000000179e0000)]
  0x00000000151ad800 JavaThread "C2 CompilerThread0" daemon [_thread_in_native, id=7616, stack(0x00000000177e0000,0x00000000178e0000)]
  0x0000000017108800 JavaThread "Attach Listener" daemon [_thread_blocked, id=2532, stack(0x00000000176e0000,0x00000000177e0000)]
  0x00000000170bc000 JavaThread "Signal Dispatcher" daemon [_thread_blocked, id=4280, stack(0x00000000175e0000,0x00000000176e0000)]
  0x00000000170a0800 JavaThread "Finalizer" daemon [_thread_blocked, id=7768, stack(0x0000000017480000,0x0000000017580000)]
  0x0000000002657800 JavaThread "Reference Handler" daemon [_thread_blocked, id=4824, stack(0x0000000016f80000,0x0000000017080000)]
  0x00000000009de000 JavaThread "main" [_thread_in_vm, id=7812, stack(0x0000000002110000,0x0000000002210000)]

Other Threads:
  0x0000000015199800 VMThread [stack: 0x0000000016e80000,0x0000000016f80000] [id=784]
  0x0000000017207800 WatcherThread [stack: 0x0000000017ce0000,0x0000000017de0000] [id=7460]

VM state:not at safepoint (normal execution)

VM Mutex/Monitor currently owned by a thread: None

Heap:
 PSYoungGen      total 71680K, used 55283K [0x00000000eab00000, 0x00000000ef600000, 0x0000000100000000)
  eden space 66560K, 75% used [0x00000000eab00000,0x00000000edbfdc10,0x00000000eec00000)
  from space 5120K, 99% used [0x00000000ef100000,0x00000000ef5ff2a8,0x00000000ef600000)
  to   space 5120K, 0% used [0x00000000eec00000,0x00000000eec00000,0x00000000ef100000)
 ParOldGen       total 87552K, used 7240K [0x00000000c0000000, 0x00000000c5580000, 0x00000000eab00000)
  object space 87552K, 8% used [0x00000000c0000000,0x00000000c0712278,0x00000000c5580000)
 Metaspace       used 6259K, capacity 7128K, committed 7424K, reserved 1056768K
  class space    used 614K, capacity 656K, committed 768K, reserved 1048576K

Card table byte_map: [0x0000000011a20000,0x0000000011c30000] byte_map_base: 0x0000000011420000

Marking Bits: (ParMarkBitMap*) 0x0000000056c0a6d0
 Begin Bits: [0x0000000012590000, 0x0000000013590000)
 End Bits:   [0x0000000013590000, 0x0000000014590000)

Polling page: 0x0000000000990000

CodeCache: size=245760Kb used=7469Kb max_used=7477Kb free=238290Kb
 bounds [0x0000000002660000, 0x0000000002dc0000, 0x0000000011660000]
 total_blobs=1950 nmethods=1685 adapters=178
 compilation: enabled

Compilation events (10 events):
Event: 2.846 Thread 0x0000000017117000 1720       2       com.android.dx.ssa.back.FirstFitLocalCombiningAllocator::rangeContainsReserved (30 bytes)
Event: 2.846 Thread 0x0000000017117000 nmethod 1720 0x0000000002da9350 code [0x0000000002da94c0, 0x0000000002da96e8]
Event: 2.846 Thread 0x0000000017117000 1722       2       com.android.dx.ssa.back.FirstFitLocalCombiningAllocator$Multiset::getAndRemoveHighestCount (63 bytes)
Event: 2.846 Thread 0x0000000017117000 nmethod 1722 0x0000000002da8d50 code [0x0000000002da8ec0, 0x0000000002da9110]
Event: 2.846 Thread 0x0000000017117000 1721       2       com.android.dx.ssa.SsaMethod::makeNewSsaReg (26 bytes)
Event: 2.847 Thread 0x0000000017117000 nmethod 1721 0x0000000002da89d0 code [0x0000000002da8b20, 0x0000000002da8cb0]
Event: 2.855 Thread 0x0000000017117000 1723       2       java.util.TreeMap::entrySet (27 bytes)
Event: 2.855 Thread 0x0000000017117000 nmethod 1723 0x0000000002da8610 code [0x0000000002da8760, 0x0000000002da8930]
Event: 2.855 Thread 0x0000000017117000 1724       2       java.util.TreeMap$EntrySet::iterator (19 bytes)
Event: 2.856 Thread 0x0000000017117000 nmethod 1724 0x0000000002da80d0 code [0x0000000002da8240, 0x0000000002da84b0]

GC Heap History (4 events):
Event: 1.133 GC heap before
{Heap before GC invocations=1 (full 0):
 PSYoungGen      total 38400K, used 33280K [0x00000000eab00000, 0x00000000ed580000, 0x0000000100000000)
  eden space 33280K, 100% used [0x00000000eab00000,0x00000000ecb80000,0x00000000ecb80000)
  from space 5120K, 0% used [0x00000000ed080000,0x00000000ed080000,0x00000000ed580000)
  to   space 5120K, 0% used [0x00000000ecb80000,0x00000000ecb80000,0x00000000ed080000)
 ParOldGen       total 87552K, used 0K [0x00000000c0000000, 0x00000000c5580000, 0x00000000eab00000)
  object space 87552K, 0% used [0x00000000c0000000,0x00000000c0000000,0x00000000c5580000)
 Metaspace       used 5944K, capacity 6960K, committed 7040K, reserved 1056768K
  class space    used 594K, capacity 616K, committed 640K, reserved 1048576K
Event: 1.302 GC heap after
Heap after GC invocations=1 (full 0):
 PSYoungGen      total 38400K, used 5118K [0x00000000eab00000, 0x00000000ef600000, 0x0000000100000000)
  eden space 33280K, 0% used [0x00000000eab00000,0x00000000eab00000,0x00000000ecb80000)
  from space 5120K, 99% used [0x00000000ecb80000,0x00000000ed07f888,0x00000000ed080000)
  to   space 5120K, 0% used [0x00000000ef100000,0x00000000ef100000,0x00000000ef600000)
 ParOldGen       total 87552K, used 2113K [0x00000000c0000000, 0x00000000c5580000, 0x00000000eab00000)
  object space 87552K, 2% used [0x00000000c0000000,0x00000000c0210740,0x00000000c5580000)
 Metaspace       used 5944K, capacity 6960K, committed 7040K, reserved 1056768K
  class space    used 594K, capacity 616K, committed 640K, reserved 1048576K
}
Event: 2.231 GC heap before
{Heap before GC invocations=2 (full 0):
 PSYoungGen      total 38400K, used 38398K [0x00000000eab00000, 0x00000000ef600000, 0x0000000100000000)
  eden space 33280K, 100% used [0x00000000eab00000,0x00000000ecb80000,0x00000000ecb80000)
  from space 5120K, 99% used [0x00000000ecb80000,0x00000000ed07f888,0x00000000ed080000)
  to   space 5120K, 0% used [0x00000000ef100000,0x00000000ef100000,0x00000000ef600000)
 ParOldGen       total 87552K, used 2113K [0x00000000c0000000, 0x00000000c5580000, 0x00000000eab00000)
  object space 87552K, 2% used [0x00000000c0000000,0x00000000c0210740,0x00000000c5580000)
 Metaspace       used 6202K, capacity 7128K, committed 7424K, reserved 1056768K
  class space    used 614K, capacity 656K, committed 768K, reserved 1048576K
Event: 2.248 GC heap after
Heap after GC invocations=2 (full 0):
 PSYoungGen      total 71680K, used 5116K [0x00000000eab00000, 0x00000000ef600000, 0x0000000100000000)
  eden space 66560K, 0% used [0x00000000eab00000,0x00000000eab00000,0x00000000eec00000)
  from space 5120K, 99% used [0x00000000ef100000,0x00000000ef5ff2a8,0x00000000ef600000)
  to   space 5120K, 0% used [0x00000000eec00000,0x00000000eec00000,0x00000000ef100000)
 ParOldGen       total 87552K, used 7240K [0x00000000c0000000, 0x00000000c5580000, 0x00000000eab00000)
  object space 87552K, 8% used [0x00000000c0000000,0x00000000c0712278,0x00000000c5580000)
 Metaspace       used 6202K, capacity 7128K, committed 7424K, reserved 1056768K
  class space    used 614K, capacity 656K, committed 768K, reserved 1048576K
}

Deoptimization events (10 events):
Event: 2.012 Thread 0x000000001737d800 Uncommon trap: reason=class_check action=maybe_recompile pc=0x0000000002c64df8 method=com.android.dx.rop.code.RegisterSpec.withSimpleType()Lcom/android/dx/rop/code/RegisterSpec; @ 21
Event: 2.012 Thread 0x000000001737d800 Uncommon trap: reason=unstable_if action=reinterpret pc=0x0000000002c64ae4 method=com.android.dx.rop.code.RegisterSpecSet.localItemToSpec(Lcom/android/dx/rop/code/LocalItem;)Lcom/android/dx/rop/code/RegisterSpec; @ 35
Event: 2.014 Thread 0x000000001737d800 Uncommon trap: reason=unstable_if action=reinterpret pc=0x0000000002b99820 method=com.android.dx.rop.code.RegisterSpecSet.localItemToSpec(Lcom/android/dx/rop/code/LocalItem;)Lcom/android/dx/rop/code/RegisterSpec; @ 35
Event: 2.052 Thread 0x00000000173c0800 Uncommon trap: reason=null_check action=make_not_entrant pc=0x0000000002910528 method=com.android.dx.rop.type.Type.equals(Ljava/lang/Object;)Z @ 8
Event: 2.056 Thread 0x00000000173b4800 Uncommon trap: reason=unstable_if action=reinterpret pc=0x0000000002a71fec method=java.util.HashMap.putVal(ILjava/lang/Object;Ljava/lang/Object;ZZ)Ljava/lang/Object; @ 162
Event: 2.292 Thread 0x00000000173b4800 Uncommon trap: reason=unstable_if action=reinterpret pc=0x0000000002abbb80 method=com.android.dx.ssa.SCCP.simulateStmt(Lcom/android/dx/ssa/SsaInsn;)V @ 59
Event: 2.446 Thread 0x00000000173b8000 Uncommon trap: reason=unstable_if action=reinterpret pc=0x0000000002d1607c method=java.util.HashMap.putVal(ILjava/lang/Object;Ljava/lang/Object;ZZ)Ljava/lang/Object; @ 109
Event: 2.446 Thread 0x00000000173b8000 Uncommon trap: reason=unstable_if action=reinterpret pc=0x0000000002c54b64 method=java.util.HashMap.getNode(ILjava/lang/Object;)Ljava/util/HashMap$Node; @ 84
Event: 2.642 Thread 0x00000000009de000 Uncommon trap: reason=unstable_if action=reinterpret pc=0x0000000002a74e70 method=java.util.HashMap.putVal(ILjava/lang/Object;Ljava/lang/Object;ZZ)Ljava/lang/Object; @ 162
Event: 2.780 Thread 0x00000000173b4800 Uncommon trap: reason=unstable_if action=reinterpret pc=0x0000000002cc80a0 method=java.util.HashMap.resize()[Ljava/util/HashMap$Node; @ 206

Internal exceptions (6 events):
Event: 0.081 Thread 0x00000000009de000 Exception <a 'java/lang/NoSuchMethodError': Method sun.misc.Unsafe.defineClass(Ljava/lang/String;[BII)Ljava/lang/Class; name or signature does not match> (0x00000000eab07cc0) thrown at [C:\re\workspace\8-2-build-windows-amd64-cygwin\jdk8u101\7261\hotspot\s†Ä+>¦´?
Event: 0.081 Thread 0x00000000009de000 Exception <a 'java/lang/NoSuchMethodError': Method sun.misc.Unsafe.prefetchRead(Ljava/lang/Object;J)V name or signature does not match> (0x00000000eab07fa8) thrown at [C:\re\workspace\8-2-build-windows-amd64-cygwin\jdk8u101\7261\hotspot\src\share\vm\prims\ë¹­r÷ÿ?
Event: 1.998 Thread 0x000000001737d800 Exception <a 'java/lang/ArrayIndexOutOfBoundsException': 18> (0x00000000ec13aeb8) thrown at [C:\re\workspace\8-2-build-windows-amd64-cygwin\jdk8u101\7261\hotspot\src\share\vm\interpreter\interpreterRuntime.cpp, line 366]
Event: 1.998 Thread 0x000000001737d800 Exception <a 'java/lang/ArrayIndexOutOfBoundsException': 145> (0x00000000ec13ca38) thrown at [C:\re\workspace\8-2-build-windows-amd64-cygwin\jdk8u101\7261\hotspot\src\share\vm\interpreter\interpreterRuntime.cpp, line 366]
Event: 1.999 Thread 0x000000001737d800 Exception <a 'java/lang/ArrayIndexOutOfBoundsException': 40> (0x00000000ec13dd20) thrown at [C:\re\workspace\8-2-build-windows-amd64-cygwin\jdk8u101\7261\hotspot\src\share\vm\interpreter\interpreterRuntime.cpp, line 366]
Event: 2.052 Thread 0x00000000173c0800 Implicit null exception at 0x0000000002910422 to 0x000000000291051a

Events (10 events):
Event: 2.446 Thread 0x00000000173b8000 DEOPT UNPACKING pc=0x00000000026a582a sp=0x00000000180de238 mode 2
Event: 2.446 Thread 0x00000000173b8000 Uncommon trap: trap_request=0xffffff65 fr.pc=0x0000000002c54b64
Event: 2.446 Thread 0x00000000173b8000 DEOPT PACKING pc=0x0000000002c54b64 sp=0x00000000180de330
Event: 2.446 Thread 0x00000000173b8000 DEOPT UNPACKING pc=0x00000000026a582a sp=0x00000000180de250 mode 2
Event: 2.642 Thread 0x00000000009de000 Uncommon trap: trap_request=0xffffff65 fr.pc=0x0000000002a74e70
Event: 2.642 Thread 0x00000000009de000 DEOPT PACKING pc=0x0000000002a74e70 sp=0x000000000220d6a0
Event: 2.642 Thread 0x00000000009de000 DEOPT UNPACKING pc=0x00000000026a582a sp=0x000000000220d5c8 mode 2
Event: 2.780 Thread 0x00000000173b4800 Uncommon trap: trap_request=0xffffff65 fr.pc=0x0000000002cc80a0
Event: 2.780 Thread 0x00000000173b4800 DEOPT PACKING pc=0x0000000002cc80a0 sp=0x00000000181deb20
Event: 2.780 Thread 0x00000000173b4800 DEOPT UNPACKING pc=0x00000000026a582a sp=0x00000000181dea88 mode 2


Dynamic libraries:
0x00007ff7c11d0000 - 0x00007ff7c1207000 	C:\Program Files\Java\jdk1.8.0_101\bin\java.exe
0x00007ffa00cd0000 - 0x00007ffa00e91000 	C:\WINDOWS\SYSTEM32\ntdll.dll
0x00007ffa00c20000 - 0x00007ffa00ccd000 	C:\WINDOWS\system32\KERNEL32.DLL
0x00007ff9fd380000 - 0x00007ff9fd568000 	C:\WINDOWS\system32\KERNELBASE.dll
0x00007ff9fe9c0000 - 0x00007ff9fea67000 	C:\WINDOWS\system32\ADVAPI32.dll
0x00007ff9fe150000 - 0x00007ff9fe1ed000 	C:\WINDOWS\system32\msvcrt.dll
0x00007ffa006d0000 - 0x00007ffa0072b000 	C:\WINDOWS\system32\sechost.dll
0x00007ff9fe1f0000 - 0x00007ff9fe30c000 	C:\WINDOWS\system32\RPCRT4.dll
0x00007ffa00880000 - 0x00007ffa009d6000 	C:\WINDOWS\system32\USER32.dll
0x00007ff9feae0000 - 0x00007ff9fec66000 	C:\WINDOWS\system32\GDI32.dll
0x00007ff9f70b0000 - 0x00007ff9f7324000 	C:\WINDOWS\WinSxS\amd64_microsoft.windows.common-controls_6595b64144ccf1df_6.0.10586.0_none_8c15ae12515e1c22\COMCTL32.dll
0x00007ff9fe740000 - 0x00007ff9fe9bd000 	C:\WINDOWS\system32\combase.dll
0x00007ff9fde00000 - 0x00007ff9fde6a000 	C:\WINDOWS\system32\bcryptPrimitives.dll
0x00007ffa00b80000 - 0x00007ffa00bbb000 	C:\WINDOWS\system32\IMM32.DLL
0x0000000055d70000 - 0x0000000055e42000 	C:\Program Files\Java\jdk1.8.0_101\jre\bin\msvcr100.dll
0x00000000563f0000 - 0x0000000056c8a000 	C:\Program Files\Java\jdk1.8.0_101\jre\bin\server\jvm.dll
0x00007ffa00a40000 - 0x00007ffa00a48000 	C:\WINDOWS\system32\PSAPI.DLL
0x00007ff9fa150000 - 0x00007ff9fa159000 	C:\WINDOWS\SYSTEM32\WSOCK32.dll
0x00007ff9f7330000 - 0x00007ff9f733a000 	C:\WINDOWS\SYSTEM32\VERSION.dll
0x00007ff9fb210000 - 0x00007ff9fb233000 	C:\WINDOWS\SYSTEM32\WINMM.dll
0x00007ff9fe0e0000 - 0x00007ff9fe14b000 	C:\WINDOWS\system32\WS2_32.dll
0x00007ff9fb1e0000 - 0x00007ff9fb20c000 	C:\WINDOWS\SYSTEM32\WINMMBASE.dll
0x00007ff9fdc40000 - 0x00007ff9fdc83000 	C:\WINDOWS\system32\cfgmgr32.dll
0x0000000056300000 - 0x000000005630f000 	C:\Program Files\Java\jdk1.8.0_101\jre\bin\verify.dll
0x00000000562d0000 - 0x00000000562f9000 	C:\Program Files\Java\jdk1.8.0_101\jre\bin\java.dll
0x00000000562b0000 - 0x00000000562c6000 	C:\Program Files\Java\jdk1.8.0_101\jre\bin\zip.dll
0x00007ff9fec70000 - 0x00007ffa001cc000 	C:\WINDOWS\system32\SHELL32.dll
0x00007ff9fd590000 - 0x00007ff9fdbd5000 	C:\WINDOWS\system32\windows.storage.dll
0x00007ffa002a0000 - 0x00007ffa002f2000 	C:\WINDOWS\system32\shlwapi.dll
0x00007ff9fd370000 - 0x00007ff9fd37f000 	C:\WINDOWS\system32\kernel.appcore.dll
0x00007ff9fdd40000 - 0x00007ff9fddf5000 	C:\WINDOWS\system32\shcore.dll
0x00007ff9fd310000 - 0x00007ff9fd35b000 	C:\WINDOWS\system32\powrprof.dll
0x00007ff9fd2f0000 - 0x00007ff9fd304000 	C:\WINDOWS\system32\profapi.dll

VM Arguments:
jvm_args: -Djava.awt.headless=true -Xmx1024M -Dfile.encoding=GBK -Duser.country=CN -Duser.language=zh -Duser.variant 
java_command: com.android.dx.command.Main --dex --num-threads=4 --output D:\Android\Code\AndroidCode\Screen\app\build\intermediates\pre-dexed\debug\com.android.support-support-core-ui-24.2.1_277494bf1eceeb98a8b129ecc62c38a95a26b62d.jar D:\Android\Code\AndroidCode\Screen\app\build\intermediates\exploded-aar\com.android.support\support-core-ui\24.2.1\jars\classes.jar
java_class_path (initial): D:\Android\SDK\build-tools\24.0.2\lib\dx.jar
Launcher Type: SUN_STANDARD

Environment Variables:
JAVA_HOME=C:\Program Files\Java\jdk1.8.0_101
JRE_HOME=C:\Program Files\Java\jre1.8.0_101
PATH=C:\ProgramData\Oracle\Java\javapath;C:\Program Files (x86)\Intel\iCLS Client\;C:\Program Files\Intel\iCLS Client\;C:\Windows\system32;C:\Windows;C:\Windows\System32\Wbem;C:\Windows\System32\WindowsPowerShell\v1.0\;C:\Program Files (x86)\NVIDIA Corporation\PhysX\Common;C:\Program Files (x86)\Intel\Intel(R) Management Engine Components\DAL;C:\Program Files\Intel\Intel(R) Management Engine Components\DAL;C:\Program Files (x86)\Intel\Intel(R) Management Engine Components\IPT;C:\Program Files\Intel\Intel(R) Management Engine Components\IPT;C:\WINDOWS\system32;C:\WINDOWS;C:\WINDOWS\System32\Wbem;C:\WINDOWS\System32\WindowsPowerShell\v1.0\;D:\Git\cmd;C:\Program Files\Java\jdk1.8.0_101\bin;D:\SQLServer\86\100\Tools\Binn\;D:\SQLServer\100\Tools\Binn\;D:\SQLServer\100\DTS\Binn\;D:\SQLServer\86\100\Tools\Binn\VSShell\Common7\IDE\;C:\Program Files (x86)\Microsoft Visual Studio 9.0\Common7\IDE\PrivateAssemblies\;D:\SQLServer\86\100\DTS\Binn\
USERNAME=TangYuan
OS=Windows_NT
PROCESSOR_IDENTIFIER=Intel64 Family 6 Model 94 Stepping 3, GenuineIntel



---------------  S Y S T E M  ---------------

OS: Windows 10.0 , 64 bit Build 10586 (10.0.10586.0)

CPU:total 8 (4 cores per cpu, 2 threads per core) family 6 model 94 stepping 3, cmov, cx8, fxsr, mmx, sse, sse2, sse3, ssse3, sse4.1, sse4.2, popcnt, avx, avx2, aes, clmul, erms, rtm, 3dnowpref, lzcnt, ht, tsc, tscinvbit, bmi1, bmi2, adx

Memory: 4k page, physical 8281884k(1059604k free), swap 8298268k(6232k free)

vm_info: Java HotSpot(TM) 64-Bit Server VM (25.101-b13) for windows-amd64 JRE (1.8.0_101-b13), built on Jun 22 2016 01:21:29 by "java_re" with MS VC++ 10.0 (VS2010)

time: Wed Oct 12 01:16:05 2016
elapsed time: 2 seconds (0d 0h 0m 2s)

