#
# There is insufficient memory for the Java Runtime Environment to continue.
# Native memory allocation (malloc) failed to allocate 175472 bytes for Chunk::new
# Possible reasons:
#   The system is out of physical RAM or swap space
#   In 32 bit mode, the process size limit was hit
# Possible solutions:
#   Reduce memory load on the system
#   Increase physical memory or swap space
#   Check if swap backing store is full
#   Use 64 bit Java on a 64 bit OS
#   Decrease Java heap size (-Xmx/-Xms)
#   Decrease number of Java threads
#   Decrease Java thread stack sizes (-Xss)
#   Set larger code cache with -XX:ReservedCodeCacheSize=
# This output file may be truncated or incomplete.
#
#  Out of Memory Error (allocation.cpp:390), pid=4976, tid=0x0000000000001ca4
#
# JRE version: Java(TM) SE Runtime Environment (8.0_101-b13) (build 1.8.0_101-b13)
# Java VM: Java HotSpot(TM) 64-Bit Server VM (25.101-b13 mixed mode windows-amd64 compressed oops)
# Failed to write core dump. Minidumps are not enabled by default on client versions of Windows
#

---------------  T H R E A D  ---------------

Current thread (0x00000000170fd000):  JavaThread "C2 CompilerThread2" daemon [_thread_in_native, id=7332, stack(0x00000000179e0000,0x0000000017ae0000)]

Stack: [0x00000000179e0000,0x0000000017ae0000]
[error occurred during error reporting (printing stack bounds), id 0xc0000005]

Native frames: (J=compiled Java code, j=interpreted, Vv=VM code, C=native code)


Current CompileTask:
C2:   6157 1525       4       com.android.dx.ssa.SCCP::simulatePhi (169 bytes)


---------------  P R O C E S S  ---------------

Java Threads: ( => current thread )
  0x000000001743b800 JavaThread "pool-1-thread-4" [_thread_in_Java, id=7216, stack(0x00000000189e0000,0x0000000018ae0000)]
  0x000000001743b000 JavaThread "pool-1-thread-3" [_thread_in_Java, id=7008, stack(0x00000000188e0000,0x00000000189e0000)]
  0x000000001743a000 JavaThread "pool-1-thread-2" [_thread_in_vm, id=7756, stack(0x00000000187e0000,0x00000000188e0000)]
  0x0000000017e67000 JavaThread "pool-2-thread-1" [_thread_blocked, id=8144, stack(0x00000000186e0000,0x00000000187e0000)]
  0x0000000017e66800 JavaThread "pool-1-thread-1" [_thread_in_Java, id=6304, stack(0x00000000185e0000,0x00000000186e0000)]
  0x000000001711b000 JavaThread "Service Thread" daemon [_thread_blocked, id=6268, stack(0x0000000017be0000,0x0000000017ce0000)]
  0x0000000017106000 JavaThread "C1 CompilerThread3" daemon [_thread_blocked, id=7348, stack(0x0000000017ae0000,0x0000000017be0000)]
=>0x00000000170fd000 JavaThread "C2 CompilerThread2" daemon [_thread_in_native, id=7332, stack(0x00000000179e0000,0x0000000017ae0000)]
  0x00000000170fb000 JavaThread "C2 CompilerThread1" daemon [_thread_in_native, id=6616, stack(0x00000000178e0000,0x00000000179e0000)]
  0x000000001519b000 JavaThread "C2 CompilerThread0" daemon [_thread_in_native, id=6660, stack(0x00000000177e0000,0x00000000178e0000)]
  0x00000000170f8800 JavaThread "Attach Listener" daemon [_thread_blocked, id=7328, stack(0x00000000176e0000,0x00000000177e0000)]
  0x00000000170ac000 JavaThread "Signal Dispatcher" daemon [_thread_blocked, id=820, stack(0x00000000175e0000,0x00000000176e0000)]
  0x000000000266d800 JavaThread "Finalizer" daemon [_thread_blocked, id=7732, stack(0x0000000017470000,0x0000000017570000)]
  0x0000000002666000 JavaThread "Reference Handler" daemon [_thread_blocked, id=4588, stack(0x0000000016f70000,0x0000000017070000)]
  0x000000000246e000 JavaThread "main" [_thread_blocked, id=7184, stack(0x0000000002470000,0x0000000002570000)]

Other Threads:
  0x0000000015189800 VMThread [stack: 0x0000000016e70000,0x0000000016f70000] [id=6336]
  0x0000000017218000 WatcherThread [stack: 0x0000000017ce0000,0x0000000017de0000] [id=6164]

VM state:not at safepoint (normal execution)

VM Mutex/Monitor currently owned by a thread: None

Heap:
 PSYoungGen      total 71680K, used 14366K [0x00000000eab00000, 0x00000000ef600000, 0x0000000100000000)
  eden space 66560K, 13% used [0x00000000eab00000,0x00000000eb40a608,0x00000000eec00000)
  from space 5120K, 99% used [0x00000000ef100000,0x00000000ef5fd3b8,0x00000000ef600000)
  to   space 5120K, 0% used [0x00000000eec00000,0x00000000eec00000,0x00000000ef100000)
 ParOldGen       total 87552K, used 5675K [0x00000000c0000000, 0x00000000c5580000, 0x00000000eab00000)
  object space 87552K, 6% used [0x00000000c0000000,0x00000000c058ac78,0x00000000c5580000)
 Metaspace       used 6116K, capacity 7088K, committed 7296K, reserved 1056768K
  class space    used 594K, capacity 616K, committed 640K, reserved 1048576K

Card table byte_map: [0x0000000011a30000,0x0000000011c40000] byte_map_base: 0x0000000011430000

Marking Bits: (ParMarkBitMap*) 0x0000000056c0a6d0
 Begin Bits: [0x00000000125a0000, 0x00000000135a0000)
 End Bits:   [0x00000000135a0000, 0x00000000145a0000)

Polling page: 0x0000000002410000

CodeCache: size=245760Kb used=6865Kb max_used=6865Kb free=238894Kb
 bounds [0x0000000002670000, 0x0000000002d30000, 0x0000000011670000]
 total_blobs=1838 nmethods=1573 adapters=178
 compilation: enabled

Compilation events (10 events):
Event: 6.101 Thread 0x0000000017106000 1599   !   3       com.android.dx.rop.code.RegisterSpecSet::remove (30 bytes)
Event: 6.102 Thread 0x0000000017106000 nmethod 1599 0x0000000002d1f110 code [0x0000000002d1f2a0, 0x0000000002d1f6e8]
Event: 6.102 Thread 0x0000000017106000 1600       3       com.android.dx.ssa.PhiTypeResolver::equalsHandlesNulls (23 bytes)
Event: 6.103 Thread 0x0000000017106000 nmethod 1600 0x0000000002d23050 code [0x0000000002d231e0, 0x0000000002d23628]
Event: 6.108 Thread 0x0000000017106000 1602       1       com.android.dx.rop.cst.CstKnownNull::getType (4 bytes)
Event: 6.108 Thread 0x0000000017106000 nmethod 1602 0x0000000002d0cc50 code [0x0000000002d0cda0, 0x0000000002d0ceb0]
Event: 6.113 Thread 0x0000000017106000 1603       3       com.android.dx.ssa.LocalVariableExtractor::processBlock (383 bytes)
Event: 6.141 Thread 0x0000000017106000 nmethod 1603 0x0000000002d23750 code [0x0000000002d23c40, 0x0000000002d27418]
Event: 6.141 Thread 0x0000000017106000 1604       3       com.android.dx.ssa.back.FirstFitLocalCombiningAllocator$Multiset::add (68 bytes)
Event: 6.142 Thread 0x0000000017106000 nmethod 1604 0x0000000002d2a050 code [0x0000000002d2a1e0, 0x0000000002d2a4d0]

GC Heap History (4 events):
Event: 3.066 GC heap before
{Heap before GC invocations=1 (full 0):
 PSYoungGen      total 38400K, used 33280K [0x00000000eab00000, 0x00000000ed580000, 0x0000000100000000)
  eden space 33280K, 100% used [0x00000000eab00000,0x00000000ecb80000,0x00000000ecb80000)
  from space 5120K, 0% used [0x00000000ed080000,0x00000000ed080000,0x00000000ed580000)
  to   space 5120K, 0% used [0x00000000ecb80000,0x00000000ecb80000,0x00000000ed080000)
 ParOldGen       total 87552K, used 0K [0x00000000c0000000, 0x00000000c5580000, 0x00000000eab00000)
  object space 87552K, 0% used [0x00000000c0000000,0x00000000c0000000,0x00000000c5580000)
 Metaspace       used 5923K, capacity 6896K, committed 7040K, reserved 1056768K
  class space    used 593K, capacity 616K, committed 640K, reserved 1048576K
Event: 3.377 GC heap after
Heap after GC invocations=1 (full 0):
 PSYoungGen      total 38400K, used 5089K [0x00000000eab00000, 0x00000000ef600000, 0x0000000100000000)
  eden space 33280K, 0% used [0x00000000eab00000,0x00000000eab00000,0x00000000ecb80000)
  from space 5120K, 99% used [0x00000000ecb80000,0x00000000ed0784a0,0x00000000ed080000)
  to   space 5120K, 0% used [0x00000000ef100000,0x00000000ef100000,0x00000000ef600000)
 ParOldGen       total 87552K, used 1214K [0x00000000c0000000, 0x00000000c5580000, 0x00000000eab00000)
  object space 87552K, 1% used [0x00000000c0000000,0x00000000c012f920,0x00000000c5580000)
 Metaspace       used 5923K, capacity 6896K, committed 7040K, reserved 1056768K
  class space    used 593K, capacity 616K, committed 640K, reserved 1048576K
}
Event: 5.440 GC heap before
{Heap before GC invocations=2 (full 0):
 PSYoungGen      total 38400K, used 38369K [0x00000000eab00000, 0x00000000ef600000, 0x0000000100000000)
  eden space 33280K, 100% used [0x00000000eab00000,0x00000000ecb80000,0x00000000ecb80000)
  from space 5120K, 99% used [0x00000000ecb80000,0x00000000ed0784a0,0x00000000ed080000)
  to   space 5120K, 0% used [0x00000000ef100000,0x00000000ef100000,0x00000000ef600000)
 ParOldGen       total 87552K, used 1214K [0x00000000c0000000, 0x00000000c5580000, 0x00000000eab00000)
  object space 87552K, 1% used [0x00000000c0000000,0x00000000c012f920,0x00000000c5580000)
 Metaspace       used 6111K, capacity 7088K, committed 7296K, reserved 1056768K
  class space    used 594K, capacity 616K, committed 640K, reserved 1048576K
Event: 5.598 GC heap after
Heap after GC invocations=2 (full 0):
 PSYoungGen      total 71680K, used 5108K [0x00000000eab00000, 0x00000000ef600000, 0x0000000100000000)
  eden space 66560K, 0% used [0x00000000eab00000,0x00000000eab00000,0x00000000eec00000)
  from space 5120K, 99% used [0x00000000ef100000,0x00000000ef5fd3b8,0x00000000ef600000)
  to   space 5120K, 0% used [0x00000000eec00000,0x00000000eec00000,0x00000000ef100000)
 ParOldGen       total 87552K, used 5675K [0x00000000c0000000, 0x00000000c5580000, 0x00000000eab00000)
  object space 87552K, 6% used [0x00000000c0000000,0x00000000c058ac78,0x00000000c5580000)
 Metaspace       used 6111K, capacity 7088K, committed 7296K, reserved 1056768K
  class space    used 594K, capacity 616K, committed 640K, reserved 1048576K
}

Deoptimization events (10 events):
Event: 5.216 Thread 0x000000000246e000 Uncommon trap: reason=uninitialized action=reinterpret pc=0x0000000002b49b20 method=com.android.dx.cf.code.BytecodeArray.parseInstruction(ILcom/android/dx/cf/code/BytecodeArray$Visitor;)I @ 999
Event: 5.299 Thread 0x000000000246e000 Uncommon trap: reason=bimorphic action=maybe_recompile pc=0x00000000029aba28 method=java.util.HashMap.getNode(ILjava/lang/Object;)Ljava/util/HashMap$Node; @ 126
Event: 5.300 Thread 0x000000000246e000 Uncommon trap: reason=bimorphic action=maybe_recompile pc=0x0000000002a92e14 method=java.util.HashMap.putVal(ILjava/lang/Object;Ljava/lang/Object;ZZ)Ljava/lang/Object; @ 203
Event: 5.303 Thread 0x000000001743b000 Uncommon trap: reason=unstable_if action=reinterpret pc=0x000000000290235c method=com.android.dx.rop.cst.Constant.compareTo(Lcom/android/dx/rop/cst/Constant;)I @ 12
Event: 5.384 Thread 0x000000000246e000 Uncommon trap: reason=unloaded action=reinterpret pc=0x0000000002b79014 method=com.android.dx.cf.cst.ConstantPoolParser.parse0(ILjava/util/BitSet;)Lcom/android/dx/rop/cst/Constant; @ 198
Event: 5.604 Thread 0x000000000246e000 Uncommon trap: reason=unstable_if action=reinterpret pc=0x00000000028de5b8 method=java.lang.String.<init>([CII)V @ 18
Event: 6.030 Thread 0x000000001743b800 Uncommon trap: reason=bimorphic action=maybe_recompile pc=0x00000000029aba28 method=java.util.HashMap.getNode(ILjava/lang/Object;)Ljava/util/HashMap$Node; @ 126
Event: 6.030 Thread 0x000000001743b800 Uncommon trap: reason=bimorphic action=maybe_recompile pc=0x000000000296e26c method=java.util.HashMap.getNode(ILjava/lang/Object;)Ljava/util/HashMap$Node; @ 126
Event: 6.057 Thread 0x000000001743b800 Uncommon trap: reason=class_check action=maybe_recompile pc=0x0000000002c95948 method=com.android.dx.rop.code.RegisterSpec.withSimpleType()Lcom/android/dx/rop/code/RegisterSpec; @ 21
Event: 6.112 Thread 0x000000001743b000 Uncommon trap: reason=unstable_if action=reinterpret pc=0x0000000002c956c8 method=com.android.dx.rop.code.RegisterSpecSet.localItemToSpec(Lcom/android/dx/rop/code/LocalItem;)Lcom/android/dx/rop/code/RegisterSpec; @ 35

Internal exceptions (3 events):
Event: 0.040 Thread 0x000000000246e000 Exception <a 'java/lang/NoSuchMethodError': Method sun.misc.Unsafe.defineClass(Ljava/lang/String;[BII)Ljava/lang/Class; name or signature does not match> (0x00000000eab07cc0) thrown at [C:\re\workspace\8-2-build-windows-amd64-cygwin\jdk8u101\7261\hotspot\sbŽ­þS_¤?
Event: 0.040 Thread 0x000000000246e000 Exception <a 'java/lang/NoSuchMethodError': Method sun.misc.Unsafe.prefetchRead(Ljava/lang/Object;J)V name or signature does not match> (0x00000000eab07fa8) thrown at [C:\re\workspace\8-2-build-windows-amd64-cygwin\jdk8u101\7261\hotspot\src\share\vm\prims\žÚ¡›L@
Event: 4.325 Thread 0x0000000017e66800 Implicit null exception at 0x00000000029ba082 to 0x00000000029bc1e5

Events (10 events):
Event: 6.030 Thread 0x000000001743b800 DEOPT UNPACKING pc=0x00000000026b582a sp=0x0000000018ade730 mode 2
Event: 6.030 Thread 0x000000001743b800 Uncommon trap: trap_request=0xffffffc6 fr.pc=0x000000000296e26c
Event: 6.030 Thread 0x000000001743b800 DEOPT PACKING pc=0x000000000296e26c sp=0x0000000018ade4b0
Event: 6.030 Thread 0x000000001743b800 DEOPT UNPACKING pc=0x00000000026b582a sp=0x0000000018ade3d8 mode 2
Event: 6.057 Thread 0x000000001743b800 Uncommon trap: trap_request=0xffffffde fr.pc=0x0000000002c95948
Event: 6.057 Thread 0x000000001743b800 DEOPT PACKING pc=0x0000000002c95948 sp=0x0000000018adea80
Event: 6.057 Thread 0x000000001743b800 DEOPT UNPACKING pc=0x00000000026b582a sp=0x0000000018ade9f8 mode 2
Event: 6.112 Thread 0x000000001743b000 Uncommon trap: trap_request=0xffffff65 fr.pc=0x0000000002c956c8
Event: 6.112 Thread 0x000000001743b000 DEOPT PACKING pc=0x0000000002c956c8 sp=0x00000000189dea40
Event: 6.112 Thread 0x000000001743b000 DEOPT UNPACKING pc=0x00000000026b582a sp=0x00000000189de9a8 mode 2


Dynamic libraries:
0x00007ff7c11d0000 - 0x00007ff7c1207000 	C:\Program Files\Java\jdk1.8.0_101\bin\java.exe
0x00007ffa00cd0000 - 0x00007ffa00e91000 	C:\WINDOWS\SYSTEM32\ntdll.dll
0x00007ffa00c20000 - 0x00007ffa00ccd000 	C:\WINDOWS\system32\KERNEL32.DLL
0x00007ff9fd380000 - 0x00007ff9fd568000 	C:\WINDOWS\system32\KERNELBASE.dll
0x00007ff9fe9c0000 - 0x00007ff9fea67000 	C:\WINDOWS\system32\ADVAPI32.dll
0x00007ff9fe150000 - 0x00007ff9fe1ed000 	C:\WINDOWS\system32\msvcrt.dll
0x00007ffa006d0000 - 0x00007ffa0072b000 	C:\WINDOWS\system32\sechost.dll
0x00007ff9fe1f0000 - 0x00007ff9fe30c000 	C:\WINDOWS\system32\RPCRT4.dll
0x00007ffa00880000 - 0x00007ffa009d6000 	C:\WINDOWS\system32\USER32.dll
0x00007ff9feae0000 - 0x00007ff9fec66000 	C:\WINDOWS\system32\GDI32.dll
0x00007ff9f70b0000 - 0x00007ff9f7324000 	C:\WINDOWS\WinSxS\amd64_microsoft.windows.common-controls_6595b64144ccf1df_6.0.10586.0_none_8c15ae12515e1c22\COMCTL32.dll
0x00007ff9fe740000 - 0x00007ff9fe9bd000 	C:\WINDOWS\system32\combase.dll
0x00007ff9fde00000 - 0x00007ff9fde6a000 	C:\WINDOWS\system32\bcryptPrimitives.dll
0x00007ffa00b80000 - 0x00007ffa00bbb000 	C:\WINDOWS\system32\IMM32.DLL
0x0000000055d70000 - 0x0000000055e42000 	C:\Program Files\Java\jdk1.8.0_101\jre\bin\msvcr100.dll
0x00000000563f0000 - 0x0000000056c8a000 	C:\Program Files\Java\jdk1.8.0_101\jre\bin\server\jvm.dll
0x00007ffa00a40000 - 0x00007ffa00a48000 	C:\WINDOWS\system32\PSAPI.DLL
0x00007ff9f7330000 - 0x00007ff9f733a000 	C:\WINDOWS\SYSTEM32\VERSION.dll
0x00007ff9fb210000 - 0x00007ff9fb233000 	C:\WINDOWS\SYSTEM32\WINMM.dll
0x00007ff9fa150000 - 0x00007ff9fa159000 	C:\WINDOWS\SYSTEM32\WSOCK32.dll
0x00007ff9fe0e0000 - 0x00007ff9fe14b000 	C:\WINDOWS\system32\WS2_32.dll
0x00007ff9fb1e0000 - 0x00007ff9fb20c000 	C:\WINDOWS\SYSTEM32\WINMMBASE.dll
0x00007ff9fdc40000 - 0x00007ff9fdc83000 	C:\WINDOWS\system32\cfgmgr32.dll
0x0000000056300000 - 0x000000005630f000 	C:\Program Files\Java\jdk1.8.0_101\jre\bin\verify.dll
0x00000000562d0000 - 0x00000000562f9000 	C:\Program Files\Java\jdk1.8.0_101\jre\bin\java.dll
0x00000000562b0000 - 0x00000000562c6000 	C:\Program Files\Java\jdk1.8.0_101\jre\bin\zip.dll
0x00007ff9fec70000 - 0x00007ffa001cc000 	C:\WINDOWS\system32\SHELL32.dll
0x00007ff9fd590000 - 0x00007ff9fdbd5000 	C:\WINDOWS\system32\windows.storage.dll
0x00007ffa002a0000 - 0x00007ffa002f2000 	C:\WINDOWS\system32\shlwapi.dll
0x00007ff9fd370000 - 0x00007ff9fd37f000 	C:\WINDOWS\system32\kernel.appcore.dll
0x00007ff9fdd40000 - 0x00007ff9fddf5000 	C:\WINDOWS\system32\shcore.dll
0x00007ff9fd310000 - 0x00007ff9fd35b000 	C:\WINDOWS\system32\powrprof.dll
0x00007ff9fd2f0000 - 0x00007ff9fd304000 	C:\WINDOWS\system32\profapi.dll

VM Arguments:
jvm_args: -Djava.awt.headless=true -Xmx1024M -Dfile.encoding=GBK -Duser.country=CN -Duser.language=zh -Duser.variant 
java_command: com.android.dx.command.Main --dex --num-threads=4 --output D:\Android\Code\AndroidCode\Screen\app\build\intermediates\pre-dexed\debug\com.android.support-appcompat-v7-24.2.1_77e846d5412d2b86ab8e9c456651d1d2cd3184b8.jar D:\Android\Code\AndroidCode\Screen\app\build\intermediates\exploded-aar\com.android.support\appcompat-v7\24.2.1\jars\classes.jar
java_class_path (initial): D:\Android\SDK\build-tools\24.0.2\lib\dx.jar
Launcher Type: SUN_STANDARD

Environment Variables:
JAVA_HOME=C:\Program Files\Java\jdk1.8.0_101
JRE_HOME=C:\Program Files\Java\jre1.8.0_101
PATH=C:\ProgramData\Oracle\Java\javapath;C:\Program Files (x86)\Intel\iCLS Client\;C:\Program Files\Intel\iCLS Client\;C:\Windows\system32;C:\Windows;C:\Windows\System32\Wbem;C:\Windows\System32\WindowsPowerShell\v1.0\;C:\Program Files (x86)\NVIDIA Corporation\PhysX\Common;C:\Program Files (x86)\Intel\Intel(R) Management Engine Components\DAL;C:\Program Files\Intel\Intel(R) Management Engine Components\DAL;C:\Program Files (x86)\Intel\Intel(R) Management Engine Components\IPT;C:\Program Files\Intel\Intel(R) Management Engine Components\IPT;C:\WINDOWS\system32;C:\WINDOWS;C:\WINDOWS\System32\Wbem;C:\WINDOWS\System32\WindowsPowerShell\v1.0\;D:\Git\cmd;C:\Program Files\Java\jdk1.8.0_101\bin;D:\SQLServer\86\100\Tools\Binn\;D:\SQLServer\100\Tools\Binn\;D:\SQLServer\100\DTS\Binn\;D:\SQLServer\86\100\Tools\Binn\VSShell\Common7\IDE\;C:\Program Files (x86)\Microsoft Visual Studio 9.0\Common7\IDE\PrivateAssemblies\;D:\SQLServer\86\100\DTS\Binn\
USERNAME=TangYuan
OS=Windows_NT
PROCESSOR_IDENTIFIER=Intel64 Family 6 Model 94 Stepping 3, GenuineIntel



---------------  S Y S T E M  ---------------

OS: Windows 10.0 , 64 bit Build 10586 (10.0.10586.0)

CPU:total 8 (4 cores per cpu, 2 threads per core) family 6 model 94 stepping 3, cmov, cx8, fxsr, mmx, sse, sse2, sse3, ssse3, sse4.1, sse4.2, popcnt, avx, avx2, aes, clmul, erms, rtm, 3dnowpref, lzcnt, ht, tsc, tscinvbit, bmi1, bmi2, adx

Memory: 4k page, physical 8281884k(1065016k free), swap 8298268k(5220k free)

vm_info: Java HotSpot(TM) 64-Bit Server VM (25.101-b13) for windows-amd64 JRE (1.8.0_101-b13), built on Jun 22 2016 01:21:29 by "java_re" with MS VC++ 10.0 (VS2010)

time: Wed Oct 12 01:18:21 2016
elapsed time: 6 seconds (0d 0h 0m 6s)

