#
# There is insufficient memory for the Java Runtime Environment to continue.
# Native memory allocation (malloc) failed to allocate 253856 bytes for Chunk::new
# Possible reasons:
#   The system is out of physical RAM or swap space
#   In 32 bit mode, the process size limit was hit
# Possible solutions:
#   Reduce memory load on the system
#   Increase physical memory or swap space
#   Check if swap backing store is full
#   Use 64 bit Java on a 64 bit OS
#   Decrease Java heap size (-Xmx/-Xms)
#   Decrease number of Java threads
#   Decrease Java thread stack sizes (-Xss)
#   Set larger code cache with -XX:ReservedCodeCacheSize=
# This output file may be truncated or incomplete.
#
#  Out of Memory Error (allocation.cpp:390), pid=7136, tid=0x0000000000001bd8
#
# JRE version: Java(TM) SE Runtime Environment (8.0_101-b13) (build 1.8.0_101-b13)
# Java VM: Java HotSpot(TM) 64-Bit Server VM (25.101-b13 mixed mode windows-amd64 compressed oops)
# Failed to write core dump. Minidumps are not enabled by default on client versions of Windows
#

---------------  T H R E A D  ---------------

Current thread (0x0000000017033800):  JavaThread "C2 CompilerThread0" daemon [_thread_in_native, id=7128, stack(0x0000000017710000,0x0000000017810000)]

Stack: [0x0000000017710000,0x0000000017810000]
[error occurred during error reporting (printing stack bounds), id 0xc0000005]

Native frames: (J=compiled Java code, j=interpreted, Vv=VM code, C=native code)


Current CompileTask:
C2:   1452  962       4       com.android.dx.ssa.SCCP::simulateStmt (481 bytes)


---------------  P R O C E S S  ---------------

Java Threads: ( => current thread )
  0x00000000172aa800 JavaThread "pool-1-thread-4" [_thread_blocked, id=6200, stack(0x0000000018110000,0x0000000018210000)]
  0x00000000172a7800 JavaThread "pool-1-thread-3" [_thread_blocked, id=7576, stack(0x0000000018010000,0x0000000018110000)]
  0x00000000172a6800 JavaThread "pool-1-thread-2" [_thread_in_Java, id=6192, stack(0x0000000017f10000,0x0000000018010000)]
  0x00000000171d5000 JavaThread "pool-2-thread-1" [_thread_blocked, id=7616, stack(0x0000000017e10000,0x0000000017f10000)]
  0x00000000171d0000 JavaThread "pool-1-thread-1" [_thread_blocked, id=7124, stack(0x0000000017d10000,0x0000000017e10000)]
  0x00000000170df000 JavaThread "Service Thread" daemon [_thread_blocked, id=5412, stack(0x0000000017b10000,0x0000000017c10000)]
  0x0000000017045000 JavaThread "C1 CompilerThread3" daemon [_thread_blocked, id=6532, stack(0x0000000017a10000,0x0000000017b10000)]
  0x000000001703c000 JavaThread "C2 CompilerThread2" daemon [_thread_in_native, id=4472, stack(0x0000000017910000,0x0000000017a10000)]
  0x0000000017039800 JavaThread "C2 CompilerThread1" daemon [_thread_in_native, id=8128, stack(0x0000000017810000,0x0000000017910000)]
=>0x0000000017033800 JavaThread "C2 CompilerThread0" daemon [_thread_in_native, id=7128, stack(0x0000000017710000,0x0000000017810000)]
  0x0000000017031000 JavaThread "Attach Listener" daemon [_thread_blocked, id=7972, stack(0x0000000017610000,0x0000000017710000)]
  0x0000000016fe7000 JavaThread "Signal Dispatcher" daemon [_thread_blocked, id=5760, stack(0x0000000017510000,0x0000000017610000)]
  0x0000000016fd0800 JavaThread "Finalizer" daemon [_thread_blocked, id=7600, stack(0x00000000173b0000,0x00000000174b0000)]
  0x0000000002596000 JavaThread "Reference Handler" daemon [_thread_blocked, id=6392, stack(0x0000000016eb0000,0x0000000016fb0000)]
  0x000000000092e000 JavaThread "main" [_thread_in_Java, id=7272, stack(0x00000000023a0000,0x00000000024a0000)]

Other Threads:
  0x00000000150b9800 VMThread [stack: 0x0000000016db0000,0x0000000016eb0000] [id=6464]
  0x0000000017128800 WatcherThread [stack: 0x0000000017c10000,0x0000000017d10000] [id=7536]

VM state:not at safepoint (normal execution)

VM Mutex/Monitor currently owned by a thread: None

Heap:
 PSYoungGen      total 38400K, used 29016K [0x00000000eab00000, 0x00000000ed580000, 0x0000000100000000)
  eden space 33280K, 87% used [0x00000000eab00000,0x00000000ec756158,0x00000000ecb80000)
  from space 5120K, 0% used [0x00000000ed080000,0x00000000ed080000,0x00000000ed580000)
  to   space 5120K, 0% used [0x00000000ecb80000,0x00000000ecb80000,0x00000000ed080000)
 ParOldGen       total 87552K, used 0K [0x00000000c0000000, 0x00000000c5580000, 0x00000000eab00000)
  object space 87552K, 0% used [0x00000000c0000000,0x00000000c0000000,0x00000000c5580000)
 Metaspace       used 5807K, capacity 6832K, committed 7040K, reserved 1056768K
  class space    used 594K, capacity 616K, committed 640K, reserved 1048576K

Card table byte_map: [0x0000000011960000,0x0000000011b70000] byte_map_base: 0x0000000011360000

Marking Bits: (ParMarkBitMap*) 0x0000000056c0a6d0
 Begin Bits: [0x00000000124d0000, 0x00000000134d0000)
 End Bits:   [0x00000000134d0000, 0x00000000144d0000)

Polling page: 0x00000000008a0000

CodeCache: size=245760Kb used=4091Kb max_used=4091Kb free=241668Kb
 bounds [0x00000000025a0000, 0x00000000029b0000, 0x00000000115a0000]
 total_blobs=1286 nmethods=1021 adapters=178
 compilation: enabled

Compilation events (10 events):
Event: 1.408 Thread 0x0000000017045000 nmethod 971 0x0000000002981a10 code [0x0000000002981b60, 0x0000000002981c70]
Event: 1.417 Thread 0x0000000017045000 1019       3       com.android.dx.dex.code.RopTranslator::pickOrder (400 bytes)
Event: 1.419 Thread 0x0000000017045000 nmethod 1019 0x00000000029831d0 code [0x0000000002983500, 0x0000000002985638]
Event: 1.419 Thread 0x0000000017039800 nmethod 1006 0x0000000002988250 code [0x00000000029883a0, 0x00000000029885d8]
Event: 1.419 Thread 0x0000000017039800 1012       4       com.android.dx.ssa.DeadCodeRemover::access$000 (5 bytes)
Event: 1.421 Thread 0x0000000017039800 nmethod 1012 0x0000000002988790 code [0x00000000029888e0, 0x0000000002988a98]
Event: 1.421 Thread 0x0000000017039800 1010       4       com.android.dx.rop.code.PlainInsn::accept (8 bytes)
Event: 1.422 Thread 0x0000000017039800 nmethod 1010 0x0000000002988e50 code [0x0000000002988f80, 0x0000000002988ff8]
Event: 1.422 Thread 0x0000000017039800  960       4       com.android.dx.util.IntList::sort (29 bytes)
Event: 1.422 Thread 0x0000000017039800 nmethod 960 0x0000000002989090 code [0x00000000029891e0, 0x00000000029892a8]

GC Heap History (0 events):
No events

Deoptimization events (8 events):
Event: 1.020 Thread 0x00000000171d0000 Uncommon trap: reason=unstable_if action=reinterpret pc=0x00000000027ae7f4 method=java.util.HashMap.getNode(ILjava/lang/Object;)Ljava/util/HashMap$Node; @ 62
Event: 1.094 Thread 0x000000000092e000 Uncommon trap: reason=unstable_if action=reinterpret pc=0x000000000288e174 method=java.util.HashMap.getNode(ILjava/lang/Object;)Ljava/util/HashMap$Node; @ 129
Event: 1.094 Thread 0x000000000092e000 Uncommon trap: reason=unstable_if action=reinterpret pc=0x0000000002810e20 method=java.util.HashMap.getNode(ILjava/lang/Object;)Ljava/util/HashMap$Node; @ 129
Event: 1.343 Thread 0x000000000092e000 Uncommon trap: reason=class_check action=maybe_recompile pc=0x00000000028971ec method=com.android.dx.ssa.NormalSsaInsn.accept(Lcom/android/dx/ssa/SsaInsn$Visitor;)V @ 9
Event: 1.357 Thread 0x000000000092e000 Uncommon trap: reason=class_check action=maybe_recompile pc=0x00000000028971ec method=com.android.dx.ssa.NormalSsaInsn.accept(Lcom/android/dx/ssa/SsaInsn$Visitor;)V @ 9
Event: 1.357 Thread 0x000000000092e000 Uncommon trap: reason=class_check action=maybe_recompile pc=0x000000000289fdc8 method=com.android.dx.ssa.NormalSsaInsn.accept(Lcom/android/dx/ssa/SsaInsn$Visitor;)V @ 9
Event: 1.357 Thread 0x000000000092e000 Uncommon trap: reason=class_check action=maybe_recompile pc=0x000000000289fdc8 method=com.android.dx.ssa.NormalSsaInsn.accept(Lcom/android/dx/ssa/SsaInsn$Visitor;)V @ 9
Event: 1.357 Thread 0x000000000092e000 Uncommon trap: reason=class_check action=maybe_recompile pc=0x00000000028971ec method=com.android.dx.ssa.NormalSsaInsn.accept(Lcom/android/dx/ssa/SsaInsn$Visitor;)V @ 9

Internal exceptions (2 events):
Event: 0.202 Thread 0x000000000092e000 Exception <a 'java/lang/NoSuchMethodError': Method sun.misc.Unsafe.defineClass(Ljava/lang/String;[BII)Ljava/lang/Class; name or signature does not match> (0x00000000eab07cc0) thrown at [C:\re\workspace\8-2-build-windows-amd64-cygwin\jdk8u101\7261\hotspot\s£ˆ™ì#ÖÉ?
Event: 0.202 Thread 0x000000000092e000 Exception <a 'java/lang/NoSuchMethodError': Method sun.misc.Unsafe.prefetchRead(Ljava/lang/Object;J)V name or signature does not match> (0x00000000eab07fa8) thrown at [C:\re\workspace\8-2-build-windows-amd64-cygwin\jdk8u101\7261\hotspot\src\share\vm\prims\

Events (10 events):
Event: 1.357 Thread 0x000000000092e000 DEOPT PACKING pc=0x000000000289fdc8 sp=0x000000000249dce0
Event: 1.357 Thread 0x000000000092e000 DEOPT UNPACKING pc=0x00000000025e582a sp=0x000000000249dd10 mode 2
Event: 1.357 Thread 0x000000000092e000 Uncommon trap: trap_request=0xffffffde fr.pc=0x000000000289fdc8
Event: 1.357 Thread 0x000000000092e000 DEOPT PACKING pc=0x000000000289fdc8 sp=0x000000000249dce0
Event: 1.357 Thread 0x000000000092e000 DEOPT UNPACKING pc=0x00000000025e582a sp=0x000000000249dd10 mode 2
Event: 1.357 Thread 0x000000000092e000 Uncommon trap: trap_request=0xffffffde fr.pc=0x00000000028971ec
Event: 1.357 Thread 0x000000000092e000 DEOPT PACKING pc=0x00000000028971ec sp=0x000000000249dfc0
Event: 1.357 Thread 0x000000000092e000 DEOPT UNPACKING pc=0x00000000025e582a sp=0x000000000249df90 mode 2
Event: 1.360 Executing VM operation: ForceSafepoint
Event: 1.403 Executing VM operation: ForceSafepoint done


Dynamic libraries:
0x00007ff7c11d0000 - 0x00007ff7c1207000 	C:\Program Files\Java\jdk1.8.0_101\bin\java.exe
0x00007ffa00cd0000 - 0x00007ffa00e91000 	C:\WINDOWS\SYSTEM32\ntdll.dll
0x00007ffa00c20000 - 0x00007ffa00ccd000 	C:\WINDOWS\system32\KERNEL32.DLL
0x00007ff9fd380000 - 0x00007ff9fd568000 	C:\WINDOWS\system32\KERNELBASE.dll
0x00007ff9fe9c0000 - 0x00007ff9fea67000 	C:\WINDOWS\system32\ADVAPI32.dll
0x00007ff9fe150000 - 0x00007ff9fe1ed000 	C:\WINDOWS\system32\msvcrt.dll
0x00007ffa006d0000 - 0x00007ffa0072b000 	C:\WINDOWS\system32\sechost.dll
0x00007ff9fe1f0000 - 0x00007ff9fe30c000 	C:\WINDOWS\system32\RPCRT4.dll
0x00007ffa00880000 - 0x00007ffa009d6000 	C:\WINDOWS\system32\USER32.dll
0x00007ff9feae0000 - 0x00007ff9fec66000 	C:\WINDOWS\system32\GDI32.dll
0x00007ff9f70b0000 - 0x00007ff9f7324000 	C:\WINDOWS\WinSxS\amd64_microsoft.windows.common-controls_6595b64144ccf1df_6.0.10586.0_none_8c15ae12515e1c22\COMCTL32.dll
0x00007ff9fe740000 - 0x00007ff9fe9bd000 	C:\WINDOWS\system32\combase.dll
0x00007ff9fde00000 - 0x00007ff9fde6a000 	C:\WINDOWS\system32\bcryptPrimitives.dll
0x00007ffa00b80000 - 0x00007ffa00bbb000 	C:\WINDOWS\system32\IMM32.DLL
0x0000000055d70000 - 0x0000000055e42000 	C:\Program Files\Java\jdk1.8.0_101\jre\bin\msvcr100.dll
0x00000000563f0000 - 0x0000000056c8a000 	C:\Program Files\Java\jdk1.8.0_101\jre\bin\server\jvm.dll
0x00007ffa00a40000 - 0x00007ffa00a48000 	C:\WINDOWS\system32\PSAPI.DLL
0x00007ff9fa150000 - 0x00007ff9fa159000 	C:\WINDOWS\SYSTEM32\WSOCK32.dll
0x00007ff9fe0e0000 - 0x00007ff9fe14b000 	C:\WINDOWS\system32\WS2_32.dll
0x00007ff9fb210000 - 0x00007ff9fb233000 	C:\WINDOWS\SYSTEM32\WINMM.dll
0x00007ff9f7330000 - 0x00007ff9f733a000 	C:\WINDOWS\SYSTEM32\VERSION.dll
0x00007ff9fb1e0000 - 0x00007ff9fb20c000 	C:\WINDOWS\SYSTEM32\WINMMBASE.dll
0x00007ff9fdc40000 - 0x00007ff9fdc83000 	C:\WINDOWS\system32\cfgmgr32.dll
0x0000000056300000 - 0x000000005630f000 	C:\Program Files\Java\jdk1.8.0_101\jre\bin\verify.dll
0x00000000562d0000 - 0x00000000562f9000 	C:\Program Files\Java\jdk1.8.0_101\jre\bin\java.dll
0x00000000562b0000 - 0x00000000562c6000 	C:\Program Files\Java\jdk1.8.0_101\jre\bin\zip.dll
0x00007ff9fec70000 - 0x00007ffa001cc000 	C:\WINDOWS\system32\SHELL32.dll
0x00007ff9fd590000 - 0x00007ff9fdbd5000 	C:\WINDOWS\system32\windows.storage.dll
0x00007ffa002a0000 - 0x00007ffa002f2000 	C:\WINDOWS\system32\shlwapi.dll
0x00007ff9fd370000 - 0x00007ff9fd37f000 	C:\WINDOWS\system32\kernel.appcore.dll
0x00007ff9fdd40000 - 0x00007ff9fddf5000 	C:\WINDOWS\system32\shcore.dll
0x00007ff9fd310000 - 0x00007ff9fd35b000 	C:\WINDOWS\system32\powrprof.dll
0x00007ff9fd2f0000 - 0x00007ff9fd304000 	C:\WINDOWS\system32\profapi.dll

VM Arguments:
jvm_args: -Djava.awt.headless=true -Xmx1024M -Dfile.encoding=GBK -Duser.country=CN -Duser.language=zh -Duser.variant 
java_command: com.android.dx.command.Main --dex --num-threads=4 --output D:\Android\Code\AndroidCode\Screen\app\build\intermediates\pre-dexed\debug\com.android.support-support-fragment-24.2.1_ca4f586f28c0c1c7f1e0d68a758748add1cabb53.jar D:\Android\Code\AndroidCode\Screen\app\build\intermediates\exploded-aar\com.android.support\support-fragment\24.2.1\jars\classes.jar
java_class_path (initial): D:\Android\SDK\build-tools\24.0.2\lib\dx.jar
Launcher Type: SUN_STANDARD

Environment Variables:
JAVA_HOME=C:\Program Files\Java\jdk1.8.0_101
JRE_HOME=C:\Program Files\Java\jre1.8.0_101
PATH=C:\ProgramData\Oracle\Java\javapath;C:\Program Files (x86)\Intel\iCLS Client\;C:\Program Files\Intel\iCLS Client\;C:\Windows\system32;C:\Windows;C:\Windows\System32\Wbem;C:\Windows\System32\WindowsPowerShell\v1.0\;C:\Program Files (x86)\NVIDIA Corporation\PhysX\Common;C:\Program Files (x86)\Intel\Intel(R) Management Engine Components\DAL;C:\Program Files\Intel\Intel(R) Management Engine Components\DAL;C:\Program Files (x86)\Intel\Intel(R) Management Engine Components\IPT;C:\Program Files\Intel\Intel(R) Management Engine Components\IPT;C:\WINDOWS\system32;C:\WINDOWS;C:\WINDOWS\System32\Wbem;C:\WINDOWS\System32\WindowsPowerShell\v1.0\;D:\Git\cmd;C:\Program Files\Java\jdk1.8.0_101\bin;D:\SQLServer\86\100\Tools\Binn\;D:\SQLServer\100\Tools\Binn\;D:\SQLServer\100\DTS\Binn\;D:\SQLServer\86\100\Tools\Binn\VSShell\Common7\IDE\;C:\Program Files (x86)\Microsoft Visual Studio 9.0\Common7\IDE\PrivateAssemblies\;D:\SQLServer\86\100\DTS\Binn\
USERNAME=TangYuan
OS=Windows_NT
PROCESSOR_IDENTIFIER=Intel64 Family 6 Model 94 Stepping 3, GenuineIntel



---------------  S Y S T E M  ---------------

OS: Windows 10.0 , 64 bit Build 10586 (10.0.10586.0)

CPU:total 8 (4 cores per cpu, 2 threads per core) family 6 model 94 stepping 3, cmov, cx8, fxsr, mmx, sse, sse2, sse3, ssse3, sse4.1, sse4.2, popcnt, avx, avx2, aes, clmul, erms, rtm, 3dnowpref, lzcnt, ht, tsc, tscinvbit, bmi1, bmi2, adx

Memory: 4k page, physical 8281884k(1002872k free), swap 8298268k(4284k free)

vm_info: Java HotSpot(TM) 64-Bit Server VM (25.101-b13) for windows-amd64 JRE (1.8.0_101-b13), built on Jun 22 2016 01:21:29 by "java_re" with MS VC++ 10.0 (VS2010)

time: Wed Oct 12 01:18:28 2016
elapsed time: 1 seconds (0d 0h 0m 1s)

