#
# There is insufficient memory for the Java Runtime Environment to continue.
# Native memory allocation (malloc) failed to allocate 1065136 bytes for Chunk::new
# Possible reasons:
#   The system is out of physical RAM or swap space
#   In 32 bit mode, the process size limit was hit
# Possible solutions:
#   Reduce memory load on the system
#   Increase physical memory or swap space
#   Check if swap backing store is full
#   Use 64 bit Java on a 64 bit OS
#   Decrease Java heap size (-Xmx/-Xms)
#   Decrease number of Java threads
#   Decrease Java thread stack sizes (-Xss)
#   Set larger code cache with -XX:ReservedCodeCacheSize=
# This output file may be truncated or incomplete.
#
#  Out of Memory Error (allocation.cpp:390), pid=7188, tid=0x0000000000000564
#
# JRE version: Java(TM) SE Runtime Environment (8.0_101-b13) (build 1.8.0_101-b13)
# Java VM: Java HotSpot(TM) 64-Bit Server VM (25.101-b13 mixed mode windows-amd64 compressed oops)
# Failed to write core dump. Minidumps are not enabled by default on client versions of Windows
#

---------------  T H R E A D  ---------------

Current thread (0x00000000151db000):  JavaThread "C2 CompilerThread0" daemon [_thread_in_native, id=1380, stack(0x00000000177f0000,0x00000000178f0000)]

Stack: [0x00000000177f0000,0x00000000178f0000]
[error occurred during error reporting (printing stack bounds), id 0xc0000005]

Native frames: (J=compiled Java code, j=interpreted, Vv=VM code, C=native code)


Current CompileTask:
C2:   2450 1500   !   4       com.android.dx.cf.code.RopperMachine::run (1550 bytes)


---------------  P R O C E S S  ---------------

Java Threads: ( => current thread )
  0x000000001742a000 JavaThread "pool-1-thread-4" [_thread_in_Java, id=4232, stack(0x00000000189f0000,0x0000000018af0000)]
  0x0000000017429800 JavaThread "pool-1-thread-3" [_thread_in_Java, id=4088, stack(0x00000000188f0000,0x00000000189f0000)]
  0x0000000017487800 JavaThread "pool-1-thread-2" [_thread_in_Java, id=6532, stack(0x00000000187f0000,0x00000000188f0000)]
  0x0000000017380000 JavaThread "pool-2-thread-1" [_thread_blocked, id=4212, stack(0x00000000186f0000,0x00000000187f0000)]
  0x000000001748a800 JavaThread "pool-1-thread-1" [_thread_blocked, id=7808, stack(0x00000000185f0000,0x00000000186f0000)]
  0x00000000171ca800 JavaThread "Service Thread" daemon [_thread_blocked, id=2736, stack(0x0000000017bf0000,0x0000000017cf0000)]
  0x000000001715b800 JavaThread "C1 CompilerThread3" daemon [_thread_blocked, id=5108, stack(0x0000000017af0000,0x0000000017bf0000)]
  0x000000001711f000 JavaThread "C2 CompilerThread2" daemon [_thread_in_native, id=7440, stack(0x00000000179f0000,0x0000000017af0000)]
  0x000000001711b000 JavaThread "C2 CompilerThread1" daemon [_thread_in_native, id=5408, stack(0x00000000178f0000,0x00000000179f0000)]
=>0x00000000151db000 JavaThread "C2 CompilerThread0" daemon [_thread_in_native, id=1380, stack(0x00000000177f0000,0x00000000178f0000)]
  0x00000000170cb000 JavaThread "Attach Listener" daemon [_thread_blocked, id=3508, stack(0x00000000176f0000,0x00000000177f0000)]
  0x0000000017118800 JavaThread "Signal Dispatcher" daemon [_thread_blocked, id=7820, stack(0x00000000175f0000,0x00000000176f0000)]
  0x00000000026ad000 JavaThread "Finalizer" daemon [_thread_blocked, id=492, stack(0x0000000017490000,0x0000000017590000)]
  0x00000000026a6000 JavaThread "Reference Handler" daemon [_thread_blocked, id=7172, stack(0x0000000016f90000,0x0000000017090000)]
  0x00000000020fe000 JavaThread "main" [_thread_blocked, id=8088, stack(0x00000000024b0000,0x00000000025b0000)]

Other Threads:
  0x00000000151c9800 VMThread [stack: 0x0000000016e90000,0x0000000016f90000] [id=4572]
  0x0000000017247800 WatcherThread [stack: 0x0000000017cf0000,0x0000000017df0000] [id=3720]

VM state:not at safepoint (normal execution)

VM Mutex/Monitor currently owned by a thread: None

Heap:
 PSYoungGen      total 71680K, used 25530K [0x00000000eab00000, 0x00000000ef600000, 0x0000000100000000)
  eden space 66560K, 30% used [0x00000000eab00000,0x00000000ebef34a8,0x00000000eec00000)
  from space 5120K, 99% used [0x00000000ef100000,0x00000000ef5fb680,0x00000000ef600000)
  to   space 5120K, 0% used [0x00000000eec00000,0x00000000eec00000,0x00000000ef100000)
 ParOldGen       total 87552K, used 6261K [0x00000000c0000000, 0x00000000c5580000, 0x00000000eab00000)
  object space 87552K, 7% used [0x00000000c0000000,0x00000000c061d538,0x00000000c5580000)
 Metaspace       used 6124K, capacity 7088K, committed 7296K, reserved 1056768K
  class space    used 594K, capacity 616K, committed 640K, reserved 1048576K

Card table byte_map: [0x0000000011a70000,0x0000000011c80000] byte_map_base: 0x0000000011470000

Marking Bits: (ParMarkBitMap*) 0x0000000056c0a6d0
 Begin Bits: [0x00000000125e0000, 0x00000000135e0000)
 End Bits:   [0x00000000135e0000, 0x00000000145e0000)

Polling page: 0x0000000000450000

CodeCache: size=245760Kb used=6883Kb max_used=6883Kb free=238876Kb
 bounds [0x00000000026b0000, 0x0000000002d70000, 0x00000000116b0000]
 total_blobs=1851 nmethods=1586 adapters=178
 compilation: enabled

Compilation events (10 events):
Event: 2.381 Thread 0x000000001715b800 1607       2       com.android.dx.rop.annotation.NameValuePair::<init> (43 bytes)
Event: 2.381 Thread 0x000000001715b800 nmethod 1607 0x0000000002d6ad90 code [0x0000000002d6af20, 0x0000000002d6b1f8]
Event: 2.381 Thread 0x000000001715b800 1608       2       com.android.dx.cf.code.OneLocalsArray::makeInitialized (55 bytes)
Event: 2.382 Thread 0x000000001715b800 nmethod 1608 0x0000000002d6b350 code [0x0000000002d6b4e0, 0x0000000002d6b878]
Event: 2.390 Thread 0x000000001715b800 1609       2       com.android.dx.dex.file.ValueEncoder::addContents (75 bytes)
Event: 2.391 Thread 0x000000001715b800 nmethod 1609 0x0000000002d6bb90 code [0x0000000002d6bd80, 0x0000000002d6c418]
Event: 2.393 Thread 0x000000001715b800 1610       2       com.android.dx.util.Hex::u2 (44 bytes)
Event: 2.394 Thread 0x000000001715b800 nmethod 1610 0x0000000002d6ca50 code [0x0000000002d6cbe0, 0x0000000002d6d038]
Event: 2.396 Thread 0x000000001715b800 1611       2       com.android.dx.rop.code.ThrowingInsn::withNewRegisters (21 bytes)
Event: 2.397 Thread 0x000000001715b800 nmethod 1611 0x0000000002d6d210 code [0x0000000002d6d380, 0x0000000002d6d568]

GC Heap History (4 events):
Event: 1.227 GC heap before
{Heap before GC invocations=1 (full 0):
 PSYoungGen      total 38400K, used 33280K [0x00000000eab00000, 0x00000000ed580000, 0x0000000100000000)
  eden space 33280K, 100% used [0x00000000eab00000,0x00000000ecb80000,0x00000000ecb80000)
  from space 5120K, 0% used [0x00000000ed080000,0x00000000ed080000,0x00000000ed580000)
  to   space 5120K, 0% used [0x00000000ecb80000,0x00000000ecb80000,0x00000000ed080000)
 ParOldGen       total 87552K, used 0K [0x00000000c0000000, 0x00000000c5580000, 0x00000000eab00000)
  object space 87552K, 0% used [0x00000000c0000000,0x00000000c0000000,0x00000000c5580000)
 Metaspace       used 5906K, capacity 6896K, committed 7040K, reserved 1056768K
  class space    used 592K, capacity 616K, committed 640K, reserved 1048576K
Event: 1.255 GC heap after
Heap after GC invocations=1 (full 0):
 PSYoungGen      total 38400K, used 5100K [0x00000000eab00000, 0x00000000ef600000, 0x0000000100000000)
  eden space 33280K, 0% used [0x00000000eab00000,0x00000000eab00000,0x00000000ecb80000)
  from space 5120K, 99% used [0x00000000ecb80000,0x00000000ed07b288,0x00000000ed080000)
  to   space 5120K, 0% used [0x00000000ef100000,0x00000000ef100000,0x00000000ef600000)
 ParOldGen       total 87552K, used 1553K [0x00000000c0000000, 0x00000000c5580000, 0x00000000eab00000)
  object space 87552K, 1% used [0x00000000c0000000,0x00000000c01844a0,0x00000000c5580000)
 Metaspace       used 5906K, capacity 6896K, committed 7040K, reserved 1056768K
  class space    used 592K, capacity 616K, committed 640K, reserved 1048576K
}
Event: 1.889 GC heap before
{Heap before GC invocations=2 (full 0):
 PSYoungGen      total 38400K, used 38380K [0x00000000eab00000, 0x00000000ef600000, 0x0000000100000000)
  eden space 33280K, 100% used [0x00000000eab00000,0x00000000ecb80000,0x00000000ecb80000)
  from space 5120K, 99% used [0x00000000ecb80000,0x00000000ed07b288,0x00000000ed080000)
  to   space 5120K, 0% used [0x00000000ef100000,0x00000000ef100000,0x00000000ef600000)
 ParOldGen       total 87552K, used 1553K [0x00000000c0000000, 0x00000000c5580000, 0x00000000eab00000)
  object space 87552K, 1% used [0x00000000c0000000,0x00000000c01844a0,0x00000000c5580000)
 Metaspace       used 6100K, capacity 7088K, committed 7296K, reserved 1056768K
  class space    used 594K, capacity 616K, committed 640K, reserved 1048576K
Event: 2.247 GC heap after
Heap after GC invocations=2 (full 0):
 PSYoungGen      total 71680K, used 5101K [0x00000000eab00000, 0x00000000ef600000, 0x0000000100000000)
  eden space 66560K, 0% used [0x00000000eab00000,0x00000000eab00000,0x00000000eec00000)
  from space 5120K, 99% used [0x00000000ef100000,0x00000000ef5fb680,0x00000000ef600000)
  to   space 5120K, 0% used [0x00000000eec00000,0x00000000eec00000,0x00000000ef100000)
 ParOldGen       total 87552K, used 6261K [0x00000000c0000000, 0x00000000c5580000, 0x00000000eab00000)
  object space 87552K, 7% used [0x00000000c0000000,0x00000000c061d538,0x00000000c5580000)
 Metaspace       used 6100K, capacity 7088K, committed 7296K, reserved 1056768K
  class space    used 594K, capacity 616K, committed 640K, reserved 1048576K
}

Deoptimization events (10 events):
Event: 1.868 Thread 0x0000000017429800 Uncommon trap: reason=bimorphic action=maybe_recompile pc=0x0000000002be9480 method=java.util.HashMap.getNode(ILjava/lang/Object;)Ljava/util/HashMap$Node; @ 126
Event: 1.868 Thread 0x0000000017429800 Uncommon trap: reason=class_check action=maybe_recompile pc=0x0000000002cfd44c method=java.util.HashMap.putVal(ILjava/lang/Object;Ljava/lang/Object;ZZ)Ljava/lang/Object; @ 203
Event: 1.868 Thread 0x0000000017429800 Uncommon trap: reason=bimorphic action=maybe_recompile pc=0x0000000002be9480 method=java.util.HashMap.getNode(ILjava/lang/Object;)Ljava/util/HashMap$Node; @ 126
Event: 1.868 Thread 0x0000000017429800 Uncommon trap: reason=class_check action=maybe_recompile pc=0x0000000002cfd44c method=java.util.HashMap.putVal(ILjava/lang/Object;Ljava/lang/Object;ZZ)Ljava/lang/Object; @ 203
Event: 1.868 Thread 0x0000000017429800 Uncommon trap: reason=class_check action=maybe_recompile pc=0x0000000002cfd44c method=java.util.HashMap.putVal(ILjava/lang/Object;Ljava/lang/Object;ZZ)Ljava/lang/Object; @ 203
Event: 2.298 Thread 0x0000000017487800 Uncommon trap: reason=unstable_if action=reinterpret pc=0x0000000002cc7ff4 method=com.android.dx.cf.code.ByteCatchList.listFor(I)Lcom/android/dx/cf/code/ByteCatchList; @ 19
Event: 2.319 Thread 0x0000000017487800 Uncommon trap: reason=bimorphic action=maybe_recompile pc=0x0000000002cf07c0 method=com.android.dx.ssa.LiteralOpUpgrader.tryReplacingWithConstant(Lcom/android/dx/ssa/NormalSsaInsn;)Z @ 52
Event: 2.332 Thread 0x0000000017487800 Uncommon trap: reason=unstable_if action=reinterpret pc=0x0000000002d16800 method=com.android.dx.util.BitIntSet.has(I)Z @ 8
Event: 2.338 Thread 0x0000000017429800 Uncommon trap: reason=bimorphic action=maybe_recompile pc=0x0000000002cf07c0 method=com.android.dx.ssa.LiteralOpUpgrader.tryReplacingWithConstant(Lcom/android/dx/ssa/NormalSsaInsn;)Z @ 52
Event: 2.338 Thread 0x0000000017429800 Uncommon trap: reason=bimorphic action=maybe_recompile pc=0x0000000002cf07c0 method=com.android.dx.ssa.LiteralOpUpgrader.tryReplacingWithConstant(Lcom/android/dx/ssa/NormalSsaInsn;)Z @ 52

Internal exceptions (4 events):
Event: 0.047 Thread 0x00000000020fe000 Exception <a 'java/lang/NoSuchMethodError': Method sun.misc.Unsafe.defineClass(Ljava/lang/String;[BII)Ljava/lang/Class; name or signature does not match> (0x00000000eab07cc0) thrown at [C:\re\workspace\8-2-build-windows-amd64-cygwin\jdk8u101\7261\hotspot\sêïÓT7®?
Event: 0.047 Thread 0x00000000020fe000 Exception <a 'java/lang/NoSuchMethodError': Method sun.misc.Unsafe.prefetchRead(Ljava/lang/Object;J)V name or signature does not match> (0x00000000eab07fa8) thrown at [C:\re\workspace\8-2-build-windows-amd64-cygwin\jdk8u101\7261\hotspot\src\share\vm\prims\3V˜bès?
Event: 1.028 Thread 0x00000000020fe000 Implicit null exception at 0x00000000029435f7 to 0x0000000002944ea9
Event: 1.447 Thread 0x0000000017487800 Implicit null exception at 0x0000000002b035a2 to 0x0000000002b0369a

Events (10 events):
Event: 2.332 Thread 0x0000000017487800 DEOPT PACKING pc=0x0000000002d16800 sp=0x00000000188eea90
Event: 2.332 Thread 0x0000000017487800 DEOPT UNPACKING pc=0x00000000026f582a sp=0x00000000188ee9c8 mode 2
Event: 2.338 Thread 0x0000000017429800 Uncommon trap: trap_request=0xffffffc6 fr.pc=0x0000000002cf07c0
Event: 2.338 Thread 0x0000000017429800 DEOPT PACKING pc=0x0000000002cf07c0 sp=0x00000000189eee90
Event: 2.338 Thread 0x0000000017429800 DEOPT UNPACKING pc=0x00000000026f582a sp=0x00000000189eed98 mode 2
Event: 2.338 Thread 0x0000000017429800 Uncommon trap: trap_request=0xffffffc6 fr.pc=0x0000000002cf07c0
Event: 2.338 Thread 0x0000000017429800 DEOPT PACKING pc=0x0000000002cf07c0 sp=0x00000000189eee90
Event: 2.338 Thread 0x0000000017429800 DEOPT UNPACKING pc=0x00000000026f582a sp=0x00000000189eed98 mode 2
Event: 2.346 Thread 0x0000000017429800 DEOPT PACKING pc=0x0000000002aa05c3 sp=0x00000000189eeec0
Event: 2.346 Thread 0x0000000017429800 DEOPT UNPACKING pc=0x00000000026f787f sp=0x00000000189eec40 mode 0


Dynamic libraries:
0x00007ff7c11d0000 - 0x00007ff7c1207000 	C:\Program Files\Java\jdk1.8.0_101\bin\java.exe
0x00007ffa00cd0000 - 0x00007ffa00e91000 	C:\WINDOWS\SYSTEM32\ntdll.dll
0x00007ffa00c20000 - 0x00007ffa00ccd000 	C:\WINDOWS\system32\KERNEL32.DLL
0x00007ff9fd380000 - 0x00007ff9fd568000 	C:\WINDOWS\system32\KERNELBASE.dll
0x00007ff9fe9c0000 - 0x00007ff9fea67000 	C:\WINDOWS\system32\ADVAPI32.dll
0x00007ff9fe150000 - 0x00007ff9fe1ed000 	C:\WINDOWS\system32\msvcrt.dll
0x00007ffa006d0000 - 0x00007ffa0072b000 	C:\WINDOWS\system32\sechost.dll
0x00007ff9fe1f0000 - 0x00007ff9fe30c000 	C:\WINDOWS\system32\RPCRT4.dll
0x00007ffa00880000 - 0x00007ffa009d6000 	C:\WINDOWS\system32\USER32.dll
0x00007ff9feae0000 - 0x00007ff9fec66000 	C:\WINDOWS\system32\GDI32.dll
0x00007ff9f70b0000 - 0x00007ff9f7324000 	C:\WINDOWS\WinSxS\amd64_microsoft.windows.common-controls_6595b64144ccf1df_6.0.10586.0_none_8c15ae12515e1c22\COMCTL32.dll
0x00007ff9fe740000 - 0x00007ff9fe9bd000 	C:\WINDOWS\system32\combase.dll
0x00007ff9fde00000 - 0x00007ff9fde6a000 	C:\WINDOWS\system32\bcryptPrimitives.dll
0x00007ffa00b80000 - 0x00007ffa00bbb000 	C:\WINDOWS\system32\IMM32.DLL
0x0000000055d70000 - 0x0000000055e42000 	C:\Program Files\Java\jdk1.8.0_101\jre\bin\msvcr100.dll
0x00000000563f0000 - 0x0000000056c8a000 	C:\Program Files\Java\jdk1.8.0_101\jre\bin\server\jvm.dll
0x00007ffa00a40000 - 0x00007ffa00a48000 	C:\WINDOWS\system32\PSAPI.DLL
0x00007ff9fb210000 - 0x00007ff9fb233000 	C:\WINDOWS\SYSTEM32\WINMM.dll
0x00007ff9fa150000 - 0x00007ff9fa159000 	C:\WINDOWS\SYSTEM32\WSOCK32.dll
0x00007ff9f7330000 - 0x00007ff9f733a000 	C:\WINDOWS\SYSTEM32\VERSION.dll
0x00007ff9fb1e0000 - 0x00007ff9fb20c000 	C:\WINDOWS\SYSTEM32\WINMMBASE.dll
0x00007ff9fe0e0000 - 0x00007ff9fe14b000 	C:\WINDOWS\system32\WS2_32.dll
0x00007ff9fdc40000 - 0x00007ff9fdc83000 	C:\WINDOWS\system32\cfgmgr32.dll
0x0000000056300000 - 0x000000005630f000 	C:\Program Files\Java\jdk1.8.0_101\jre\bin\verify.dll
0x00000000562d0000 - 0x00000000562f9000 	C:\Program Files\Java\jdk1.8.0_101\jre\bin\java.dll
0x00000000562b0000 - 0x00000000562c6000 	C:\Program Files\Java\jdk1.8.0_101\jre\bin\zip.dll
0x00007ff9fec70000 - 0x00007ffa001cc000 	C:\WINDOWS\system32\SHELL32.dll
0x00007ff9fd590000 - 0x00007ff9fdbd5000 	C:\WINDOWS\system32\windows.storage.dll
0x00007ffa002a0000 - 0x00007ffa002f2000 	C:\WINDOWS\system32\shlwapi.dll
0x00007ff9fd370000 - 0x00007ff9fd37f000 	C:\WINDOWS\system32\kernel.appcore.dll
0x00007ff9fdd40000 - 0x00007ff9fddf5000 	C:\WINDOWS\system32\shcore.dll
0x00007ff9fd310000 - 0x00007ff9fd35b000 	C:\WINDOWS\system32\powrprof.dll
0x00007ff9fd2f0000 - 0x00007ff9fd304000 	C:\WINDOWS\system32\profapi.dll

VM Arguments:
jvm_args: -Djava.awt.headless=true -Xmx1024M -Dfile.encoding=GBK -Duser.country=CN -Duser.language=zh -Duser.variant 
java_command: com.android.dx.command.Main --dex --num-threads=4 --output D:\Android\Code\AndroidCode\Screen\app\build\intermediates\pre-dexed\debug\com.android.support-design-24.2.1_bb2381c893c6b3793b2ffa7d3812d361d2d6e110.jar D:\Android\Code\AndroidCode\Screen\app\build\intermediates\exploded-aar\com.android.support\design\24.2.1\jars\classes.jar
java_class_path (initial): D:\Android\SDK\build-tools\24.0.2\lib\dx.jar
Launcher Type: SUN_STANDARD

Environment Variables:
JAVA_HOME=C:\Program Files\Java\jdk1.8.0_101
JRE_HOME=C:\Program Files\Java\jre1.8.0_101
PATH=C:\ProgramData\Oracle\Java\javapath;C:\Program Files (x86)\Intel\iCLS Client\;C:\Program Files\Intel\iCLS Client\;C:\Windows\system32;C:\Windows;C:\Windows\System32\Wbem;C:\Windows\System32\WindowsPowerShell\v1.0\;C:\Program Files (x86)\NVIDIA Corporation\PhysX\Common;C:\Program Files (x86)\Intel\Intel(R) Management Engine Components\DAL;C:\Program Files\Intel\Intel(R) Management Engine Components\DAL;C:\Program Files (x86)\Intel\Intel(R) Management Engine Components\IPT;C:\Program Files\Intel\Intel(R) Management Engine Components\IPT;C:\WINDOWS\system32;C:\WINDOWS;C:\WINDOWS\System32\Wbem;C:\WINDOWS\System32\WindowsPowerShell\v1.0\;D:\Git\cmd;C:\Program Files\Java\jdk1.8.0_101\bin;D:\SQLServer\86\100\Tools\Binn\;D:\SQLServer\100\Tools\Binn\;D:\SQLServer\100\DTS\Binn\;D:\SQLServer\86\100\Tools\Binn\VSShell\Common7\IDE\;C:\Program Files (x86)\Microsoft Visual Studio 9.0\Common7\IDE\PrivateAssemblies\;D:\SQLServer\86\100\DTS\Binn\
USERNAME=TangYuan
OS=Windows_NT
PROCESSOR_IDENTIFIER=Intel64 Family 6 Model 94 Stepping 3, GenuineIntel



---------------  S Y S T E M  ---------------

OS: Windows 10.0 , 64 bit Build 10586 (10.0.10586.0)

CPU:total 8 (4 cores per cpu, 2 threads per core) family 6 model 94 stepping 3, cmov, cx8, fxsr, mmx, sse, sse2, sse3, ssse3, sse4.1, sse4.2, popcnt, avx, avx2, aes, clmul, erms, rtm, 3dnowpref, lzcnt, ht, tsc, tscinvbit, bmi1, bmi2, adx

Memory: 4k page, physical 8281884k(1102348k free), swap 8298268k(8396k free)

vm_info: Java HotSpot(TM) 64-Bit Server VM (25.101-b13) for windows-amd64 JRE (1.8.0_101-b13), built on Jun 22 2016 01:21:29 by "java_re" with MS VC++ 10.0 (VS2010)

time: Wed Oct 12 01:17:43 2016
elapsed time: 2 seconds (0d 0h 0m 2s)

