#
# There is insufficient memory for the Java Runtime Environment to continue.
# Native memory allocation (malloc) failed to allocate 576144 bytes for Chunk::new
# Possible reasons:
#   The system is out of physical RAM or swap space
#   In 32 bit mode, the process size limit was hit
# Possible solutions:
#   Reduce memory load on the system
#   Increase physical memory or swap space
#   Check if swap backing store is full
#   Use 64 bit Java on a 64 bit OS
#   Decrease Java heap size (-Xmx/-Xms)
#   Decrease number of Java threads
#   Decrease Java thread stack sizes (-Xss)
#   Set larger code cache with -XX:ReservedCodeCacheSize=
# This output file may be truncated or incomplete.
#
#  Out of Memory Error (allocation.cpp:390), pid=6880, tid=0x00000000000016b0
#
# JRE version: Java(TM) SE Runtime Environment (8.0_101-b13) (build 1.8.0_101-b13)
# Java VM: Java HotSpot(TM) 64-Bit Server VM (25.101-b13 mixed mode windows-amd64 compressed oops)
# Failed to write core dump. Minidumps are not enabled by default on client versions of Windows
#

---------------  T H R E A D  ---------------

Current thread (0x000000001717b800):  JavaThread "C2 CompilerThread1" daemon [_thread_in_native, id=5808, stack(0x00000000178f0000,0x00000000179f0000)]

Stack: [0x00000000178f0000,0x00000000179f0000]
[error occurred during error reporting (printing stack bounds), id 0xc0000005]

Native frames: (J=compiled Java code, j=interpreted, Vv=VM code, C=native code)


Current CompileTask:
C2:   2946 1503   !   4       com.android.dx.cf.code.Ropper::processBlock (1101 bytes)


---------------  P R O C E S S  ---------------

Java Threads: ( => current thread )
  0x000000001748c000 JavaThread "pool-1-thread-4" [_thread_blocked, id=3580, stack(0x00000000181f0000,0x00000000182f0000)]
  0x0000000017484800 JavaThread "pool-1-thread-3" [_thread_in_Java, id=5028, stack(0x00000000180f0000,0x00000000181f0000)]
  0x0000000017483800 JavaThread "pool-1-thread-2" [_thread_in_Java, id=7116, stack(0x0000000017ff0000,0x00000000180f0000)]
  0x0000000017466000 JavaThread "pool-2-thread-1" [_thread_blocked, id=6720, stack(0x0000000017ef0000,0x0000000017ff0000)]
  0x0000000017465800 JavaThread "pool-1-thread-1" [_thread_blocked, id=120, stack(0x0000000017df0000,0x0000000017ef0000)]
  0x0000000017225000 JavaThread "Service Thread" daemon [_thread_blocked, id=3940, stack(0x0000000017bf0000,0x0000000017cf0000)]
  0x0000000017187000 JavaThread "C1 CompilerThread3" daemon [_thread_in_native, id=1140, stack(0x0000000017af0000,0x0000000017bf0000)]
  0x0000000017180800 JavaThread "C2 CompilerThread2" daemon [_thread_in_native, id=2880, stack(0x00000000179f0000,0x0000000017af0000)]
=>0x000000001717b800 JavaThread "C2 CompilerThread1" daemon [_thread_in_native, id=5808, stack(0x00000000178f0000,0x00000000179f0000)]
  0x000000001520e000 JavaThread "C2 CompilerThread0" daemon [_thread_in_native, id=2660, stack(0x00000000177f0000,0x00000000178f0000)]
  0x000000001712b000 JavaThread "Attach Listener" daemon [_thread_blocked, id=7516, stack(0x00000000176f0000,0x00000000177f0000)]
  0x0000000017178800 JavaThread "Signal Dispatcher" daemon [_thread_blocked, id=7712, stack(0x00000000175f0000,0x00000000176f0000)]
  0x00000000026de000 JavaThread "Finalizer" daemon [_thread_blocked, id=6564, stack(0x00000000174f0000,0x00000000175f0000)]
  0x00000000026d7000 JavaThread "Reference Handler" daemon [_thread_blocked, id=3256, stack(0x0000000016ff0000,0x00000000170f0000)]
  0x00000000025de000 JavaThread "main" [_thread_blocked, id=5500, stack(0x0000000002430000,0x0000000002530000)]

Other Threads:
  0x00000000151f9800 VMThread [stack: 0x0000000016ef0000,0x0000000016ff0000] [id=6396]
  0x00000000172af800 WatcherThread [stack: 0x0000000017cf0000,0x0000000017df0000] [id=6504]

VM state:not at safepoint (normal execution)

VM Mutex/Monitor currently owned by a thread: None

Heap:
 PSYoungGen      total 71680K, used 35244K [0x00000000eab00000, 0x00000000ef600000, 0x0000000100000000)
  eden space 66560K, 45% used [0x00000000eab00000,0x00000000ec870090,0x00000000eec00000)
  from space 5120K, 99% used [0x00000000ef100000,0x00000000ef5fb010,0x00000000ef600000)
  to   space 5120K, 0% used [0x00000000eec00000,0x00000000eec00000,0x00000000ef100000)
 ParOldGen       total 87552K, used 5700K [0x00000000c0000000, 0x00000000c5580000, 0x00000000eab00000)
  object space 87552K, 6% used [0x00000000c0000000,0x00000000c0591220,0x00000000c5580000)
 Metaspace       used 6139K, capacity 7088K, committed 7296K, reserved 1056768K
  class space    used 594K, capacity 616K, committed 640K, reserved 1048576K

Card table byte_map: [0x0000000011aa0000,0x0000000011cb0000] byte_map_base: 0x00000000114a0000

Marking Bits: (ParMarkBitMap*) 0x0000000056c0a6d0
 Begin Bits: [0x0000000012610000, 0x0000000013610000)
 End Bits:   [0x0000000013610000, 0x0000000014610000)

Polling page: 0x00000000020c0000

CodeCache: size=245760Kb used=6991Kb max_used=6991Kb free=238768Kb
 bounds [0x00000000026e0000, 0x0000000002dc0000, 0x00000000116e0000]
 total_blobs=1862 nmethods=1597 adapters=178
 compilation: enabled

Compilation events (10 events):
Event: 2.932 Thread 0x0000000017187000 nmethod 1611 0x0000000002db5690 code [0x0000000002db58a0, 0x0000000002db5f18]
Event: 2.934 Thread 0x0000000017187000 1612       3       com.android.dx.dex.file.ValueEncoder::addContents (75 bytes)
Event: 2.935 Thread 0x0000000017187000 nmethod 1612 0x0000000002db6990 code [0x0000000002db6c40, 0x0000000002db8298]
Event: 2.935 Thread 0x0000000017187000 1613       3       java.util.HashMap$EntryIterator::next (5 bytes)
Event: 2.935 Thread 0x0000000017187000 nmethod 1613 0x0000000002db8f10 code [0x0000000002db9080, 0x0000000002db9368]
Event: 2.935 Thread 0x0000000017187000 1614       3       java.util.HashMap$EntryIterator::next (5 bytes)
Event: 2.935 Thread 0x0000000017187000 nmethod 1614 0x0000000002db9410 code [0x0000000002db9580, 0x0000000002db9788]
Event: 2.935 Thread 0x0000000017187000 1615       3       com.android.dx.ssa.SsaInsn::setResult (20 bytes)
Event: 2.935 Thread 0x0000000017187000 nmethod 1615 0x0000000002db9810 code [0x0000000002db9980, 0x0000000002db9be8]
Event: 2.935 Thread 0x0000000017187000 1618   !   3       com.android.dx.cf.code.RopperMachine::run (1550 bytes)

GC Heap History (4 events):
Event: 1.070 GC heap before
{Heap before GC invocations=1 (full 0):
 PSYoungGen      total 38400K, used 33280K [0x00000000eab00000, 0x00000000ed580000, 0x0000000100000000)
  eden space 33280K, 100% used [0x00000000eab00000,0x00000000ecb80000,0x00000000ecb80000)
  from space 5120K, 0% used [0x00000000ed080000,0x00000000ed080000,0x00000000ed580000)
  to   space 5120K, 0% used [0x00000000ecb80000,0x00000000ecb80000,0x00000000ed080000)
 ParOldGen       total 87552K, used 0K [0x00000000c0000000, 0x00000000c5580000, 0x00000000eab00000)
  object space 87552K, 0% used [0x00000000c0000000,0x00000000c0000000,0x00000000c5580000)
 Metaspace       used 5896K, capacity 6896K, committed 7040K, reserved 1056768K
  class space    used 592K, capacity 616K, committed 640K, reserved 1048576K
Event: 1.297 GC heap after
Heap after GC invocations=1 (full 0):
 PSYoungGen      total 38400K, used 5090K [0x00000000eab00000, 0x00000000ef600000, 0x0000000100000000)
  eden space 33280K, 0% used [0x00000000eab00000,0x00000000eab00000,0x00000000ecb80000)
  from space 5120K, 99% used [0x00000000ecb80000,0x00000000ed078b08,0x00000000ed080000)
  to   space 5120K, 0% used [0x00000000ef100000,0x00000000ef100000,0x00000000ef600000)
 ParOldGen       total 87552K, used 1315K [0x00000000c0000000, 0x00000000c5580000, 0x00000000eab00000)
  object space 87552K, 1% used [0x00000000c0000000,0x00000000c0148ff0,0x00000000c5580000)
 Metaspace       used 5896K, capacity 6896K, committed 7040K, reserved 1056768K
  class space    used 592K, capacity 616K, committed 640K, reserved 1048576K
}
Event: 2.207 GC heap before
{Heap before GC invocations=2 (full 0):
 PSYoungGen      total 38400K, used 38370K [0x00000000eab00000, 0x00000000ef600000, 0x0000000100000000)
  eden space 33280K, 100% used [0x00000000eab00000,0x00000000ecb80000,0x00000000ecb80000)
  from space 5120K, 99% used [0x00000000ecb80000,0x00000000ed078b08,0x00000000ed080000)
  to   space 5120K, 0% used [0x00000000ef100000,0x00000000ef100000,0x00000000ef600000)
 ParOldGen       total 87552K, used 1315K [0x00000000c0000000, 0x00000000c5580000, 0x00000000eab00000)
  object space 87552K, 1% used [0x00000000c0000000,0x00000000c0148ff0,0x00000000c5580000)
 Metaspace       used 6101K, capacity 7088K, committed 7296K, reserved 1056768K
  class space    used 594K, capacity 616K, committed 640K, reserved 1048576K
Event: 2.248 GC heap after
Heap after GC invocations=2 (full 0):
 PSYoungGen      total 71680K, used 5100K [0x00000000eab00000, 0x00000000ef600000, 0x0000000100000000)
  eden space 66560K, 0% used [0x00000000eab00000,0x00000000eab00000,0x00000000eec00000)
  from space 5120K, 99% used [0x00000000ef100000,0x00000000ef5fb010,0x00000000ef600000)
  to   space 5120K, 0% used [0x00000000eec00000,0x00000000eec00000,0x00000000ef100000)
 ParOldGen       total 87552K, used 5700K [0x00000000c0000000, 0x00000000c5580000, 0x00000000eab00000)
  object space 87552K, 6% used [0x00000000c0000000,0x00000000c0591220,0x00000000c5580000)
 Metaspace       used 6101K, capacity 7088K, committed 7296K, reserved 1056768K
  class space    used 594K, capacity 616K, committed 640K, reserved 1048576K
}

Deoptimization events (10 events):
Event: 1.966 Thread 0x000000001748c000 Uncommon trap: reason=class_check action=maybe_recompile pc=0x0000000002abc3dc method=java.util.HashMap.putVal(ILjava/lang/Object;Ljava/lang/Object;ZZ)Ljava/lang/Object; @ 203
Event: 2.304 Thread 0x0000000017484800 Uncommon trap: reason=unstable_if action=reinterpret pc=0x0000000002bdcc30 method=com.android.dx.cf.code.ByteCatchList.listFor(I)Lcom/android/dx/cf/code/ByteCatchList; @ 19
Event: 2.903 Thread 0x0000000017465800 Uncommon trap: reason=bimorphic action=maybe_recompile pc=0x0000000002cf47cc method=com.android.dx.ssa.LiteralOpUpgrader.tryReplacingWithConstant(Lcom/android/dx/ssa/NormalSsaInsn;)Z @ 52
Event: 2.903 Thread 0x0000000017465800 Uncommon trap: reason=bimorphic action=maybe_recompile pc=0x0000000002cf47cc method=com.android.dx.ssa.LiteralOpUpgrader.tryReplacingWithConstant(Lcom/android/dx/ssa/NormalSsaInsn;)Z @ 52
Event: 2.904 Thread 0x000000001748c000 Uncommon trap: reason=unstable_if action=reinterpret pc=0x0000000002d06600 method=com.android.dx.rop.cst.CstNat.equals(Ljava/lang/Object;)Z @ 25
Event: 2.928 Thread 0x00000000025de000 Uncommon trap: reason=bimorphic action=maybe_recompile pc=0x0000000002cd492c method=com.android.dx.ssa.SCCP.simulatePhi(Lcom/android/dx/ssa/PhiInsn;)V @ 124
Event: 2.928 Thread 0x00000000025de000 Uncommon trap: reason=bimorphic action=maybe_recompile pc=0x0000000002cd492c method=com.android.dx.ssa.SCCP.simulatePhi(Lcom/android/dx/ssa/PhiInsn;)V @ 124
Event: 2.928 Thread 0x00000000025de000 Uncommon trap: reason=bimorphic action=maybe_recompile pc=0x0000000002cd492c method=com.android.dx.ssa.SCCP.simulatePhi(Lcom/android/dx/ssa/PhiInsn;)V @ 124
Event: 2.928 Thread 0x00000000025de000 Uncommon trap: reason=bimorphic action=maybe_recompile pc=0x0000000002cd492c method=com.android.dx.ssa.SCCP.simulatePhi(Lcom/android/dx/ssa/PhiInsn;)V @ 124
Event: 2.934 Thread 0x00000000025de000 Uncommon trap: reason=unstable_if action=reinterpret pc=0x0000000002d596c4 method=com.android.dx.cf.code.RopperMachine.run(Lcom/android/dx/cf/code/Frame;II)V @ 1500

Internal exceptions (4 events):
Event: 0.081 Thread 0x00000000025de000 Exception <a 'java/lang/NoSuchMethodError': Method sun.misc.Unsafe.defineClass(Ljava/lang/String;[BII)Ljava/lang/Class; name or signature does not match> (0x00000000eab07cc0) thrown at [C:\re\workspace\8-2-build-windows-amd64-cygwin\jdk8u101\7261\hotspot\s˚Á^)‡¥?
Event: 0.082 Thread 0x00000000025de000 Exception <a 'java/lang/NoSuchMethodError': Method sun.misc.Unsafe.prefetchRead(Ljava/lang/Object;J)V name or signature does not match> (0x00000000eab07fa8) thrown at [C:\re\workspace\8-2-build-windows-amd64-cygwin\jdk8u101\7261\hotspot\src\share\vm\prims\`∑∏è«◊Ì?
Event: 0.933 Thread 0x0000000017465800 Implicit null exception at 0x0000000002a9eda2 to 0x0000000002a9ee9a
Event: 1.054 Thread 0x00000000025de000 Implicit null exception at 0x0000000002984633 to 0x0000000002985e9d

Events (10 events):
Event: 2.928 Thread 0x00000000025de000 DEOPT UNPACKING pc=0x000000000272582a sp=0x000000000252e518 mode 2
Event: 2.928 Thread 0x00000000025de000 Uncommon trap: trap_request=0xffffffc6 fr.pc=0x0000000002cd492c
Event: 2.928 Thread 0x00000000025de000 DEOPT PACKING pc=0x0000000002cd492c sp=0x000000000252e550
Event: 2.928 Thread 0x00000000025de000 DEOPT UNPACKING pc=0x000000000272582a sp=0x000000000252e518 mode 2
Event: 2.928 Thread 0x00000000025de000 Uncommon trap: trap_request=0xffffffc6 fr.pc=0x0000000002cd492c
Event: 2.928 Thread 0x00000000025de000 DEOPT PACKING pc=0x0000000002cd492c sp=0x000000000252e550
Event: 2.928 Thread 0x00000000025de000 DEOPT UNPACKING pc=0x000000000272582a sp=0x000000000252e518 mode 2
Event: 2.934 Thread 0x00000000025de000 Uncommon trap: trap_request=0xffffff65 fr.pc=0x0000000002d596c4
Event: 2.934 Thread 0x00000000025de000 DEOPT PACKING pc=0x0000000002d596c4 sp=0x000000000252ded0
Event: 2.934 Thread 0x00000000025de000 DEOPT UNPACKING pc=0x000000000272582a sp=0x000000000252dea8 mode 2


Dynamic libraries:
0x00007ff7c11d0000 - 0x00007ff7c1207000 	C:\Program Files\Java\jdk1.8.0_101\bin\java.exe
0x00007ffa00cd0000 - 0x00007ffa00e91000 	C:\WINDOWS\SYSTEM32\ntdll.dll
0x00007ffa00c20000 - 0x00007ffa00ccd000 	C:\WINDOWS\system32\KERNEL32.DLL
0x00007ff9fd380000 - 0x00007ff9fd568000 	C:\WINDOWS\system32\KERNELBASE.dll
0x00007ff9fe9c0000 - 0x00007ff9fea67000 	C:\WINDOWS\system32\ADVAPI32.dll
0x00007ff9fe150000 - 0x00007ff9fe1ed000 	C:\WINDOWS\system32\msvcrt.dll
0x00007ffa006d0000 - 0x00007ffa0072b000 	C:\WINDOWS\system32\sechost.dll
0x00007ff9fe1f0000 - 0x00007ff9fe30c000 	C:\WINDOWS\system32\RPCRT4.dll
0x00007ffa00880000 - 0x00007ffa009d6000 	C:\WINDOWS\system32\USER32.dll
0x00007ff9feae0000 - 0x00007ff9fec66000 	C:\WINDOWS\system32\GDI32.dll
0x00007ff9f70b0000 - 0x00007ff9f7324000 	C:\WINDOWS\WinSxS\amd64_microsoft.windows.common-controls_6595b64144ccf1df_6.0.10586.0_none_8c15ae12515e1c22\COMCTL32.dll
0x00007ff9fe740000 - 0x00007ff9fe9bd000 	C:\WINDOWS\system32\combase.dll
0x00007ff9fde00000 - 0x00007ff9fde6a000 	C:\WINDOWS\system32\bcryptPrimitives.dll
0x00007ffa00b80000 - 0x00007ffa00bbb000 	C:\WINDOWS\system32\IMM32.DLL
0x0000000055d70000 - 0x0000000055e42000 	C:\Program Files\Java\jdk1.8.0_101\jre\bin\msvcr100.dll
0x00000000563f0000 - 0x0000000056c8a000 	C:\Program Files\Java\jdk1.8.0_101\jre\bin\server\jvm.dll
0x00007ffa00a40000 - 0x00007ffa00a48000 	C:\WINDOWS\system32\PSAPI.DLL
0x00007ff9fa150000 - 0x00007ff9fa159000 	C:\WINDOWS\SYSTEM32\WSOCK32.dll
0x00007ff9fb210000 - 0x00007ff9fb233000 	C:\WINDOWS\SYSTEM32\WINMM.dll
0x00007ff9f7330000 - 0x00007ff9f733a000 	C:\WINDOWS\SYSTEM32\VERSION.dll
0x00007ff9fe0e0000 - 0x00007ff9fe14b000 	C:\WINDOWS\system32\WS2_32.dll
0x00007ff9fb1e0000 - 0x00007ff9fb20c000 	C:\WINDOWS\SYSTEM32\WINMMBASE.dll
0x00007ff9fdc40000 - 0x00007ff9fdc83000 	C:\WINDOWS\system32\cfgmgr32.dll
0x0000000056300000 - 0x000000005630f000 	C:\Program Files\Java\jdk1.8.0_101\jre\bin\verify.dll
0x00000000562d0000 - 0x00000000562f9000 	C:\Program Files\Java\jdk1.8.0_101\jre\bin\java.dll
0x00000000562b0000 - 0x00000000562c6000 	C:\Program Files\Java\jdk1.8.0_101\jre\bin\zip.dll
0x00007ff9fec70000 - 0x00007ffa001cc000 	C:\WINDOWS\system32\SHELL32.dll
0x00007ff9fd590000 - 0x00007ff9fdbd5000 	C:\WINDOWS\system32\windows.storage.dll
0x00007ffa002a0000 - 0x00007ffa002f2000 	C:\WINDOWS\system32\shlwapi.dll
0x00007ff9fd370000 - 0x00007ff9fd37f000 	C:\WINDOWS\system32\kernel.appcore.dll
0x00007ff9fdd40000 - 0x00007ff9fddf5000 	C:\WINDOWS\system32\shcore.dll
0x00007ff9fd310000 - 0x00007ff9fd35b000 	C:\WINDOWS\system32\powrprof.dll
0x00007ff9fd2f0000 - 0x00007ff9fd304000 	C:\WINDOWS\system32\profapi.dll

VM Arguments:
jvm_args: -Djava.awt.headless=true -Xmx1024M -Dfile.encoding=GBK -Duser.country=CN -Duser.language=zh -Duser.variant 
java_command: com.android.dx.command.Main --dex --num-threads=4 --output D:\Android\Code\AndroidCode\Screen\app\build\intermediates\pre-dexed\debug\com.android.support-design-24.2.1_bb2381c893c6b3793b2ffa7d3812d361d2d6e110.jar D:\Android\Code\AndroidCode\Screen\app\build\intermediates\exploded-aar\com.android.support\design\24.2.1\jars\classes.jar
java_class_path (initial): D:\Android\SDK\build-tools\24.0.2\lib\dx.jar
Launcher Type: SUN_STANDARD

Environment Variables:
JAVA_HOME=C:\Program Files\Java\jdk1.8.0_101
JRE_HOME=C:\Program Files\Java\jre1.8.0_101
PATH=C:\ProgramData\Oracle\Java\javapath;C:\Program Files (x86)\Intel\iCLS Client\;C:\Program Files\Intel\iCLS Client\;C:\Windows\system32;C:\Windows;C:\Windows\System32\Wbem;C:\Windows\System32\WindowsPowerShell\v1.0\;C:\Program Files (x86)\NVIDIA Corporation\PhysX\Common;C:\Program Files (x86)\Intel\Intel(R) Management Engine Components\DAL;C:\Program Files\Intel\Intel(R) Management Engine Components\DAL;C:\Program Files (x86)\Intel\Intel(R) Management Engine Components\IPT;C:\Program Files\Intel\Intel(R) Management Engine Components\IPT;C:\WINDOWS\system32;C:\WINDOWS;C:\WINDOWS\System32\Wbem;C:\WINDOWS\System32\WindowsPowerShell\v1.0\;D:\Git\cmd;C:\Program Files\Java\jdk1.8.0_101\bin;D:\SQLServer\86\100\Tools\Binn\;D:\SQLServer\100\Tools\Binn\;D:\SQLServer\100\DTS\Binn\;D:\SQLServer\86\100\Tools\Binn\VSShell\Common7\IDE\;C:\Program Files (x86)\Microsoft Visual Studio 9.0\Common7\IDE\PrivateAssemblies\;D:\SQLServer\86\100\DTS\Binn\
USERNAME=TangYuan
OS=Windows_NT
PROCESSOR_IDENTIFIER=Intel64 Family 6 Model 94 Stepping 3, GenuineIntel



---------------  S Y S T E M  ---------------

OS: Windows 10.0 , 64 bit Build 10586 (10.0.10586.0)

CPU:total 8 (4 cores per cpu, 2 threads per core) family 6 model 94 stepping 3, cmov, cx8, fxsr, mmx, sse, sse2, sse3, ssse3, sse4.1, sse4.2, popcnt, avx, avx2, aes, clmul, erms, rtm, 3dnowpref, lzcnt, ht, tsc, tscinvbit, bmi1, bmi2, adx

Memory: 4k page, physical 8281884k(1052884k free), swap 8298268k(5188k free)

vm_info: Java HotSpot(TM) 64-Bit Server VM (25.101-b13) for windows-amd64 JRE (1.8.0_101-b13), built on Jun 22 2016 01:21:29 by "java_re" with MS VC++ 10.0 (VS2010)

time: Wed Oct 12 01:16:05 2016
elapsed time: 2 seconds (0d 0h 0m 2s)

