#
# There is insufficient memory for the Java Runtime Environment to continue.
# Native memory allocation (malloc) failed to allocate 1136016 bytes for Chunk::new
# Possible reasons:
#   The system is out of physical RAM or swap space
#   In 32 bit mode, the process size limit was hit
# Possible solutions:
#   Reduce memory load on the system
#   Increase physical memory or swap space
#   Check if swap backing store is full
#   Use 64 bit Java on a 64 bit OS
#   Decrease Java heap size (-Xmx/-Xms)
#   Decrease number of Java threads
#   Decrease Java thread stack sizes (-Xss)
#   Set larger code cache with -XX:ReservedCodeCacheSize=
# This output file may be truncated or incomplete.
#
#  Out of Memory Error (allocation.cpp:390), pid=7832, tid=0x0000000000001b54
#
# JRE version: Java(TM) SE Runtime Environment (8.0_101-b13) (build 1.8.0_101-b13)
# Java VM: Java HotSpot(TM) 64-Bit Server VM (25.101-b13 mixed mode windows-amd64 compressed oops)
# Failed to write core dump. Minidumps are not enabled by default on client versions of Windows
#

---------------  T H R E A D  ---------------

Current thread (0x000000001721c000):  JavaThread "C2 CompilerThread2" daemon [_thread_in_native, id=6996, stack(0x0000000017a90000,0x0000000017b90000)]

Stack: [0x0000000017a90000,0x0000000017b90000]
[error occurred during error reporting (printing stack bounds), id 0xc0000005]

Native frames: (J=compiled Java code, j=interpreted, Vv=VM code, C=native code)


Current CompileTask:
C2:   6620 1743       4       com.android.dx.rop.code.LocalVariableExtractor::processBlock (327 bytes)


---------------  P R O C E S S  ---------------

Java Threads: ( => current thread )
  0x000000001746a000 JavaThread "pool-1-thread-4" [_thread_in_Java, id=2184, stack(0x0000000018a90000,0x0000000018b90000)]
  0x0000000017465800 JavaThread "pool-1-thread-3" [_thread_in_Java, id=6784, stack(0x0000000018990000,0x0000000018a90000)]
  0x0000000017461000 JavaThread "pool-1-thread-2" [_thread_in_Java, id=7500, stack(0x0000000018890000,0x0000000018990000)]
  0x0000000017440000 JavaThread "pool-2-thread-1" [_thread_blocked, id=6160, stack(0x0000000018790000,0x0000000018890000)]
  0x000000001743f800 JavaThread "pool-1-thread-1" [_thread_blocked, id=2860, stack(0x0000000018690000,0x0000000018790000)]
  0x0000000017223800 JavaThread "Service Thread" daemon [_thread_blocked, id=7620, stack(0x0000000017c90000,0x0000000017d90000)]
  0x0000000017220000 JavaThread "C1 CompilerThread3" daemon [_thread_blocked, id=7128, stack(0x0000000017b90000,0x0000000017c90000)]
=>0x000000001721c000 JavaThread "C2 CompilerThread2" daemon [_thread_in_native, id=6996, stack(0x0000000017a90000,0x0000000017b90000)]
  0x000000001721a000 JavaThread "C2 CompilerThread1" daemon [_thread_in_native, id=7608, stack(0x0000000017990000,0x0000000017a90000)]
  0x00000000171b7800 JavaThread "C2 CompilerThread0" daemon [_thread_in_native, id=4972, stack(0x0000000017890000,0x0000000017990000)]
  0x00000000171b1000 JavaThread "Attach Listener" daemon [_thread_blocked, id=3828, stack(0x0000000017790000,0x0000000017890000)]
  0x0000000017167000 JavaThread "Signal Dispatcher" daemon [_thread_blocked, id=752, stack(0x0000000017690000,0x0000000017790000)]
  0x00000000026a8800 JavaThread "Finalizer" daemon [_thread_blocked, id=1268, stack(0x0000000017530000,0x0000000017630000)]
  0x00000000026a7000 JavaThread "Reference Handler" daemon [_thread_blocked, id=5380, stack(0x0000000017030000,0x0000000017130000)]
  0x000000000270e000 JavaThread "main" [_thread_in_Java, id=4480, stack(0x0000000002140000,0x0000000002240000)]

Other Threads:
  0x0000000015229800 VMThread [stack: 0x0000000016f30000,0x0000000017030000] [id=7304]
  0x000000001723b800 WatcherThread [stack: 0x0000000017d90000,0x0000000017e90000] [id=2924]

VM state:not at safepoint (normal execution)

VM Mutex/Monitor currently owned by a thread: None

Heap:
 PSYoungGen      total 71680K, used 52158K [0x00000000eab00000, 0x00000000f3700000, 0x0000000100000000)
  eden space 66560K, 70% used [0x00000000eab00000,0x00000000ed8f4a10,0x00000000eec00000)
  from space 5120K, 99% used [0x00000000eec00000,0x00000000ef0fae00,0x00000000ef100000)
  to   space 5120K, 0% used [0x00000000f3200000,0x00000000f3200000,0x00000000f3700000)
 ParOldGen       total 87552K, used 16656K [0x00000000c0000000, 0x00000000c5580000, 0x00000000eab00000)
  object space 87552K, 19% used [0x00000000c0000000,0x00000000c1044318,0x00000000c5580000)
 Metaspace       used 6262K, capacity 7128K, committed 7424K, reserved 1056768K
  class space    used 615K, capacity 656K, committed 768K, reserved 1048576K

Card table byte_map: [0x0000000011ad0000,0x0000000011ce0000] byte_map_base: 0x00000000114d0000

Marking Bits: (ParMarkBitMap*) 0x0000000056c0a6d0
 Begin Bits: [0x0000000012640000, 0x0000000013640000)
 End Bits:   [0x0000000013640000, 0x0000000014640000)

Polling page: 0x0000000000990000

CodeCache: size=245760Kb used=7187Kb max_used=7187Kb free=238572Kb
 bounds [0x0000000002710000, 0x0000000002e20000, 0x0000000011710000]
 total_blobs=1975 nmethods=1710 adapters=178
 compilation: enabled

Compilation events (10 events):
Event: 6.409 Thread 0x0000000017220000 nmethod 1768 0x0000000002de2fd0 code [0x0000000002de3140, 0x0000000002de3338]
Event: 6.411 Thread 0x0000000017220000 1771       1       com.android.dx.cf.attrib.AttInnerClasses::getInnerClasses (5 bytes)
Event: 6.411 Thread 0x0000000017220000 nmethod 1771 0x0000000002dc5610 code [0x0000000002dc5760, 0x0000000002dc5870]
Event: 6.550 Thread 0x0000000017220000 1773       2       com.android.dx.rop.cst.CstLiteral32::getLongBits (6 bytes)
Event: 6.550 Thread 0x0000000017220000 nmethod 1773 0x0000000002dc52d0 code [0x0000000002dc5420, 0x0000000002dc5570]
Event: 6.572 Thread 0x0000000017220000 1775       2       com.android.dx.ssa.SsaMethod::makeNewSsaReg (26 bytes)
Event: 6.572 Thread 0x0000000017220000 nmethod 1775 0x0000000002dc4f50 code [0x0000000002dc50a0, 0x0000000002dc5230]
Event: 6.588 Thread 0x0000000017220000 1776       2       com.android.dx.ssa.NormalSsaInsn::changeOneSource (120 bytes)
Event: 6.591 Thread 0x0000000017220000 nmethod 1776 0x0000000002de0d10 code [0x0000000002de0f20, 0x0000000002de1678]
Event: 6.591 Thread 0x0000000017220000 1777       2       com.android.dx.ssa.back.RegisterAllocator::insertMoveBefore (240 bytes)

GC Heap History (6 events):
Event: 2.292 GC heap before
{Heap before GC invocations=1 (full 0):
 PSYoungGen      total 38400K, used 33280K [0x00000000eab00000, 0x00000000ed580000, 0x0000000100000000)
  eden space 33280K, 100% used [0x00000000eab00000,0x00000000ecb80000,0x00000000ecb80000)
  from space 5120K, 0% used [0x00000000ed080000,0x00000000ed080000,0x00000000ed580000)
  to   space 5120K, 0% used [0x00000000ecb80000,0x00000000ecb80000,0x00000000ed080000)
 ParOldGen       total 87552K, used 0K [0x00000000c0000000, 0x00000000c5580000, 0x00000000eab00000)
  object space 87552K, 0% used [0x00000000c0000000,0x00000000c0000000,0x00000000c5580000)
 Metaspace       used 5848K, capacity 6832K, committed 7040K, reserved 1056768K
  class space    used 590K, capacity 616K, committed 640K, reserved 1048576K
Event: 2.367 GC heap after
Heap after GC invocations=1 (full 0):
 PSYoungGen      total 38400K, used 5088K [0x00000000eab00000, 0x00000000ef600000, 0x0000000100000000)
  eden space 33280K, 0% used [0x00000000eab00000,0x00000000eab00000,0x00000000ecb80000)
  from space 5120K, 99% used [0x00000000ecb80000,0x00000000ed078098,0x00000000ed080000)
  to   space 5120K, 0% used [0x00000000ef100000,0x00000000ef100000,0x00000000ef600000)
 ParOldGen       total 87552K, used 1162K [0x00000000c0000000, 0x00000000c5580000, 0x00000000eab00000)
  object space 87552K, 1% used [0x00000000c0000000,0x00000000c0122ae8,0x00000000c5580000)
 Metaspace       used 5848K, capacity 6832K, committed 7040K, reserved 1056768K
  class space    used 590K, capacity 616K, committed 640K, reserved 1048576K
}
Event: 3.647 GC heap before
{Heap before GC invocations=2 (full 0):
 PSYoungGen      total 38400K, used 38368K [0x00000000eab00000, 0x00000000ef600000, 0x0000000100000000)
  eden space 33280K, 100% used [0x00000000eab00000,0x00000000ecb80000,0x00000000ecb80000)
  from space 5120K, 99% used [0x00000000ecb80000,0x00000000ed078098,0x00000000ed080000)
  to   space 5120K, 0% used [0x00000000ef100000,0x00000000ef100000,0x00000000ef600000)
 ParOldGen       total 87552K, used 1162K [0x00000000c0000000, 0x00000000c5580000, 0x00000000eab00000)
  object space 87552K, 1% used [0x00000000c0000000,0x00000000c0122ae8,0x00000000c5580000)
 Metaspace       used 6084K, capacity 7088K, committed 7296K, reserved 1056768K
  class space    used 594K, capacity 616K, committed 640K, reserved 1048576K
Event: 3.720 GC heap after
Heap after GC invocations=2 (full 0):
 PSYoungGen      total 71680K, used 5094K [0x00000000eab00000, 0x00000000ef600000, 0x0000000100000000)
  eden space 66560K, 0% used [0x00000000eab00000,0x00000000eab00000,0x00000000eec00000)
  from space 5120K, 99% used [0x00000000ef100000,0x00000000ef5f9a00,0x00000000ef600000)
  to   space 5120K, 0% used [0x00000000eec00000,0x00000000eec00000,0x00000000ef100000)
 ParOldGen       total 87552K, used 6566K [0x00000000c0000000, 0x00000000c5580000, 0x00000000eab00000)
  object space 87552K, 7% used [0x00000000c0000000,0x00000000c0669bd0,0x00000000c5580000)
 Metaspace       used 6084K, capacity 7088K, committed 7296K, reserved 1056768K
  class space    used 594K, capacity 616K, committed 640K, reserved 1048576K
}
Event: 5.464 GC heap before
{Heap before GC invocations=3 (full 0):
 PSYoungGen      total 71680K, used 71654K [0x00000000eab00000, 0x00000000ef600000, 0x0000000100000000)
  eden space 66560K, 100% used [0x00000000eab00000,0x00000000eec00000,0x00000000eec00000)
  from space 5120K, 99% used [0x00000000ef100000,0x00000000ef5f9a00,0x00000000ef600000)
  to   space 5120K, 0% used [0x00000000eec00000,0x00000000eec00000,0x00000000ef100000)
 ParOldGen       total 87552K, used 6566K [0x00000000c0000000, 0x00000000c5580000, 0x00000000eab00000)
  object space 87552K, 7% used [0x00000000c0000000,0x00000000c0669bd0,0x00000000c5580000)
 Metaspace       used 6256K, capacity 7128K, committed 7424K, reserved 1056768K
  class space    used 615K, capacity 656K, committed 768K, reserved 1048576K
Event: 5.622 GC heap after
Heap after GC invocations=3 (full 0):
 PSYoungGen      total 71680K, used 5099K [0x00000000eab00000, 0x00000000f3700000, 0x0000000100000000)
  eden space 66560K, 0% used [0x00000000eab00000,0x00000000eab00000,0x00000000eec00000)
  from space 5120K, 99% used [0x00000000eec00000,0x00000000ef0fae00,0x00000000ef100000)
  to   space 5120K, 0% used [0x00000000f3200000,0x00000000f3200000,0x00000000f3700000)
 ParOldGen       total 87552K, used 16656K [0x00000000c0000000, 0x00000000c5580000, 0x00000000eab00000)
  object space 87552K, 19% used [0x00000000c0000000,0x00000000c1044318,0x00000000c5580000)
 Metaspace       used 6256K, capacity 7128K, committed 7424K, reserved 1056768K
  class space    used 615K, capacity 656K, committed 768K, reserved 1048576K
}

Deoptimization events (10 events):
Event: 2.769 Thread 0x000000001746a000 Uncommon trap: reason=class_check action=maybe_recompile pc=0x0000000002b97eb4 method=java.util.HashMap.putVal(ILjava/lang/Object;Ljava/lang/Object;ZZ)Ljava/lang/Object; @ 203
Event: 3.601 Thread 0x0000000017461000 Uncommon trap: reason=uninitialized action=reinterpret pc=0x0000000002d0bb2c method=com.android.dx.cf.code.BytecodeArray.parseInstruction(ILcom/android/dx/cf/code/BytecodeArray$Visitor;)I @ 1031
Event: 4.200 Thread 0x000000000270e000 Uncommon trap: reason=unstable_if action=reinterpret pc=0x0000000002b01a98 method=java.util.HashMap.putVal(ILjava/lang/Object;Ljava/lang/Object;ZZ)Ljava/lang/Object; @ 162
Event: 4.268 Thread 0x000000000270e000 Uncommon trap: reason=unstable_if action=reinterpret pc=0x0000000002c0adcc method=java.util.HashMap.getNode(ILjava/lang/Object;)Ljava/util/HashMap$Node; @ 84
Event: 4.269 Thread 0x000000000270e000 Uncommon trap: reason=unstable_if action=reinterpret pc=0x0000000002aec3dc method=java.util.HashMap.putVal(ILjava/lang/Object;Ljava/lang/Object;ZZ)Ljava/lang/Object; @ 162
Event: 4.330 Thread 0x000000001746a000 Uncommon trap: reason=unstable_if action=reinterpret pc=0x0000000002d34d44 method=java.util.HashMap.putVal(ILjava/lang/Object;Ljava/lang/Object;ZZ)Ljava/lang/Object; @ 162
Event: 4.507 Thread 0x0000000017465800 Uncommon trap: reason=unstable_if action=reinterpret pc=0x0000000002b51fa8 method=java.util.HashMap.putVal(ILjava/lang/Object;Ljava/lang/Object;ZZ)Ljava/lang/Object; @ 162
Event: 4.508 Thread 0x0000000017465800 Uncommon trap: reason=unstable_if action=reinterpret pc=0x0000000002b78190 method=java.util.HashMap.getNode(ILjava/lang/Object;)Ljava/util/HashMap$Node; @ 84
Event: 4.664 Thread 0x0000000017461000 Uncommon trap: reason=unstable_if action=reinterpret pc=0x0000000002b504fc method=com.android.dx.util.IntList.binarysearch(I)I @ 105
Event: 5.658 Thread 0x000000000270e000 Uncommon trap: reason=unstable_if action=reinterpret pc=0x0000000002da3170 method=com.android.dx.ssa.LocalVariableExtractor.processBlock(I)V @ 251

Internal exceptions (8 events):
Event: 0.097 Thread 0x000000000270e000 Exception <a 'java/lang/NoSuchMethodError': Method sun.misc.Unsafe.defineClass(Ljava/lang/String;[BII)Ljava/lang/Class; name or signature does not match> (0x00000000eab07cc0) thrown at [C:\re\workspace\8-2-build-windows-amd64-cygwin\jdk8u101\7261\hotspot\sÂñŒ¼1Û¸?
Event: 0.097 Thread 0x000000000270e000 Exception <a 'java/lang/NoSuchMethodError': Method sun.misc.Unsafe.prefetchRead(Ljava/lang/Object;J)V name or signature does not match> (0x00000000eab07fa8) thrown at [C:\re\workspace\8-2-build-windows-amd64-cygwin\jdk8u101\7261\hotspot\src\share\vm\prims\ïmïz)ø?
Event: 1.510 Thread 0x0000000017465800 Implicit null exception at 0x00000000029ac962 to 0x00000000029aca69
Event: 1.808 Thread 0x000000001743f800 Implicit null exception at 0x00000000029f7a97 to 0x00000000029f9461
Event: 1.809 Thread 0x000000001743f800 Implicit null exception at 0x00000000029e018e to 0x00000000029e1aed
Event: 4.263 Thread 0x000000000270e000 Exception <a 'java/lang/ArrayIndexOutOfBoundsException': 18> (0x00000000ebb3d318) thrown at [C:\re\workspace\8-2-build-windows-amd64-cygwin\jdk8u101\7261\hotspot\src\share\vm\interpreter\interpreterRuntime.cpp, line 366]
Event: 4.264 Thread 0x000000000270e000 Exception <a 'java/lang/ArrayIndexOutOfBoundsException': 145> (0x00000000ebb3ee98) thrown at [C:\re\workspace\8-2-build-windows-amd64-cygwin\jdk8u101\7261\hotspot\src\share\vm\interpreter\interpreterRuntime.cpp, line 366]
Event: 4.266 Thread 0x000000000270e000 Exception <a 'java/lang/ArrayIndexOutOfBoundsException'> (0x00000000ebb40180) thrown at [C:\re\workspace\8-2-build-windows-amd64-cygwin\jdk8u101\7261\hotspot\src\share\vm\runtime\sharedRuntime.cpp, line 605]

Events (10 events):
Event: 5.905 Thread 0x0000000017465800 DEOPT PACKING pc=0x0000000002a5f64d sp=0x0000000018a8e560
Event: 5.905 Thread 0x0000000017465800 DEOPT UNPACKING pc=0x000000000275787f sp=0x0000000018a8e2d0 mode 0
Event: 6.137 Thread 0x0000000017465800 DEOPT PACKING pc=0x0000000002a5f64d sp=0x0000000018a8e5c0
Event: 6.137 Thread 0x0000000017465800 DEOPT UNPACKING pc=0x000000000275787f sp=0x0000000018a8e330 mode 0
Event: 6.251 Thread 0x0000000017461000 DEOPT PACKING pc=0x0000000002dcb31d sp=0x000000001898e9e0
Event: 6.251 Thread 0x0000000017461000 DEOPT UNPACKING pc=0x000000000275787f sp=0x000000001898e7b8 mode 0
Event: 6.364 Thread 0x000000001743f800 DEOPT PACKING pc=0x0000000002a5f64d sp=0x000000001878e520
Event: 6.364 Thread 0x000000001743f800 DEOPT UNPACKING pc=0x000000000275787f sp=0x000000001878e290 mode 0
Event: 6.553 Thread 0x000000001746a000 DEOPT PACKING pc=0x0000000002a5f64d sp=0x0000000018b8e740
Event: 6.553 Thread 0x000000001746a000 DEOPT UNPACKING pc=0x000000000275787f sp=0x0000000018b8e4b0 mode 0


Dynamic libraries:
0x00007ff7c11d0000 - 0x00007ff7c1207000 	C:\Program Files\Java\jdk1.8.0_101\bin\java.exe
0x00007ffa00cd0000 - 0x00007ffa00e91000 	C:\WINDOWS\SYSTEM32\ntdll.dll
0x00007ffa00c20000 - 0x00007ffa00ccd000 	C:\WINDOWS\system32\KERNEL32.DLL
0x00007ff9fd380000 - 0x00007ff9fd568000 	C:\WINDOWS\system32\KERNELBASE.dll
0x00007ff9fe9c0000 - 0x00007ff9fea67000 	C:\WINDOWS\system32\ADVAPI32.dll
0x00007ff9fe150000 - 0x00007ff9fe1ed000 	C:\WINDOWS\system32\msvcrt.dll
0x00007ffa006d0000 - 0x00007ffa0072b000 	C:\WINDOWS\system32\sechost.dll
0x00007ff9fe1f0000 - 0x00007ff9fe30c000 	C:\WINDOWS\system32\RPCRT4.dll
0x00007ffa00880000 - 0x00007ffa009d6000 	C:\WINDOWS\system32\USER32.dll
0x00007ff9feae0000 - 0x00007ff9fec66000 	C:\WINDOWS\system32\GDI32.dll
0x00007ff9f70b0000 - 0x00007ff9f7324000 	C:\WINDOWS\WinSxS\amd64_microsoft.windows.common-controls_6595b64144ccf1df_6.0.10586.0_none_8c15ae12515e1c22\COMCTL32.dll
0x00007ff9fe740000 - 0x00007ff9fe9bd000 	C:\WINDOWS\system32\combase.dll
0x00007ff9fde00000 - 0x00007ff9fde6a000 	C:\WINDOWS\system32\bcryptPrimitives.dll
0x00007ffa00b80000 - 0x00007ffa00bbb000 	C:\WINDOWS\system32\IMM32.DLL
0x0000000055d70000 - 0x0000000055e42000 	C:\Program Files\Java\jdk1.8.0_101\jre\bin\msvcr100.dll
0x00000000563f0000 - 0x0000000056c8a000 	C:\Program Files\Java\jdk1.8.0_101\jre\bin\server\jvm.dll
0x00007ffa00a40000 - 0x00007ffa00a48000 	C:\WINDOWS\system32\PSAPI.DLL
0x00007ff9fa150000 - 0x00007ff9fa159000 	C:\WINDOWS\SYSTEM32\WSOCK32.dll
0x00007ff9fb210000 - 0x00007ff9fb233000 	C:\WINDOWS\SYSTEM32\WINMM.dll
0x00007ff9fe0e0000 - 0x00007ff9fe14b000 	C:\WINDOWS\system32\WS2_32.dll
0x00007ff9f7330000 - 0x00007ff9f733a000 	C:\WINDOWS\SYSTEM32\VERSION.dll
0x00007ff9fb1e0000 - 0x00007ff9fb20c000 	C:\WINDOWS\SYSTEM32\winmmbase.dll
0x00007ff9fdc40000 - 0x00007ff9fdc83000 	C:\WINDOWS\system32\cfgmgr32.dll
0x0000000056300000 - 0x000000005630f000 	C:\Program Files\Java\jdk1.8.0_101\jre\bin\verify.dll
0x00000000562d0000 - 0x00000000562f9000 	C:\Program Files\Java\jdk1.8.0_101\jre\bin\java.dll
0x00000000562b0000 - 0x00000000562c6000 	C:\Program Files\Java\jdk1.8.0_101\jre\bin\zip.dll
0x00007ff9fec70000 - 0x00007ffa001cc000 	C:\WINDOWS\system32\SHELL32.dll
0x00007ff9fd590000 - 0x00007ff9fdbd5000 	C:\WINDOWS\system32\windows.storage.dll
0x00007ffa002a0000 - 0x00007ffa002f2000 	C:\WINDOWS\system32\shlwapi.dll
0x00007ff9fd370000 - 0x00007ff9fd37f000 	C:\WINDOWS\system32\kernel.appcore.dll
0x00007ff9fdd40000 - 0x00007ff9fddf5000 	C:\WINDOWS\system32\shcore.dll
0x00007ff9fd310000 - 0x00007ff9fd35b000 	C:\WINDOWS\system32\powrprof.dll
0x00007ff9fd2f0000 - 0x00007ff9fd304000 	C:\WINDOWS\system32\profapi.dll

VM Arguments:
jvm_args: -Djava.awt.headless=true -Xmx1024M -Dfile.encoding=GBK -Duser.country=CN -Duser.language=zh -Duser.variant 
java_command: com.android.dx.command.Main --dex --num-threads=4 --output D:\Android\Code\AndroidCode\Screen\app\build\intermediates\pre-dexed\debug\com.android.support-recyclerview-v7-24.2.1_1842d65761502732b9bc0158316001bf13a083ea.jar D:\Android\Code\AndroidCode\Screen\app\build\intermediates\exploded-aar\com.android.support\recyclerview-v7\24.2.1\jars\classes.jar
java_class_path (initial): D:\Android\SDK\build-tools\24.0.2\lib\dx.jar
Launcher Type: SUN_STANDARD

Environment Variables:
JAVA_HOME=C:\Program Files\Java\jdk1.8.0_101
JRE_HOME=C:\Program Files\Java\jre1.8.0_101
PATH=C:\ProgramData\Oracle\Java\javapath;C:\Program Files (x86)\Intel\iCLS Client\;C:\Program Files\Intel\iCLS Client\;C:\Windows\system32;C:\Windows;C:\Windows\System32\Wbem;C:\Windows\System32\WindowsPowerShell\v1.0\;C:\Program Files (x86)\NVIDIA Corporation\PhysX\Common;C:\Program Files (x86)\Intel\Intel(R) Management Engine Components\DAL;C:\Program Files\Intel\Intel(R) Management Engine Components\DAL;C:\Program Files (x86)\Intel\Intel(R) Management Engine Components\IPT;C:\Program Files\Intel\Intel(R) Management Engine Components\IPT;C:\WINDOWS\system32;C:\WINDOWS;C:\WINDOWS\System32\Wbem;C:\WINDOWS\System32\WindowsPowerShell\v1.0\;D:\Git\cmd;C:\Program Files\Java\jdk1.8.0_101\bin;D:\SQLServer\86\100\Tools\Binn\;D:\SQLServer\100\Tools\Binn\;D:\SQLServer\100\DTS\Binn\;D:\SQLServer\86\100\Tools\Binn\VSShell\Common7\IDE\;C:\Program Files (x86)\Microsoft Visual Studio 9.0\Common7\IDE\PrivateAssemblies\;D:\SQLServer\86\100\DTS\Binn\
USERNAME=TangYuan
OS=Windows_NT
PROCESSOR_IDENTIFIER=Intel64 Family 6 Model 94 Stepping 3, GenuineIntel



---------------  S Y S T E M  ---------------

OS: Windows 10.0 , 64 bit Build 10586 (10.0.10586.0)

CPU:total 8 (4 cores per cpu, 2 threads per core) family 6 model 94 stepping 3, cmov, cx8, fxsr, mmx, sse, sse2, sse3, ssse3, sse4.1, sse4.2, popcnt, avx, avx2, aes, clmul, erms, rtm, 3dnowpref, lzcnt, ht, tsc, tscinvbit, bmi1, bmi2, adx

Memory: 4k page, physical 8281884k(1135136k free), swap 8298268k(5296k free)

vm_info: Java HotSpot(TM) 64-Bit Server VM (25.101-b13) for windows-amd64 JRE (1.8.0_101-b13), built on Jun 22 2016 01:21:29 by "java_re" with MS VC++ 10.0 (VS2010)

time: Wed Oct 12 01:15:43 2016
elapsed time: 6 seconds (0d 0h 0m 6s)

