#
# There is insufficient memory for the Java Runtime Environment to continue.
# Native memory allocation (malloc) failed to allocate 830416 bytes for Chunk::new
# Possible reasons:
#   The system is out of physical RAM or swap space
#   In 32 bit mode, the process size limit was hit
# Possible solutions:
#   Reduce memory load on the system
#   Increase physical memory or swap space
#   Check if swap backing store is full
#   Use 64 bit Java on a 64 bit OS
#   Decrease Java heap size (-Xmx/-Xms)
#   Decrease number of Java threads
#   Decrease Java thread stack sizes (-Xss)
#   Set larger code cache with -XX:ReservedCodeCacheSize=
# This output file may be truncated or incomplete.
#
#  Out of Memory Error (allocation.cpp:390), pid=7868, tid=0x000000000000118c
#
# JRE version: Java(TM) SE Runtime Environment (8.0_101-b13) (build 1.8.0_101-b13)
# Java VM: Java HotSpot(TM) 64-Bit Server VM (25.101-b13 mixed mode windows-amd64 compressed oops)
# Failed to write core dump. Minidumps are not enabled by default on client versions of Windows
#

---------------  T H R E A D  ---------------

Current thread (0x0000000017199000):  JavaThread "C2 CompilerThread1" daemon [_thread_in_native, id=4492, stack(0x0000000017910000,0x0000000017a10000)]

Stack: [0x0000000017910000,0x0000000017a10000]
[error occurred during error reporting (printing stack bounds), id 0xc0000005]

Native frames: (J=compiled Java code, j=interpreted, Vv=VM code, C=native code)


Current CompileTask:
C2:   2264 1523       4       com.android.dx.rop.code.LocalVariableExtractor::processBlock (327 bytes)


---------------  P R O C E S S  ---------------

Java Threads: ( => current thread )
  0x0000000017409800 JavaThread "pool-1-thread-4" [_thread_blocked, id=3384, stack(0x0000000018a10000,0x0000000018b10000)]
  0x0000000017423000 JavaThread "pool-1-thread-3" [_thread_blocked, id=4500, stack(0x0000000018910000,0x0000000018a10000)]
  0x0000000017422000 JavaThread "pool-1-thread-2" [_thread_blocked, id=6344, stack(0x0000000018810000,0x0000000018910000)]
  0x00000000174b3000 JavaThread "pool-2-thread-1" [_thread_blocked, id=6648, stack(0x0000000018710000,0x0000000018810000)]
  0x0000000017439000 JavaThread "pool-1-thread-1" [_thread_blocked, id=6280, stack(0x0000000018610000,0x0000000018710000)]
  0x00000000171ae800 JavaThread "Service Thread" daemon [_thread_blocked, id=2180, stack(0x0000000017c10000,0x0000000017d10000)]
  0x00000000171a1800 JavaThread "C1 CompilerThread3" daemon [_thread_blocked, id=7984, stack(0x0000000017b10000,0x0000000017c10000)]
  0x000000001719b800 JavaThread "C2 CompilerThread2" daemon [_thread_blocked, id=3324, stack(0x0000000017a10000,0x0000000017b10000)]
=>0x0000000017199000 JavaThread "C2 CompilerThread1" daemon [_thread_in_native, id=4492, stack(0x0000000017910000,0x0000000017a10000)]
  0x000000001525b000 JavaThread "C2 CompilerThread0" daemon [_thread_blocked, id=7348, stack(0x0000000017810000,0x0000000017910000)]
  0x0000000015259000 JavaThread "Attach Listener" daemon [_thread_blocked, id=3796, stack(0x0000000017710000,0x0000000017810000)]
  0x000000001714b800 JavaThread "Signal Dispatcher" daemon [_thread_blocked, id=4472, stack(0x0000000017610000,0x0000000017710000)]
  0x0000000017130800 JavaThread "Finalizer" daemon [_thread_blocked, id=4484, stack(0x0000000017510000,0x0000000017610000)]
  0x0000000002726000 JavaThread "Reference Handler" daemon [_thread_blocked, id=5912, stack(0x0000000017010000,0x0000000017110000)]
  0x000000000252e000 JavaThread "main" [_thread_in_Java, id=7532, stack(0x0000000002530000,0x0000000002630000)]

Other Threads:
  0x0000000015249800 VMThread [stack: 0x0000000016f10000,0x0000000017010000] [id=1152]
  0x00000000171ba800 WatcherThread [stack: 0x0000000017d10000,0x0000000017e10000] [id=2836]

VM state:not at safepoint (normal execution)

VM Mutex/Monitor currently owned by a thread: None

Heap:
 PSYoungGen      total 71680K, used 20124K [0x00000000eab00000, 0x00000000ef600000, 0x0000000100000000)
  eden space 66560K, 22% used [0x00000000eab00000,0x00000000eb9ad0e8,0x00000000eec00000)
  from space 5120K, 99% used [0x00000000ef100000,0x00000000ef5fa2c0,0x00000000ef600000)
  to   space 5120K, 0% used [0x00000000eec00000,0x00000000eec00000,0x00000000ef100000)
 ParOldGen       total 87552K, used 5436K [0x00000000c0000000, 0x00000000c5580000, 0x00000000eab00000)
  object space 87552K, 6% used [0x00000000c0000000,0x00000000c054f2e8,0x00000000c5580000)
 Metaspace       used 6092K, capacity 7088K, committed 7296K, reserved 1056768K
  class space    used 594K, capacity 616K, committed 640K, reserved 1048576K

Card table byte_map: [0x0000000011af0000,0x0000000011d00000] byte_map_base: 0x00000000114f0000

Marking Bits: (ParMarkBitMap*) 0x0000000056c0a6d0
 Begin Bits: [0x0000000012660000, 0x0000000013660000)
 End Bits:   [0x0000000013660000, 0x0000000014660000)

Polling page: 0x00000000020c0000

CodeCache: size=245760Kb used=6363Kb max_used=6394Kb free=239396Kb
 bounds [0x0000000002730000, 0x0000000002d80000, 0x0000000011730000]
 total_blobs=1789 nmethods=1524 adapters=178
 compilation: enabled

Compilation events (10 events):
Event: 2.096 Thread 0x0000000017199000 nmethod 1516 0x0000000002d52a50 code [0x0000000002d52c40, 0x0000000002d53cc0]
Event: 2.096 Thread 0x0000000017199000 1524       4       com.android.dx.util.LabeledList::set (45 bytes)
Event: 2.106 Thread 0x0000000017199000 nmethod 1524 0x0000000002d4f450 code [0x0000000002d4f5e0, 0x0000000002d4fc28]
Event: 2.106 Thread 0x0000000017199000 1523       4       com.android.dx.rop.code.LocalVariableExtractor::processBlock (327 bytes)
Event: 2.107 Thread 0x000000001525b000 nmethod 1511 0x0000000002d5b110 code [0x0000000002d5bd20, 0x0000000002d5f398]
Event: 2.107 Thread 0x000000001525b000 1527       4       com.android.dx.ssa.SsaBasicBlock::newFromRop (183 bytes)
Event: 2.197 Thread 0x000000001525b000 nmethod 1527 0x0000000002d63a10 code [0x0000000002d63cc0, 0x0000000002d66308]
Event: 2.197 Thread 0x000000001525b000 1256       4       com.android.dx.rop.type.Type::isCategory2 (36 bytes)
Event: 2.198 Thread 0x000000001525b000 nmethod 1256 0x0000000002b5d610 code [0x0000000002b5d740, 0x0000000002b5d7b8]
Event: 2.226 Thread 0x000000001719b800 nmethod 1438 0x0000000002d6f0d0 code [0x0000000002d6f560, 0x0000000002d741d8]

GC Heap History (4 events):
Event: 1.144 GC heap before
{Heap before GC invocations=1 (full 0):
 PSYoungGen      total 38400K, used 33280K [0x00000000eab00000, 0x00000000ed580000, 0x0000000100000000)
  eden space 33280K, 100% used [0x00000000eab00000,0x00000000ecb80000,0x00000000ecb80000)
  from space 5120K, 0% used [0x00000000ed080000,0x00000000ed080000,0x00000000ed580000)
  to   space 5120K, 0% used [0x00000000ecb80000,0x00000000ecb80000,0x00000000ed080000)
 ParOldGen       total 87552K, used 0K [0x00000000c0000000, 0x00000000c5580000, 0x00000000eab00000)
  object space 87552K, 0% used [0x00000000c0000000,0x00000000c0000000,0x00000000c5580000)
 Metaspace       used 5856K, capacity 6896K, committed 7040K, reserved 1056768K
  class space    used 592K, capacity 616K, committed 640K, reserved 1048576K
Event: 1.181 GC heap after
Heap after GC invocations=1 (full 0):
 PSYoungGen      total 38400K, used 5114K [0x00000000eab00000, 0x00000000ef600000, 0x0000000100000000)
  eden space 33280K, 0% used [0x00000000eab00000,0x00000000eab00000,0x00000000ecb80000)
  from space 5120K, 99% used [0x00000000ecb80000,0x00000000ed07ea48,0x00000000ed080000)
  to   space 5120K, 0% used [0x00000000ef100000,0x00000000ef100000,0x00000000ef600000)
 ParOldGen       total 87552K, used 1108K [0x00000000c0000000, 0x00000000c5580000, 0x00000000eab00000)
  object space 87552K, 1% used [0x00000000c0000000,0x00000000c01151b0,0x00000000c5580000)
 Metaspace       used 5856K, capacity 6896K, committed 7040K, reserved 1056768K
  class space    used 592K, capacity 616K, committed 640K, reserved 1048576K
}
Event: 1.663 GC heap before
{Heap before GC invocations=2 (full 0):
 PSYoungGen      total 38400K, used 38394K [0x00000000eab00000, 0x00000000ef600000, 0x0000000100000000)
  eden space 33280K, 100% used [0x00000000eab00000,0x00000000ecb80000,0x00000000ecb80000)
  from space 5120K, 99% used [0x00000000ecb80000,0x00000000ed07ea48,0x00000000ed080000)
  to   space 5120K, 0% used [0x00000000ef100000,0x00000000ef100000,0x00000000ef600000)
 ParOldGen       total 87552K, used 1108K [0x00000000c0000000, 0x00000000c5580000, 0x00000000eab00000)
  object space 87552K, 1% used [0x00000000c0000000,0x00000000c01151b0,0x00000000c5580000)
 Metaspace       used 6025K, capacity 7024K, committed 7296K, reserved 1056768K
  class space    used 594K, capacity 616K, committed 640K, reserved 1048576K
Event: 1.843 GC heap after
Heap after GC invocations=2 (full 0):
 PSYoungGen      total 71680K, used 5096K [0x00000000eab00000, 0x00000000ef600000, 0x0000000100000000)
  eden space 66560K, 0% used [0x00000000eab00000,0x00000000eab00000,0x00000000eec00000)
  from space 5120K, 99% used [0x00000000ef100000,0x00000000ef5fa2c0,0x00000000ef600000)
  to   space 5120K, 0% used [0x00000000eec00000,0x00000000eec00000,0x00000000ef100000)
 ParOldGen       total 87552K, used 5436K [0x00000000c0000000, 0x00000000c5580000, 0x00000000eab00000)
  object space 87552K, 6% used [0x00000000c0000000,0x00000000c054f2e8,0x00000000c5580000)
 Metaspace       used 6025K, capacity 7024K, committed 7296K, reserved 1056768K
  class space    used 594K, capacity 616K, committed 640K, reserved 1048576K
}

Deoptimization events (10 events):
Event: 1.504 Thread 0x0000000017409800 Uncommon trap: reason=unstable_if action=reinterpret pc=0x0000000002b48630 method=com.android.dx.util.LabeledList.set(ILcom/android/dx/util/LabeledItem;)V @ 16
Event: 1.504 Thread 0x0000000017409800 Uncommon trap: reason=unstable_if action=reinterpret pc=0x0000000002af6b74 method=com.android.dx.util.LabeledList.set(ILcom/android/dx/util/LabeledItem;)V @ 16
Event: 1.520 Thread 0x0000000017409800 Uncommon trap: reason=class_check action=maybe_recompile pc=0x0000000002ac97a4 method=java.util.HashMap.putVal(ILjava/lang/Object;Ljava/lang/Object;ZZ)Ljava/lang/Object; @ 203
Event: 1.520 Thread 0x0000000017409800 Uncommon trap: reason=bimorphic action=maybe_recompile pc=0x0000000002b43b6c method=java.util.HashMap.getNode(ILjava/lang/Object;)Ljava/util/HashMap$Node; @ 126
Event: 1.520 Thread 0x0000000017409800 Uncommon trap: reason=bimorphic action=maybe_recompile pc=0x0000000002b43b6c method=java.util.HashMap.getNode(ILjava/lang/Object;)Ljava/util/HashMap$Node; @ 126
Event: 1.530 Thread 0x0000000017409800 Uncommon trap: reason=bimorphic action=maybe_recompile pc=0x0000000002b43b6c method=java.util.HashMap.getNode(ILjava/lang/Object;)Ljava/util/HashMap$Node; @ 126
Event: 1.530 Thread 0x0000000017409800 Uncommon trap: reason=class_check action=maybe_recompile pc=0x0000000002ab061c method=java.util.HashMap.putVal(ILjava/lang/Object;Ljava/lang/Object;ZZ)Ljava/lang/Object; @ 203
Event: 1.530 Thread 0x0000000017409800 Uncommon trap: reason=bimorphic action=maybe_recompile pc=0x0000000002b43b6c method=java.util.HashMap.getNode(ILjava/lang/Object;)Ljava/util/HashMap$Node; @ 126
Event: 1.530 Thread 0x0000000017409800 Uncommon trap: reason=class_check action=maybe_recompile pc=0x0000000002ab061c method=java.util.HashMap.putVal(ILjava/lang/Object;Ljava/lang/Object;ZZ)Ljava/lang/Object; @ 203
Event: 1.530 Thread 0x0000000017409800 Uncommon trap: reason=class_check action=maybe_recompile pc=0x0000000002ab061c method=java.util.HashMap.putVal(ILjava/lang/Object;Ljava/lang/Object;ZZ)Ljava/lang/Object; @ 203

Internal exceptions (4 events):
Event: 0.030 Thread 0x000000000252e000 Exception <a 'java/lang/NoSuchMethodError': Method sun.misc.Unsafe.defineClass(Ljava/lang/String;[BII)Ljava/lang/Class; name or signature does not match> (0x00000000eab07cc0) thrown at [C:\re\workspace\8-2-build-windows-amd64-cygwin\jdk8u101\7261\hotspot\sD9CÙÌ?ü?
Event: 0.031 Thread 0x000000000252e000 Exception <a 'java/lang/NoSuchMethodError': Method sun.misc.Unsafe.prefetchRead(Ljava/lang/Object;J)V name or signature does not match> (0x00000000eab07fa8) thrown at [C:\re\workspace\8-2-build-windows-amd64-cygwin\jdk8u101\7261\hotspot\src\share\vm\prims\è“{‡Y„Ò?
Event: 1.118 Thread 0x0000000017439000 Implicit null exception at 0x0000000002afc9a2 to 0x0000000002afca9a
Event: 1.399 Thread 0x0000000017409800 Implicit null exception at 0x0000000002a64884 to 0x0000000002a657a9

Events (10 events):
Event: 1.592 Executing VM operation: ParallelGCFailedAllocation
Event: 1.843 Executing VM operation: ParallelGCFailedAllocation done
Event: 1.871 Thread 0x0000000017422000 DEOPT PACKING pc=0x0000000002a0cc10 sp=0x000000001890e8b0
Event: 1.871 Thread 0x0000000017422000 DEOPT UNPACKING pc=0x000000000277787f sp=0x000000001890e690 mode 0
Event: 1.944 Thread 0x0000000017423000 DEOPT PACKING pc=0x0000000002a0ccca sp=0x0000000018a0ebe0
Event: 1.944 Thread 0x0000000017423000 DEOPT UNPACKING pc=0x000000000277787f sp=0x0000000018a0e9c0 mode 0
Event: 1.978 Thread 0x000000000252e000 DEOPT PACKING pc=0x0000000002a0cc10 sp=0x000000000262e410
Event: 1.978 Thread 0x000000000252e000 DEOPT UNPACKING pc=0x000000000277787f sp=0x000000000262e1f0 mode 0
Event: 2.093 Thread 0x000000000252e000 DEOPT PACKING pc=0x0000000002a0cc10 sp=0x000000000262e310
Event: 2.094 Thread 0x000000000252e000 DEOPT UNPACKING pc=0x000000000277787f sp=0x000000000262e0f0 mode 0


Dynamic libraries:
0x00007ff7c11d0000 - 0x00007ff7c1207000 	C:\Program Files\Java\jdk1.8.0_101\bin\java.exe
0x00007ffa00cd0000 - 0x00007ffa00e91000 	C:\WINDOWS\SYSTEM32\ntdll.dll
0x00007ffa00c20000 - 0x00007ffa00ccd000 	C:\WINDOWS\system32\KERNEL32.DLL
0x00007ff9fd380000 - 0x00007ff9fd568000 	C:\WINDOWS\system32\KERNELBASE.dll
0x00007ff9fe9c0000 - 0x00007ff9fea67000 	C:\WINDOWS\system32\ADVAPI32.dll
0x00007ff9fe150000 - 0x00007ff9fe1ed000 	C:\WINDOWS\system32\msvcrt.dll
0x00007ffa006d0000 - 0x00007ffa0072b000 	C:\WINDOWS\system32\sechost.dll
0x00007ff9fe1f0000 - 0x00007ff9fe30c000 	C:\WINDOWS\system32\RPCRT4.dll
0x00007ffa00880000 - 0x00007ffa009d6000 	C:\WINDOWS\system32\USER32.dll
0x00007ff9feae0000 - 0x00007ff9fec66000 	C:\WINDOWS\system32\GDI32.dll
0x00007ff9f70b0000 - 0x00007ff9f7324000 	C:\WINDOWS\WinSxS\amd64_microsoft.windows.common-controls_6595b64144ccf1df_6.0.10586.0_none_8c15ae12515e1c22\COMCTL32.dll
0x00007ff9fe740000 - 0x00007ff9fe9bd000 	C:\WINDOWS\system32\combase.dll
0x00007ff9fde00000 - 0x00007ff9fde6a000 	C:\WINDOWS\system32\bcryptPrimitives.dll
0x00007ffa00b80000 - 0x00007ffa00bbb000 	C:\WINDOWS\system32\IMM32.DLL
0x0000000055d70000 - 0x0000000055e42000 	C:\Program Files\Java\jdk1.8.0_101\jre\bin\msvcr100.dll
0x00000000563f0000 - 0x0000000056c8a000 	C:\Program Files\Java\jdk1.8.0_101\jre\bin\server\jvm.dll
0x00007ffa00a40000 - 0x00007ffa00a48000 	C:\WINDOWS\system32\PSAPI.DLL
0x00007ff9fa150000 - 0x00007ff9fa159000 	C:\WINDOWS\SYSTEM32\WSOCK32.dll
0x00007ff9fb210000 - 0x00007ff9fb233000 	C:\WINDOWS\SYSTEM32\WINMM.dll
0x00007ff9f7330000 - 0x00007ff9f733a000 	C:\WINDOWS\SYSTEM32\VERSION.dll
0x00007ff9fe0e0000 - 0x00007ff9fe14b000 	C:\WINDOWS\system32\WS2_32.dll
0x00007ff9fb1e0000 - 0x00007ff9fb20c000 	C:\WINDOWS\SYSTEM32\WINMMBASE.dll
0x00007ff9fdc40000 - 0x00007ff9fdc83000 	C:\WINDOWS\system32\cfgmgr32.dll
0x0000000056300000 - 0x000000005630f000 	C:\Program Files\Java\jdk1.8.0_101\jre\bin\verify.dll
0x00000000562d0000 - 0x00000000562f9000 	C:\Program Files\Java\jdk1.8.0_101\jre\bin\java.dll
0x00000000562b0000 - 0x00000000562c6000 	C:\Program Files\Java\jdk1.8.0_101\jre\bin\zip.dll
0x00007ff9fec70000 - 0x00007ffa001cc000 	C:\WINDOWS\system32\SHELL32.dll
0x00007ff9fd590000 - 0x00007ff9fdbd5000 	C:\WINDOWS\system32\windows.storage.dll
0x00007ffa002a0000 - 0x00007ffa002f2000 	C:\WINDOWS\system32\shlwapi.dll
0x00007ff9fd370000 - 0x00007ff9fd37f000 	C:\WINDOWS\system32\kernel.appcore.dll
0x00007ff9fdd40000 - 0x00007ff9fddf5000 	C:\WINDOWS\system32\shcore.dll
0x00007ff9fd310000 - 0x00007ff9fd35b000 	C:\WINDOWS\system32\powrprof.dll
0x00007ff9fd2f0000 - 0x00007ff9fd304000 	C:\WINDOWS\system32\profapi.dll

VM Arguments:
jvm_args: -Djava.awt.headless=true -Xmx1024M -Dfile.encoding=GBK -Duser.country=CN -Duser.language=zh -Duser.variant 
java_command: com.android.dx.command.Main --dex --num-threads=4 --output D:\Android\Code\AndroidCode\Screen\app\build\intermediates\pre-dexed\debug\com.android.support-design-24.2.1_bb2381c893c6b3793b2ffa7d3812d361d2d6e110.jar D:\Android\Code\AndroidCode\Screen\app\build\intermediates\exploded-aar\com.android.support\design\24.2.1\jars\classes.jar
java_class_path (initial): D:\Android\SDK\build-tools\24.0.2\lib\dx.jar
Launcher Type: SUN_STANDARD

Environment Variables:
JAVA_HOME=C:\Program Files\Java\jdk1.8.0_101
JRE_HOME=C:\Program Files\Java\jre1.8.0_101
PATH=C:\ProgramData\Oracle\Java\javapath;C:\Program Files (x86)\Intel\iCLS Client\;C:\Program Files\Intel\iCLS Client\;C:\Windows\system32;C:\Windows;C:\Windows\System32\Wbem;C:\Windows\System32\WindowsPowerShell\v1.0\;C:\Program Files (x86)\NVIDIA Corporation\PhysX\Common;C:\Program Files (x86)\Intel\Intel(R) Management Engine Components\DAL;C:\Program Files\Intel\Intel(R) Management Engine Components\DAL;C:\Program Files (x86)\Intel\Intel(R) Management Engine Components\IPT;C:\Program Files\Intel\Intel(R) Management Engine Components\IPT;C:\WINDOWS\system32;C:\WINDOWS;C:\WINDOWS\System32\Wbem;C:\WINDOWS\System32\WindowsPowerShell\v1.0\;D:\Git\cmd;C:\Program Files\Java\jdk1.8.0_101\bin;D:\SQLServer\86\100\Tools\Binn\;D:\SQLServer\100\Tools\Binn\;D:\SQLServer\100\DTS\Binn\;D:\SQLServer\86\100\Tools\Binn\VSShell\Common7\IDE\;C:\Program Files (x86)\Microsoft Visual Studio 9.0\Common7\IDE\PrivateAssemblies\;D:\SQLServer\86\100\DTS\Binn\
USERNAME=TangYuan
OS=Windows_NT
PROCESSOR_IDENTIFIER=Intel64 Family 6 Model 94 Stepping 3, GenuineIntel



---------------  S Y S T E M  ---------------

OS: Windows 10.0 , 64 bit Build 10586 (10.0.10586.0)

CPU:total 8 (4 cores per cpu, 2 threads per core) family 6 model 94 stepping 3, cmov, cx8, fxsr, mmx, sse, sse2, sse3, ssse3, sse4.1, sse4.2, popcnt, avx, avx2, aes, clmul, erms, rtm, 3dnowpref, lzcnt, ht, tsc, tscinvbit, bmi1, bmi2, adx

Memory: 4k page, physical 8281884k(1087532k free), swap 8298268k(5216k free)

vm_info: Java HotSpot(TM) 64-Bit Server VM (25.101-b13) for windows-amd64 JRE (1.8.0_101-b13), built on Jun 22 2016 01:21:29 by "java_re" with MS VC++ 10.0 (VS2010)

time: Wed Oct 12 01:15:34 2016
elapsed time: 2 seconds (0d 0h 0m 2s)

