#
# There is insufficient memory for the Java Runtime Environment to continue.
# Native memory allocation (malloc) failed to allocate 698656 bytes for Chunk::new
# Possible reasons:
#   The system is out of physical RAM or swap space
#   In 32 bit mode, the process size limit was hit
# Possible solutions:
#   Reduce memory load on the system
#   Increase physical memory or swap space
#   Check if swap backing store is full
#   Use 64 bit Java on a 64 bit OS
#   Decrease Java heap size (-Xmx/-Xms)
#   Decrease number of Java threads
#   Decrease Java thread stack sizes (-Xss)
#   Set larger code cache with -XX:ReservedCodeCacheSize=
# This output file may be truncated or incomplete.
#
#  Out of Memory Error (allocation.cpp:390), pid=5420, tid=0x0000000000001764
#
# JRE version: Java(TM) SE Runtime Environment (8.0_101-b13) (build 1.8.0_101-b13)
# Java VM: Java HotSpot(TM) 64-Bit Server VM (25.101-b13 mixed mode windows-amd64 compressed oops)
# Failed to write core dump. Minidumps are not enabled by default on client versions of Windows
#

---------------  T H R E A D  ---------------

Current thread (0x0000000017097800):  JavaThread "C2 CompilerThread0" daemon [_thread_in_native, id=5988, stack(0x0000000017710000,0x0000000017810000)]

Stack: [0x0000000017710000,0x0000000017810000]
[error occurred during error reporting (printing stack bounds), id 0xc0000005]

Native frames: (J=compiled Java code, j=interpreted, Vv=VM code, C=native code)


Current CompileTask:
C2:   1047 1141   !   4       com.android.dx.cf.code.BytecodeArray::parseInstruction (2764 bytes)


---------------  P R O C E S S  ---------------

Java Threads: ( => current thread )
  0x0000000017343800 JavaThread "pool-1-thread-4" [_thread_blocked, id=7328, stack(0x0000000018110000,0x0000000018210000)]
  0x0000000017345000 JavaThread "pool-1-thread-3" [_thread_in_Java, id=4164, stack(0x0000000018010000,0x0000000018110000)]
  0x000000001736f800 JavaThread "pool-1-thread-2" [_thread_in_Java, id=7368, stack(0x0000000017f10000,0x0000000018010000)]
  0x000000001730c800 JavaThread "pool-2-thread-1" [_thread_blocked, id=2180, stack(0x0000000017e10000,0x0000000017f10000)]
  0x0000000017317000 JavaThread "pool-1-thread-1" [_thread_blocked, id=6984, stack(0x0000000017d10000,0x0000000017e10000)]
  0x000000001713c800 JavaThread "Service Thread" daemon [_thread_blocked, id=3932, stack(0x0000000017b10000,0x0000000017c10000)]
  0x00000000170a1800 JavaThread "C1 CompilerThread3" daemon [_thread_in_native, id=4848, stack(0x0000000017a10000,0x0000000017b10000)]
  0x000000001709d800 JavaThread "C2 CompilerThread2" daemon [_thread_in_native, id=6636, stack(0x0000000017910000,0x0000000017a10000)]
  0x000000001709b000 JavaThread "C2 CompilerThread1" daemon [_thread_in_native, id=6260, stack(0x0000000017810000,0x0000000017910000)]
=>0x0000000017097800 JavaThread "C2 CompilerThread0" daemon [_thread_in_native, id=5988, stack(0x0000000017710000,0x0000000017810000)]
  0x0000000017091000 JavaThread "Attach Listener" daemon [_thread_blocked, id=6928, stack(0x0000000017610000,0x0000000017710000)]
  0x0000000017047000 JavaThread "Signal Dispatcher" daemon [_thread_blocked, id=7704, stack(0x0000000017510000,0x0000000017610000)]
  0x0000000002608800 JavaThread "Finalizer" daemon [_thread_blocked, id=7332, stack(0x0000000017410000,0x0000000017510000)]
  0x000000001512d000 JavaThread "Reference Handler" daemon [_thread_blocked, id=7624, stack(0x0000000016f10000,0x0000000017010000)]
  0x000000000089e000 JavaThread "main" [_thread_in_Java, id=3952, stack(0x0000000002410000,0x0000000002510000)]

Other Threads:
  0x0000000015128800 VMThread [stack: 0x0000000016e10000,0x0000000016f10000] [id=7276]
  0x00000000171a1000 WatcherThread [stack: 0x0000000017c10000,0x0000000017d10000] [id=7964]

VM state:not at safepoint (normal execution)

VM Mutex/Monitor currently owned by a thread: None

Heap:
 PSYoungGen      total 38400K, used 14181K [0x00000000eab00000, 0x00000000ed580000, 0x0000000100000000)
  eden space 33280K, 27% used [0x00000000eab00000,0x00000000eb3d9a18,0x00000000ecb80000)
  from space 5120K, 99% used [0x00000000ecb80000,0x00000000ed07fca8,0x00000000ed080000)
  to   space 5120K, 0% used [0x00000000ed080000,0x00000000ed080000,0x00000000ed580000)
 ParOldGen       total 87552K, used 1535K [0x00000000c0000000, 0x00000000c5580000, 0x00000000eab00000)
  object space 87552K, 1% used [0x00000000c0000000,0x00000000c017fea8,0x00000000c5580000)
 Metaspace       used 5955K, capacity 6896K, committed 7040K, reserved 1056768K
  class space    used 595K, capacity 616K, committed 640K, reserved 1048576K

Card table byte_map: [0x00000000119d0000,0x0000000011be0000] byte_map_base: 0x00000000113d0000

Marking Bits: (ParMarkBitMap*) 0x0000000056c0a6d0
 Begin Bits: [0x0000000012540000, 0x0000000013540000)
 End Bits:   [0x0000000013540000, 0x0000000014540000)

Polling page: 0x00000000008a0000

CodeCache: size=245760Kb used=4628Kb max_used=4628Kb free=241131Kb
 bounds [0x0000000002610000, 0x0000000002aa0000, 0x0000000011610000]
 total_blobs=1459 nmethods=1191 adapters=181
 compilation: enabled

Compilation events (10 events):
Event: 1.041 Thread 0x00000000170a1800 nmethod 1196 0x0000000002a8cd10 code [0x0000000002a8ce80, 0x0000000002a8d228]
Event: 1.041 Thread 0x00000000170a1800 1189       3       java.util.TreeMap::rotateLeft (96 bytes)
Event: 1.042 Thread 0x00000000170a1800 nmethod 1189 0x0000000002a8d350 code [0x0000000002a8d4c0, 0x0000000002a8d810]
Event: 1.042 Thread 0x00000000170a1800 1204       3       com.android.dx.ssa.back.IdenticalBlockCombiner::process (323 bytes)
Event: 1.043 Thread 0x00000000170a1800 nmethod 1204 0x0000000002a8d910 code [0x0000000002a8dca0, 0x0000000002a90118]
Event: 1.043 Thread 0x00000000170a1800 1208       3       com.android.dx.dex.code.RopTranslator::pickOrder (400 bytes)
Event: 1.045 Thread 0x00000000170a1800 nmethod 1208 0x0000000002a91350 code [0x0000000002a91680, 0x0000000002a937b8]
Event: 1.045 Thread 0x00000000170a1800 1207       3       com.android.dx.ssa.back.SsaToRop::removePhiFunctions (83 bytes)
Event: 1.046 Thread 0x00000000170a1800 nmethod 1207 0x0000000002a94a90 code [0x0000000002a94d60, 0x0000000002a96088]
Event: 1.046 Thread 0x00000000170a1800 1205       3       com.android.dx.rop.code.RegisterSpecSet::intersect (117 bytes)

GC Heap History (2 events):
Event: 0.983 GC heap before
{Heap before GC invocations=1 (full 0):
 PSYoungGen      total 38400K, used 33280K [0x00000000eab00000, 0x00000000ed580000, 0x0000000100000000)
  eden space 33280K, 100% used [0x00000000eab00000,0x00000000ecb80000,0x00000000ecb80000)
  from space 5120K, 0% used [0x00000000ed080000,0x00000000ed080000,0x00000000ed580000)
  to   space 5120K, 0% used [0x00000000ecb80000,0x00000000ecb80000,0x00000000ed080000)
 ParOldGen       total 87552K, used 0K [0x00000000c0000000, 0x00000000c5580000, 0x00000000eab00000)
  object space 87552K, 0% used [0x00000000c0000000,0x00000000c0000000,0x00000000c5580000)
 Metaspace       used 5881K, capacity 6832K, committed 7040K, reserved 1056768K
  class space    used 595K, capacity 616K, committed 640K, reserved 1048576K
Event: 1.003 GC heap after
Heap after GC invocations=1 (full 0):
 PSYoungGen      total 38400K, used 5119K [0x00000000eab00000, 0x00000000ed580000, 0x0000000100000000)
  eden space 33280K, 0% used [0x00000000eab00000,0x00000000eab00000,0x00000000ecb80000)
  from space 5120K, 99% used [0x00000000ecb80000,0x00000000ed07fca8,0x00000000ed080000)
  to   space 5120K, 0% used [0x00000000ed080000,0x00000000ed080000,0x00000000ed580000)
 ParOldGen       total 87552K, used 1535K [0x00000000c0000000, 0x00000000c5580000, 0x00000000eab00000)
  object space 87552K, 1% used [0x00000000c0000000,0x00000000c017fea8,0x00000000c5580000)
 Metaspace       used 5881K, capacity 6832K, committed 7040K, reserved 1056768K
  class space    used 595K, capacity 616K, committed 640K, reserved 1048576K
}

Deoptimization events (8 events):
Event: 0.608 Thread 0x0000000017317000 Uncommon trap: reason=unstable_if action=reinterpret pc=0x000000000282950c method=java.util.HashMap.getNode(ILjava/lang/Object;)Ljava/util/HashMap$Node; @ 62
Event: 0.970 Thread 0x0000000017345000 Uncommon trap: reason=class_check action=maybe_recompile pc=0x00000000029c8ef8 method=com.android.dx.ssa.NormalSsaInsn.accept(Lcom/android/dx/ssa/SsaInsn$Visitor;)V @ 9
Event: 0.970 Thread 0x0000000017345000 Uncommon trap: reason=class_check action=maybe_recompile pc=0x000000000282db30 method=com.android.dx.ssa.NormalSsaInsn.accept(Lcom/android/dx/ssa/SsaInsn$Visitor;)V @ 9
Event: 0.970 Thread 0x0000000017345000 Uncommon trap: reason=class_check action=maybe_recompile pc=0x000000000282db30 method=com.android.dx.ssa.NormalSsaInsn.accept(Lcom/android/dx/ssa/SsaInsn$Visitor;)V @ 9
Event: 0.970 Thread 0x0000000017345000 Uncommon trap: reason=class_check action=maybe_recompile pc=0x000000000282db30 method=com.android.dx.ssa.NormalSsaInsn.accept(Lcom/android/dx/ssa/SsaInsn$Visitor;)V @ 9
Event: 1.008 Thread 0x0000000017343800 Uncommon trap: reason=class_check action=maybe_recompile pc=0x00000000029c8ef8 method=com.android.dx.ssa.NormalSsaInsn.accept(Lcom/android/dx/ssa/SsaInsn$Visitor;)V @ 9
Event: 1.008 Thread 0x0000000017343800 Uncommon trap: reason=class_check action=maybe_recompile pc=0x00000000028597d4 method=com.android.dx.ssa.NormalSsaInsn.accept(Lcom/android/dx/ssa/SsaInsn$Visitor;)V @ 9
Event: 1.033 Thread 0x000000000089e000 Uncommon trap: reason=unloaded action=reinterpret pc=0x0000000002a56ca8 method=com.android.dx.cf.cst.ConstantPoolParser.parse0(ILjava/util/BitSet;)Lcom/android/dx/rop/cst/Constant; @ 198

Internal exceptions (2 events):
Event: 0.055 Thread 0x000000000089e000 Exception <a 'java/lang/NoSuchMethodError': Method sun.misc.Unsafe.defineClass(Ljava/lang/String;[BII)Ljava/lang/Class; name or signature does not match> (0x00000000eab07cc0) thrown at [C:\re\workspace\8-2-build-windows-amd64-cygwin\jdk8u101\7261\hotspot\s3÷;h!¬?
Event: 0.055 Thread 0x000000000089e000 Exception <a 'java/lang/NoSuchMethodError': Method sun.misc.Unsafe.prefetchRead(Ljava/lang/Object;J)V name or signature does not match> (0x00000000eab07fa8) thrown at [C:\re\workspace\8-2-build-windows-amd64-cygwin\jdk8u101\7261\hotspot\src\share\vm\prims\

Events (10 events):
Event: 1.003 Executing VM operation: ParallelGCFailedAllocation done
Event: 1.008 Thread 0x0000000017343800 Uncommon trap: trap_request=0xffffffde fr.pc=0x00000000029c8ef8
Event: 1.008 Thread 0x0000000017343800 DEOPT PACKING pc=0x00000000029c8ef8 sp=0x000000001820ebf0
Event: 1.008 Thread 0x0000000017343800 DEOPT UNPACKING pc=0x000000000265582a sp=0x000000001820eb20 mode 2
Event: 1.008 Thread 0x0000000017343800 Uncommon trap: trap_request=0xffffffde fr.pc=0x00000000028597d4
Event: 1.008 Thread 0x0000000017343800 DEOPT PACKING pc=0x00000000028597d4 sp=0x000000001820e890
Event: 1.008 Thread 0x0000000017343800 DEOPT UNPACKING pc=0x000000000265582a sp=0x000000001820e7e0 mode 2
Event: 1.033 Thread 0x000000000089e000 Uncommon trap: trap_request=0x000000d2 fr.pc=0x0000000002a56ca8
Event: 1.033 Thread 0x000000000089e000 DEOPT PACKING pc=0x0000000002a56ca8 sp=0x000000000250e870
Event: 1.033 Thread 0x000000000089e000 DEOPT UNPACKING pc=0x000000000265582a sp=0x000000000250e838 mode 2


Dynamic libraries:
0x00007ff7c11d0000 - 0x00007ff7c1207000 	C:\Program Files\Java\jdk1.8.0_101\bin\java.exe
0x00007ffa00cd0000 - 0x00007ffa00e91000 	C:\WINDOWS\SYSTEM32\ntdll.dll
0x00007ffa00c20000 - 0x00007ffa00ccd000 	C:\WINDOWS\system32\KERNEL32.DLL
0x00007ff9fd380000 - 0x00007ff9fd568000 	C:\WINDOWS\system32\KERNELBASE.dll
0x00007ff9fe9c0000 - 0x00007ff9fea67000 	C:\WINDOWS\system32\ADVAPI32.dll
0x00007ff9fe150000 - 0x00007ff9fe1ed000 	C:\WINDOWS\system32\msvcrt.dll
0x00007ffa006d0000 - 0x00007ffa0072b000 	C:\WINDOWS\system32\sechost.dll
0x00007ff9fe1f0000 - 0x00007ff9fe30c000 	C:\WINDOWS\system32\RPCRT4.dll
0x00007ffa00880000 - 0x00007ffa009d6000 	C:\WINDOWS\system32\USER32.dll
0x00007ff9feae0000 - 0x00007ff9fec66000 	C:\WINDOWS\system32\GDI32.dll
0x00007ff9f70b0000 - 0x00007ff9f7324000 	C:\WINDOWS\WinSxS\amd64_microsoft.windows.common-controls_6595b64144ccf1df_6.0.10586.0_none_8c15ae12515e1c22\COMCTL32.dll
0x00007ff9fe740000 - 0x00007ff9fe9bd000 	C:\WINDOWS\system32\combase.dll
0x00007ff9fde00000 - 0x00007ff9fde6a000 	C:\WINDOWS\system32\bcryptPrimitives.dll
0x00007ffa00b80000 - 0x00007ffa00bbb000 	C:\WINDOWS\system32\IMM32.DLL
0x0000000055d70000 - 0x0000000055e42000 	C:\Program Files\Java\jdk1.8.0_101\jre\bin\msvcr100.dll
0x00000000563f0000 - 0x0000000056c8a000 	C:\Program Files\Java\jdk1.8.0_101\jre\bin\server\jvm.dll
0x00007ffa00a40000 - 0x00007ffa00a48000 	C:\WINDOWS\system32\PSAPI.DLL
0x00007ff9fb210000 - 0x00007ff9fb233000 	C:\WINDOWS\SYSTEM32\WINMM.dll
0x00007ff9f7330000 - 0x00007ff9f733a000 	C:\WINDOWS\SYSTEM32\VERSION.dll
0x00007ff9fa150000 - 0x00007ff9fa159000 	C:\WINDOWS\SYSTEM32\WSOCK32.dll
0x00007ff9fb1e0000 - 0x00007ff9fb20c000 	C:\WINDOWS\SYSTEM32\WINMMBASE.dll
0x00007ff9fdc40000 - 0x00007ff9fdc83000 	C:\WINDOWS\system32\cfgmgr32.dll
0x00007ff9fe0e0000 - 0x00007ff9fe14b000 	C:\WINDOWS\system32\WS2_32.dll
0x0000000056300000 - 0x000000005630f000 	C:\Program Files\Java\jdk1.8.0_101\jre\bin\verify.dll
0x00000000562d0000 - 0x00000000562f9000 	C:\Program Files\Java\jdk1.8.0_101\jre\bin\java.dll
0x00000000562b0000 - 0x00000000562c6000 	C:\Program Files\Java\jdk1.8.0_101\jre\bin\zip.dll
0x00007ff9fec70000 - 0x00007ffa001cc000 	C:\WINDOWS\system32\SHELL32.dll
0x00007ff9fd590000 - 0x00007ff9fdbd5000 	C:\WINDOWS\system32\windows.storage.dll
0x00007ffa002a0000 - 0x00007ffa002f2000 	C:\WINDOWS\system32\shlwapi.dll
0x00007ff9fd370000 - 0x00007ff9fd37f000 	C:\WINDOWS\system32\kernel.appcore.dll
0x00007ff9fdd40000 - 0x00007ff9fddf5000 	C:\WINDOWS\system32\shcore.dll
0x00007ff9fd310000 - 0x00007ff9fd35b000 	C:\WINDOWS\system32\powrprof.dll
0x00007ff9fd2f0000 - 0x00007ff9fd304000 	C:\WINDOWS\system32\profapi.dll

VM Arguments:
jvm_args: -Djava.awt.headless=true -Xmx1024M -Dfile.encoding=GBK -Duser.country=CN -Duser.language=zh -Duser.variant 
java_command: com.android.dx.command.Main --dex --num-threads=4 --output D:\Android\Code\AndroidCode\Screen\app\build\intermediates\pre-dexed\debug\com.android.support-support-media-compat-24.2.1_dfc5f1044ce88f81263fec8388d8e2ccb9b9b67a.jar D:\Android\Code\AndroidCode\Screen\app\build\intermediates\exploded-aar\com.android.support\support-media-compat\24.2.1\jars\classes.jar
java_class_path (initial): D:\Android\SDK\build-tools\24.0.2\lib\dx.jar
Launcher Type: SUN_STANDARD

Environment Variables:
JAVA_HOME=C:\Program Files\Java\jdk1.8.0_101
JRE_HOME=C:\Program Files\Java\jre1.8.0_101
PATH=C:\ProgramData\Oracle\Java\javapath;C:\Program Files (x86)\Intel\iCLS Client\;C:\Program Files\Intel\iCLS Client\;C:\Windows\system32;C:\Windows;C:\Windows\System32\Wbem;C:\Windows\System32\WindowsPowerShell\v1.0\;C:\Program Files (x86)\NVIDIA Corporation\PhysX\Common;C:\Program Files (x86)\Intel\Intel(R) Management Engine Components\DAL;C:\Program Files\Intel\Intel(R) Management Engine Components\DAL;C:\Program Files (x86)\Intel\Intel(R) Management Engine Components\IPT;C:\Program Files\Intel\Intel(R) Management Engine Components\IPT;C:\WINDOWS\system32;C:\WINDOWS;C:\WINDOWS\System32\Wbem;C:\WINDOWS\System32\WindowsPowerShell\v1.0\;D:\Git\cmd;C:\Program Files\Java\jdk1.8.0_101\bin;D:\SQLServer\86\100\Tools\Binn\;D:\SQLServer\100\Tools\Binn\;D:\SQLServer\100\DTS\Binn\;D:\SQLServer\86\100\Tools\Binn\VSShell\Common7\IDE\;C:\Program Files (x86)\Microsoft Visual Studio 9.0\Common7\IDE\PrivateAssemblies\;D:\SQLServer\86\100\DTS\Binn\
USERNAME=TangYuan
OS=Windows_NT
PROCESSOR_IDENTIFIER=Intel64 Family 6 Model 94 Stepping 3, GenuineIntel



---------------  S Y S T E M  ---------------

OS: Windows 10.0 , 64 bit Build 10586 (10.0.10586.0)

CPU:total 8 (4 cores per cpu, 2 threads per core) family 6 model 94 stepping 3, cmov, cx8, fxsr, mmx, sse, sse2, sse3, ssse3, sse4.1, sse4.2, popcnt, avx, avx2, aes, clmul, erms, rtm, 3dnowpref, lzcnt, ht, tsc, tscinvbit, bmi1, bmi2, adx

Memory: 4k page, physical 8281884k(1045840k free), swap 8298268k(5188k free)

vm_info: Java HotSpot(TM) 64-Bit Server VM (25.101-b13) for windows-amd64 JRE (1.8.0_101-b13), built on Jun 22 2016 01:21:29 by "java_re" with MS VC++ 10.0 (VS2010)

time: Wed Oct 12 01:19:08 2016
elapsed time: 1 seconds (0d 0h 0m 1s)

