#
# There is insufficient memory for the Java Runtime Environment to continue.
# Native memory allocation (malloc) failed to allocate 262160 bytes for Chunk::new
# Possible reasons:
#   The system is out of physical RAM or swap space
#   In 32 bit mode, the process size limit was hit
# Possible solutions:
#   Reduce memory load on the system
#   Increase physical memory or swap space
#   Check if swap backing store is full
#   Use 64 bit Java on a 64 bit OS
#   Decrease Java heap size (-Xmx/-Xms)
#   Decrease number of Java threads
#   Decrease Java thread stack sizes (-Xss)
#   Set larger code cache with -XX:ReservedCodeCacheSize=
# This output file may be truncated or incomplete.
#
#  Out of Memory Error (allocation.cpp:390), pid=2184, tid=0x0000000000001524
#
# JRE version: Java(TM) SE Runtime Environment (8.0_101-b13) (build 1.8.0_101-b13)
# Java VM: Java HotSpot(TM) 64-Bit Server VM (25.101-b13 mixed mode windows-amd64 compressed oops)
# Failed to write core dump. Minidumps are not enabled by default on client versions of Windows
#

---------------  T H R E A D  ---------------

Current thread (0x000000001520e000):  JavaThread "C2 CompilerThread1" daemon [_thread_in_native, id=5412, stack(0x0000000017940000,0x0000000017a40000)]

Stack: [0x0000000017940000,0x0000000017a40000]
[error occurred during error reporting (printing stack bounds), id 0xc0000005]

Native frames: (J=compiled Java code, j=interpreted, Vv=VM code, C=native code)


Current CompileTask:
C2:   2677 1427   !   4       com.android.dx.cf.code.BytecodeArray::parseInstruction (2764 bytes)


---------------  P R O C E S S  ---------------

Java Threads: ( => current thread )
  0x0000000017450800 JavaThread "pool-1-thread-4" [_thread_blocked, id=8056, stack(0x0000000018240000,0x0000000018340000)]
  0x000000001744e000 JavaThread "pool-1-thread-3" [_thread_blocked, id=3448, stack(0x0000000018140000,0x0000000018240000)]
  0x0000000017434800 JavaThread "pool-1-thread-2" [_thread_blocked, id=8104, stack(0x0000000018040000,0x0000000018140000)]
  0x000000001741b800 JavaThread "pool-2-thread-1" [_thread_blocked, id=7996, stack(0x0000000017f40000,0x0000000018040000)]
  0x000000001741b000 JavaThread "pool-1-thread-1" [_thread_blocked, id=4364, stack(0x0000000017e40000,0x0000000017f40000)]
  0x0000000017212000 JavaThread "Service Thread" daemon [_thread_blocked, id=3676, stack(0x0000000017c40000,0x0000000017d40000)]
  0x000000001717b800 JavaThread "C1 CompilerThread3" daemon [_thread_blocked, id=8016, stack(0x0000000017b40000,0x0000000017c40000)]
  0x000000001716c800 JavaThread "C2 CompilerThread2" daemon [_thread_in_native, id=7284, stack(0x0000000017a40000,0x0000000017b40000)]
=>0x000000001520e000 JavaThread "C2 CompilerThread1" daemon [_thread_in_native, id=5412, stack(0x0000000017940000,0x0000000017a40000)]
  0x000000001520a800 JavaThread "C2 CompilerThread0" daemon [_thread_in_native, id=8008, stack(0x0000000017840000,0x0000000017940000)]
  0x000000001711b000 JavaThread "Attach Listener" daemon [_thread_blocked, id=4100, stack(0x0000000017740000,0x0000000017840000)]
  0x0000000017168800 JavaThread "Signal Dispatcher" daemon [_thread_blocked, id=7696, stack(0x0000000017640000,0x0000000017740000)]
  0x00000000026dd800 JavaThread "Finalizer" daemon [_thread_blocked, id=6416, stack(0x00000000174e0000,0x00000000175e0000)]
  0x00000000026d6000 JavaThread "Reference Handler" daemon [_thread_blocked, id=7684, stack(0x0000000016fe0000,0x00000000170e0000)]
  0x00000000024de000 JavaThread "main" [_thread_blocked, id=6996, stack(0x00000000024e0000,0x00000000025e0000)]

Other Threads:
  0x00000000151f9800 VMThread [stack: 0x0000000016ee0000,0x0000000016fe0000] [id=7600]
  0x000000001724a000 WatcherThread [stack: 0x0000000017d40000,0x0000000017e40000] [id=6488]

VM state:at safepoint (normal execution)

VM Mutex/Monitor currently owned by a thread:  ([mutex/lock_event])
[0x00000000024dd520] Threads_lock - owner thread: 0x00000000151f9800
[0x00000000024dd020] Heap_lock - owner thread: 0x0000000017450800

Heap:
 PSYoungGen      total 38400K, used 38380K [0x00000000eab00000, 0x00000000ef600000, 0x0000000100000000)
  eden space 33280K, 100% used [0x00000000eab00000,0x00000000ecb80000,0x00000000ecb80000)
  from space 5120K, 99% used [0x00000000ecb80000,0x00000000ed07b2d0,0x00000000ed080000)
  to   space 5120K, 48% used [0x00000000ef100000,0x00000000ef36f630,0x00000000ef600000)
 ParOldGen       total 87552K, used 1742K [0x00000000c0000000, 0x00000000c5580000, 0x00000000eab00000)
  object space 87552K, 1% used [0x00000000c0000000,0x00000000c01b3b80,0x00000000c5580000)
 Metaspace       used 6158K, capacity 7064K, committed 7424K, reserved 1056768K
  class space    used 614K, capacity 656K, committed 768K, reserved 1048576K

Card table byte_map: [0x0000000011aa0000,0x0000000011cb0000] byte_map_base: 0x00000000114a0000

Marking Bits: (ParMarkBitMap*) 0x0000000056c0a6d0
 Begin Bits: [0x0000000012610000, 0x0000000013610000)
 End Bits:   [0x0000000013610000, 0x0000000014610000)

Polling page: 0x00000000008d0000

CodeCache: size=245760Kb used=6632Kb max_used=6632Kb free=239127Kb
 bounds [0x00000000026e0000, 0x0000000002d70000, 0x00000000116e0000]
 total_blobs=1809 nmethods=1542 adapters=178
 compilation: enabled

Compilation events (10 events):
Event: 2.605 Thread 0x000000001717b800 nmethod 1533 0x0000000002d3fc50 code [0x0000000002d3fe20, 0x0000000002d40898]
Event: 2.605 Thread 0x000000001717b800 1534       3       com.android.dx.cf.code.BytecodeArray::byteLength (10 bytes)
Event: 2.605 Thread 0x000000001717b800 nmethod 1534 0x0000000002d3f850 code [0x0000000002d3f9a0, 0x0000000002d3fb90]
Event: 2.644 Thread 0x000000001716c800 1535       4       com.android.dx.cf.code.Merger::mergeType (142 bytes)
Event: 2.646 Thread 0x000000001717b800 1539       3       java.util.Collections::unmodifiableCollection (9 bytes)
Event: 2.647 Thread 0x000000001717b800 nmethod 1539 0x0000000002d47750 code [0x0000000002d478e0, 0x0000000002d47c28]
Event: 2.648 Thread 0x000000001716c800 nmethod 1535 0x0000000002d4ae50 code [0x0000000002d4b020, 0x0000000002d4b470]
Event: 2.648 Thread 0x000000001716c800 1536 %     4       com.android.dx.rop.code.InsnList::forEach @ 7 (28 bytes)
Event: 2.650 Thread 0x000000001716c800 nmethod 1536% 0x0000000002d4b8d0 code [0x0000000002d4ba20, 0x0000000002d4bc38]
Event: 2.650 Thread 0x000000001716c800 1538   !   4       com.android.dx.cf.code.Ropper::processBlock (1101 bytes)

GC Heap History (2 events):
Event: 1.242 GC heap before
{Heap before GC invocations=1 (full 0):
 PSYoungGen      total 38400K, used 33280K [0x00000000eab00000, 0x00000000ed580000, 0x0000000100000000)
  eden space 33280K, 100% used [0x00000000eab00000,0x00000000ecb80000,0x00000000ecb80000)
  from space 5120K, 0% used [0x00000000ed080000,0x00000000ed080000,0x00000000ed580000)
  to   space 5120K, 0% used [0x00000000ecb80000,0x00000000ecb80000,0x00000000ed080000)
 ParOldGen       total 87552K, used 0K [0x00000000c0000000, 0x00000000c5580000, 0x00000000eab00000)
  object space 87552K, 0% used [0x00000000c0000000,0x00000000c0000000,0x00000000c5580000)
 Metaspace       used 5910K, capacity 6896K, committed 7040K, reserved 1056768K
  class space    used 594K, capacity 616K, committed 640K, reserved 1048576K
Event: 1.266 GC heap after
Heap after GC invocations=1 (full 0):
 PSYoungGen      total 38400K, used 5100K [0x00000000eab00000, 0x00000000ef600000, 0x0000000100000000)
  eden space 33280K, 0% used [0x00000000eab00000,0x00000000eab00000,0x00000000ecb80000)
  from space 5120K, 99% used [0x00000000ecb80000,0x00000000ed07b2d0,0x00000000ed080000)
  to   space 5120K, 0% used [0x00000000ef100000,0x00000000ef100000,0x00000000ef600000)
 ParOldGen       total 87552K, used 1734K [0x00000000c0000000, 0x00000000c5580000, 0x00000000eab00000)
  object space 87552K, 1% used [0x00000000c0000000,0x00000000c01b1b80,0x00000000c5580000)
 Metaspace       used 5910K, capacity 6896K, committed 7040K, reserved 1056768K
  class space    used 594K, capacity 616K, committed 640K, reserved 1048576K
}

Deoptimization events (10 events):
Event: 1.989 Thread 0x00000000024de000 Uncommon trap: reason=unstable_if action=reinterpret pc=0x0000000002c2ac14 method=java.util.HashMap.getNode(ILjava/lang/Object;)Ljava/util/HashMap$Node; @ 84
Event: 2.013 Thread 0x00000000024de000 Uncommon trap: reason=null_check action=make_not_entrant pc=0x000000000298af68 method=com.android.dx.rop.type.Type.equals(Ljava/lang/Object;)Z @ 8
Event: 2.281 Thread 0x00000000024de000 Uncommon trap: reason=bimorphic action=maybe_recompile pc=0x0000000002bc57f8 method=com.android.dx.cf.code.BytecodeArray.parseInstruction(ILcom/android/dx/cf/code/BytecodeArray$Visitor;)I @ 923
Event: 2.281 Thread 0x00000000024de000 Uncommon trap: reason=bimorphic action=maybe_recompile pc=0x0000000002bc5778 method=com.android.dx.cf.code.BytecodeArray.parseInstruction(ILcom/android/dx/cf/code/BytecodeArray$Visitor;)I @ 907
Event: 2.281 Thread 0x00000000024de000 Uncommon trap: reason=bimorphic action=maybe_recompile pc=0x0000000002bc57f8 method=com.android.dx.cf.code.BytecodeArray.parseInstruction(ILcom/android/dx/cf/code/BytecodeArray$Visitor;)I @ 923
Event: 2.282 Thread 0x00000000024de000 Uncommon trap: reason=bimorphic action=maybe_recompile pc=0x0000000002bc5778 method=com.android.dx.cf.code.BytecodeArray.parseInstruction(ILcom/android/dx/cf/code/BytecodeArray$Visitor;)I @ 907
Event: 2.518 Thread 0x000000001741b000 Uncommon trap: reason=unstable_if action=reinterpret pc=0x0000000002c90a44 method=com.android.dx.rop.code.RegisterSpecSet.put(Lcom/android/dx/rop/code/RegisterSpec;)V @ 77
Event: 2.549 Thread 0x0000000017450800 Uncommon trap: reason=null_check action=make_not_entrant pc=0x0000000002c379e4 method=com.android.dx.ssa.SsaRenamer.getLocalForNewReg(I)Lcom/android/dx/rop/code/LocalItem; @ 19
Event: 2.554 Thread 0x0000000017450800 Uncommon trap: reason=unstable_if action=reinterpret pc=0x0000000002cdaa94 method=com.android.dx.rop.cst.CstNat.equals(Ljava/lang/Object;)Z @ 25
Event: 2.554 Thread 0x0000000017450800 Uncommon trap: reason=unstable_if action=reinterpret pc=0x0000000002ade5c8 method=java.util.HashMap.putVal(ILjava/lang/Object;Ljava/lang/Object;ZZ)Ljava/lang/Object; @ 162

Internal exceptions (7 events):
Event: 0.048 Thread 0x00000000024de000 Exception <a 'java/lang/NoSuchMethodError': Method sun.misc.Unsafe.defineClass(Ljava/lang/String;[BII)Ljava/lang/Class; name or signature does not match> (0x00000000eab07cc0) thrown at [C:\re\workspace\8-2-build-windows-amd64-cygwin\jdk8u101\7261\hotspot\sÌ”ôôn°®?
Event: 0.048 Thread 0x00000000024de000 Exception <a 'java/lang/NoSuchMethodError': Method sun.misc.Unsafe.prefetchRead(Ljava/lang/Object;J)V name or signature does not match> (0x00000000eab07fa8) thrown at [C:\re\workspace\8-2-build-windows-amd64-cygwin\jdk8u101\7261\hotspot\src\share\vm\prims\\Kù\òa¯?
Event: 1.524 Thread 0x00000000024de000 Exception <a 'java/lang/ArrayIndexOutOfBoundsException': 18> (0x00000000eb257510) thrown at [C:\re\workspace\8-2-build-windows-amd64-cygwin\jdk8u101\7261\hotspot\src\share\vm\interpreter\interpreterRuntime.cpp, line 366]
Event: 1.524 Thread 0x00000000024de000 Exception <a 'java/lang/ArrayIndexOutOfBoundsException': 145> (0x00000000eb2590a0) thrown at [C:\re\workspace\8-2-build-windows-amd64-cygwin\jdk8u101\7261\hotspot\src\share\vm\interpreter\interpreterRuntime.cpp, line 366]
Event: 1.525 Thread 0x00000000024de000 Exception <a 'java/lang/ArrayIndexOutOfBoundsException'> (0x00000000eb25a388) thrown at [C:\re\workspace\8-2-build-windows-amd64-cygwin\jdk8u101\7261\hotspot\src\share\vm\runtime\sharedRuntime.cpp, line 605]
Event: 2.013 Thread 0x00000000024de000 Implicit null exception at 0x000000000298ae62 to 0x000000000298af5a
Event: 2.549 Thread 0x0000000017450800 Implicit null exception at 0x0000000002c366ba to 0x0000000002c37989

Events (10 events):
Event: 2.518 Thread 0x000000001741b000 DEOPT UNPACKING pc=0x000000000272582a sp=0x0000000017f3eb90 mode 2
Event: 2.549 Thread 0x0000000017450800 Uncommon trap: trap_request=0xfffffff4 fr.pc=0x0000000002c379e4
Event: 2.549 Thread 0x0000000017450800 DEOPT PACKING pc=0x0000000002c379e4 sp=0x000000001833e500
Event: 2.549 Thread 0x0000000017450800 DEOPT UNPACKING pc=0x000000000272582a sp=0x000000001833e328 mode 2
Event: 2.554 Thread 0x0000000017450800 Uncommon trap: trap_request=0xffffff65 fr.pc=0x0000000002cdaa94
Event: 2.554 Thread 0x0000000017450800 DEOPT PACKING pc=0x0000000002cdaa94 sp=0x000000001833de10
Event: 2.554 Thread 0x0000000017450800 DEOPT UNPACKING pc=0x000000000272582a sp=0x000000001833dd30 mode 2
Event: 2.554 Thread 0x0000000017450800 Uncommon trap: trap_request=0xffffff65 fr.pc=0x0000000002ade5c8
Event: 2.554 Thread 0x0000000017450800 DEOPT PACKING pc=0x0000000002ade5c8 sp=0x000000001833dd80
Event: 2.554 Thread 0x0000000017450800 DEOPT UNPACKING pc=0x000000000272582a sp=0x000000001833dc90 mode 2


Dynamic libraries:
0x00007ff7c11d0000 - 0x00007ff7c1207000 	C:\Program Files\Java\jdk1.8.0_101\bin\java.exe
0x00007ffa00cd0000 - 0x00007ffa00e91000 	C:\WINDOWS\SYSTEM32\ntdll.dll
0x00007ffa00c20000 - 0x00007ffa00ccd000 	C:\WINDOWS\system32\KERNEL32.DLL
0x00007ff9fd380000 - 0x00007ff9fd568000 	C:\WINDOWS\system32\KERNELBASE.dll
0x00007ff9fe9c0000 - 0x00007ff9fea67000 	C:\WINDOWS\system32\ADVAPI32.dll
0x00007ff9fe150000 - 0x00007ff9fe1ed000 	C:\WINDOWS\system32\msvcrt.dll
0x00007ffa006d0000 - 0x00007ffa0072b000 	C:\WINDOWS\system32\sechost.dll
0x00007ff9fe1f0000 - 0x00007ff9fe30c000 	C:\WINDOWS\system32\RPCRT4.dll
0x00007ffa00880000 - 0x00007ffa009d6000 	C:\WINDOWS\system32\USER32.dll
0x00007ff9feae0000 - 0x00007ff9fec66000 	C:\WINDOWS\system32\GDI32.dll
0x00007ff9f70b0000 - 0x00007ff9f7324000 	C:\WINDOWS\WinSxS\amd64_microsoft.windows.common-controls_6595b64144ccf1df_6.0.10586.0_none_8c15ae12515e1c22\COMCTL32.dll
0x00007ff9fe740000 - 0x00007ff9fe9bd000 	C:\WINDOWS\system32\combase.dll
0x00007ff9fde00000 - 0x00007ff9fde6a000 	C:\WINDOWS\system32\bcryptPrimitives.dll
0x00007ffa00b80000 - 0x00007ffa00bbb000 	C:\WINDOWS\system32\IMM32.DLL
0x0000000055d70000 - 0x0000000055e42000 	C:\Program Files\Java\jdk1.8.0_101\jre\bin\msvcr100.dll
0x00000000563f0000 - 0x0000000056c8a000 	C:\Program Files\Java\jdk1.8.0_101\jre\bin\server\jvm.dll
0x00007ffa00a40000 - 0x00007ffa00a48000 	C:\WINDOWS\system32\PSAPI.DLL
0x00007ff9fa150000 - 0x00007ff9fa159000 	C:\WINDOWS\SYSTEM32\WSOCK32.dll
0x00007ff9fe0e0000 - 0x00007ff9fe14b000 	C:\WINDOWS\system32\WS2_32.dll
0x00007ff9fb210000 - 0x00007ff9fb233000 	C:\WINDOWS\SYSTEM32\WINMM.dll
0x00007ff9f7330000 - 0x00007ff9f733a000 	C:\WINDOWS\SYSTEM32\VERSION.dll
0x0000000000860000 - 0x000000000088c000 	C:\WINDOWS\SYSTEM32\WINMMBASE.dll
0x00007ff9fdc40000 - 0x00007ff9fdc83000 	C:\WINDOWS\system32\cfgmgr32.dll
0x0000000056300000 - 0x000000005630f000 	C:\Program Files\Java\jdk1.8.0_101\jre\bin\verify.dll
0x00000000562d0000 - 0x00000000562f9000 	C:\Program Files\Java\jdk1.8.0_101\jre\bin\java.dll
0x00000000562b0000 - 0x00000000562c6000 	C:\Program Files\Java\jdk1.8.0_101\jre\bin\zip.dll
0x00007ff9fec70000 - 0x00007ffa001cc000 	C:\WINDOWS\system32\SHELL32.dll
0x00007ff9fd590000 - 0x00007ff9fdbd5000 	C:\WINDOWS\system32\windows.storage.dll
0x00007ffa002a0000 - 0x00007ffa002f2000 	C:\WINDOWS\system32\shlwapi.dll
0x00007ff9fd370000 - 0x00007ff9fd37f000 	C:\WINDOWS\system32\kernel.appcore.dll
0x00007ff9fdd40000 - 0x00007ff9fddf5000 	C:\WINDOWS\system32\shcore.dll
0x00007ff9fd310000 - 0x00007ff9fd35b000 	C:\WINDOWS\system32\powrprof.dll
0x00007ff9fd2f0000 - 0x00007ff9fd304000 	C:\WINDOWS\system32\profapi.dll

VM Arguments:
jvm_args: -Djava.awt.headless=true -Xmx1024M -Dfile.encoding=GBK -Duser.country=CN -Duser.language=zh -Duser.variant 
java_command: com.android.dx.command.Main --dex --num-threads=4 --output D:\Android\Code\AndroidCode\Screen\app\build\intermediates\pre-dexed\debug\com.android.support-support-core-ui-24.2.1_277494bf1eceeb98a8b129ecc62c38a95a26b62d.jar D:\Android\Code\AndroidCode\Screen\app\build\intermediates\exploded-aar\com.android.support\support-core-ui\24.2.1\jars\classes.jar
java_class_path (initial): D:\Android\SDK\build-tools\24.0.2\lib\dx.jar
Launcher Type: SUN_STANDARD

Environment Variables:
JAVA_HOME=C:\Program Files\Java\jdk1.8.0_101
JRE_HOME=C:\Program Files\Java\jre1.8.0_101
PATH=C:\ProgramData\Oracle\Java\javapath;C:\Program Files (x86)\Intel\iCLS Client\;C:\Program Files\Intel\iCLS Client\;C:\Windows\system32;C:\Windows;C:\Windows\System32\Wbem;C:\Windows\System32\WindowsPowerShell\v1.0\;C:\Program Files (x86)\NVIDIA Corporation\PhysX\Common;C:\Program Files (x86)\Intel\Intel(R) Management Engine Components\DAL;C:\Program Files\Intel\Intel(R) Management Engine Components\DAL;C:\Program Files (x86)\Intel\Intel(R) Management Engine Components\IPT;C:\Program Files\Intel\Intel(R) Management Engine Components\IPT;C:\WINDOWS\system32;C:\WINDOWS;C:\WINDOWS\System32\Wbem;C:\WINDOWS\System32\WindowsPowerShell\v1.0\;D:\Git\cmd;C:\Program Files\Java\jdk1.8.0_101\bin;D:\SQLServer\86\100\Tools\Binn\;D:\SQLServer\100\Tools\Binn\;D:\SQLServer\100\DTS\Binn\;D:\SQLServer\86\100\Tools\Binn\VSShell\Common7\IDE\;C:\Program Files (x86)\Microsoft Visual Studio 9.0\Common7\IDE\PrivateAssemblies\;D:\SQLServer\86\100\DTS\Binn\
USERNAME=TangYuan
OS=Windows_NT
PROCESSOR_IDENTIFIER=Intel64 Family 6 Model 94 Stepping 3, GenuineIntel



---------------  S Y S T E M  ---------------

OS: Windows 10.0 , 64 bit Build 10586 (10.0.10586.0)

CPU:total 8 (4 cores per cpu, 2 threads per core) family 6 model 94 stepping 3, cmov, cx8, fxsr, mmx, sse, sse2, sse3, ssse3, sse4.1, sse4.2, popcnt, avx, avx2, aes, clmul, erms, rtm, 3dnowpref, lzcnt, ht, tsc, tscinvbit, bmi1, bmi2, adx

Memory: 4k page, physical 8281884k(1121996k free), swap 8298268k(70248k free)

vm_info: Java HotSpot(TM) 64-Bit Server VM (25.101-b13) for windows-amd64 JRE (1.8.0_101-b13), built on Jun 22 2016 01:21:29 by "java_re" with MS VC++ 10.0 (VS2010)

time: Wed Oct 12 01:17:44 2016
elapsed time: 2 seconds (0d 0h 0m 2s)

