#
# There is insufficient memory for the Java Runtime Environment to continue.
# Native memory allocation (malloc) failed to allocate 10216 bytes for ChunkPool::allocate
# Possible reasons:
#   The system is out of physical RAM or swap space
#   In 32 bit mode, the process size limit was hit
# Possible solutions:
#   Reduce memory load on the system
#   Increase physical memory or swap space
#   Check if swap backing store is full
#   Use 64 bit Java on a 64 bit OS
#   Decrease Java heap size (-Xmx/-Xms)
#   Decrease number of Java threads
#   Decrease Java thread stack sizes (-Xss)
#   Set larger code cache with -XX:ReservedCodeCacheSize=
# This output file may be truncated or incomplete.
#
#  Out of Memory Error (allocation.cpp:273), pid=7848, tid=0x0000000000001ee0
#
# JRE version: Java(TM) SE Runtime Environment (8.0_101-b13) (build 1.8.0_101-b13)
# Java VM: Java HotSpot(TM) 64-Bit Server VM (25.101-b13 mixed mode windows-amd64 compressed oops)
# Failed to write core dump. Minidumps are not enabled by default on client versions of Windows
#

---------------  T H R E A D  ---------------

Current thread (0x000000001710c800):  JavaThread "C2 CompilerThread0" daemon [_thread_in_native, id=7904, stack(0x00000000177e0000,0x00000000178e0000)]

Stack: [0x00000000177e0000,0x00000000178e0000]
[error occurred during error reporting (printing stack bounds), id 0xc0000005]

Native frames: (J=compiled Java code, j=interpreted, Vv=VM code, C=native code)


Current CompileTask:
C2:   2714   10       4       java.lang.String::length (6 bytes)


---------------  P R O C E S S  ---------------

Java Threads: ( => current thread )
  0x00000000151a5000 JavaThread "Service Thread" daemon [_thread_blocked, id=844, stack(0x0000000017be0000,0x0000000017ce0000)]
  0x0000000017115800 JavaThread "C1 CompilerThread3" daemon [_thread_blocked, id=6544, stack(0x0000000017ae0000,0x0000000017be0000)]
  0x0000000017111800 JavaThread "C2 CompilerThread2" daemon [_thread_blocked, id=6572, stack(0x00000000179e0000,0x0000000017ae0000)]
  0x000000001710f800 JavaThread "C2 CompilerThread1" daemon [_thread_blocked, id=7344, stack(0x00000000178e0000,0x00000000179e0000)]
=>0x000000001710c800 JavaThread "C2 CompilerThread0" daemon [_thread_in_native, id=7904, stack(0x00000000177e0000,0x00000000178e0000)]
  0x000000001519f000 JavaThread "Attach Listener" daemon [_thread_blocked, id=6488, stack(0x00000000176e0000,0x00000000177e0000)]
  0x00000000151a1800 JavaThread "Signal Dispatcher" daemon [_thread_blocked, id=6388, stack(0x00000000175e0000,0x00000000176e0000)]
  0x000000001519e000 JavaThread "Finalizer" daemon [_thread_blocked, id=3720, stack(0x0000000017480000,0x0000000017580000)]
  0x0000000002678800 JavaThread "Reference Handler" daemon [_thread_blocked, id=6172, stack(0x0000000016f80000,0x0000000017080000)]
  0x00000000020de000 JavaThread "main" [_thread_in_vm, id=2736, stack(0x0000000002480000,0x0000000002580000)]

Other Threads:
  0x0000000015199800 VMThread [stack: 0x0000000016e80000,0x0000000016f80000] [id=4328]
  0x000000001720d000 WatcherThread [stack: 0x0000000017ce0000,0x0000000017de0000] [id=8112]

VM state:not at safepoint (normal execution)

VM Mutex/Monitor currently owned by a thread: None

Heap:
 PSYoungGen      total 38400K, used 3330K [0x00000000eab00000, 0x00000000ed580000, 0x0000000100000000)
  eden space 33280K, 10% used [0x00000000eab00000,0x00000000eae40a50,0x00000000ecb80000)
  from space 5120K, 0% used [0x00000000ed080000,0x00000000ed080000,0x00000000ed580000)
  to   space 5120K, 0% used [0x00000000ecb80000,0x00000000ecb80000,0x00000000ed080000)
 ParOldGen       total 87552K, used 0K [0x00000000c0000000, 0x00000000c5580000, 0x00000000eab00000)
  object space 87552K, 0% used [0x00000000c0000000,0x00000000c0000000,0x00000000c5580000)
 Metaspace       used 3664K, capacity 4944K, committed 5120K, reserved 1056768K
  class space    used 410K, capacity 456K, committed 512K, reserved 1048576K

Card table byte_map: [0x0000000011a40000,0x0000000011c50000] byte_map_base: 0x0000000011440000

Marking Bits: (ParMarkBitMap*) 0x0000000056c0a6d0
 Begin Bits: [0x00000000125b0000, 0x00000000135b0000)
 End Bits:   [0x00000000135b0000, 0x00000000145b0000)

Polling page: 0x0000000000950000

CodeCache: size=245760Kb used=1290Kb max_used=1301Kb free=244469Kb
 bounds [0x0000000002680000, 0x00000000028f0000, 0x0000000011680000]
 total_blobs=374 nmethods=127 adapters=160
 compilation: enabled

Compilation events (10 events):
Event: 2.455 Thread 0x0000000017115800    4       3       java.lang.String::<init> (82 bytes)
Event: 2.456 Thread 0x0000000017115800 nmethod 4 0x000000000278ad90 code [0x000000000278af60, 0x000000000278b458]
Event: 2.456 Thread 0x0000000017115800    6       3       java.lang.Object::<init> (1 bytes)
Event: 2.456 Thread 0x0000000017115800 nmethod 6 0x000000000278b6d0 code [0x000000000278b820, 0x000000000278b970]
Event: 2.457 Thread 0x000000001710f800    7       4       java.lang.String::charAt (29 bytes)
Event: 2.457 Thread 0x0000000017111800    8       4       java.util.TreeMap::parentOf (13 bytes)
Event: 2.457 Thread 0x0000000017115800    9       3       java.lang.Math::min (11 bytes)
Event: 2.458 Thread 0x0000000017115800 nmethod 9 0x000000000278ba10 code [0x000000000278bb60, 0x000000000278bcf0]
Event: 2.458 Thread 0x000000001710c800   10       4       java.lang.String::length (6 bytes)
Event: 2.458 Thread 0x0000000017115800   11       3       java.lang.CharacterData::of (120 bytes)

GC Heap History (0 events):
No events

Deoptimization events (0 events):
No events

Internal exceptions (2 events):
Event: 0.590 Thread 0x00000000020de000 Exception <a 'java/lang/NoSuchMethodError': Method sun.misc.Unsafe.defineClass(Ljava/lang/String;[BII)Ljava/lang/Class; name or signature does not match> (0x00000000eab07cc0) thrown at [C:\re\workspace\8-2-build-windows-amd64-cygwin\jdk8u101\7261\hotspot\s¢€¨ÙÅ„‚?
Event: 0.590 Thread 0x00000000020de000 Exception <a 'java/lang/NoSuchMethodError': Method sun.misc.Unsafe.prefetchRead(Ljava/lang/Object;J)V name or signature does not match> (0x00000000eab07fa8) thrown at [C:\re\workspace\8-2-build-windows-amd64-cygwin\jdk8u101\7261\hotspot\src\share\vm\prims\

Events (10 events):
Event: 2.455 loading class java/util/HashMap$EntrySet
Event: 2.456 loading class java/util/HashMap$EntrySet done
Event: 2.456 loading class java/lang/ProcessEnvironment$CheckedEntrySet$1
Event: 2.456 loading class java/lang/ProcessEnvironment$CheckedEntrySet$1 done
Event: 2.456 loading class java/util/HashMap$EntryIterator
Event: 2.456 loading class java/util/HashMap$HashIterator
Event: 2.456 loading class java/util/HashMap$HashIterator done
Event: 2.456 loading class java/util/HashMap$EntryIterator done
Event: 2.457 loading class java/lang/ProcessEnvironment$CheckedEntry
Event: 2.457 loading class java/lang/ProcessEnvironment$CheckedEntry done


Dynamic libraries:
0x00007ff7c11d0000 - 0x00007ff7c1207000 	C:\Program Files\Java\jdk1.8.0_101\bin\java.exe
0x00007ffa00cd0000 - 0x00007ffa00e91000 	C:\WINDOWS\SYSTEM32\ntdll.dll
0x00007ffa00c20000 - 0x00007ffa00ccd000 	C:\WINDOWS\system32\KERNEL32.DLL
0x00007ff9fd380000 - 0x00007ff9fd568000 	C:\WINDOWS\system32\KERNELBASE.dll
0x00007ff9fe9c0000 - 0x00007ff9fea67000 	C:\WINDOWS\system32\ADVAPI32.dll
0x00007ff9fe150000 - 0x00007ff9fe1ed000 	C:\WINDOWS\system32\msvcrt.dll
0x00007ffa006d0000 - 0x00007ffa0072b000 	C:\WINDOWS\system32\sechost.dll
0x00007ff9fe1f0000 - 0x00007ff9fe30c000 	C:\WINDOWS\system32\RPCRT4.dll
0x00007ffa00880000 - 0x00007ffa009d6000 	C:\WINDOWS\system32\USER32.dll
0x00007ff9feae0000 - 0x00007ff9fec66000 	C:\WINDOWS\system32\GDI32.dll
0x00007ff9f70b0000 - 0x00007ff9f7324000 	C:\WINDOWS\WinSxS\amd64_microsoft.windows.common-controls_6595b64144ccf1df_6.0.10586.0_none_8c15ae12515e1c22\COMCTL32.dll
0x00007ff9fe740000 - 0x00007ff9fe9bd000 	C:\WINDOWS\system32\combase.dll
0x00007ff9fde00000 - 0x00007ff9fde6a000 	C:\WINDOWS\system32\bcryptPrimitives.dll
0x00007ffa00b80000 - 0x00007ffa00bbb000 	C:\WINDOWS\system32\IMM32.DLL
0x0000000055d70000 - 0x0000000055e42000 	C:\Program Files\Java\jdk1.8.0_101\jre\bin\msvcr100.dll
0x00000000563f0000 - 0x0000000056c8a000 	C:\Program Files\Java\jdk1.8.0_101\jre\bin\server\jvm.dll
0x00007ffa00a40000 - 0x00007ffa00a48000 	C:\WINDOWS\system32\PSAPI.DLL
0x00007ff9fa150000 - 0x00007ff9fa159000 	C:\WINDOWS\SYSTEM32\WSOCK32.dll
0x00007ff9fe0e0000 - 0x00007ff9fe14b000 	C:\WINDOWS\system32\WS2_32.dll
0x00007ff9fb210000 - 0x00007ff9fb233000 	C:\WINDOWS\SYSTEM32\WINMM.dll
0x00007ff9f7330000 - 0x00007ff9f733a000 	C:\WINDOWS\SYSTEM32\VERSION.dll
0x00007ff9fb1e0000 - 0x00007ff9fb20c000 	C:\WINDOWS\SYSTEM32\WINMMBASE.dll
0x00007ff9fdc40000 - 0x00007ff9fdc83000 	C:\WINDOWS\system32\cfgmgr32.dll
0x0000000056300000 - 0x000000005630f000 	C:\Program Files\Java\jdk1.8.0_101\jre\bin\verify.dll
0x00000000562d0000 - 0x00000000562f9000 	C:\Program Files\Java\jdk1.8.0_101\jre\bin\java.dll
0x00000000562b0000 - 0x00000000562c6000 	C:\Program Files\Java\jdk1.8.0_101\jre\bin\zip.dll
0x00007ff9fec70000 - 0x00007ffa001cc000 	C:\WINDOWS\system32\SHELL32.dll
0x00007ff9fd590000 - 0x00007ff9fdbd5000 	C:\WINDOWS\system32\windows.storage.dll
0x00007ffa002a0000 - 0x00007ffa002f2000 	C:\WINDOWS\system32\shlwapi.dll
0x00007ff9fd370000 - 0x00007ff9fd37f000 	C:\WINDOWS\system32\kernel.appcore.dll
0x00007ff9fdd40000 - 0x00007ff9fddf5000 	C:\WINDOWS\system32\shcore.dll
0x00007ff9fd310000 - 0x00007ff9fd35b000 	C:\WINDOWS\system32\powrprof.dll
0x00007ff9fd2f0000 - 0x00007ff9fd304000 	C:\WINDOWS\system32\profapi.dll

VM Arguments:
jvm_args: -Djava.awt.headless=true -Xmx1024M -Dfile.encoding=GBK -Duser.country=CN -Duser.language=zh -Duser.variant 
java_command: com.android.dx.command.Main --dex --num-threads=4 --output D:\Android\Code\AndroidCode\Screen\app\build\intermediates\pre-dexed\debug\internal_impl-24.2.1_eff71271efeea529e9b7fda2c4f0d51b1b84f3ee.jar D:\Android\Code\AndroidCode\Screen\app\build\intermediates\exploded-aar\com.android.support\support-core-utils\24.2.1\jars\libs\internal_impl-24.2.1.jar
java_class_path (initial): D:\Android\SDK\build-tools\24.0.2\lib\dx.jar
Launcher Type: SUN_STANDARD

Environment Variables:
JAVA_HOME=C:\Program Files\Java\jdk1.8.0_101
JRE_HOME=C:\Program Files\Java\jre1.8.0_101
PATH=C:\ProgramData\Oracle\Java\javapath;C:\Program Files (x86)\Intel\iCLS Client\;C:\Program Files\Intel\iCLS Client\;C:\Windows\system32;C:\Windows;C:\Windows\System32\Wbem;C:\Windows\System32\WindowsPowerShell\v1.0\;C:\Program Files (x86)\NVIDIA Corporation\PhysX\Common;C:\Program Files (x86)\Intel\Intel(R) Management Engine Components\DAL;C:\Program Files\Intel\Intel(R) Management Engine Components\DAL;C:\Program Files (x86)\Intel\Intel(R) Management Engine Components\IPT;C:\Program Files\Intel\Intel(R) Management Engine Components\IPT;C:\WINDOWS\system32;C:\WINDOWS;C:\WINDOWS\System32\Wbem;C:\WINDOWS\System32\WindowsPowerShell\v1.0\;D:\Git\cmd;C:\Program Files\Java\jdk1.8.0_101\bin;D:\SQLServer\86\100\Tools\Binn\;D:\SQLServer\100\Tools\Binn\;D:\SQLServer\100\DTS\Binn\;D:\SQLServer\86\100\Tools\Binn\VSShell\Common7\IDE\;C:\Program Files (x86)\Microsoft Visual Studio 9.0\Common7\IDE\PrivateAssemblies\;D:\SQLServer\86\100\DTS\Binn\
USERNAME=TangYuan
OS=Windows_NT
PROCESSOR_IDENTIFIER=Intel64 Family 6 Model 94 Stepping 3, GenuineIntel



---------------  S Y S T E M  ---------------

OS: Windows 10.0 , 64 bit Build 10586 (10.0.10586.0)

CPU:total 8 (4 cores per cpu, 2 threads per core) family 6 model 94 stepping 3, cmov, cx8, fxsr, mmx, sse, sse2, sse3, ssse3, sse4.1, sse4.2, popcnt, avx, avx2, aes, clmul, erms, rtm, 3dnowpref, lzcnt, ht, tsc, tscinvbit, bmi1, bmi2, adx

Memory: 4k page, physical 8281884k(1450944k free), swap 8298268k(748004k free)

vm_info: Java HotSpot(TM) 64-Bit Server VM (25.101-b13) for windows-amd64 JRE (1.8.0_101-b13), built on Jun 22 2016 01:21:29 by "java_re" with MS VC++ 10.0 (VS2010)

time: Wed Oct 12 01:15:43 2016
elapsed time: 2 seconds (0d 0h 0m 2s)

