#
# There is insufficient memory for the Java Runtime Environment to continue.
# Native memory allocation (malloc) failed to allocate 611856 bytes for Chunk::new
# Possible reasons:
#   The system is out of physical RAM or swap space
#   In 32 bit mode, the process size limit was hit
# Possible solutions:
#   Reduce memory load on the system
#   Increase physical memory or swap space
#   Check if swap backing store is full
#   Use 64 bit Java on a 64 bit OS
#   Decrease Java heap size (-Xmx/-Xms)
#   Decrease number of Java threads
#   Decrease Java thread stack sizes (-Xss)
#   Set larger code cache with -XX:ReservedCodeCacheSize=
# This output file may be truncated or incomplete.
#
#  Out of Memory Error (allocation.cpp:390), pid=7756, tid=0x0000000000001930
#
# JRE version: Java(TM) SE Runtime Environment (8.0_101-b13) (build 1.8.0_101-b13)
# Java VM: Java HotSpot(TM) 64-Bit Server VM (25.101-b13 mixed mode windows-amd64 compressed oops)
# Failed to write core dump. Minidumps are not enabled by default on client versions of Windows
#

---------------  T H R E A D  ---------------

Current thread (0x0000000017103800):  JavaThread "C2 CompilerThread0" daemon [_thread_in_native, id=6448, stack(0x0000000017780000,0x0000000017880000)]

Stack: [0x0000000017780000,0x0000000017880000]
[error occurred during error reporting (printing stack bounds), id 0xc0000005]

Native frames: (J=compiled Java code, j=interpreted, Vv=VM code, C=native code)


Current CompileTask:
C2:   2288 1206       4       com.android.dx.ssa.SCCP::simulatePhi (169 bytes)


---------------  P R O C E S S  ---------------

Java Threads: ( => current thread )
  0x00000000172c2800 JavaThread "pool-1-thread-4" [_thread_blocked, id=4140, stack(0x0000000018180000,0x0000000018280000)]
  0x00000000172c1000 JavaThread "pool-1-thread-3" [_thread_in_Java, id=7612, stack(0x0000000018080000,0x0000000018180000)]
  0x000000001727b800 JavaThread "pool-1-thread-2" [_thread_blocked, id=7184, stack(0x0000000017f80000,0x0000000018080000)]
  0x000000001725b000 JavaThread "pool-2-thread-1" [_thread_blocked, id=2772, stack(0x0000000017e80000,0x0000000017f80000)]
  0x000000001725a000 JavaThread "pool-1-thread-1" [_thread_blocked, id=4128, stack(0x0000000017d80000,0x0000000017e80000)]
  0x000000001719d000 JavaThread "Service Thread" daemon [_thread_blocked, id=5620, stack(0x0000000017b80000,0x0000000017c80000)]
  0x0000000017110000 JavaThread "C1 CompilerThread3" daemon [_thread_blocked, id=7664, stack(0x0000000017a80000,0x0000000017b80000)]
  0x000000001710a000 JavaThread "C2 CompilerThread2" daemon [_thread_in_native, id=4324, stack(0x0000000017980000,0x0000000017a80000)]
  0x0000000017107000 JavaThread "C2 CompilerThread1" daemon [_thread_blocked, id=1524, stack(0x0000000017880000,0x0000000017980000)]
=>0x0000000017103800 JavaThread "C2 CompilerThread0" daemon [_thread_in_native, id=6448, stack(0x0000000017780000,0x0000000017880000)]
  0x0000000017101000 JavaThread "Attach Listener" daemon [_thread_blocked, id=7112, stack(0x0000000017680000,0x0000000017780000)]
  0x00000000170b7000 JavaThread "Signal Dispatcher" daemon [_thread_blocked, id=4356, stack(0x0000000017580000,0x0000000017680000)]
  0x0000000002698000 JavaThread "Finalizer" daemon [_thread_blocked, id=7464, stack(0x0000000017480000,0x0000000017580000)]
  0x00000000151bd000 JavaThread "Reference Handler" daemon [_thread_blocked, id=4688, stack(0x0000000016f80000,0x0000000017080000)]
  0x000000000259e000 JavaThread "main" [_thread_blocked, id=7872, stack(0x00000000023b0000,0x00000000024b0000)]

Other Threads:
  0x00000000151b8800 VMThread [stack: 0x0000000016e80000,0x0000000016f80000] [id=2892]
  0x00000000171bd800 WatcherThread [stack: 0x0000000017c80000,0x0000000017d80000] [id=6464]

VM state:not at safepoint (normal execution)

VM Mutex/Monitor currently owned by a thread:  ([mutex/lock_event])
[0x000000000259d540] Heap_lock - owner thread: 0x00000000172c2800

Heap:
 PSYoungGen      total 38400K, used 5852K [0x00000000eab00000, 0x00000000ed580000, 0x0000000100000000)
  eden space 33280K, 2% used [0x00000000eab00000,0x00000000eabba648,0x00000000ecb80000)
  from space 5120K, 99% used [0x00000000ecb80000,0x00000000ed07cad8,0x00000000ed080000)
  to   space 5120K, 0% used [0x00000000ed080000,0x00000000ed080000,0x00000000ed580000)
 ParOldGen       total 87552K, used 2009K [0x00000000c0000000, 0x00000000c5580000, 0x00000000eab00000)
  object space 87552K, 2% used [0x00000000c0000000,0x00000000c01f6610,0x00000000c5580000)
 Metaspace       used 5977K, capacity 6960K, committed 7040K, reserved 1056768K
  class space    used 594K, capacity 616K, committed 640K, reserved 1048576K

Card table byte_map: [0x0000000011a60000,0x0000000011c70000] byte_map_base: 0x0000000011460000

Marking Bits: (ParMarkBitMap*) 0x0000000056d8a6d0
 Begin Bits: [0x00000000125d0000, 0x00000000135d0000)
 End Bits:   [0x00000000135d0000, 0x00000000145d0000)

Polling page: 0x0000000001fc0000

CodeCache: size=245760Kb used=5103Kb max_used=5103Kb free=240656Kb
 bounds [0x00000000026a0000, 0x0000000002bb0000, 0x00000000116a0000]
 total_blobs=1545 nmethods=1280 adapters=178
 compilation: enabled

Compilation events (10 events):
Event: 2.260 Thread 0x0000000017110000 1286       2       com.android.dx.rop.type.Type::equals (31 bytes)
Event: 2.260 Thread 0x0000000017110000 nmethod 1286 0x0000000002b79a90 code [0x0000000002b79c00, 0x0000000002b79e28]
Event: 2.260 Thread 0x0000000017110000 1289       3       com.android.dx.ssa.SsaMethod::makeExitBlock (134 bytes)
Event: 2.261 Thread 0x0000000017110000 nmethod 1289 0x0000000002b9a8d0 code [0x0000000002b9ab60, 0x0000000002b9bb68]
Event: 2.261 Thread 0x0000000017110000 1283       3       com.android.dx.dex.code.RopTranslator$TranslationVisitor::visitPlainCstInsn (161 bytes)
Event: 2.263 Thread 0x0000000017110000 nmethod 1283 0x0000000002b9c490 code [0x0000000002b9c840, 0x0000000002b9ecf8]
Event: 2.264 Thread 0x0000000017110000 1287       3       com.android.dx.ssa.LocalVariableInfo::addAssignment (43 bytes)
Event: 2.264 Thread 0x0000000017110000 nmethod 1287 0x0000000002ba0950 code [0x0000000002ba0b20, 0x0000000002ba1118]
Event: 2.264 Thread 0x0000000017110000 1288       3       com.android.dx.ssa.SsaMethod::onInsnsChanged (16 bytes)
Event: 2.264 Thread 0x0000000017110000 nmethod 1288 0x0000000002b715d0 code [0x0000000002b71720, 0x0000000002b718b0]

GC Heap History (2 events):
Event: 2.230 GC heap before
{Heap before GC invocations=1 (full 0):
 PSYoungGen      total 38400K, used 33280K [0x00000000eab00000, 0x00000000ed580000, 0x0000000100000000)
  eden space 33280K, 100% used [0x00000000eab00000,0x00000000ecb80000,0x00000000ecb80000)
  from space 5120K, 0% used [0x00000000ed080000,0x00000000ed080000,0x00000000ed580000)
  to   space 5120K, 0% used [0x00000000ecb80000,0x00000000ecb80000,0x00000000ed080000)
 ParOldGen       total 87552K, used 0K [0x00000000c0000000, 0x00000000c5580000, 0x00000000eab00000)
  object space 87552K, 0% used [0x00000000c0000000,0x00000000c0000000,0x00000000c5580000)
 Metaspace       used 5968K, capacity 6960K, committed 7040K, reserved 1056768K
  class space    used 594K, capacity 616K, committed 640K, reserved 1048576K
Event: 2.250 GC heap after
Heap after GC invocations=1 (full 0):
 PSYoungGen      total 38400K, used 5106K [0x00000000eab00000, 0x00000000ed580000, 0x0000000100000000)
  eden space 33280K, 0% used [0x00000000eab00000,0x00000000eab00000,0x00000000ecb80000)
  from space 5120K, 99% used [0x00000000ecb80000,0x00000000ed07cad8,0x00000000ed080000)
  to   space 5120K, 0% used [0x00000000ed080000,0x00000000ed080000,0x00000000ed580000)
 ParOldGen       total 87552K, used 2009K [0x00000000c0000000, 0x00000000c5580000, 0x00000000eab00000)
  object space 87552K, 2% used [0x00000000c0000000,0x00000000c01f6610,0x00000000c5580000)
 Metaspace       used 5968K, capacity 6960K, committed 7040K, reserved 1056768K
  class space    used 594K, capacity 616K, committed 640K, reserved 1048576K
}

Deoptimization events (9 events):
Event: 1.611 Thread 0x000000001727b800 Uncommon trap: reason=unstable_if action=reinterpret pc=0x00000000028c2a80 method=java.util.HashMap.getNode(ILjava/lang/Object;)Ljava/util/HashMap$Node; @ 62
Event: 1.727 Thread 0x000000000259e000 Uncommon trap: reason=unstable_if action=reinterpret pc=0x000000000297d354 method=java.util.HashMap.getNode(ILjava/lang/Object;)Ljava/util/HashMap$Node; @ 129
Event: 1.798 Thread 0x000000000259e000 Uncommon trap: reason=unstable_if action=reinterpret pc=0x000000000294e8f4 method=java.util.BitSet.ensureCapacity(I)V @ 6
Event: 1.798 Thread 0x000000000259e000 Uncommon trap: reason=unstable_if action=reinterpret pc=0x00000000028ca230 method=java.util.BitSet.nextSetBit(I)I @ 87
Event: 2.070 Thread 0x00000000172c2800 Uncommon trap: reason=unstable_if action=reinterpret pc=0x000000000295275c method=java.util.HashMap.getNode(ILjava/lang/Object;)Ljava/util/HashMap$Node; @ 129
Event: 2.079 Thread 0x00000000172c2800 Uncommon trap: reason=unstable_if action=reinterpret pc=0x00000000029d741c method=com.android.dx.rop.cst.Constant.compareTo(Lcom/android/dx/rop/cst/Constant;)I @ 12
Event: 2.205 Thread 0x00000000172c2800 Uncommon trap: reason=bimorphic action=maybe_recompile pc=0x0000000002a57a68 method=java.util.HashMap.getNode(ILjava/lang/Object;)Ljava/util/HashMap$Node; @ 126
Event: 2.205 Thread 0x00000000172c2800 Uncommon trap: reason=class_check action=maybe_recompile pc=0x0000000002adc02c method=java.util.HashMap.putVal(ILjava/lang/Object;Ljava/lang/Object;ZZ)Ljava/lang/Object; @ 203
Event: 2.258 Thread 0x00000000172c1000 Uncommon trap: reason=null_check action=make_not_entrant pc=0x0000000002a8f7e8 method=com.android.dx.rop.type.Type.equals(Ljava/lang/Object;)Z @ 8

Internal exceptions (3 events):
Event: 0.150 Thread 0x000000000259e000 Exception <a 'java/lang/NoSuchMethodError': Method sun.misc.Unsafe.defineClass(Ljava/lang/String;[BII)Ljava/lang/Class; name or signature does not match> (0x00000000eab07cc0) thrown at [C:\re\workspace\8-2-build-windows-amd64-cygwin\jdk8u101\7261\hotspot\sŽš´]@Ã?
Event: 0.150 Thread 0x000000000259e000 Exception <a 'java/lang/NoSuchMethodError': Method sun.misc.Unsafe.prefetchRead(Ljava/lang/Object;J)V name or signature does not match> (0x00000000eab07fa8) thrown at [C:\re\workspace\8-2-build-windows-amd64-cygwin\jdk8u101\7261\hotspot\src\share\vm\prims\2Ž_ZL@
Event: 2.258 Thread 0x00000000172c1000 Implicit null exception at 0x0000000002a8f6e2 to 0x0000000002a8f7da

Events (10 events):
Event: 2.205 Thread 0x00000000172c2800 DEOPT PACKING pc=0x0000000002a57a68 sp=0x000000001827edf0
Event: 2.205 Thread 0x00000000172c2800 DEOPT UNPACKING pc=0x00000000026e582a sp=0x000000001827ed70 mode 2
Event: 2.205 Thread 0x00000000172c2800 Uncommon trap: trap_request=0xffffffde fr.pc=0x0000000002adc02c
Event: 2.205 Thread 0x00000000172c2800 DEOPT PACKING pc=0x0000000002adc02c sp=0x000000001827ee10
Event: 2.205 Thread 0x00000000172c2800 DEOPT UNPACKING pc=0x00000000026e582a sp=0x000000001827ed38 mode 2
Event: 2.228 Executing VM operation: ParallelGCFailedAllocation
Event: 2.250 Executing VM operation: ParallelGCFailedAllocation done
Event: 2.258 Thread 0x00000000172c1000 Uncommon trap: trap_request=0xfffffff4 fr.pc=0x0000000002a8f7e8
Event: 2.258 Thread 0x00000000172c1000 DEOPT PACKING pc=0x0000000002a8f7e8 sp=0x000000001817ea00
Event: 2.258 Thread 0x00000000172c1000 DEOPT UNPACKING pc=0x00000000026e582a sp=0x000000001817e988 mode 2


Dynamic libraries:
0x00007ff7c11d0000 - 0x00007ff7c1207000 	C:\Program Files\Java\jdk1.8.0_101\bin\java.exe
0x00007ffa00cd0000 - 0x00007ffa00e91000 	C:\WINDOWS\SYSTEM32\ntdll.dll
0x00007ffa00c20000 - 0x00007ffa00ccd000 	C:\WINDOWS\system32\KERNEL32.DLL
0x00007ff9fd380000 - 0x00007ff9fd568000 	C:\WINDOWS\system32\KERNELBASE.dll
0x00007ff9fe9c0000 - 0x00007ff9fea67000 	C:\WINDOWS\system32\ADVAPI32.dll
0x00007ff9fe150000 - 0x00007ff9fe1ed000 	C:\WINDOWS\system32\msvcrt.dll
0x00007ffa006d0000 - 0x00007ffa0072b000 	C:\WINDOWS\system32\sechost.dll
0x00007ff9fe1f0000 - 0x00007ff9fe30c000 	C:\WINDOWS\system32\RPCRT4.dll
0x00007ffa00880000 - 0x00007ffa009d6000 	C:\WINDOWS\system32\USER32.dll
0x00007ff9feae0000 - 0x00007ff9fec66000 	C:\WINDOWS\system32\GDI32.dll
0x00007ff9f70b0000 - 0x00007ff9f7324000 	C:\WINDOWS\WinSxS\amd64_microsoft.windows.common-controls_6595b64144ccf1df_6.0.10586.0_none_8c15ae12515e1c22\COMCTL32.dll
0x00007ff9fe740000 - 0x00007ff9fe9bd000 	C:\WINDOWS\system32\combase.dll
0x00007ff9fde00000 - 0x00007ff9fde6a000 	C:\WINDOWS\system32\bcryptPrimitives.dll
0x00007ffa00b80000 - 0x00007ffa00bbb000 	C:\WINDOWS\system32\IMM32.DLL
0x0000000056000000 - 0x00000000560d2000 	C:\Program Files\Java\jdk1.8.0_101\jre\bin\msvcr100.dll
0x0000000056570000 - 0x0000000056e0a000 	C:\Program Files\Java\jdk1.8.0_101\jre\bin\server\jvm.dll
0x00007ffa00a40000 - 0x00007ffa00a48000 	C:\WINDOWS\system32\PSAPI.DLL
0x00007ff9fa150000 - 0x00007ff9fa159000 	C:\WINDOWS\SYSTEM32\WSOCK32.dll
0x00007ff9fe0e0000 - 0x00007ff9fe14b000 	C:\WINDOWS\system32\WS2_32.dll
0x00007ff9fb210000 - 0x00007ff9fb233000 	C:\WINDOWS\SYSTEM32\WINMM.dll
0x00007ff9f7330000 - 0x00007ff9f733a000 	C:\WINDOWS\SYSTEM32\VERSION.dll
0x00007ff9fb1e0000 - 0x00007ff9fb20c000 	C:\WINDOWS\SYSTEM32\WINMMBASE.dll
0x00007ff9fdc40000 - 0x00007ff9fdc83000 	C:\WINDOWS\system32\cfgmgr32.dll
0x0000000056480000 - 0x000000005648f000 	C:\Program Files\Java\jdk1.8.0_101\jre\bin\verify.dll
0x0000000056450000 - 0x0000000056479000 	C:\Program Files\Java\jdk1.8.0_101\jre\bin\java.dll
0x0000000056430000 - 0x0000000056446000 	C:\Program Files\Java\jdk1.8.0_101\jre\bin\zip.dll
0x00007ff9fec70000 - 0x00007ffa001cc000 	C:\WINDOWS\system32\SHELL32.dll
0x00007ff9fd590000 - 0x00007ff9fdbd5000 	C:\WINDOWS\system32\windows.storage.dll
0x00007ffa002a0000 - 0x00007ffa002f2000 	C:\WINDOWS\system32\shlwapi.dll
0x00007ff9fd370000 - 0x00007ff9fd37f000 	C:\WINDOWS\system32\kernel.appcore.dll
0x00007ff9fdd40000 - 0x00007ff9fddf5000 	C:\WINDOWS\system32\shcore.dll
0x00007ff9fd310000 - 0x00007ff9fd35b000 	C:\WINDOWS\system32\powrprof.dll
0x00007ff9fd2f0000 - 0x00007ff9fd304000 	C:\WINDOWS\system32\profapi.dll

VM Arguments:
jvm_args: -Djava.awt.headless=true -Xmx1024M -Dfile.encoding=GBK -Duser.country=CN -Duser.language=zh -Duser.variant 
java_command: com.android.dx.command.Main --dex --num-threads=4 --output D:\Android\Code\AndroidCode\Activity\app\build\intermediates\pre-dexed\debug\com.android.support-support-core-utils-24.2.1_a48b4c982b37bac1ae2294c80cba92f011b64aea.jar D:\Android\Code\AndroidCode\Activity\app\build\intermediates\exploded-aar\com.android.support\support-core-utils\24.2.1\jars\classes.jar
java_class_path (initial): D:\Android\SDK\build-tools\24.0.2\lib\dx.jar
Launcher Type: SUN_STANDARD

Environment Variables:
JAVA_HOME=C:\Program Files\Java\jdk1.8.0_101
JRE_HOME=C:\Program Files\Java\jre1.8.0_101
PATH=C:\ProgramData\Oracle\Java\javapath;C:\Program Files (x86)\Intel\iCLS Client\;C:\Program Files\Intel\iCLS Client\;C:\Windows\system32;C:\Windows;C:\Windows\System32\Wbem;C:\Windows\System32\WindowsPowerShell\v1.0\;C:\Program Files (x86)\NVIDIA Corporation\PhysX\Common;C:\Program Files (x86)\Intel\Intel(R) Management Engine Components\DAL;C:\Program Files\Intel\Intel(R) Management Engine Components\DAL;C:\Program Files (x86)\Intel\Intel(R) Management Engine Components\IPT;C:\Program Files\Intel\Intel(R) Management Engine Components\IPT;C:\WINDOWS\system32;C:\WINDOWS;C:\WINDOWS\System32\Wbem;C:\WINDOWS\System32\WindowsPowerShell\v1.0\;D:\Git\cmd;C:\Program Files\Java\jdk1.8.0_101\bin;D:\SQLServer\86\100\Tools\Binn\;D:\SQLServer\100\Tools\Binn\;D:\SQLServer\100\DTS\Binn\;D:\SQLServer\86\100\Tools\Binn\VSShell\Common7\IDE\;C:\Program Files (x86)\Microsoft Visual Studio 9.0\Common7\IDE\PrivateAssemblies\;D:\SQLServer\86\100\DTS\Binn\
USERNAME=TangYuan
OS=Windows_NT
PROCESSOR_IDENTIFIER=Intel64 Family 6 Model 94 Stepping 3, GenuineIntel



---------------  S Y S T E M  ---------------

OS: Windows 10.0 , 64 bit Build 10586 (10.0.10586.0)

CPU:total 8 (4 cores per cpu, 2 threads per core) family 6 model 94 stepping 3, cmov, cx8, fxsr, mmx, sse, sse2, sse3, ssse3, sse4.1, sse4.2, popcnt, avx, avx2, aes, clmul, erms, rtm, 3dnowpref, lzcnt, ht, tsc, tscinvbit, bmi1, bmi2, adx

Memory: 4k page, physical 8281884k(1037164k free), swap 8298268k(5172k free)

vm_info: Java HotSpot(TM) 64-Bit Server VM (25.101-b13) for windows-amd64 JRE (1.8.0_101-b13), built on Jun 22 2016 01:21:29 by "java_re" with MS VC++ 10.0 (VS2010)

time: Wed Oct 12 01:28:15 2016
elapsed time: 2 seconds (0d 0h 0m 2s)

