#
# There is insufficient memory for the Java Runtime Environment to continue.
# Native memory allocation (malloc) failed to allocate 624256 bytes for Chunk::new
# Possible reasons:
#   The system is out of physical RAM or swap space
#   In 32 bit mode, the process size limit was hit
# Possible solutions:
#   Reduce memory load on the system
#   Increase physical memory or swap space
#   Check if swap backing store is full
#   Use 64 bit Java on a 64 bit OS
#   Decrease Java heap size (-Xmx/-Xms)
#   Decrease number of Java threads
#   Decrease Java thread stack sizes (-Xss)
#   Set larger code cache with -XX:ReservedCodeCacheSize=
# This output file may be truncated or incomplete.
#
#  Out of Memory Error (allocation.cpp:390), pid=5124, tid=0x000000000000091c
#
# JRE version: Java(TM) SE Runtime Environment (8.0_101-b13) (build 1.8.0_101-b13)
# Java VM: Java HotSpot(TM) 64-Bit Server VM (25.101-b13 mixed mode windows-amd64 compressed oops)
# Failed to write core dump. Minidumps are not enabled by default on client versions of Windows
#

---------------  T H R E A D  ---------------

Current thread (0x0000000017142800):  JavaThread "C2 CompilerThread2" daemon [_thread_in_native, id=2332, stack(0x00000000179d0000,0x0000000017ad0000)]

Stack: [0x00000000179d0000,0x0000000017ad0000]
[error occurred during error reporting (printing stack bounds), id 0xc0000005]

Native frames: (J=compiled Java code, j=interpreted, Vv=VM code, C=native code)


Current CompileTask:
C2:   3241 1474       4       com.android.dx.ssa.SCCP::simulateBlock (54 bytes)


---------------  P R O C E S S  ---------------

Java Threads: ( => current thread )
  0x00000000173ee000 JavaThread "pool-1-thread-4" [_thread_blocked, id=6192, stack(0x00000000189d0000,0x0000000018ad0000)]
  0x00000000173ec800 JavaThread "pool-1-thread-3" [_thread_in_Java, id=7116, stack(0x00000000188d0000,0x00000000189d0000)]
  0x0000000017364800 JavaThread "pool-1-thread-2" [_thread_blocked, id=4436, stack(0x00000000187d0000,0x00000000188d0000)]
  0x0000000017412800 JavaThread "pool-2-thread-1" [_thread_blocked, id=7944, stack(0x00000000186d0000,0x00000000187d0000)]
  0x00000000173da800 JavaThread "pool-1-thread-1" [_thread_blocked, id=5972, stack(0x00000000185d0000,0x00000000186d0000)]
  0x000000001714d800 JavaThread "Service Thread" daemon [_thread_blocked, id=3988, stack(0x0000000017bd0000,0x0000000017cd0000)]
  0x0000000017149800 JavaThread "C1 CompilerThread3" daemon [_thread_in_native, id=4460, stack(0x0000000017ad0000,0x0000000017bd0000)]
=>0x0000000017142800 JavaThread "C2 CompilerThread2" daemon [_thread_in_native, id=2332, stack(0x00000000179d0000,0x0000000017ad0000)]
  0x00000000170e9000 JavaThread "C2 CompilerThread1" daemon [_thread_in_native, id=3460, stack(0x00000000178d0000,0x00000000179d0000)]
  0x000000001519b000 JavaThread "C2 CompilerThread0" daemon [_thread_in_native, id=5444, stack(0x00000000177d0000,0x00000000178d0000)]
  0x0000000015199000 JavaThread "Attach Listener" daemon [_thread_blocked, id=1980, stack(0x00000000176d0000,0x00000000177d0000)]
  0x000000001709b800 JavaThread "Signal Dispatcher" daemon [_thread_blocked, id=4672, stack(0x00000000175d0000,0x00000000176d0000)]
  0x0000000017080800 JavaThread "Finalizer" daemon [_thread_blocked, id=3316, stack(0x0000000017460000,0x0000000017560000)]
  0x0000000002666000 JavaThread "Reference Handler" daemon [_thread_blocked, id=3016, stack(0x0000000016f60000,0x0000000017060000)]
  0x000000000246e000 JavaThread "main" [_thread_in_Java, id=6208, stack(0x0000000002470000,0x0000000002570000)]

Other Threads:
  0x0000000015189800 VMThread [stack: 0x0000000016e60000,0x0000000016f60000] [id=2040]
  0x00000000171b2800 WatcherThread [stack: 0x0000000017cd0000,0x0000000017dd0000] [id=6216]

VM state:not at safepoint (normal execution)

VM Mutex/Monitor currently owned by a thread: None

Heap:
 PSYoungGen      total 38400K, used 33885K [0x00000000eab00000, 0x00000000ed580000, 0x0000000100000000)
  eden space 33280K, 86% used [0x00000000eab00000,0x00000000ec719458,0x00000000ecb80000)
  from space 5120K, 99% used [0x00000000ecb80000,0x00000000ed07e098,0x00000000ed080000)
  to   space 5120K, 0% used [0x00000000ed080000,0x00000000ed080000,0x00000000ed580000)
 ParOldGen       total 87552K, used 1084K [0x00000000c0000000, 0x00000000c5580000, 0x00000000eab00000)
  object space 87552K, 1% used [0x00000000c0000000,0x00000000c010f018,0x00000000c5580000)
 Metaspace       used 6076K, capacity 7024K, committed 7296K, reserved 1056768K
  class space    used 594K, capacity 616K, committed 640K, reserved 1048576K

Card table byte_map: [0x0000000011a30000,0x0000000011c40000] byte_map_base: 0x0000000011430000

Marking Bits: (ParMarkBitMap*) 0x0000000056d8a6d0
 Begin Bits: [0x00000000125a0000, 0x00000000135a0000)
 End Bits:   [0x00000000135a0000, 0x00000000145a0000)

Polling page: 0x0000000001fc0000

CodeCache: size=245760Kb used=6589Kb max_used=6589Kb free=239170Kb
 bounds [0x0000000002670000, 0x0000000002cf0000, 0x0000000011670000]
 total_blobs=1790 nmethods=1525 adapters=178
 compilation: enabled

Compilation events (10 events):
Event: 3.006 Thread 0x0000000017149800 1501       3       com.android.dx.cf.code.OneLocalsArray::merge (22 bytes)
Event: 3.006 Thread 0x0000000017149800 nmethod 1501 0x0000000002cb5310 code [0x0000000002cb54e0, 0x0000000002cb5c18]
Event: 3.006 Thread 0x0000000017149800 1502   !   3       com.android.dx.cf.code.OneLocalsArray::merge (31 bytes)
Event: 3.006 Thread 0x0000000017149800 nmethod 1502 0x0000000002cb4c10 code [0x0000000002cb4dc0, 0x0000000002cb5188]
Event: 3.006 Thread 0x0000000017149800 1503       3       com.android.dx.dex.file.CodeItem::<init> (81 bytes)
Event: 3.007 Thread 0x0000000017149800 nmethod 1503 0x0000000002cb4390 code [0x0000000002cb4540, 0x0000000002cb4a38]
Event: 3.007 Thread 0x0000000017149800 1506       3       com.android.dx.rop.code.LocalVariableExtractor::<init> (59 bytes)
Event: 3.007 Thread 0x0000000017149800 nmethod 1506 0x0000000002cb3990 code [0x0000000002cb3b40, 0x0000000002cb4148]
Event: 3.007 Thread 0x0000000017149800 1500       3       com.android.dx.cf.code.Ropper::addSynchExceptionHandlerBlock (206 bytes)
Event: 3.010 Thread 0x0000000017149800 nmethod 1500 0x0000000002cbe8d0 code [0x0000000002cbee80, 0x0000000002cc2bf8]

GC Heap History (2 events):
Event: 1.771 GC heap before
{Heap before GC invocations=1 (full 0):
 PSYoungGen      total 38400K, used 33280K [0x00000000eab00000, 0x00000000ed580000, 0x0000000100000000)
  eden space 33280K, 100% used [0x00000000eab00000,0x00000000ecb80000,0x00000000ecb80000)
  from space 5120K, 0% used [0x00000000ed080000,0x00000000ed080000,0x00000000ed580000)
  to   space 5120K, 0% used [0x00000000ecb80000,0x00000000ecb80000,0x00000000ed080000)
 ParOldGen       total 87552K, used 0K [0x00000000c0000000, 0x00000000c5580000, 0x00000000eab00000)
  object space 87552K, 0% used [0x00000000c0000000,0x00000000c0000000,0x00000000c5580000)
 Metaspace       used 5955K, capacity 6960K, committed 7040K, reserved 1056768K
  class space    used 592K, capacity 616K, committed 640K, reserved 1048576K
Event: 1.861 GC heap after
Heap after GC invocations=1 (full 0):
 PSYoungGen      total 38400K, used 5112K [0x00000000eab00000, 0x00000000ed580000, 0x0000000100000000)
  eden space 33280K, 0% used [0x00000000eab00000,0x00000000eab00000,0x00000000ecb80000)
  from space 5120K, 99% used [0x00000000ecb80000,0x00000000ed07e098,0x00000000ed080000)
  to   space 5120K, 0% used [0x00000000ed080000,0x00000000ed080000,0x00000000ed580000)
 ParOldGen       total 87552K, used 1084K [0x00000000c0000000, 0x00000000c5580000, 0x00000000eab00000)
  object space 87552K, 1% used [0x00000000c0000000,0x00000000c010f018,0x00000000c5580000)
 Metaspace       used 5955K, capacity 6960K, committed 7040K, reserved 1056768K
  class space    used 592K, capacity 616K, committed 640K, reserved 1048576K
}

Deoptimization events (10 events):
Event: 2.932 Thread 0x00000000173ee000 Uncommon trap: reason=bimorphic action=maybe_recompile pc=0x0000000002ba7850 method=com.android.dx.cf.code.BytecodeArray.parseInstruction(ILcom/android/dx/cf/code/BytecodeArray$Visitor;)I @ 1130
Event: 2.932 Thread 0x00000000173ee000 Uncommon trap: reason=bimorphic action=maybe_recompile pc=0x0000000002ba7850 method=com.android.dx.cf.code.BytecodeArray.parseInstruction(ILcom/android/dx/cf/code/BytecodeArray$Visitor;)I @ 1130
Event: 2.933 Thread 0x00000000173ee000 Uncommon trap: reason=unstable_if action=reinterpret pc=0x000000000299dbdc method=com.android.dx.rop.cst.Constant.compareTo(Lcom/android/dx/rop/cst/Constant;)I @ 12
Event: 2.984 Thread 0x000000000246e000 Uncommon trap: reason=unloaded action=reinterpret pc=0x0000000002c21f54 method=com.android.dx.cf.cst.ConstantPoolParser.parse0(ILjava/util/BitSet;)Lcom/android/dx/rop/cst/Constant; @ 198
Event: 2.995 Thread 0x0000000017364800 Uncommon trap: reason=unstable_if action=reinterpret pc=0x0000000002b0beb8 method=com.android.dx.cf.code.Ropper.labelToResultIndex(I)I @ 34
Event: 2.995 Thread 0x0000000017364800 Uncommon trap: reason=unstable_if action=reinterpret pc=0x0000000002c4d0cc method=com.android.dx.ssa.LocalVariableExtractor.processBlock(I)V @ 77
Event: 2.996 Thread 0x0000000017364800 Uncommon trap: reason=unstable_if action=reinterpret pc=0x0000000002b3e4f4 method=com.android.dx.util.LabeledList.set(ILcom/android/dx/util/LabeledItem;)V @ 16
Event: 3.008 Thread 0x0000000017364800 Uncommon trap: reason=class_check action=maybe_recompile pc=0x0000000002a740e8 method=java.util.HashMap.putVal(ILjava/lang/Object;Ljava/lang/Object;ZZ)Ljava/lang/Object; @ 203
Event: 3.008 Thread 0x0000000017364800 Uncommon trap: reason=bimorphic action=maybe_recompile pc=0x0000000002bba2f8 method=java.util.HashMap.getNode(ILjava/lang/Object;)Ljava/util/HashMap$Node; @ 126
Event: 3.008 Thread 0x0000000017364800 Uncommon trap: reason=bimorphic action=maybe_recompile pc=0x0000000002bba2f8 method=java.util.HashMap.getNode(ILjava/lang/Object;)Ljava/util/HashMap$Node; @ 126

Internal exceptions (4 events):
Event: 0.190 Thread 0x000000000246e000 Exception <a 'java/lang/NoSuchMethodError': Method sun.misc.Unsafe.defineClass(Ljava/lang/String;[BII)Ljava/lang/Class; name or signature does not match> (0x00000000eab07cc0) thrown at [C:\re\workspace\8-2-build-windows-amd64-cygwin\jdk8u101\7261\hotspot\sT—8µOÈ?
Event: 0.190 Thread 0x000000000246e000 Exception <a 'java/lang/NoSuchMethodError': Method sun.misc.Unsafe.prefetchRead(Ljava/lang/Object;J)V name or signature does not match> (0x00000000eab07fa8) thrown at [C:\re\workspace\8-2-build-windows-amd64-cygwin\jdk8u101\7261\hotspot\src\share\vm\prims\^žõuQ·û?
Event: 1.732 Thread 0x00000000173ee000 Implicit null exception at 0x0000000002b0b2e2 to 0x0000000002b0b3da
Event: 2.799 Thread 0x00000000173da800 Implicit null exception at 0x0000000002981de4 to 0x000000000298406d

Events (10 events):
Event: 2.996 Thread 0x0000000017364800 DEOPT UNPACKING pc=0x00000000026b582a sp=0x00000000188ce928 mode 2
Event: 3.008 Thread 0x0000000017364800 Uncommon trap: trap_request=0xffffffde fr.pc=0x0000000002a740e8
Event: 3.008 Thread 0x0000000017364800 DEOPT PACKING pc=0x0000000002a740e8 sp=0x00000000188ceb10
Event: 3.008 Thread 0x0000000017364800 DEOPT UNPACKING pc=0x00000000026b582a sp=0x00000000188cea38 mode 2
Event: 3.008 Thread 0x0000000017364800 Uncommon trap: trap_request=0xffffffc6 fr.pc=0x0000000002bba2f8
Event: 3.008 Thread 0x0000000017364800 DEOPT PACKING pc=0x0000000002bba2f8 sp=0x00000000188ce9d0
Event: 3.008 Thread 0x0000000017364800 DEOPT UNPACKING pc=0x00000000026b582a sp=0x00000000188ce950 mode 2
Event: 3.008 Thread 0x0000000017364800 Uncommon trap: trap_request=0xffffffc6 fr.pc=0x0000000002bba2f8
Event: 3.008 Thread 0x0000000017364800 DEOPT PACKING pc=0x0000000002bba2f8 sp=0x00000000188ce9d0
Event: 3.008 Thread 0x0000000017364800 DEOPT UNPACKING pc=0x00000000026b582a sp=0x00000000188ce950 mode 2


Dynamic libraries:
0x00007ff7c11d0000 - 0x00007ff7c1207000 	C:\Program Files\Java\jdk1.8.0_101\bin\java.exe
0x00007ffa00cd0000 - 0x00007ffa00e91000 	C:\WINDOWS\SYSTEM32\ntdll.dll
0x00007ffa00c20000 - 0x00007ffa00ccd000 	C:\WINDOWS\system32\KERNEL32.DLL
0x00007ff9fd380000 - 0x00007ff9fd568000 	C:\WINDOWS\system32\KERNELBASE.dll
0x00007ff9fe9c0000 - 0x00007ff9fea67000 	C:\WINDOWS\system32\ADVAPI32.dll
0x00007ff9fe150000 - 0x00007ff9fe1ed000 	C:\WINDOWS\system32\msvcrt.dll
0x00007ffa006d0000 - 0x00007ffa0072b000 	C:\WINDOWS\system32\sechost.dll
0x00007ff9fe1f0000 - 0x00007ff9fe30c000 	C:\WINDOWS\system32\RPCRT4.dll
0x00007ffa00880000 - 0x00007ffa009d6000 	C:\WINDOWS\system32\USER32.dll
0x00007ff9feae0000 - 0x00007ff9fec66000 	C:\WINDOWS\system32\GDI32.dll
0x00007ff9f70b0000 - 0x00007ff9f7324000 	C:\WINDOWS\WinSxS\amd64_microsoft.windows.common-controls_6595b64144ccf1df_6.0.10586.0_none_8c15ae12515e1c22\COMCTL32.dll
0x00007ff9fe740000 - 0x00007ff9fe9bd000 	C:\WINDOWS\system32\combase.dll
0x00007ff9fde00000 - 0x00007ff9fde6a000 	C:\WINDOWS\system32\bcryptPrimitives.dll
0x00007ffa00b80000 - 0x00007ffa00bbb000 	C:\WINDOWS\system32\IMM32.DLL
0x0000000056000000 - 0x00000000560d2000 	C:\Program Files\Java\jdk1.8.0_101\jre\bin\msvcr100.dll
0x0000000056570000 - 0x0000000056e0a000 	C:\Program Files\Java\jdk1.8.0_101\jre\bin\server\jvm.dll
0x00007ffa00a40000 - 0x00007ffa00a48000 	C:\WINDOWS\system32\PSAPI.DLL
0x00007ff9fa150000 - 0x00007ff9fa159000 	C:\WINDOWS\SYSTEM32\WSOCK32.dll
0x00007ff9fb210000 - 0x00007ff9fb233000 	C:\WINDOWS\SYSTEM32\WINMM.dll
0x00007ff9fe0e0000 - 0x00007ff9fe14b000 	C:\WINDOWS\system32\WS2_32.dll
0x00007ff9f7330000 - 0x00007ff9f733a000 	C:\WINDOWS\SYSTEM32\VERSION.dll
0x00007ff9fb1e0000 - 0x00007ff9fb20c000 	C:\WINDOWS\SYSTEM32\WINMMBASE.dll
0x00007ff9fdc40000 - 0x00007ff9fdc83000 	C:\WINDOWS\system32\cfgmgr32.dll
0x0000000056480000 - 0x000000005648f000 	C:\Program Files\Java\jdk1.8.0_101\jre\bin\verify.dll
0x0000000056450000 - 0x0000000056479000 	C:\Program Files\Java\jdk1.8.0_101\jre\bin\java.dll
0x0000000056430000 - 0x0000000056446000 	C:\Program Files\Java\jdk1.8.0_101\jre\bin\zip.dll
0x00007ff9fec70000 - 0x00007ffa001cc000 	C:\WINDOWS\system32\SHELL32.dll
0x00007ff9fd590000 - 0x00007ff9fdbd5000 	C:\WINDOWS\system32\windows.storage.dll
0x00007ffa002a0000 - 0x00007ffa002f2000 	C:\WINDOWS\system32\shlwapi.dll
0x00007ff9fd370000 - 0x00007ff9fd37f000 	C:\WINDOWS\system32\kernel.appcore.dll
0x00007ff9fdd40000 - 0x00007ff9fddf5000 	C:\WINDOWS\system32\shcore.dll
0x00007ff9fd310000 - 0x00007ff9fd35b000 	C:\WINDOWS\system32\powrprof.dll
0x00007ff9fd2f0000 - 0x00007ff9fd304000 	C:\WINDOWS\system32\profapi.dll

VM Arguments:
jvm_args: -Djava.awt.headless=true -Xmx1024M -Dfile.encoding=GBK -Duser.country=CN -Duser.language=zh -Duser.variant 
java_command: com.android.dx.command.Main --dex --num-threads=4 --output D:\Android\Code\AndroidCode\Activity\app\build\intermediates\pre-dexed\debug\com.android.support-design-24.2.1_8bcf6dee84d969173344ba28649ec210dd8c817c.jar D:\Android\Code\AndroidCode\Activity\app\build\intermediates\exploded-aar\com.android.support\design\24.2.1\jars\classes.jar
java_class_path (initial): D:\Android\SDK\build-tools\24.0.2\lib\dx.jar
Launcher Type: SUN_STANDARD

Environment Variables:
JAVA_HOME=C:\Program Files\Java\jdk1.8.0_101
JRE_HOME=C:\Program Files\Java\jre1.8.0_101
PATH=C:\ProgramData\Oracle\Java\javapath;C:\Program Files (x86)\Intel\iCLS Client\;C:\Program Files\Intel\iCLS Client\;C:\Windows\system32;C:\Windows;C:\Windows\System32\Wbem;C:\Windows\System32\WindowsPowerShell\v1.0\;C:\Program Files (x86)\NVIDIA Corporation\PhysX\Common;C:\Program Files (x86)\Intel\Intel(R) Management Engine Components\DAL;C:\Program Files\Intel\Intel(R) Management Engine Components\DAL;C:\Program Files (x86)\Intel\Intel(R) Management Engine Components\IPT;C:\Program Files\Intel\Intel(R) Management Engine Components\IPT;C:\WINDOWS\system32;C:\WINDOWS;C:\WINDOWS\System32\Wbem;C:\WINDOWS\System32\WindowsPowerShell\v1.0\;D:\Git\cmd;C:\Program Files\Java\jdk1.8.0_101\bin;D:\SQLServer\86\100\Tools\Binn\;D:\SQLServer\100\Tools\Binn\;D:\SQLServer\100\DTS\Binn\;D:\SQLServer\86\100\Tools\Binn\VSShell\Common7\IDE\;C:\Program Files (x86)\Microsoft Visual Studio 9.0\Common7\IDE\PrivateAssemblies\;D:\SQLServer\86\100\DTS\Binn\
USERNAME=TangYuan
OS=Windows_NT
PROCESSOR_IDENTIFIER=Intel64 Family 6 Model 94 Stepping 3, GenuineIntel



---------------  S Y S T E M  ---------------

OS: Windows 10.0 , 64 bit Build 10586 (10.0.10586.0)

CPU:total 8 (4 cores per cpu, 2 threads per core) family 6 model 94 stepping 3, cmov, cx8, fxsr, mmx, sse, sse2, sse3, ssse3, sse4.1, sse4.2, popcnt, avx, avx2, aes, clmul, erms, rtm, 3dnowpref, lzcnt, ht, tsc, tscinvbit, bmi1, bmi2, adx

Memory: 4k page, physical 8281884k(1075904k free), swap 8298268k(138136k free)

vm_info: Java HotSpot(TM) 64-Bit Server VM (25.101-b13) for windows-amd64 JRE (1.8.0_101-b13), built on Jun 22 2016 01:21:29 by "java_re" with MS VC++ 10.0 (VS2010)

time: Wed Oct 12 01:28:16 2016
elapsed time: 3 seconds (0d 0h 0m 3s)

