#
# There is insufficient memory for the Java Runtime Environment to continue.
# Native memory allocation (malloc) failed to allocate 983136 bytes for Chunk::new
# Possible reasons:
#   The system is out of physical RAM or swap space
#   In 32 bit mode, the process size limit was hit
# Possible solutions:
#   Reduce memory load on the system
#   Increase physical memory or swap space
#   Check if swap backing store is full
#   Use 64 bit Java on a 64 bit OS
#   Decrease Java heap size (-Xmx/-Xms)
#   Decrease number of Java threads
#   Decrease Java thread stack sizes (-Xss)
#   Set larger code cache with -XX:ReservedCodeCacheSize=
# This output file may be truncated or incomplete.
#
#  Out of Memory Error (allocation.cpp:390), pid=6424, tid=0x0000000000001740
#
# JRE version: Java(TM) SE Runtime Environment (8.0_101-b13) (build 1.8.0_101-b13)
# Java VM: Java HotSpot(TM) 64-Bit Server VM (25.101-b13 mixed mode windows-amd64 compressed oops)
# Failed to write core dump. Minidumps are not enabled by default on client versions of Windows
#

---------------  T H R E A D  ---------------

Current thread (0x00000000151ea800):  JavaThread "C2 CompilerThread0" daemon [_thread_in_native, id=5952, stack(0x0000000017810000,0x0000000017910000)]

Stack: [0x0000000017810000,0x0000000017910000]
[error occurred during error reporting (printing stack bounds), id 0xc0000005]

Native frames: (J=compiled Java code, j=interpreted, Vv=VM code, C=native code)


Current CompileTask:
C2:   3704 2128 %     4       com.android.dx.dex.code.LocalList::make @ 16 (102 bytes)


---------------  P R O C E S S  ---------------

Java Threads: ( => current thread )
  0x00000000171e8800 JavaThread "Service Thread" daemon [_thread_blocked, id=7732, stack(0x0000000017c10000,0x0000000017d10000)]
  0x000000001714d000 JavaThread "C1 CompilerThread3" daemon [_thread_blocked, id=6736, stack(0x0000000017b10000,0x0000000017c10000)]
  0x000000001714b800 JavaThread "C2 CompilerThread2" daemon [_thread_blocked, id=7240, stack(0x0000000017a10000,0x0000000017b10000)]
  0x000000001713b000 JavaThread "C2 CompilerThread1" daemon [_thread_blocked, id=6456, stack(0x0000000017910000,0x0000000017a10000)]
=>0x00000000151ea800 JavaThread "C2 CompilerThread0" daemon [_thread_in_native, id=5952, stack(0x0000000017810000,0x0000000017910000)]
  0x00000000170eb000 JavaThread "Attach Listener" daemon [_thread_blocked, id=1280, stack(0x0000000017710000,0x0000000017810000)]
  0x0000000017138800 JavaThread "Signal Dispatcher" daemon [_thread_blocked, id=7808, stack(0x0000000017610000,0x0000000017710000)]
  0x00000000170d0800 JavaThread "Finalizer" daemon [_thread_blocked, id=3448, stack(0x00000000174b0000,0x00000000175b0000)]
  0x00000000151dd000 JavaThread "Reference Handler" daemon [_thread_blocked, id=6524, stack(0x0000000016fb0000,0x00000000170b0000)]
  0x00000000025be000 JavaThread "main" [_thread_in_vm, id=8024, stack(0x0000000002480000,0x0000000002580000)]

Other Threads:
  0x00000000151d8800 VMThread [stack: 0x0000000016eb0000,0x0000000016fb0000] [id=3456]
  0x0000000017265000 WatcherThread [stack: 0x0000000017d10000,0x0000000017e10000] [id=768]

VM state:not at safepoint (normal execution)

VM Mutex/Monitor currently owned by a thread: None

Heap:
 PSYoungGen      total 71680K, used 40288K [0x00000000eab00000, 0x00000000f3700000, 0x0000000100000000)
  eden space 66560K, 52% used [0x00000000eab00000,0x00000000ecd5c608,0x00000000eec00000)
  from space 5120K, 99% used [0x00000000eec00000,0x00000000ef0fbba0,0x00000000ef100000)
  to   space 5120K, 0% used [0x00000000f3200000,0x00000000f3200000,0x00000000f3700000)
 ParOldGen       total 87552K, used 16143K [0x00000000c0000000, 0x00000000c5580000, 0x00000000eab00000)
  object space 87552K, 18% used [0x00000000c0000000,0x00000000c0fc3df8,0x00000000c5580000)
 Metaspace       used 7359K, capacity 7768K, committed 7936K, reserved 1056768K
  class space    used 706K, capacity 720K, committed 768K, reserved 1048576K

Card table byte_map: [0x0000000011a80000,0x0000000011c90000] byte_map_base: 0x0000000011480000

Marking Bits: (ParMarkBitMap*) 0x0000000056c0a6d0
 Begin Bits: [0x00000000125f0000, 0x00000000135f0000)
 End Bits:   [0x00000000135f0000, 0x00000000145f0000)

Polling page: 0x0000000000460000

CodeCache: size=245760Kb used=9101Kb max_used=9120Kb free=236658Kb
 bounds [0x00000000026c0000, 0x0000000002fc0000, 0x00000000116c0000]
 total_blobs=2533 nmethods=2252 adapters=194
 compilation: enabled

Compilation events (10 events):
Event: 3.676 Thread 0x000000001713b000 2348       4       java.lang.CharacterData::of (120 bytes)
Event: 3.676 Thread 0x000000001713b000 nmethod 2348 0x0000000002f9ce10 code [0x0000000002f9cf40, 0x0000000002f9cfb8]
Event: 3.676 Thread 0x000000001713b000 2345       4       java.util.HashMap::hash (20 bytes)
Event: 3.677 Thread 0x000000001713b000 nmethod 2345 0x0000000002f9cb50 code [0x0000000002f9cca0, 0x0000000002f9cd58]
Event: 3.677 Thread 0x000000001713b000 2351       4       java.lang.Integer::reverseBytes (26 bytes)
Event: 3.678 Thread 0x000000001713b000 nmethod 2351 0x0000000002f9c950 code [0x0000000002f9ca80, 0x0000000002f9caf8]
Event: 3.678 Thread 0x000000001713b000 2259       4       com.android.dx.rop.cst.CstFieldRef::getType (8 bytes)
Event: 3.678 Thread 0x000000001713b000 nmethod 2259 0x0000000002f9c650 code [0x0000000002f9c7a0, 0x0000000002f9c848]
Event: 3.678 Thread 0x000000001713b000 2354 %     4       sun.security.provider.SHA::implCompress @ 122 (491 bytes)
Event: 3.684 Thread 0x000000001714b800 nmethod 2306% 0x0000000002faa5d0 code [0x0000000002faa8e0, 0x0000000002fad420]

GC Heap History (6 events):
Event: 1.017 GC heap before
{Heap before GC invocations=1 (full 0):
 PSYoungGen      total 38400K, used 33280K [0x00000000eab00000, 0x00000000ed580000, 0x0000000100000000)
  eden space 33280K, 100% used [0x00000000eab00000,0x00000000ecb80000,0x00000000ecb80000)
  from space 5120K, 0% used [0x00000000ed080000,0x00000000ed080000,0x00000000ed580000)
  to   space 5120K, 0% used [0x00000000ecb80000,0x00000000ecb80000,0x00000000ed080000)
 ParOldGen       total 87552K, used 0K [0x00000000c0000000, 0x00000000c5580000, 0x00000000eab00000)
  object space 87552K, 0% used [0x00000000c0000000,0x00000000c0000000,0x00000000c5580000)
 Metaspace       used 5898K, capacity 6896K, committed 7040K, reserved 1056768K
  class space    used 594K, capacity 616K, committed 640K, reserved 1048576K
Event: 1.084 GC heap after
Heap after GC invocations=1 (full 0):
 PSYoungGen      total 38400K, used 5100K [0x00000000eab00000, 0x00000000ef600000, 0x0000000100000000)
  eden space 33280K, 0% used [0x00000000eab00000,0x00000000eab00000,0x00000000ecb80000)
  from space 5120K, 99% used [0x00000000ecb80000,0x00000000ed07b2d0,0x00000000ed080000)
  to   space 5120K, 0% used [0x00000000ef100000,0x00000000ef100000,0x00000000ef600000)
 ParOldGen       total 87552K, used 2059K [0x00000000c0000000, 0x00000000c5580000, 0x00000000eab00000)
  object space 87552K, 2% used [0x00000000c0000000,0x00000000c0202cf8,0x00000000c5580000)
 Metaspace       used 5898K, capacity 6896K, committed 7040K, reserved 1056768K
  class space    used 594K, capacity 616K, committed 640K, reserved 1048576K
}
Event: 1.480 GC heap before
{Heap before GC invocations=2 (full 0):
 PSYoungGen      total 38400K, used 38380K [0x00000000eab00000, 0x00000000ef600000, 0x0000000100000000)
  eden space 33280K, 100% used [0x00000000eab00000,0x00000000ecb80000,0x00000000ecb80000)
  from space 5120K, 99% used [0x00000000ecb80000,0x00000000ed07b2d0,0x00000000ed080000)
  to   space 5120K, 0% used [0x00000000ef100000,0x00000000ef100000,0x00000000ef600000)
 ParOldGen       total 87552K, used 2059K [0x00000000c0000000, 0x00000000c5580000, 0x00000000eab00000)
  object space 87552K, 2% used [0x00000000c0000000,0x00000000c0202cf8,0x00000000c5580000)
 Metaspace       used 6196K, capacity 7128K, committed 7424K, reserved 1056768K
  class space    used 614K, capacity 656K, committed 768K, reserved 1048576K
Event: 1.508 GC heap after
Heap after GC invocations=2 (full 0):
 PSYoungGen      total 71680K, used 5118K [0x00000000eab00000, 0x00000000ef600000, 0x0000000100000000)
  eden space 66560K, 0% used [0x00000000eab00000,0x00000000eab00000,0x00000000eec00000)
  from space 5120K, 99% used [0x00000000ef100000,0x00000000ef5ffa28,0x00000000ef600000)
  to   space 5120K, 0% used [0x00000000eec00000,0x00000000eec00000,0x00000000ef100000)
 ParOldGen       total 87552K, used 7360K [0x00000000c0000000, 0x00000000c5580000, 0x00000000eab00000)
  object space 87552K, 8% used [0x00000000c0000000,0x00000000c07301e8,0x00000000c5580000)
 Metaspace       used 6196K, capacity 7128K, committed 7424K, reserved 1056768K
  class space    used 614K, capacity 656K, committed 768K, reserved 1048576K
}
Event: 2.258 GC heap before
{Heap before GC invocations=3 (full 0):
 PSYoungGen      total 71680K, used 71678K [0x00000000eab00000, 0x00000000ef600000, 0x0000000100000000)
  eden space 66560K, 100% used [0x00000000eab00000,0x00000000eec00000,0x00000000eec00000)
  from space 5120K, 99% used [0x00000000ef100000,0x00000000ef5ffa28,0x00000000ef600000)
  to   space 5120K, 0% used [0x00000000eec00000,0x00000000eec00000,0x00000000ef100000)
 ParOldGen       total 87552K, used 7360K [0x00000000c0000000, 0x00000000c5580000, 0x00000000eab00000)
  object space 87552K, 8% used [0x00000000c0000000,0x00000000c07301e8,0x00000000c5580000)
 Metaspace       used 6280K, capacity 7192K, committed 7424K, reserved 1056768K
  class space    used 616K, capacity 656K, committed 768K, reserved 1048576K
Event: 2.465 GC heap after
Heap after GC invocations=3 (full 0):
 PSYoungGen      total 71680K, used 5102K [0x00000000eab00000, 0x00000000f3700000, 0x0000000100000000)
  eden space 66560K, 0% used [0x00000000eab00000,0x00000000eab00000,0x00000000eec00000)
  from space 5120K, 99% used [0x00000000eec00000,0x00000000ef0fbba0,0x00000000ef100000)
  to   space 5120K, 0% used [0x00000000f3200000,0x00000000f3200000,0x00000000f3700000)
 ParOldGen       total 87552K, used 16143K [0x00000000c0000000, 0x00000000c5580000, 0x00000000eab00000)
  object space 87552K, 18% used [0x00000000c0000000,0x00000000c0fc3df8,0x00000000c5580000)
 Metaspace       used 6280K, capacity 7192K, committed 7424K, reserved 1056768K
  class space    used 616K, capacity 656K, committed 768K, reserved 1048576K
}

Deoptimization events (10 events):
Event: 3.583 Thread 0x00000000025be000 Uncommon trap: reason=speculate_class_check action=maybe_recompile pc=0x0000000002d85d38 method=java.util.HashMap.putVal(ILjava/lang/Object;Ljava/lang/Object;ZZ)Ljava/lang/Object; @ 56
Event: 3.583 Thread 0x00000000025be000 Uncommon trap: reason=speculate_class_check action=maybe_recompile pc=0x0000000002d85d38 method=java.util.HashMap.putVal(ILjava/lang/Object;Ljava/lang/Object;ZZ)Ljava/lang/Object; @ 56
Event: 3.583 Thread 0x00000000025be000 Uncommon trap: reason=class_check action=maybe_recompile pc=0x0000000002d8496c method=java.util.HashMap.putVal(ILjava/lang/Object;Ljava/lang/Object;ZZ)Ljava/lang/Object; @ 56
Event: 3.583 Thread 0x00000000025be000 Uncommon trap: reason=class_check action=maybe_recompile pc=0x0000000002d8496c method=java.util.HashMap.putVal(ILjava/lang/Object;Ljava/lang/Object;ZZ)Ljava/lang/Object; @ 56
Event: 3.583 Thread 0x00000000025be000 Uncommon trap: reason=class_check action=maybe_recompile pc=0x0000000002d8496c method=java.util.HashMap.putVal(ILjava/lang/Object;Ljava/lang/Object;ZZ)Ljava/lang/Object; @ 56
Event: 3.583 Thread 0x00000000025be000 Uncommon trap: reason=class_check action=maybe_recompile pc=0x0000000002d8496c method=java.util.HashMap.putVal(ILjava/lang/Object;Ljava/lang/Object;ZZ)Ljava/lang/Object; @ 56
Event: 3.627 Thread 0x00000000025be000 Uncommon trap: reason=class_check action=maybe_recompile pc=0x0000000002afbde0 method=java.io.DataInputStream.readUnsignedShort()I @ 4
Event: 3.627 Thread 0x00000000025be000 Uncommon trap: reason=class_check action=maybe_recompile pc=0x0000000002afbde0 method=java.io.DataInputStream.readUnsignedShort()I @ 4
Event: 3.627 Thread 0x00000000025be000 Uncommon trap: reason=class_check action=maybe_recompile pc=0x0000000002afbde0 method=java.io.DataInputStream.readUnsignedShort()I @ 4
Event: 3.627 Thread 0x00000000025be000 Uncommon trap: reason=class_check action=maybe_recompile pc=0x0000000002afbde0 method=java.io.DataInputStream.readUnsignedShort()I @ 4

Internal exceptions (7 events):
Event: 0.106 Thread 0x00000000025be000 Exception <a 'java/lang/NoSuchMethodError': Method sun.misc.Unsafe.defineClass(Ljava/lang/String;[BII)Ljava/lang/Class; name or signature does not match> (0x00000000eab07cc0) thrown at [C:\re\workspace\8-2-build-windows-amd64-cygwin\jdk8u101\7261\hotspot\s–òIó$»?
Event: 0.106 Thread 0x00000000025be000 Exception <a 'java/lang/NoSuchMethodError': Method sun.misc.Unsafe.prefetchRead(Ljava/lang/Object;J)V name or signature does not match> (0x00000000eab07fa8) thrown at [C:\re\workspace\8-2-build-windows-amd64-cygwin\jdk8u101\7261\hotspot\src\share\vm\prims\X°§Þÿñ?
Event: 1.125 Thread 0x0000000017495800 Implicit null exception at 0x00000000029b83f6 to 0x00000000029b9c95
Event: 1.175 Thread 0x0000000017495800 Exception <a 'java/lang/ArrayIndexOutOfBoundsException': 18> (0x00000000eb8eeb00) thrown at [C:\re\workspace\8-2-build-windows-amd64-cygwin\jdk8u101\7261\hotspot\src\share\vm\interpreter\interpreterRuntime.cpp, line 366]
Event: 1.175 Thread 0x0000000017495800 Exception <a 'java/lang/ArrayIndexOutOfBoundsException': 145> (0x00000000eb8f0680) thrown at [C:\re\workspace\8-2-build-windows-amd64-cygwin\jdk8u101\7261\hotspot\src\share\vm\interpreter\interpreterRuntime.cpp, line 366]
Event: 1.178 Thread 0x0000000017495800 Exception <a 'java/lang/ArrayIndexOutOfBoundsException'> (0x00000000eb8f1968) thrown at [C:\re\workspace\8-2-build-windows-amd64-cygwin\jdk8u101\7261\hotspot\src\share\vm\runtime\sharedRuntime.cpp, line 605]
Event: 1.396 Thread 0x00000000173cb000 Implicit null exception at 0x0000000002c23ea2 to 0x0000000002c23f9a

Events (10 events):
Event: 3.642 loading class sun/util/calendar/BaseCalendar$Date done
Event: 3.642 loading class sun/util/calendar/Gregorian$Date done
Event: 3.642 loading class sun/util/calendar/CalendarUtils
Event: 3.642 loading class sun/util/calendar/CalendarUtils done
Event: 3.643 loading class java/util/zip/ZipOutputStream$XEntry
Event: 3.643 loading class java/util/zip/ZipOutputStream$XEntry done
Event: 3.644 loading class java/io/DataOutputStream
Event: 3.644 loading class java/io/DataOutput
Event: 3.644 loading class java/io/DataOutput done
Event: 3.645 loading class java/io/DataOutputStream done


Dynamic libraries:
0x00007ff7c11d0000 - 0x00007ff7c1207000 	C:\Program Files\Java\jdk1.8.0_101\bin\java.exe
0x00007ffa00cd0000 - 0x00007ffa00e91000 	C:\WINDOWS\SYSTEM32\ntdll.dll
0x00007ffa00c20000 - 0x00007ffa00ccd000 	C:\WINDOWS\system32\KERNEL32.DLL
0x00007ff9fd380000 - 0x00007ff9fd568000 	C:\WINDOWS\system32\KERNELBASE.dll
0x00007ff9fe9c0000 - 0x00007ff9fea67000 	C:\WINDOWS\system32\ADVAPI32.dll
0x00007ff9fe150000 - 0x00007ff9fe1ed000 	C:\WINDOWS\system32\msvcrt.dll
0x00007ffa006d0000 - 0x00007ffa0072b000 	C:\WINDOWS\system32\sechost.dll
0x00007ff9fe1f0000 - 0x00007ff9fe30c000 	C:\WINDOWS\system32\RPCRT4.dll
0x00007ffa00880000 - 0x00007ffa009d6000 	C:\WINDOWS\system32\USER32.dll
0x00007ff9feae0000 - 0x00007ff9fec66000 	C:\WINDOWS\system32\GDI32.dll
0x00007ff9f70b0000 - 0x00007ff9f7324000 	C:\WINDOWS\WinSxS\amd64_microsoft.windows.common-controls_6595b64144ccf1df_6.0.10586.0_none_8c15ae12515e1c22\COMCTL32.dll
0x00007ff9fe740000 - 0x00007ff9fe9bd000 	C:\WINDOWS\system32\combase.dll
0x00007ff9fde00000 - 0x00007ff9fde6a000 	C:\WINDOWS\system32\bcryptPrimitives.dll
0x00007ffa00b80000 - 0x00007ffa00bbb000 	C:\WINDOWS\system32\IMM32.DLL
0x0000000055d70000 - 0x0000000055e42000 	C:\Program Files\Java\jdk1.8.0_101\jre\bin\msvcr100.dll
0x00000000563f0000 - 0x0000000056c8a000 	C:\Program Files\Java\jdk1.8.0_101\jre\bin\server\jvm.dll
0x00007ffa00a40000 - 0x00007ffa00a48000 	C:\WINDOWS\system32\PSAPI.DLL
0x00007ff9fb210000 - 0x00007ff9fb233000 	C:\WINDOWS\SYSTEM32\WINMM.dll
0x00007ff9f7330000 - 0x00007ff9f733a000 	C:\WINDOWS\SYSTEM32\VERSION.dll
0x00007ff9fa150000 - 0x00007ff9fa159000 	C:\WINDOWS\SYSTEM32\WSOCK32.dll
0x00007ff9fe0e0000 - 0x00007ff9fe14b000 	C:\WINDOWS\system32\WS2_32.dll
0x00007ff9fb1e0000 - 0x00007ff9fb20c000 	C:\WINDOWS\SYSTEM32\WINMMBASE.dll
0x00007ff9fdc40000 - 0x00007ff9fdc83000 	C:\WINDOWS\system32\cfgmgr32.dll
0x0000000056300000 - 0x000000005630f000 	C:\Program Files\Java\jdk1.8.0_101\jre\bin\verify.dll
0x00000000562d0000 - 0x00000000562f9000 	C:\Program Files\Java\jdk1.8.0_101\jre\bin\java.dll
0x00000000562b0000 - 0x00000000562c6000 	C:\Program Files\Java\jdk1.8.0_101\jre\bin\zip.dll
0x00007ff9fec70000 - 0x00007ffa001cc000 	C:\WINDOWS\system32\SHELL32.dll
0x00007ff9fd590000 - 0x00007ff9fdbd5000 	C:\WINDOWS\system32\windows.storage.dll
0x00007ffa002a0000 - 0x00007ffa002f2000 	C:\WINDOWS\system32\shlwapi.dll
0x00007ff9fd370000 - 0x00007ff9fd37f000 	C:\WINDOWS\system32\kernel.appcore.dll
0x00007ff9fdd40000 - 0x00007ff9fddf5000 	C:\WINDOWS\system32\shcore.dll
0x00007ff9fd310000 - 0x00007ff9fd35b000 	C:\WINDOWS\system32\powrprof.dll
0x00007ff9fd2f0000 - 0x00007ff9fd304000 	C:\WINDOWS\system32\profapi.dll

VM Arguments:
jvm_args: -Djava.awt.headless=true -Xmx1024M -Dfile.encoding=GBK -Duser.country=CN -Duser.language=zh -Duser.variant 
java_command: com.android.dx.command.Main --dex --num-threads=4 --output D:\Android\Code\AndroidCode\CallIntent\app\build\intermediates\pre-dexed\debug\com.android.support-support-core-ui-24.2.1_83b972a5e3f1ba172d73df2d5c246a95e74f854f.jar D:\Android\Code\AndroidCode\CallIntent\app\build\intermediates\exploded-aar\com.android.support\support-core-ui\24.2.1\jars\classes.jar
java_class_path (initial): D:\Android\SDK\build-tools\24.0.2\lib\dx.jar
Launcher Type: SUN_STANDARD

Environment Variables:
JAVA_HOME=C:\Program Files\Java\jdk1.8.0_101
JRE_HOME=C:\Program Files\Java\jre1.8.0_101
PATH=C:\ProgramData\Oracle\Java\javapath;C:\Program Files (x86)\Intel\iCLS Client\;C:\Program Files\Intel\iCLS Client\;C:\Windows\system32;C:\Windows;C:\Windows\System32\Wbem;C:\Windows\System32\WindowsPowerShell\v1.0\;C:\Program Files (x86)\NVIDIA Corporation\PhysX\Common;C:\Program Files (x86)\Intel\Intel(R) Management Engine Components\DAL;C:\Program Files\Intel\Intel(R) Management Engine Components\DAL;C:\Program Files (x86)\Intel\Intel(R) Management Engine Components\IPT;C:\Program Files\Intel\Intel(R) Management Engine Components\IPT;C:\WINDOWS\system32;C:\WINDOWS;C:\WINDOWS\System32\Wbem;C:\WINDOWS\System32\WindowsPowerShell\v1.0\;D:\Git\cmd;C:\Program Files\Java\jdk1.8.0_101\bin;D:\SQLServer\86\100\Tools\Binn\;D:\SQLServer\100\Tools\Binn\;D:\SQLServer\100\DTS\Binn\;D:\SQLServer\86\100\Tools\Binn\VSShell\Common7\IDE\;C:\Program Files (x86)\Microsoft Visual Studio 9.0\Common7\IDE\PrivateAssemblies\;D:\SQLServer\86\100\DTS\Binn\
USERNAME=TangYuan
OS=Windows_NT
PROCESSOR_IDENTIFIER=Intel64 Family 6 Model 94 Stepping 3, GenuineIntel



---------------  S Y S T E M  ---------------

OS: Windows 10.0 , 64 bit Build 10586 (10.0.10586.0)

CPU:total 8 (4 cores per cpu, 2 threads per core) family 6 model 94 stepping 3, cmov, cx8, fxsr, mmx, sse, sse2, sse3, ssse3, sse4.1, sse4.2, popcnt, avx, avx2, aes, clmul, erms, rtm, 3dnowpref, lzcnt, ht, tsc, tscinvbit, bmi1, bmi2, adx

Memory: 4k page, physical 8281884k(1136312k free), swap 8298268k(5224k free)

vm_info: Java HotSpot(TM) 64-Bit Server VM (25.101-b13) for windows-amd64 JRE (1.8.0_101-b13), built on Jun 22 2016 01:21:29 by "java_re" with MS VC++ 10.0 (VS2010)

time: Wed Oct 12 01:12:46 2016
elapsed time: 3 seconds (0d 0h 0m 3s)

